[2023-11-05T02:58:02.915+0000] {processor.py:157} INFO - Started process (PID=46) to work on /home/airflow/.local/lib/python3.8/site-packages/airflow/example_dags/example_branch_operator.py
[2023-11-05T02:58:02.917+0000] {processor.py:829} INFO - Processing file /home/airflow/.local/lib/python3.8/site-packages/airflow/example_dags/example_branch_operator.py for tasks to queue
[2023-11-05T02:58:02.919+0000] {logging_mixin.py:151} INFO - [2023-11-05T02:58:02.919+0000] {dagbag.py:536} INFO - Filling up the DagBag from /home/airflow/.local/lib/python3.8/site-packages/airflow/example_dags/example_branch_operator.py
[2023-11-05T02:58:02.941+0000] {processor.py:839} INFO - DAG(s) dict_keys(['example_branch_operator']) retrieved from /home/airflow/.local/lib/python3.8/site-packages/airflow/example_dags/example_branch_operator.py
[2023-11-05T02:58:02.957+0000] {logging_mixin.py:151} INFO - [2023-11-05T02:58:02.956+0000] {dag.py:2941} INFO - Sync 1 DAGs
[2023-11-05T02:58:02.990+0000] {logging_mixin.py:151} INFO - [2023-11-05T02:58:02.990+0000] {dag.py:3722} INFO - Setting next_dagrun for example_branch_operator to 2023-11-04T00:00:00+00:00, run_after=2023-11-05T00:00:00+00:00
[2023-11-05T02:58:03.020+0000] {processor.py:179} INFO - Processing /home/airflow/.local/lib/python3.8/site-packages/airflow/example_dags/example_branch_operator.py took 0.108 seconds
[2023-11-05T02:58:33.330+0000] {processor.py:157} INFO - Started process (PID=100) to work on /home/airflow/.local/lib/python3.8/site-packages/airflow/example_dags/example_branch_operator.py
[2023-11-05T02:58:33.330+0000] {processor.py:829} INFO - Processing file /home/airflow/.local/lib/python3.8/site-packages/airflow/example_dags/example_branch_operator.py for tasks to queue
[2023-11-05T02:58:33.332+0000] {logging_mixin.py:151} INFO - [2023-11-05T02:58:33.332+0000] {dagbag.py:536} INFO - Filling up the DagBag from /home/airflow/.local/lib/python3.8/site-packages/airflow/example_dags/example_branch_operator.py
[2023-11-05T02:58:33.342+0000] {processor.py:839} INFO - DAG(s) dict_keys(['example_branch_operator']) retrieved from /home/airflow/.local/lib/python3.8/site-packages/airflow/example_dags/example_branch_operator.py
[2023-11-05T02:58:33.364+0000] {logging_mixin.py:151} INFO - [2023-11-05T02:58:33.364+0000] {dag.py:2941} INFO - Sync 1 DAGs
[2023-11-05T02:58:33.386+0000] {logging_mixin.py:151} INFO - [2023-11-05T02:58:33.386+0000] {dag.py:3722} INFO - Setting next_dagrun for example_branch_operator to 2023-11-04T00:00:00+00:00, run_after=2023-11-05T00:00:00+00:00
[2023-11-05T02:58:33.408+0000] {processor.py:179} INFO - Processing /home/airflow/.local/lib/python3.8/site-packages/airflow/example_dags/example_branch_operator.py took 0.081 seconds
[2023-11-05T02:59:03.962+0000] {processor.py:157} INFO - Started process (PID=155) to work on /home/airflow/.local/lib/python3.8/site-packages/airflow/example_dags/example_branch_operator.py
[2023-11-05T02:59:03.964+0000] {processor.py:829} INFO - Processing file /home/airflow/.local/lib/python3.8/site-packages/airflow/example_dags/example_branch_operator.py for tasks to queue
[2023-11-05T02:59:03.968+0000] {logging_mixin.py:151} INFO - [2023-11-05T02:59:03.967+0000] {dagbag.py:536} INFO - Filling up the DagBag from /home/airflow/.local/lib/python3.8/site-packages/airflow/example_dags/example_branch_operator.py
[2023-11-05T02:59:03.987+0000] {processor.py:839} INFO - DAG(s) dict_keys(['example_branch_operator']) retrieved from /home/airflow/.local/lib/python3.8/site-packages/airflow/example_dags/example_branch_operator.py
[2023-11-05T02:59:04.036+0000] {logging_mixin.py:151} INFO - [2023-11-05T02:59:04.036+0000] {dag.py:2941} INFO - Sync 1 DAGs
[2023-11-05T02:59:04.087+0000] {logging_mixin.py:151} INFO - [2023-11-05T02:59:04.087+0000] {dag.py:3722} INFO - Setting next_dagrun for example_branch_operator to 2023-11-04T00:00:00+00:00, run_after=2023-11-05T00:00:00+00:00
[2023-11-05T02:59:04.130+0000] {processor.py:179} INFO - Processing /home/airflow/.local/lib/python3.8/site-packages/airflow/example_dags/example_branch_operator.py took 0.173 seconds
[2023-11-05T02:59:34.776+0000] {processor.py:157} INFO - Started process (PID=209) to work on /home/airflow/.local/lib/python3.8/site-packages/airflow/example_dags/example_branch_operator.py
[2023-11-05T02:59:34.777+0000] {processor.py:829} INFO - Processing file /home/airflow/.local/lib/python3.8/site-packages/airflow/example_dags/example_branch_operator.py for tasks to queue
[2023-11-05T02:59:34.781+0000] {logging_mixin.py:151} INFO - [2023-11-05T02:59:34.780+0000] {dagbag.py:536} INFO - Filling up the DagBag from /home/airflow/.local/lib/python3.8/site-packages/airflow/example_dags/example_branch_operator.py
[2023-11-05T02:59:34.802+0000] {processor.py:839} INFO - DAG(s) dict_keys(['example_branch_operator']) retrieved from /home/airflow/.local/lib/python3.8/site-packages/airflow/example_dags/example_branch_operator.py
[2023-11-05T02:59:34.861+0000] {logging_mixin.py:151} INFO - [2023-11-05T02:59:34.860+0000] {dag.py:2941} INFO - Sync 1 DAGs
[2023-11-05T02:59:34.922+0000] {logging_mixin.py:151} INFO - [2023-11-05T02:59:34.922+0000] {dag.py:3722} INFO - Setting next_dagrun for example_branch_operator to 2023-11-04T00:00:00+00:00, run_after=2023-11-05T00:00:00+00:00
[2023-11-05T02:59:34.960+0000] {processor.py:179} INFO - Processing /home/airflow/.local/lib/python3.8/site-packages/airflow/example_dags/example_branch_operator.py took 0.190 seconds
[2023-11-05T03:00:05.629+0000] {processor.py:157} INFO - Started process (PID=263) to work on /home/airflow/.local/lib/python3.8/site-packages/airflow/example_dags/example_branch_operator.py
[2023-11-05T03:00:05.630+0000] {processor.py:829} INFO - Processing file /home/airflow/.local/lib/python3.8/site-packages/airflow/example_dags/example_branch_operator.py for tasks to queue
[2023-11-05T03:00:05.634+0000] {logging_mixin.py:151} INFO - [2023-11-05T03:00:05.633+0000] {dagbag.py:536} INFO - Filling up the DagBag from /home/airflow/.local/lib/python3.8/site-packages/airflow/example_dags/example_branch_operator.py
[2023-11-05T03:00:05.656+0000] {processor.py:839} INFO - DAG(s) dict_keys(['example_branch_operator']) retrieved from /home/airflow/.local/lib/python3.8/site-packages/airflow/example_dags/example_branch_operator.py
[2023-11-05T03:00:05.697+0000] {logging_mixin.py:151} INFO - [2023-11-05T03:00:05.696+0000] {dag.py:2941} INFO - Sync 1 DAGs
[2023-11-05T03:00:05.732+0000] {logging_mixin.py:151} INFO - [2023-11-05T03:00:05.731+0000] {dag.py:3722} INFO - Setting next_dagrun for example_branch_operator to 2023-11-04T00:00:00+00:00, run_after=2023-11-05T00:00:00+00:00
[2023-11-05T03:00:05.755+0000] {processor.py:179} INFO - Processing /home/airflow/.local/lib/python3.8/site-packages/airflow/example_dags/example_branch_operator.py took 0.130 seconds
[2023-11-05T03:00:36.913+0000] {processor.py:157} INFO - Started process (PID=316) to work on /home/airflow/.local/lib/python3.8/site-packages/airflow/example_dags/example_branch_operator.py
[2023-11-05T03:00:36.915+0000] {processor.py:829} INFO - Processing file /home/airflow/.local/lib/python3.8/site-packages/airflow/example_dags/example_branch_operator.py for tasks to queue
[2023-11-05T03:00:36.919+0000] {logging_mixin.py:151} INFO - [2023-11-05T03:00:36.918+0000] {dagbag.py:536} INFO - Filling up the DagBag from /home/airflow/.local/lib/python3.8/site-packages/airflow/example_dags/example_branch_operator.py
[2023-11-05T03:00:36.942+0000] {processor.py:839} INFO - DAG(s) dict_keys(['example_branch_operator']) retrieved from /home/airflow/.local/lib/python3.8/site-packages/airflow/example_dags/example_branch_operator.py
[2023-11-05T03:00:36.989+0000] {logging_mixin.py:151} INFO - [2023-11-05T03:00:36.989+0000] {dag.py:2941} INFO - Sync 1 DAGs
[2023-11-05T03:00:37.028+0000] {logging_mixin.py:151} INFO - [2023-11-05T03:00:37.028+0000] {dag.py:3722} INFO - Setting next_dagrun for example_branch_operator to 2023-11-04T00:00:00+00:00, run_after=2023-11-05T00:00:00+00:00
[2023-11-05T03:00:37.057+0000] {processor.py:179} INFO - Processing /home/airflow/.local/lib/python3.8/site-packages/airflow/example_dags/example_branch_operator.py took 0.151 seconds
[2023-11-05T03:01:07.334+0000] {processor.py:157} INFO - Started process (PID=371) to work on /home/airflow/.local/lib/python3.8/site-packages/airflow/example_dags/example_branch_operator.py
[2023-11-05T03:01:07.334+0000] {processor.py:829} INFO - Processing file /home/airflow/.local/lib/python3.8/site-packages/airflow/example_dags/example_branch_operator.py for tasks to queue
[2023-11-05T03:01:07.336+0000] {logging_mixin.py:151} INFO - [2023-11-05T03:01:07.336+0000] {dagbag.py:536} INFO - Filling up the DagBag from /home/airflow/.local/lib/python3.8/site-packages/airflow/example_dags/example_branch_operator.py
[2023-11-05T03:01:07.350+0000] {processor.py:839} INFO - DAG(s) dict_keys(['example_branch_operator']) retrieved from /home/airflow/.local/lib/python3.8/site-packages/airflow/example_dags/example_branch_operator.py
[2023-11-05T03:01:07.386+0000] {logging_mixin.py:151} INFO - [2023-11-05T03:01:07.385+0000] {dag.py:2941} INFO - Sync 1 DAGs
[2023-11-05T03:01:07.425+0000] {logging_mixin.py:151} INFO - [2023-11-05T03:01:07.425+0000] {dag.py:3722} INFO - Setting next_dagrun for example_branch_operator to 2023-11-04T00:00:00+00:00, run_after=2023-11-05T00:00:00+00:00
[2023-11-05T03:01:07.450+0000] {processor.py:179} INFO - Processing /home/airflow/.local/lib/python3.8/site-packages/airflow/example_dags/example_branch_operator.py took 0.120 seconds
[2023-11-05T03:01:37.643+0000] {processor.py:157} INFO - Started process (PID=424) to work on /home/airflow/.local/lib/python3.8/site-packages/airflow/example_dags/example_branch_operator.py
[2023-11-05T03:01:37.643+0000] {processor.py:829} INFO - Processing file /home/airflow/.local/lib/python3.8/site-packages/airflow/example_dags/example_branch_operator.py for tasks to queue
[2023-11-05T03:01:37.645+0000] {logging_mixin.py:151} INFO - [2023-11-05T03:01:37.645+0000] {dagbag.py:536} INFO - Filling up the DagBag from /home/airflow/.local/lib/python3.8/site-packages/airflow/example_dags/example_branch_operator.py
[2023-11-05T03:01:37.653+0000] {processor.py:839} INFO - DAG(s) dict_keys(['example_branch_operator']) retrieved from /home/airflow/.local/lib/python3.8/site-packages/airflow/example_dags/example_branch_operator.py
[2023-11-05T03:01:37.674+0000] {logging_mixin.py:151} INFO - [2023-11-05T03:01:37.674+0000] {dag.py:2941} INFO - Sync 1 DAGs
[2023-11-05T03:01:37.698+0000] {logging_mixin.py:151} INFO - [2023-11-05T03:01:37.698+0000] {dag.py:3722} INFO - Setting next_dagrun for example_branch_operator to 2023-11-04T00:00:00+00:00, run_after=2023-11-05T00:00:00+00:00
[2023-11-05T03:01:37.717+0000] {processor.py:179} INFO - Processing /home/airflow/.local/lib/python3.8/site-packages/airflow/example_dags/example_branch_operator.py took 0.077 seconds
[2023-11-05T03:02:08.638+0000] {processor.py:157} INFO - Started process (PID=478) to work on /home/airflow/.local/lib/python3.8/site-packages/airflow/example_dags/example_branch_operator.py
[2023-11-05T03:02:08.639+0000] {processor.py:829} INFO - Processing file /home/airflow/.local/lib/python3.8/site-packages/airflow/example_dags/example_branch_operator.py for tasks to queue
[2023-11-05T03:02:08.641+0000] {logging_mixin.py:151} INFO - [2023-11-05T03:02:08.640+0000] {dagbag.py:536} INFO - Filling up the DagBag from /home/airflow/.local/lib/python3.8/site-packages/airflow/example_dags/example_branch_operator.py
[2023-11-05T03:02:08.649+0000] {processor.py:839} INFO - DAG(s) dict_keys(['example_branch_operator']) retrieved from /home/airflow/.local/lib/python3.8/site-packages/airflow/example_dags/example_branch_operator.py
[2023-11-05T03:02:08.670+0000] {logging_mixin.py:151} INFO - [2023-11-05T03:02:08.670+0000] {dag.py:2941} INFO - Sync 1 DAGs
[2023-11-05T03:02:08.707+0000] {logging_mixin.py:151} INFO - [2023-11-05T03:02:08.707+0000] {dag.py:3722} INFO - Setting next_dagrun for example_branch_operator to 2023-11-04T00:00:00+00:00, run_after=2023-11-05T00:00:00+00:00
[2023-11-05T03:02:08.733+0000] {processor.py:179} INFO - Processing /home/airflow/.local/lib/python3.8/site-packages/airflow/example_dags/example_branch_operator.py took 0.097 seconds
[2023-11-05T03:02:38.768+0000] {processor.py:157} INFO - Started process (PID=531) to work on /home/airflow/.local/lib/python3.8/site-packages/airflow/example_dags/example_branch_operator.py
[2023-11-05T03:02:38.768+0000] {processor.py:829} INFO - Processing file /home/airflow/.local/lib/python3.8/site-packages/airflow/example_dags/example_branch_operator.py for tasks to queue
[2023-11-05T03:02:38.771+0000] {logging_mixin.py:151} INFO - [2023-11-05T03:02:38.770+0000] {dagbag.py:536} INFO - Filling up the DagBag from /home/airflow/.local/lib/python3.8/site-packages/airflow/example_dags/example_branch_operator.py
[2023-11-05T03:02:38.781+0000] {processor.py:839} INFO - DAG(s) dict_keys(['example_branch_operator']) retrieved from /home/airflow/.local/lib/python3.8/site-packages/airflow/example_dags/example_branch_operator.py
[2023-11-05T03:02:38.807+0000] {logging_mixin.py:151} INFO - [2023-11-05T03:02:38.807+0000] {dag.py:2941} INFO - Sync 1 DAGs
[2023-11-05T03:02:38.833+0000] {logging_mixin.py:151} INFO - [2023-11-05T03:02:38.833+0000] {dag.py:3722} INFO - Setting next_dagrun for example_branch_operator to 2023-11-04T00:00:00+00:00, run_after=2023-11-05T00:00:00+00:00
[2023-11-05T03:02:38.854+0000] {processor.py:179} INFO - Processing /home/airflow/.local/lib/python3.8/site-packages/airflow/example_dags/example_branch_operator.py took 0.089 seconds
[2023-11-05T03:03:09.466+0000] {processor.py:157} INFO - Started process (PID=585) to work on /home/airflow/.local/lib/python3.8/site-packages/airflow/example_dags/example_branch_operator.py
[2023-11-05T03:03:09.467+0000] {processor.py:829} INFO - Processing file /home/airflow/.local/lib/python3.8/site-packages/airflow/example_dags/example_branch_operator.py for tasks to queue
[2023-11-05T03:03:09.468+0000] {logging_mixin.py:151} INFO - [2023-11-05T03:03:09.468+0000] {dagbag.py:536} INFO - Filling up the DagBag from /home/airflow/.local/lib/python3.8/site-packages/airflow/example_dags/example_branch_operator.py
[2023-11-05T03:03:09.477+0000] {processor.py:839} INFO - DAG(s) dict_keys(['example_branch_operator']) retrieved from /home/airflow/.local/lib/python3.8/site-packages/airflow/example_dags/example_branch_operator.py
[2023-11-05T03:03:09.500+0000] {logging_mixin.py:151} INFO - [2023-11-05T03:03:09.500+0000] {dag.py:2941} INFO - Sync 1 DAGs
[2023-11-05T03:03:09.525+0000] {logging_mixin.py:151} INFO - [2023-11-05T03:03:09.525+0000] {dag.py:3722} INFO - Setting next_dagrun for example_branch_operator to 2023-11-04T00:00:00+00:00, run_after=2023-11-05T00:00:00+00:00
[2023-11-05T03:03:09.545+0000] {processor.py:179} INFO - Processing /home/airflow/.local/lib/python3.8/site-packages/airflow/example_dags/example_branch_operator.py took 0.081 seconds
[2023-11-05T03:03:39.688+0000] {processor.py:157} INFO - Started process (PID=639) to work on /home/airflow/.local/lib/python3.8/site-packages/airflow/example_dags/example_branch_operator.py
[2023-11-05T03:03:39.688+0000] {processor.py:829} INFO - Processing file /home/airflow/.local/lib/python3.8/site-packages/airflow/example_dags/example_branch_operator.py for tasks to queue
[2023-11-05T03:03:39.690+0000] {logging_mixin.py:151} INFO - [2023-11-05T03:03:39.690+0000] {dagbag.py:536} INFO - Filling up the DagBag from /home/airflow/.local/lib/python3.8/site-packages/airflow/example_dags/example_branch_operator.py
[2023-11-05T03:03:39.698+0000] {processor.py:839} INFO - DAG(s) dict_keys(['example_branch_operator']) retrieved from /home/airflow/.local/lib/python3.8/site-packages/airflow/example_dags/example_branch_operator.py
[2023-11-05T03:03:39.733+0000] {logging_mixin.py:151} INFO - [2023-11-05T03:03:39.733+0000] {dag.py:2941} INFO - Sync 1 DAGs
[2023-11-05T03:03:39.764+0000] {logging_mixin.py:151} INFO - [2023-11-05T03:03:39.764+0000] {dag.py:3722} INFO - Setting next_dagrun for example_branch_operator to 2023-11-04T00:00:00+00:00, run_after=2023-11-05T00:00:00+00:00
[2023-11-05T03:03:39.790+0000] {processor.py:179} INFO - Processing /home/airflow/.local/lib/python3.8/site-packages/airflow/example_dags/example_branch_operator.py took 0.105 seconds
[2023-11-05T03:04:10.380+0000] {processor.py:157} INFO - Started process (PID=693) to work on /home/airflow/.local/lib/python3.8/site-packages/airflow/example_dags/example_branch_operator.py
[2023-11-05T03:04:10.381+0000] {processor.py:829} INFO - Processing file /home/airflow/.local/lib/python3.8/site-packages/airflow/example_dags/example_branch_operator.py for tasks to queue
[2023-11-05T03:04:10.383+0000] {logging_mixin.py:151} INFO - [2023-11-05T03:04:10.383+0000] {dagbag.py:536} INFO - Filling up the DagBag from /home/airflow/.local/lib/python3.8/site-packages/airflow/example_dags/example_branch_operator.py
[2023-11-05T03:04:10.397+0000] {processor.py:839} INFO - DAG(s) dict_keys(['example_branch_operator']) retrieved from /home/airflow/.local/lib/python3.8/site-packages/airflow/example_dags/example_branch_operator.py
[2023-11-05T03:04:10.438+0000] {logging_mixin.py:151} INFO - [2023-11-05T03:04:10.438+0000] {dag.py:2941} INFO - Sync 1 DAGs
[2023-11-05T03:04:10.469+0000] {logging_mixin.py:151} INFO - [2023-11-05T03:04:10.468+0000] {dag.py:3722} INFO - Setting next_dagrun for example_branch_operator to 2023-11-04T00:00:00+00:00, run_after=2023-11-05T00:00:00+00:00
[2023-11-05T03:04:10.503+0000] {processor.py:179} INFO - Processing /home/airflow/.local/lib/python3.8/site-packages/airflow/example_dags/example_branch_operator.py took 0.127 seconds
[2023-11-05T03:04:40.695+0000] {processor.py:157} INFO - Started process (PID=748) to work on /home/airflow/.local/lib/python3.8/site-packages/airflow/example_dags/example_branch_operator.py
[2023-11-05T03:04:40.695+0000] {processor.py:829} INFO - Processing file /home/airflow/.local/lib/python3.8/site-packages/airflow/example_dags/example_branch_operator.py for tasks to queue
[2023-11-05T03:04:40.697+0000] {logging_mixin.py:151} INFO - [2023-11-05T03:04:40.697+0000] {dagbag.py:536} INFO - Filling up the DagBag from /home/airflow/.local/lib/python3.8/site-packages/airflow/example_dags/example_branch_operator.py
[2023-11-05T03:04:40.707+0000] {processor.py:839} INFO - DAG(s) dict_keys(['example_branch_operator']) retrieved from /home/airflow/.local/lib/python3.8/site-packages/airflow/example_dags/example_branch_operator.py
[2023-11-05T03:04:40.731+0000] {logging_mixin.py:151} INFO - [2023-11-05T03:04:40.731+0000] {dag.py:2941} INFO - Sync 1 DAGs
[2023-11-05T03:04:40.761+0000] {logging_mixin.py:151} INFO - [2023-11-05T03:04:40.761+0000] {dag.py:3722} INFO - Setting next_dagrun for example_branch_operator to 2023-11-04T00:00:00+00:00, run_after=2023-11-05T00:00:00+00:00
[2023-11-05T03:04:40.782+0000] {processor.py:179} INFO - Processing /home/airflow/.local/lib/python3.8/site-packages/airflow/example_dags/example_branch_operator.py took 0.092 seconds
[2023-11-05T03:05:11.186+0000] {processor.py:157} INFO - Started process (PID=802) to work on /home/airflow/.local/lib/python3.8/site-packages/airflow/example_dags/example_branch_operator.py
[2023-11-05T03:05:11.188+0000] {processor.py:829} INFO - Processing file /home/airflow/.local/lib/python3.8/site-packages/airflow/example_dags/example_branch_operator.py for tasks to queue
[2023-11-05T03:05:11.192+0000] {logging_mixin.py:151} INFO - [2023-11-05T03:05:11.192+0000] {dagbag.py:536} INFO - Filling up the DagBag from /home/airflow/.local/lib/python3.8/site-packages/airflow/example_dags/example_branch_operator.py
[2023-11-05T03:05:11.209+0000] {processor.py:839} INFO - DAG(s) dict_keys(['example_branch_operator']) retrieved from /home/airflow/.local/lib/python3.8/site-packages/airflow/example_dags/example_branch_operator.py
[2023-11-05T03:05:11.246+0000] {logging_mixin.py:151} INFO - [2023-11-05T03:05:11.246+0000] {dag.py:2941} INFO - Sync 1 DAGs
[2023-11-05T03:05:11.276+0000] {logging_mixin.py:151} INFO - [2023-11-05T03:05:11.276+0000] {dag.py:3722} INFO - Setting next_dagrun for example_branch_operator to 2023-11-04T00:00:00+00:00, run_after=2023-11-05T00:00:00+00:00
[2023-11-05T03:05:11.309+0000] {processor.py:179} INFO - Processing /home/airflow/.local/lib/python3.8/site-packages/airflow/example_dags/example_branch_operator.py took 0.130 seconds
[2023-11-05T03:05:42.204+0000] {processor.py:157} INFO - Started process (PID=856) to work on /home/airflow/.local/lib/python3.8/site-packages/airflow/example_dags/example_branch_operator.py
[2023-11-05T03:05:42.206+0000] {processor.py:829} INFO - Processing file /home/airflow/.local/lib/python3.8/site-packages/airflow/example_dags/example_branch_operator.py for tasks to queue
[2023-11-05T03:05:42.210+0000] {logging_mixin.py:151} INFO - [2023-11-05T03:05:42.209+0000] {dagbag.py:536} INFO - Filling up the DagBag from /home/airflow/.local/lib/python3.8/site-packages/airflow/example_dags/example_branch_operator.py
[2023-11-05T03:05:42.230+0000] {processor.py:839} INFO - DAG(s) dict_keys(['example_branch_operator']) retrieved from /home/airflow/.local/lib/python3.8/site-packages/airflow/example_dags/example_branch_operator.py
[2023-11-05T03:05:42.272+0000] {logging_mixin.py:151} INFO - [2023-11-05T03:05:42.272+0000] {dag.py:2941} INFO - Sync 1 DAGs
[2023-11-05T03:05:42.298+0000] {logging_mixin.py:151} INFO - [2023-11-05T03:05:42.298+0000] {dag.py:3722} INFO - Setting next_dagrun for example_branch_operator to 2023-11-04T00:00:00+00:00, run_after=2023-11-05T00:00:00+00:00
[2023-11-05T03:05:42.318+0000] {processor.py:179} INFO - Processing /home/airflow/.local/lib/python3.8/site-packages/airflow/example_dags/example_branch_operator.py took 0.121 seconds
[2023-11-05T03:06:12.959+0000] {processor.py:157} INFO - Started process (PID=910) to work on /home/airflow/.local/lib/python3.8/site-packages/airflow/example_dags/example_branch_operator.py
[2023-11-05T03:06:12.960+0000] {processor.py:829} INFO - Processing file /home/airflow/.local/lib/python3.8/site-packages/airflow/example_dags/example_branch_operator.py for tasks to queue
[2023-11-05T03:06:12.964+0000] {logging_mixin.py:151} INFO - [2023-11-05T03:06:12.964+0000] {dagbag.py:536} INFO - Filling up the DagBag from /home/airflow/.local/lib/python3.8/site-packages/airflow/example_dags/example_branch_operator.py
[2023-11-05T03:06:12.984+0000] {processor.py:839} INFO - DAG(s) dict_keys(['example_branch_operator']) retrieved from /home/airflow/.local/lib/python3.8/site-packages/airflow/example_dags/example_branch_operator.py
[2023-11-05T03:06:13.020+0000] {logging_mixin.py:151} INFO - [2023-11-05T03:06:13.020+0000] {dag.py:2941} INFO - Sync 1 DAGs
[2023-11-05T03:06:13.047+0000] {logging_mixin.py:151} INFO - [2023-11-05T03:06:13.047+0000] {dag.py:3722} INFO - Setting next_dagrun for example_branch_operator to 2023-11-04T00:00:00+00:00, run_after=2023-11-05T00:00:00+00:00
[2023-11-05T03:06:13.067+0000] {processor.py:179} INFO - Processing /home/airflow/.local/lib/python3.8/site-packages/airflow/example_dags/example_branch_operator.py took 0.114 seconds
[2023-11-05T03:06:43.832+0000] {processor.py:157} INFO - Started process (PID=964) to work on /home/airflow/.local/lib/python3.8/site-packages/airflow/example_dags/example_branch_operator.py
[2023-11-05T03:06:43.833+0000] {processor.py:829} INFO - Processing file /home/airflow/.local/lib/python3.8/site-packages/airflow/example_dags/example_branch_operator.py for tasks to queue
[2023-11-05T03:06:43.838+0000] {logging_mixin.py:151} INFO - [2023-11-05T03:06:43.837+0000] {dagbag.py:536} INFO - Filling up the DagBag from /home/airflow/.local/lib/python3.8/site-packages/airflow/example_dags/example_branch_operator.py
[2023-11-05T03:06:43.861+0000] {processor.py:839} INFO - DAG(s) dict_keys(['example_branch_operator']) retrieved from /home/airflow/.local/lib/python3.8/site-packages/airflow/example_dags/example_branch_operator.py
[2023-11-05T03:06:43.912+0000] {logging_mixin.py:151} INFO - [2023-11-05T03:06:43.911+0000] {dag.py:2941} INFO - Sync 1 DAGs
[2023-11-05T03:06:43.961+0000] {logging_mixin.py:151} INFO - [2023-11-05T03:06:43.961+0000] {dag.py:3722} INFO - Setting next_dagrun for example_branch_operator to 2023-11-04T00:00:00+00:00, run_after=2023-11-05T00:00:00+00:00
[2023-11-05T03:06:44.180+0000] {processor.py:179} INFO - Processing /home/airflow/.local/lib/python3.8/site-packages/airflow/example_dags/example_branch_operator.py took 0.355 seconds
[2023-11-05T03:07:14.340+0000] {processor.py:157} INFO - Started process (PID=1019) to work on /home/airflow/.local/lib/python3.8/site-packages/airflow/example_dags/example_branch_operator.py
[2023-11-05T03:07:14.341+0000] {processor.py:829} INFO - Processing file /home/airflow/.local/lib/python3.8/site-packages/airflow/example_dags/example_branch_operator.py for tasks to queue
[2023-11-05T03:07:14.343+0000] {logging_mixin.py:151} INFO - [2023-11-05T03:07:14.343+0000] {dagbag.py:536} INFO - Filling up the DagBag from /home/airflow/.local/lib/python3.8/site-packages/airflow/example_dags/example_branch_operator.py
[2023-11-05T03:07:14.356+0000] {processor.py:839} INFO - DAG(s) dict_keys(['example_branch_operator']) retrieved from /home/airflow/.local/lib/python3.8/site-packages/airflow/example_dags/example_branch_operator.py
[2023-11-05T03:07:14.386+0000] {logging_mixin.py:151} INFO - [2023-11-05T03:07:14.386+0000] {dag.py:2941} INFO - Sync 1 DAGs
[2023-11-05T03:07:14.431+0000] {logging_mixin.py:151} INFO - [2023-11-05T03:07:14.430+0000] {dag.py:3722} INFO - Setting next_dagrun for example_branch_operator to 2023-11-04T00:00:00+00:00, run_after=2023-11-05T00:00:00+00:00
[2023-11-05T03:07:14.455+0000] {processor.py:179} INFO - Processing /home/airflow/.local/lib/python3.8/site-packages/airflow/example_dags/example_branch_operator.py took 0.118 seconds
[2023-11-05T03:07:44.681+0000] {processor.py:157} INFO - Started process (PID=1072) to work on /home/airflow/.local/lib/python3.8/site-packages/airflow/example_dags/example_branch_operator.py
[2023-11-05T03:07:44.683+0000] {processor.py:829} INFO - Processing file /home/airflow/.local/lib/python3.8/site-packages/airflow/example_dags/example_branch_operator.py for tasks to queue
[2023-11-05T03:07:44.686+0000] {logging_mixin.py:151} INFO - [2023-11-05T03:07:44.686+0000] {dagbag.py:536} INFO - Filling up the DagBag from /home/airflow/.local/lib/python3.8/site-packages/airflow/example_dags/example_branch_operator.py
[2023-11-05T03:07:44.705+0000] {processor.py:839} INFO - DAG(s) dict_keys(['example_branch_operator']) retrieved from /home/airflow/.local/lib/python3.8/site-packages/airflow/example_dags/example_branch_operator.py
[2023-11-05T03:07:44.752+0000] {logging_mixin.py:151} INFO - [2023-11-05T03:07:44.751+0000] {dag.py:2941} INFO - Sync 1 DAGs
[2023-11-05T03:07:44.780+0000] {logging_mixin.py:151} INFO - [2023-11-05T03:07:44.780+0000] {dag.py:3722} INFO - Setting next_dagrun for example_branch_operator to 2023-11-04T00:00:00+00:00, run_after=2023-11-05T00:00:00+00:00
[2023-11-05T03:07:44.802+0000] {processor.py:179} INFO - Processing /home/airflow/.local/lib/python3.8/site-packages/airflow/example_dags/example_branch_operator.py took 0.126 seconds
