[2023-11-05T02:58:02.223+0000] {processor.py:157} INFO - Started process (PID=35) to work on /home/airflow/.local/lib/python3.8/site-packages/airflow/example_dags/example_short_circuit_operator.py
[2023-11-05T02:58:02.224+0000] {processor.py:829} INFO - Processing file /home/airflow/.local/lib/python3.8/site-packages/airflow/example_dags/example_short_circuit_operator.py for tasks to queue
[2023-11-05T02:58:02.226+0000] {logging_mixin.py:151} INFO - [2023-11-05T02:58:02.226+0000] {dagbag.py:536} INFO - Filling up the DagBag from /home/airflow/.local/lib/python3.8/site-packages/airflow/example_dags/example_short_circuit_operator.py
[2023-11-05T02:58:02.240+0000] {processor.py:839} INFO - DAG(s) dict_keys(['example_short_circuit_operator']) retrieved from /home/airflow/.local/lib/python3.8/site-packages/airflow/example_dags/example_short_circuit_operator.py
[2023-11-05T02:58:02.284+0000] {logging_mixin.py:151} INFO - [2023-11-05T02:58:02.283+0000] {dag.py:2941} INFO - Sync 1 DAGs
[2023-11-05T02:58:02.316+0000] {logging_mixin.py:151} INFO - [2023-11-05T02:58:02.316+0000] {dag.py:3722} INFO - Setting next_dagrun for example_short_circuit_operator to 2023-11-04T02:58:02.315586+00:00, run_after=2023-11-05T02:58:02.315586+00:00
[2023-11-05T02:58:02.345+0000] {processor.py:179} INFO - Processing /home/airflow/.local/lib/python3.8/site-packages/airflow/example_dags/example_short_circuit_operator.py took 0.126 seconds
[2023-11-05T02:58:32.535+0000] {processor.py:157} INFO - Started process (PID=89) to work on /home/airflow/.local/lib/python3.8/site-packages/airflow/example_dags/example_short_circuit_operator.py
[2023-11-05T02:58:32.537+0000] {processor.py:829} INFO - Processing file /home/airflow/.local/lib/python3.8/site-packages/airflow/example_dags/example_short_circuit_operator.py for tasks to queue
[2023-11-05T02:58:32.540+0000] {logging_mixin.py:151} INFO - [2023-11-05T02:58:32.540+0000] {dagbag.py:536} INFO - Filling up the DagBag from /home/airflow/.local/lib/python3.8/site-packages/airflow/example_dags/example_short_circuit_operator.py
[2023-11-05T02:58:32.555+0000] {processor.py:839} INFO - DAG(s) dict_keys(['example_short_circuit_operator']) retrieved from /home/airflow/.local/lib/python3.8/site-packages/airflow/example_dags/example_short_circuit_operator.py
[2023-11-05T02:58:32.597+0000] {logging_mixin.py:151} INFO - [2023-11-05T02:58:32.597+0000] {dag.py:2941} INFO - Sync 1 DAGs
[2023-11-05T02:58:32.625+0000] {logging_mixin.py:151} INFO - [2023-11-05T02:58:32.624+0000] {dag.py:3722} INFO - Setting next_dagrun for example_short_circuit_operator to 2023-11-04T02:58:32.624648+00:00, run_after=2023-11-05T02:58:32.624648+00:00
[2023-11-05T02:58:32.646+0000] {processor.py:179} INFO - Processing /home/airflow/.local/lib/python3.8/site-packages/airflow/example_dags/example_short_circuit_operator.py took 0.117 seconds
[2023-11-05T02:59:02.968+0000] {processor.py:157} INFO - Started process (PID=144) to work on /home/airflow/.local/lib/python3.8/site-packages/airflow/example_dags/example_short_circuit_operator.py
[2023-11-05T02:59:02.969+0000] {processor.py:829} INFO - Processing file /home/airflow/.local/lib/python3.8/site-packages/airflow/example_dags/example_short_circuit_operator.py for tasks to queue
[2023-11-05T02:59:02.973+0000] {logging_mixin.py:151} INFO - [2023-11-05T02:59:02.973+0000] {dagbag.py:536} INFO - Filling up the DagBag from /home/airflow/.local/lib/python3.8/site-packages/airflow/example_dags/example_short_circuit_operator.py
[2023-11-05T02:59:02.985+0000] {processor.py:839} INFO - DAG(s) dict_keys(['example_short_circuit_operator']) retrieved from /home/airflow/.local/lib/python3.8/site-packages/airflow/example_dags/example_short_circuit_operator.py
[2023-11-05T02:59:03.012+0000] {logging_mixin.py:151} INFO - [2023-11-05T02:59:03.012+0000] {dag.py:2941} INFO - Sync 1 DAGs
[2023-11-05T02:59:03.035+0000] {logging_mixin.py:151} INFO - [2023-11-05T02:59:03.034+0000] {dag.py:3722} INFO - Setting next_dagrun for example_short_circuit_operator to 2023-11-04T02:59:03.034424+00:00, run_after=2023-11-05T02:59:03.034424+00:00
[2023-11-05T02:59:03.056+0000] {processor.py:179} INFO - Processing /home/airflow/.local/lib/python3.8/site-packages/airflow/example_dags/example_short_circuit_operator.py took 0.094 seconds
[2023-11-05T02:59:33.787+0000] {processor.py:157} INFO - Started process (PID=198) to work on /home/airflow/.local/lib/python3.8/site-packages/airflow/example_dags/example_short_circuit_operator.py
[2023-11-05T02:59:33.789+0000] {processor.py:829} INFO - Processing file /home/airflow/.local/lib/python3.8/site-packages/airflow/example_dags/example_short_circuit_operator.py for tasks to queue
[2023-11-05T02:59:33.794+0000] {logging_mixin.py:151} INFO - [2023-11-05T02:59:33.793+0000] {dagbag.py:536} INFO - Filling up the DagBag from /home/airflow/.local/lib/python3.8/site-packages/airflow/example_dags/example_short_circuit_operator.py
[2023-11-05T02:59:33.814+0000] {processor.py:839} INFO - DAG(s) dict_keys(['example_short_circuit_operator']) retrieved from /home/airflow/.local/lib/python3.8/site-packages/airflow/example_dags/example_short_circuit_operator.py
[2023-11-05T02:59:33.863+0000] {logging_mixin.py:151} INFO - [2023-11-05T02:59:33.863+0000] {dag.py:2941} INFO - Sync 1 DAGs
[2023-11-05T02:59:33.891+0000] {logging_mixin.py:151} INFO - [2023-11-05T02:59:33.891+0000] {dag.py:3722} INFO - Setting next_dagrun for example_short_circuit_operator to 2023-11-04T02:59:33.890716+00:00, run_after=2023-11-05T02:59:33.890716+00:00
[2023-11-05T02:59:33.916+0000] {processor.py:179} INFO - Processing /home/airflow/.local/lib/python3.8/site-packages/airflow/example_dags/example_short_circuit_operator.py took 0.137 seconds
[2023-11-05T03:00:04.573+0000] {processor.py:157} INFO - Started process (PID=252) to work on /home/airflow/.local/lib/python3.8/site-packages/airflow/example_dags/example_short_circuit_operator.py
[2023-11-05T03:00:04.575+0000] {processor.py:829} INFO - Processing file /home/airflow/.local/lib/python3.8/site-packages/airflow/example_dags/example_short_circuit_operator.py for tasks to queue
[2023-11-05T03:00:04.580+0000] {logging_mixin.py:151} INFO - [2023-11-05T03:00:04.580+0000] {dagbag.py:536} INFO - Filling up the DagBag from /home/airflow/.local/lib/python3.8/site-packages/airflow/example_dags/example_short_circuit_operator.py
[2023-11-05T03:00:04.596+0000] {processor.py:839} INFO - DAG(s) dict_keys(['example_short_circuit_operator']) retrieved from /home/airflow/.local/lib/python3.8/site-packages/airflow/example_dags/example_short_circuit_operator.py
[2023-11-05T03:00:04.649+0000] {logging_mixin.py:151} INFO - [2023-11-05T03:00:04.649+0000] {dag.py:2941} INFO - Sync 1 DAGs
[2023-11-05T03:00:04.678+0000] {logging_mixin.py:151} INFO - [2023-11-05T03:00:04.678+0000] {dag.py:3722} INFO - Setting next_dagrun for example_short_circuit_operator to 2023-11-04T03:00:04.678081+00:00, run_after=2023-11-05T03:00:04.678081+00:00
[2023-11-05T03:00:04.697+0000] {processor.py:179} INFO - Processing /home/airflow/.local/lib/python3.8/site-packages/airflow/example_dags/example_short_circuit_operator.py took 0.131 seconds
[2023-11-05T03:00:34.760+0000] {processor.py:157} INFO - Started process (PID=305) to work on /home/airflow/.local/lib/python3.8/site-packages/airflow/example_dags/example_short_circuit_operator.py
[2023-11-05T03:00:34.761+0000] {processor.py:829} INFO - Processing file /home/airflow/.local/lib/python3.8/site-packages/airflow/example_dags/example_short_circuit_operator.py for tasks to queue
[2023-11-05T03:00:34.762+0000] {logging_mixin.py:151} INFO - [2023-11-05T03:00:34.762+0000] {dagbag.py:536} INFO - Filling up the DagBag from /home/airflow/.local/lib/python3.8/site-packages/airflow/example_dags/example_short_circuit_operator.py
[2023-11-05T03:00:34.769+0000] {processor.py:839} INFO - DAG(s) dict_keys(['example_short_circuit_operator']) retrieved from /home/airflow/.local/lib/python3.8/site-packages/airflow/example_dags/example_short_circuit_operator.py
[2023-11-05T03:00:34.796+0000] {logging_mixin.py:151} INFO - [2023-11-05T03:00:34.796+0000] {dag.py:2941} INFO - Sync 1 DAGs
[2023-11-05T03:00:34.830+0000] {logging_mixin.py:151} INFO - [2023-11-05T03:00:34.830+0000] {dag.py:3722} INFO - Setting next_dagrun for example_short_circuit_operator to 2023-11-04T03:00:34.829594+00:00, run_after=2023-11-05T03:00:34.829594+00:00
[2023-11-05T03:00:34.877+0000] {processor.py:179} INFO - Processing /home/airflow/.local/lib/python3.8/site-packages/airflow/example_dags/example_short_circuit_operator.py took 0.121 seconds
[2023-11-05T03:01:05.112+0000] {processor.py:157} INFO - Started process (PID=360) to work on /home/airflow/.local/lib/python3.8/site-packages/airflow/example_dags/example_short_circuit_operator.py
[2023-11-05T03:01:05.113+0000] {processor.py:829} INFO - Processing file /home/airflow/.local/lib/python3.8/site-packages/airflow/example_dags/example_short_circuit_operator.py for tasks to queue
[2023-11-05T03:01:05.116+0000] {logging_mixin.py:151} INFO - [2023-11-05T03:01:05.115+0000] {dagbag.py:536} INFO - Filling up the DagBag from /home/airflow/.local/lib/python3.8/site-packages/airflow/example_dags/example_short_circuit_operator.py
[2023-11-05T03:01:05.129+0000] {processor.py:839} INFO - DAG(s) dict_keys(['example_short_circuit_operator']) retrieved from /home/airflow/.local/lib/python3.8/site-packages/airflow/example_dags/example_short_circuit_operator.py
[2023-11-05T03:01:05.159+0000] {logging_mixin.py:151} INFO - [2023-11-05T03:01:05.159+0000] {dag.py:2941} INFO - Sync 1 DAGs
[2023-11-05T03:01:05.192+0000] {logging_mixin.py:151} INFO - [2023-11-05T03:01:05.192+0000] {dag.py:3722} INFO - Setting next_dagrun for example_short_circuit_operator to 2023-11-04T03:01:05.191703+00:00, run_after=2023-11-05T03:01:05.191703+00:00
[2023-11-05T03:01:05.229+0000] {processor.py:179} INFO - Processing /home/airflow/.local/lib/python3.8/site-packages/airflow/example_dags/example_short_circuit_operator.py took 0.124 seconds
[2023-11-05T03:01:35.443+0000] {processor.py:157} INFO - Started process (PID=413) to work on /home/airflow/.local/lib/python3.8/site-packages/airflow/example_dags/example_short_circuit_operator.py
[2023-11-05T03:01:35.444+0000] {processor.py:829} INFO - Processing file /home/airflow/.local/lib/python3.8/site-packages/airflow/example_dags/example_short_circuit_operator.py for tasks to queue
[2023-11-05T03:01:35.447+0000] {logging_mixin.py:151} INFO - [2023-11-05T03:01:35.447+0000] {dagbag.py:536} INFO - Filling up the DagBag from /home/airflow/.local/lib/python3.8/site-packages/airflow/example_dags/example_short_circuit_operator.py
[2023-11-05T03:01:35.455+0000] {processor.py:839} INFO - DAG(s) dict_keys(['example_short_circuit_operator']) retrieved from /home/airflow/.local/lib/python3.8/site-packages/airflow/example_dags/example_short_circuit_operator.py
[2023-11-05T03:01:35.482+0000] {logging_mixin.py:151} INFO - [2023-11-05T03:01:35.482+0000] {dag.py:2941} INFO - Sync 1 DAGs
[2023-11-05T03:01:35.515+0000] {logging_mixin.py:151} INFO - [2023-11-05T03:01:35.515+0000] {dag.py:3722} INFO - Setting next_dagrun for example_short_circuit_operator to 2023-11-04T03:01:35.515073+00:00, run_after=2023-11-05T03:01:35.515073+00:00
[2023-11-05T03:01:35.540+0000] {processor.py:179} INFO - Processing /home/airflow/.local/lib/python3.8/site-packages/airflow/example_dags/example_short_circuit_operator.py took 0.104 seconds
[2023-11-05T03:02:05.778+0000] {processor.py:157} INFO - Started process (PID=467) to work on /home/airflow/.local/lib/python3.8/site-packages/airflow/example_dags/example_short_circuit_operator.py
[2023-11-05T03:02:05.780+0000] {processor.py:829} INFO - Processing file /home/airflow/.local/lib/python3.8/site-packages/airflow/example_dags/example_short_circuit_operator.py for tasks to queue
[2023-11-05T03:02:05.785+0000] {logging_mixin.py:151} INFO - [2023-11-05T03:02:05.784+0000] {dagbag.py:536} INFO - Filling up the DagBag from /home/airflow/.local/lib/python3.8/site-packages/airflow/example_dags/example_short_circuit_operator.py
[2023-11-05T03:02:05.801+0000] {processor.py:839} INFO - DAG(s) dict_keys(['example_short_circuit_operator']) retrieved from /home/airflow/.local/lib/python3.8/site-packages/airflow/example_dags/example_short_circuit_operator.py
[2023-11-05T03:02:05.836+0000] {logging_mixin.py:151} INFO - [2023-11-05T03:02:05.836+0000] {dag.py:2941} INFO - Sync 1 DAGs
[2023-11-05T03:02:05.879+0000] {logging_mixin.py:151} INFO - [2023-11-05T03:02:05.879+0000] {dag.py:3722} INFO - Setting next_dagrun for example_short_circuit_operator to 2023-11-04T03:02:05.879304+00:00, run_after=2023-11-05T03:02:05.879304+00:00
[2023-11-05T03:02:05.908+0000] {processor.py:179} INFO - Processing /home/airflow/.local/lib/python3.8/site-packages/airflow/example_dags/example_short_circuit_operator.py took 0.139 seconds
[2023-11-05T03:02:36.079+0000] {processor.py:157} INFO - Started process (PID=520) to work on /home/airflow/.local/lib/python3.8/site-packages/airflow/example_dags/example_short_circuit_operator.py
[2023-11-05T03:02:36.079+0000] {processor.py:829} INFO - Processing file /home/airflow/.local/lib/python3.8/site-packages/airflow/example_dags/example_short_circuit_operator.py for tasks to queue
[2023-11-05T03:02:36.082+0000] {logging_mixin.py:151} INFO - [2023-11-05T03:02:36.081+0000] {dagbag.py:536} INFO - Filling up the DagBag from /home/airflow/.local/lib/python3.8/site-packages/airflow/example_dags/example_short_circuit_operator.py
[2023-11-05T03:02:36.089+0000] {processor.py:839} INFO - DAG(s) dict_keys(['example_short_circuit_operator']) retrieved from /home/airflow/.local/lib/python3.8/site-packages/airflow/example_dags/example_short_circuit_operator.py
[2023-11-05T03:02:36.113+0000] {logging_mixin.py:151} INFO - [2023-11-05T03:02:36.113+0000] {dag.py:2941} INFO - Sync 1 DAGs
[2023-11-05T03:02:36.136+0000] {logging_mixin.py:151} INFO - [2023-11-05T03:02:36.135+0000] {dag.py:3722} INFO - Setting next_dagrun for example_short_circuit_operator to 2023-11-04T03:02:36.135555+00:00, run_after=2023-11-05T03:02:36.135555+00:00
[2023-11-05T03:02:36.154+0000] {processor.py:179} INFO - Processing /home/airflow/.local/lib/python3.8/site-packages/airflow/example_dags/example_short_circuit_operator.py took 0.078 seconds
[2023-11-05T03:03:06.602+0000] {processor.py:157} INFO - Started process (PID=574) to work on /home/airflow/.local/lib/python3.8/site-packages/airflow/example_dags/example_short_circuit_operator.py
[2023-11-05T03:03:06.603+0000] {processor.py:829} INFO - Processing file /home/airflow/.local/lib/python3.8/site-packages/airflow/example_dags/example_short_circuit_operator.py for tasks to queue
[2023-11-05T03:03:06.607+0000] {logging_mixin.py:151} INFO - [2023-11-05T03:03:06.607+0000] {dagbag.py:536} INFO - Filling up the DagBag from /home/airflow/.local/lib/python3.8/site-packages/airflow/example_dags/example_short_circuit_operator.py
[2023-11-05T03:03:06.625+0000] {processor.py:839} INFO - DAG(s) dict_keys(['example_short_circuit_operator']) retrieved from /home/airflow/.local/lib/python3.8/site-packages/airflow/example_dags/example_short_circuit_operator.py
[2023-11-05T03:03:06.657+0000] {logging_mixin.py:151} INFO - [2023-11-05T03:03:06.657+0000] {dag.py:2941} INFO - Sync 1 DAGs
[2023-11-05T03:03:06.696+0000] {logging_mixin.py:151} INFO - [2023-11-05T03:03:06.696+0000] {dag.py:3722} INFO - Setting next_dagrun for example_short_circuit_operator to 2023-11-04T03:03:06.696024+00:00, run_after=2023-11-05T03:03:06.696024+00:00
[2023-11-05T03:03:06.735+0000] {processor.py:179} INFO - Processing /home/airflow/.local/lib/python3.8/site-packages/airflow/example_dags/example_short_circuit_operator.py took 0.139 seconds
[2023-11-05T03:03:36.818+0000] {processor.py:157} INFO - Started process (PID=628) to work on /home/airflow/.local/lib/python3.8/site-packages/airflow/example_dags/example_short_circuit_operator.py
[2023-11-05T03:03:36.819+0000] {processor.py:829} INFO - Processing file /home/airflow/.local/lib/python3.8/site-packages/airflow/example_dags/example_short_circuit_operator.py for tasks to queue
[2023-11-05T03:03:36.825+0000] {logging_mixin.py:151} INFO - [2023-11-05T03:03:36.825+0000] {dagbag.py:536} INFO - Filling up the DagBag from /home/airflow/.local/lib/python3.8/site-packages/airflow/example_dags/example_short_circuit_operator.py
[2023-11-05T03:03:36.844+0000] {processor.py:839} INFO - DAG(s) dict_keys(['example_short_circuit_operator']) retrieved from /home/airflow/.local/lib/python3.8/site-packages/airflow/example_dags/example_short_circuit_operator.py
[2023-11-05T03:03:36.883+0000] {logging_mixin.py:151} INFO - [2023-11-05T03:03:36.883+0000] {dag.py:2941} INFO - Sync 1 DAGs
[2023-11-05T03:03:36.911+0000] {logging_mixin.py:151} INFO - [2023-11-05T03:03:36.911+0000] {dag.py:3722} INFO - Setting next_dagrun for example_short_circuit_operator to 2023-11-04T03:03:36.911212+00:00, run_after=2023-11-05T03:03:36.911212+00:00
[2023-11-05T03:03:36.933+0000] {processor.py:179} INFO - Processing /home/airflow/.local/lib/python3.8/site-packages/airflow/example_dags/example_short_circuit_operator.py took 0.121 seconds
[2023-11-05T03:04:07.431+0000] {processor.py:157} INFO - Started process (PID=682) to work on /home/airflow/.local/lib/python3.8/site-packages/airflow/example_dags/example_short_circuit_operator.py
[2023-11-05T03:04:07.432+0000] {processor.py:829} INFO - Processing file /home/airflow/.local/lib/python3.8/site-packages/airflow/example_dags/example_short_circuit_operator.py for tasks to queue
[2023-11-05T03:04:07.438+0000] {logging_mixin.py:151} INFO - [2023-11-05T03:04:07.437+0000] {dagbag.py:536} INFO - Filling up the DagBag from /home/airflow/.local/lib/python3.8/site-packages/airflow/example_dags/example_short_circuit_operator.py
[2023-11-05T03:04:07.456+0000] {processor.py:839} INFO - DAG(s) dict_keys(['example_short_circuit_operator']) retrieved from /home/airflow/.local/lib/python3.8/site-packages/airflow/example_dags/example_short_circuit_operator.py
[2023-11-05T03:04:07.499+0000] {logging_mixin.py:151} INFO - [2023-11-05T03:04:07.499+0000] {dag.py:2941} INFO - Sync 1 DAGs
[2023-11-05T03:04:07.526+0000] {logging_mixin.py:151} INFO - [2023-11-05T03:04:07.525+0000] {dag.py:3722} INFO - Setting next_dagrun for example_short_circuit_operator to 2023-11-04T03:04:07.525260+00:00, run_after=2023-11-05T03:04:07.525260+00:00
[2023-11-05T03:04:07.546+0000] {processor.py:179} INFO - Processing /home/airflow/.local/lib/python3.8/site-packages/airflow/example_dags/example_short_circuit_operator.py took 0.121 seconds
[2023-11-05T03:04:37.677+0000] {processor.py:157} INFO - Started process (PID=737) to work on /home/airflow/.local/lib/python3.8/site-packages/airflow/example_dags/example_short_circuit_operator.py
[2023-11-05T03:04:37.679+0000] {processor.py:829} INFO - Processing file /home/airflow/.local/lib/python3.8/site-packages/airflow/example_dags/example_short_circuit_operator.py for tasks to queue
[2023-11-05T03:04:37.683+0000] {logging_mixin.py:151} INFO - [2023-11-05T03:04:37.682+0000] {dagbag.py:536} INFO - Filling up the DagBag from /home/airflow/.local/lib/python3.8/site-packages/airflow/example_dags/example_short_circuit_operator.py
[2023-11-05T03:04:37.697+0000] {processor.py:839} INFO - DAG(s) dict_keys(['example_short_circuit_operator']) retrieved from /home/airflow/.local/lib/python3.8/site-packages/airflow/example_dags/example_short_circuit_operator.py
[2023-11-05T03:04:37.743+0000] {logging_mixin.py:151} INFO - [2023-11-05T03:04:37.743+0000] {dag.py:2941} INFO - Sync 1 DAGs
[2023-11-05T03:04:37.770+0000] {logging_mixin.py:151} INFO - [2023-11-05T03:04:37.770+0000] {dag.py:3722} INFO - Setting next_dagrun for example_short_circuit_operator to 2023-11-04T03:04:37.770531+00:00, run_after=2023-11-05T03:04:37.770531+00:00
[2023-11-05T03:04:37.792+0000] {processor.py:179} INFO - Processing /home/airflow/.local/lib/python3.8/site-packages/airflow/example_dags/example_short_circuit_operator.py took 0.120 seconds
[2023-11-05T03:05:08.122+0000] {processor.py:157} INFO - Started process (PID=791) to work on /home/airflow/.local/lib/python3.8/site-packages/airflow/example_dags/example_short_circuit_operator.py
[2023-11-05T03:05:08.123+0000] {processor.py:829} INFO - Processing file /home/airflow/.local/lib/python3.8/site-packages/airflow/example_dags/example_short_circuit_operator.py for tasks to queue
[2023-11-05T03:05:08.129+0000] {logging_mixin.py:151} INFO - [2023-11-05T03:05:08.129+0000] {dagbag.py:536} INFO - Filling up the DagBag from /home/airflow/.local/lib/python3.8/site-packages/airflow/example_dags/example_short_circuit_operator.py
[2023-11-05T03:05:08.145+0000] {processor.py:839} INFO - DAG(s) dict_keys(['example_short_circuit_operator']) retrieved from /home/airflow/.local/lib/python3.8/site-packages/airflow/example_dags/example_short_circuit_operator.py
[2023-11-05T03:05:08.189+0000] {logging_mixin.py:151} INFO - [2023-11-05T03:05:08.189+0000] {dag.py:2941} INFO - Sync 1 DAGs
[2023-11-05T03:05:08.214+0000] {logging_mixin.py:151} INFO - [2023-11-05T03:05:08.214+0000] {dag.py:3722} INFO - Setting next_dagrun for example_short_circuit_operator to 2023-11-04T03:05:08.213788+00:00, run_after=2023-11-05T03:05:08.213788+00:00
[2023-11-05T03:05:08.234+0000] {processor.py:179} INFO - Processing /home/airflow/.local/lib/python3.8/site-packages/airflow/example_dags/example_short_circuit_operator.py took 0.119 seconds
[2023-11-05T03:05:38.368+0000] {processor.py:157} INFO - Started process (PID=845) to work on /home/airflow/.local/lib/python3.8/site-packages/airflow/example_dags/example_short_circuit_operator.py
[2023-11-05T03:05:38.369+0000] {processor.py:829} INFO - Processing file /home/airflow/.local/lib/python3.8/site-packages/airflow/example_dags/example_short_circuit_operator.py for tasks to queue
[2023-11-05T03:05:38.373+0000] {logging_mixin.py:151} INFO - [2023-11-05T03:05:38.373+0000] {dagbag.py:536} INFO - Filling up the DagBag from /home/airflow/.local/lib/python3.8/site-packages/airflow/example_dags/example_short_circuit_operator.py
[2023-11-05T03:05:38.389+0000] {processor.py:839} INFO - DAG(s) dict_keys(['example_short_circuit_operator']) retrieved from /home/airflow/.local/lib/python3.8/site-packages/airflow/example_dags/example_short_circuit_operator.py
[2023-11-05T03:05:38.432+0000] {logging_mixin.py:151} INFO - [2023-11-05T03:05:38.432+0000] {dag.py:2941} INFO - Sync 1 DAGs
[2023-11-05T03:05:38.457+0000] {logging_mixin.py:151} INFO - [2023-11-05T03:05:38.456+0000] {dag.py:3722} INFO - Setting next_dagrun for example_short_circuit_operator to 2023-11-04T03:05:38.456674+00:00, run_after=2023-11-05T03:05:38.456674+00:00
[2023-11-05T03:05:38.478+0000] {processor.py:179} INFO - Processing /home/airflow/.local/lib/python3.8/site-packages/airflow/example_dags/example_short_circuit_operator.py took 0.117 seconds
[2023-11-05T03:06:08.676+0000] {processor.py:157} INFO - Started process (PID=899) to work on /home/airflow/.local/lib/python3.8/site-packages/airflow/example_dags/example_short_circuit_operator.py
[2023-11-05T03:06:08.678+0000] {processor.py:829} INFO - Processing file /home/airflow/.local/lib/python3.8/site-packages/airflow/example_dags/example_short_circuit_operator.py for tasks to queue
[2023-11-05T03:06:08.681+0000] {logging_mixin.py:151} INFO - [2023-11-05T03:06:08.681+0000] {dagbag.py:536} INFO - Filling up the DagBag from /home/airflow/.local/lib/python3.8/site-packages/airflow/example_dags/example_short_circuit_operator.py
[2023-11-05T03:06:08.696+0000] {processor.py:839} INFO - DAG(s) dict_keys(['example_short_circuit_operator']) retrieved from /home/airflow/.local/lib/python3.8/site-packages/airflow/example_dags/example_short_circuit_operator.py
[2023-11-05T03:06:08.729+0000] {logging_mixin.py:151} INFO - [2023-11-05T03:06:08.728+0000] {dag.py:2941} INFO - Sync 1 DAGs
[2023-11-05T03:06:08.750+0000] {logging_mixin.py:151} INFO - [2023-11-05T03:06:08.750+0000] {dag.py:3722} INFO - Setting next_dagrun for example_short_circuit_operator to 2023-11-04T03:06:08.749923+00:00, run_after=2023-11-05T03:06:08.749923+00:00
[2023-11-05T03:06:08.927+0000] {processor.py:179} INFO - Processing /home/airflow/.local/lib/python3.8/site-packages/airflow/example_dags/example_short_circuit_operator.py took 0.257 seconds
[2023-11-05T03:06:39.030+0000] {processor.py:157} INFO - Started process (PID=953) to work on /home/airflow/.local/lib/python3.8/site-packages/airflow/example_dags/example_short_circuit_operator.py
[2023-11-05T03:06:39.031+0000] {processor.py:829} INFO - Processing file /home/airflow/.local/lib/python3.8/site-packages/airflow/example_dags/example_short_circuit_operator.py for tasks to queue
[2023-11-05T03:06:39.033+0000] {logging_mixin.py:151} INFO - [2023-11-05T03:06:39.032+0000] {dagbag.py:536} INFO - Filling up the DagBag from /home/airflow/.local/lib/python3.8/site-packages/airflow/example_dags/example_short_circuit_operator.py
[2023-11-05T03:06:39.040+0000] {processor.py:839} INFO - DAG(s) dict_keys(['example_short_circuit_operator']) retrieved from /home/airflow/.local/lib/python3.8/site-packages/airflow/example_dags/example_short_circuit_operator.py
[2023-11-05T03:06:39.084+0000] {logging_mixin.py:151} INFO - [2023-11-05T03:06:39.084+0000] {dag.py:2941} INFO - Sync 1 DAGs
[2023-11-05T03:06:39.114+0000] {logging_mixin.py:151} INFO - [2023-11-05T03:06:39.114+0000] {dag.py:3722} INFO - Setting next_dagrun for example_short_circuit_operator to 2023-11-04T03:06:39.114283+00:00, run_after=2023-11-05T03:06:39.114283+00:00
[2023-11-05T03:06:39.134+0000] {processor.py:179} INFO - Processing /home/airflow/.local/lib/python3.8/site-packages/airflow/example_dags/example_short_circuit_operator.py took 0.107 seconds
[2023-11-05T03:07:09.337+0000] {processor.py:157} INFO - Started process (PID=1007) to work on /home/airflow/.local/lib/python3.8/site-packages/airflow/example_dags/example_short_circuit_operator.py
[2023-11-05T03:07:09.338+0000] {processor.py:829} INFO - Processing file /home/airflow/.local/lib/python3.8/site-packages/airflow/example_dags/example_short_circuit_operator.py for tasks to queue
[2023-11-05T03:07:09.342+0000] {logging_mixin.py:151} INFO - [2023-11-05T03:07:09.342+0000] {dagbag.py:536} INFO - Filling up the DagBag from /home/airflow/.local/lib/python3.8/site-packages/airflow/example_dags/example_short_circuit_operator.py
[2023-11-05T03:07:09.362+0000] {processor.py:839} INFO - DAG(s) dict_keys(['example_short_circuit_operator']) retrieved from /home/airflow/.local/lib/python3.8/site-packages/airflow/example_dags/example_short_circuit_operator.py
[2023-11-05T03:07:09.418+0000] {logging_mixin.py:151} INFO - [2023-11-05T03:07:09.417+0000] {dag.py:2941} INFO - Sync 1 DAGs
[2023-11-05T03:07:09.441+0000] {logging_mixin.py:151} INFO - [2023-11-05T03:07:09.441+0000] {dag.py:3722} INFO - Setting next_dagrun for example_short_circuit_operator to 2023-11-04T03:07:09.440839+00:00, run_after=2023-11-05T03:07:09.440839+00:00
[2023-11-05T03:07:09.462+0000] {processor.py:179} INFO - Processing /home/airflow/.local/lib/python3.8/site-packages/airflow/example_dags/example_short_circuit_operator.py took 0.132 seconds
[2023-11-05T03:07:39.772+0000] {processor.py:157} INFO - Started process (PID=1061) to work on /home/airflow/.local/lib/python3.8/site-packages/airflow/example_dags/example_short_circuit_operator.py
[2023-11-05T03:07:39.773+0000] {processor.py:829} INFO - Processing file /home/airflow/.local/lib/python3.8/site-packages/airflow/example_dags/example_short_circuit_operator.py for tasks to queue
[2023-11-05T03:07:39.777+0000] {logging_mixin.py:151} INFO - [2023-11-05T03:07:39.777+0000] {dagbag.py:536} INFO - Filling up the DagBag from /home/airflow/.local/lib/python3.8/site-packages/airflow/example_dags/example_short_circuit_operator.py
[2023-11-05T03:07:39.795+0000] {processor.py:839} INFO - DAG(s) dict_keys(['example_short_circuit_operator']) retrieved from /home/airflow/.local/lib/python3.8/site-packages/airflow/example_dags/example_short_circuit_operator.py
[2023-11-05T03:07:39.839+0000] {logging_mixin.py:151} INFO - [2023-11-05T03:07:39.839+0000] {dag.py:2941} INFO - Sync 1 DAGs
[2023-11-05T03:07:39.866+0000] {logging_mixin.py:151} INFO - [2023-11-05T03:07:39.865+0000] {dag.py:3722} INFO - Setting next_dagrun for example_short_circuit_operator to 2023-11-04T03:07:39.865681+00:00, run_after=2023-11-05T03:07:39.865681+00:00
[2023-11-05T03:07:39.890+0000] {processor.py:179} INFO - Processing /home/airflow/.local/lib/python3.8/site-packages/airflow/example_dags/example_short_circuit_operator.py took 0.125 seconds
