[2023-11-05T02:58:04.408+0000] {processor.py:157} INFO - Started process (PID=65) to work on /home/airflow/.local/lib/python3.8/site-packages/airflow/example_dags/example_branch_python_dop_operator_3.py
[2023-11-05T02:58:04.409+0000] {processor.py:829} INFO - Processing file /home/airflow/.local/lib/python3.8/site-packages/airflow/example_dags/example_branch_python_dop_operator_3.py for tasks to queue
[2023-11-05T02:58:04.411+0000] {logging_mixin.py:151} INFO - [2023-11-05T02:58:04.411+0000] {dagbag.py:536} INFO - Filling up the DagBag from /home/airflow/.local/lib/python3.8/site-packages/airflow/example_dags/example_branch_python_dop_operator_3.py
[2023-11-05T02:58:04.422+0000] {processor.py:839} INFO - DAG(s) dict_keys(['example_branch_dop_operator_v3']) retrieved from /home/airflow/.local/lib/python3.8/site-packages/airflow/example_dags/example_branch_python_dop_operator_3.py
[2023-11-05T02:58:04.436+0000] {logging_mixin.py:151} INFO - [2023-11-05T02:58:04.435+0000] {dag.py:2941} INFO - Sync 1 DAGs
[2023-11-05T02:58:04.469+0000] {logging_mixin.py:151} INFO - [2023-11-05T02:58:04.469+0000] {dag.py:3722} INFO - Setting next_dagrun for example_branch_dop_operator_v3 to 2023-11-05T02:57:00+00:00, run_after=2023-11-05T02:58:00+00:00
[2023-11-05T02:58:04.492+0000] {processor.py:179} INFO - Processing /home/airflow/.local/lib/python3.8/site-packages/airflow/example_dags/example_branch_python_dop_operator_3.py took 0.088 seconds
[2023-11-05T02:58:34.753+0000] {processor.py:157} INFO - Started process (PID=119) to work on /home/airflow/.local/lib/python3.8/site-packages/airflow/example_dags/example_branch_python_dop_operator_3.py
[2023-11-05T02:58:34.754+0000] {processor.py:829} INFO - Processing file /home/airflow/.local/lib/python3.8/site-packages/airflow/example_dags/example_branch_python_dop_operator_3.py for tasks to queue
[2023-11-05T02:58:34.756+0000] {logging_mixin.py:151} INFO - [2023-11-05T02:58:34.755+0000] {dagbag.py:536} INFO - Filling up the DagBag from /home/airflow/.local/lib/python3.8/site-packages/airflow/example_dags/example_branch_python_dop_operator_3.py
[2023-11-05T02:58:34.763+0000] {processor.py:839} INFO - DAG(s) dict_keys(['example_branch_dop_operator_v3']) retrieved from /home/airflow/.local/lib/python3.8/site-packages/airflow/example_dags/example_branch_python_dop_operator_3.py
[2023-11-05T02:58:34.786+0000] {logging_mixin.py:151} INFO - [2023-11-05T02:58:34.786+0000] {dag.py:2941} INFO - Sync 1 DAGs
[2023-11-05T02:58:34.817+0000] {logging_mixin.py:151} INFO - [2023-11-05T02:58:34.817+0000] {dag.py:3722} INFO - Setting next_dagrun for example_branch_dop_operator_v3 to 2023-11-05T02:57:00+00:00, run_after=2023-11-05T02:58:00+00:00
[2023-11-05T02:58:34.850+0000] {processor.py:179} INFO - Processing /home/airflow/.local/lib/python3.8/site-packages/airflow/example_dags/example_branch_python_dop_operator_3.py took 0.100 seconds
[2023-11-05T02:59:05.680+0000] {processor.py:157} INFO - Started process (PID=174) to work on /home/airflow/.local/lib/python3.8/site-packages/airflow/example_dags/example_branch_python_dop_operator_3.py
[2023-11-05T02:59:05.681+0000] {processor.py:829} INFO - Processing file /home/airflow/.local/lib/python3.8/site-packages/airflow/example_dags/example_branch_python_dop_operator_3.py for tasks to queue
[2023-11-05T02:59:05.683+0000] {logging_mixin.py:151} INFO - [2023-11-05T02:59:05.682+0000] {dagbag.py:536} INFO - Filling up the DagBag from /home/airflow/.local/lib/python3.8/site-packages/airflow/example_dags/example_branch_python_dop_operator_3.py
[2023-11-05T02:59:05.693+0000] {processor.py:839} INFO - DAG(s) dict_keys(['example_branch_dop_operator_v3']) retrieved from /home/airflow/.local/lib/python3.8/site-packages/airflow/example_dags/example_branch_python_dop_operator_3.py
[2023-11-05T02:59:05.716+0000] {logging_mixin.py:151} INFO - [2023-11-05T02:59:05.716+0000] {dag.py:2941} INFO - Sync 1 DAGs
[2023-11-05T02:59:05.754+0000] {logging_mixin.py:151} INFO - [2023-11-05T02:59:05.754+0000] {dag.py:3722} INFO - Setting next_dagrun for example_branch_dop_operator_v3 to 2023-11-05T02:58:00+00:00, run_after=2023-11-05T02:59:00+00:00
[2023-11-05T02:59:05.796+0000] {processor.py:179} INFO - Processing /home/airflow/.local/lib/python3.8/site-packages/airflow/example_dags/example_branch_python_dop_operator_3.py took 0.120 seconds
[2023-11-05T02:59:36.550+0000] {processor.py:157} INFO - Started process (PID=228) to work on /home/airflow/.local/lib/python3.8/site-packages/airflow/example_dags/example_branch_python_dop_operator_3.py
[2023-11-05T02:59:36.551+0000] {processor.py:829} INFO - Processing file /home/airflow/.local/lib/python3.8/site-packages/airflow/example_dags/example_branch_python_dop_operator_3.py for tasks to queue
[2023-11-05T02:59:36.554+0000] {logging_mixin.py:151} INFO - [2023-11-05T02:59:36.554+0000] {dagbag.py:536} INFO - Filling up the DagBag from /home/airflow/.local/lib/python3.8/site-packages/airflow/example_dags/example_branch_python_dop_operator_3.py
[2023-11-05T02:59:36.571+0000] {processor.py:839} INFO - DAG(s) dict_keys(['example_branch_dop_operator_v3']) retrieved from /home/airflow/.local/lib/python3.8/site-packages/airflow/example_dags/example_branch_python_dop_operator_3.py
[2023-11-05T02:59:36.615+0000] {logging_mixin.py:151} INFO - [2023-11-05T02:59:36.615+0000] {dag.py:2941} INFO - Sync 1 DAGs
[2023-11-05T02:59:36.678+0000] {logging_mixin.py:151} INFO - [2023-11-05T02:59:36.678+0000] {dag.py:3722} INFO - Setting next_dagrun for example_branch_dop_operator_v3 to 2023-11-05T02:58:00+00:00, run_after=2023-11-05T02:59:00+00:00
[2023-11-05T02:59:36.714+0000] {processor.py:179} INFO - Processing /home/airflow/.local/lib/python3.8/site-packages/airflow/example_dags/example_branch_python_dop_operator_3.py took 0.169 seconds
[2023-11-05T03:00:07.496+0000] {processor.py:157} INFO - Started process (PID=282) to work on /home/airflow/.local/lib/python3.8/site-packages/airflow/example_dags/example_branch_python_dop_operator_3.py
[2023-11-05T03:00:07.496+0000] {processor.py:829} INFO - Processing file /home/airflow/.local/lib/python3.8/site-packages/airflow/example_dags/example_branch_python_dop_operator_3.py for tasks to queue
[2023-11-05T03:00:07.498+0000] {logging_mixin.py:151} INFO - [2023-11-05T03:00:07.498+0000] {dagbag.py:536} INFO - Filling up the DagBag from /home/airflow/.local/lib/python3.8/site-packages/airflow/example_dags/example_branch_python_dop_operator_3.py
[2023-11-05T03:00:07.511+0000] {processor.py:839} INFO - DAG(s) dict_keys(['example_branch_dop_operator_v3']) retrieved from /home/airflow/.local/lib/python3.8/site-packages/airflow/example_dags/example_branch_python_dop_operator_3.py
[2023-11-05T03:00:07.551+0000] {logging_mixin.py:151} INFO - [2023-11-05T03:00:07.550+0000] {dag.py:2941} INFO - Sync 1 DAGs
[2023-11-05T03:00:07.605+0000] {logging_mixin.py:151} INFO - [2023-11-05T03:00:07.604+0000] {dag.py:3722} INFO - Setting next_dagrun for example_branch_dop_operator_v3 to 2023-11-05T02:59:00+00:00, run_after=2023-11-05T03:00:00+00:00
[2023-11-05T03:00:07.639+0000] {processor.py:179} INFO - Processing /home/airflow/.local/lib/python3.8/site-packages/airflow/example_dags/example_branch_python_dop_operator_3.py took 0.146 seconds
[2023-11-05T03:00:38.768+0000] {processor.py:157} INFO - Started process (PID=335) to work on /home/airflow/.local/lib/python3.8/site-packages/airflow/example_dags/example_branch_python_dop_operator_3.py
[2023-11-05T03:00:38.768+0000] {processor.py:829} INFO - Processing file /home/airflow/.local/lib/python3.8/site-packages/airflow/example_dags/example_branch_python_dop_operator_3.py for tasks to queue
[2023-11-05T03:00:38.771+0000] {logging_mixin.py:151} INFO - [2023-11-05T03:00:38.771+0000] {dagbag.py:536} INFO - Filling up the DagBag from /home/airflow/.local/lib/python3.8/site-packages/airflow/example_dags/example_branch_python_dop_operator_3.py
[2023-11-05T03:00:38.781+0000] {processor.py:839} INFO - DAG(s) dict_keys(['example_branch_dop_operator_v3']) retrieved from /home/airflow/.local/lib/python3.8/site-packages/airflow/example_dags/example_branch_python_dop_operator_3.py
[2023-11-05T03:00:38.809+0000] {logging_mixin.py:151} INFO - [2023-11-05T03:00:38.809+0000] {dag.py:2941} INFO - Sync 1 DAGs
[2023-11-05T03:00:38.880+0000] {logging_mixin.py:151} INFO - [2023-11-05T03:00:38.879+0000] {dag.py:3722} INFO - Setting next_dagrun for example_branch_dop_operator_v3 to 2023-11-05T02:59:00+00:00, run_after=2023-11-05T03:00:00+00:00
[2023-11-05T03:00:38.923+0000] {processor.py:179} INFO - Processing /home/airflow/.local/lib/python3.8/site-packages/airflow/example_dags/example_branch_python_dop_operator_3.py took 0.158 seconds
[2023-11-05T03:01:09.079+0000] {processor.py:157} INFO - Started process (PID=390) to work on /home/airflow/.local/lib/python3.8/site-packages/airflow/example_dags/example_branch_python_dop_operator_3.py
[2023-11-05T03:01:09.079+0000] {processor.py:829} INFO - Processing file /home/airflow/.local/lib/python3.8/site-packages/airflow/example_dags/example_branch_python_dop_operator_3.py for tasks to queue
[2023-11-05T03:01:09.081+0000] {logging_mixin.py:151} INFO - [2023-11-05T03:01:09.081+0000] {dagbag.py:536} INFO - Filling up the DagBag from /home/airflow/.local/lib/python3.8/site-packages/airflow/example_dags/example_branch_python_dop_operator_3.py
[2023-11-05T03:01:09.092+0000] {processor.py:839} INFO - DAG(s) dict_keys(['example_branch_dop_operator_v3']) retrieved from /home/airflow/.local/lib/python3.8/site-packages/airflow/example_dags/example_branch_python_dop_operator_3.py
[2023-11-05T03:01:09.122+0000] {logging_mixin.py:151} INFO - [2023-11-05T03:01:09.121+0000] {dag.py:2941} INFO - Sync 1 DAGs
[2023-11-05T03:01:09.183+0000] {logging_mixin.py:151} INFO - [2023-11-05T03:01:09.183+0000] {dag.py:3722} INFO - Setting next_dagrun for example_branch_dop_operator_v3 to 2023-11-05T03:00:00+00:00, run_after=2023-11-05T03:01:00+00:00
[2023-11-05T03:01:09.233+0000] {processor.py:179} INFO - Processing /home/airflow/.local/lib/python3.8/site-packages/airflow/example_dags/example_branch_python_dop_operator_3.py took 0.160 seconds
[2023-11-05T03:01:39.395+0000] {processor.py:157} INFO - Started process (PID=443) to work on /home/airflow/.local/lib/python3.8/site-packages/airflow/example_dags/example_branch_python_dop_operator_3.py
[2023-11-05T03:01:39.395+0000] {processor.py:829} INFO - Processing file /home/airflow/.local/lib/python3.8/site-packages/airflow/example_dags/example_branch_python_dop_operator_3.py for tasks to queue
[2023-11-05T03:01:39.397+0000] {logging_mixin.py:151} INFO - [2023-11-05T03:01:39.397+0000] {dagbag.py:536} INFO - Filling up the DagBag from /home/airflow/.local/lib/python3.8/site-packages/airflow/example_dags/example_branch_python_dop_operator_3.py
[2023-11-05T03:01:39.406+0000] {processor.py:839} INFO - DAG(s) dict_keys(['example_branch_dop_operator_v3']) retrieved from /home/airflow/.local/lib/python3.8/site-packages/airflow/example_dags/example_branch_python_dop_operator_3.py
[2023-11-05T03:01:39.424+0000] {logging_mixin.py:151} INFO - [2023-11-05T03:01:39.424+0000] {dag.py:2941} INFO - Sync 1 DAGs
[2023-11-05T03:01:39.454+0000] {logging_mixin.py:151} INFO - [2023-11-05T03:01:39.454+0000] {dag.py:3722} INFO - Setting next_dagrun for example_branch_dop_operator_v3 to 2023-11-05T03:00:00+00:00, run_after=2023-11-05T03:01:00+00:00
[2023-11-05T03:01:39.474+0000] {processor.py:179} INFO - Processing /home/airflow/.local/lib/python3.8/site-packages/airflow/example_dags/example_branch_python_dop_operator_3.py took 0.082 seconds
[2023-11-05T03:02:09.919+0000] {processor.py:157} INFO - Started process (PID=497) to work on /home/airflow/.local/lib/python3.8/site-packages/airflow/example_dags/example_branch_python_dop_operator_3.py
[2023-11-05T03:02:09.920+0000] {processor.py:829} INFO - Processing file /home/airflow/.local/lib/python3.8/site-packages/airflow/example_dags/example_branch_python_dop_operator_3.py for tasks to queue
[2023-11-05T03:02:09.924+0000] {logging_mixin.py:151} INFO - [2023-11-05T03:02:09.923+0000] {dagbag.py:536} INFO - Filling up the DagBag from /home/airflow/.local/lib/python3.8/site-packages/airflow/example_dags/example_branch_python_dop_operator_3.py
[2023-11-05T03:02:09.934+0000] {processor.py:839} INFO - DAG(s) dict_keys(['example_branch_dop_operator_v3']) retrieved from /home/airflow/.local/lib/python3.8/site-packages/airflow/example_dags/example_branch_python_dop_operator_3.py
[2023-11-05T03:02:09.969+0000] {logging_mixin.py:151} INFO - [2023-11-05T03:02:09.969+0000] {dag.py:2941} INFO - Sync 1 DAGs
[2023-11-05T03:02:10.041+0000] {logging_mixin.py:151} INFO - [2023-11-05T03:02:10.041+0000] {dag.py:3722} INFO - Setting next_dagrun for example_branch_dop_operator_v3 to 2023-11-05T03:01:00+00:00, run_after=2023-11-05T03:02:00+00:00
[2023-11-05T03:02:10.081+0000] {processor.py:179} INFO - Processing /home/airflow/.local/lib/python3.8/site-packages/airflow/example_dags/example_branch_python_dop_operator_3.py took 0.165 seconds
[2023-11-05T03:02:40.967+0000] {processor.py:157} INFO - Started process (PID=550) to work on /home/airflow/.local/lib/python3.8/site-packages/airflow/example_dags/example_branch_python_dop_operator_3.py
[2023-11-05T03:02:40.968+0000] {processor.py:829} INFO - Processing file /home/airflow/.local/lib/python3.8/site-packages/airflow/example_dags/example_branch_python_dop_operator_3.py for tasks to queue
[2023-11-05T03:02:40.969+0000] {logging_mixin.py:151} INFO - [2023-11-05T03:02:40.969+0000] {dagbag.py:536} INFO - Filling up the DagBag from /home/airflow/.local/lib/python3.8/site-packages/airflow/example_dags/example_branch_python_dop_operator_3.py
[2023-11-05T03:02:40.982+0000] {processor.py:839} INFO - DAG(s) dict_keys(['example_branch_dop_operator_v3']) retrieved from /home/airflow/.local/lib/python3.8/site-packages/airflow/example_dags/example_branch_python_dop_operator_3.py
[2023-11-05T03:02:41.015+0000] {logging_mixin.py:151} INFO - [2023-11-05T03:02:41.015+0000] {dag.py:2941} INFO - Sync 1 DAGs
[2023-11-05T03:02:41.059+0000] {logging_mixin.py:151} INFO - [2023-11-05T03:02:41.058+0000] {dag.py:3722} INFO - Setting next_dagrun for example_branch_dop_operator_v3 to 2023-11-05T03:01:00+00:00, run_after=2023-11-05T03:02:00+00:00
[2023-11-05T03:02:41.102+0000] {processor.py:179} INFO - Processing /home/airflow/.local/lib/python3.8/site-packages/airflow/example_dags/example_branch_python_dop_operator_3.py took 0.137 seconds
[2023-11-05T03:03:12.114+0000] {processor.py:157} INFO - Started process (PID=604) to work on /home/airflow/.local/lib/python3.8/site-packages/airflow/example_dags/example_branch_python_dop_operator_3.py
[2023-11-05T03:03:12.115+0000] {processor.py:829} INFO - Processing file /home/airflow/.local/lib/python3.8/site-packages/airflow/example_dags/example_branch_python_dop_operator_3.py for tasks to queue
[2023-11-05T03:03:12.116+0000] {logging_mixin.py:151} INFO - [2023-11-05T03:03:12.116+0000] {dagbag.py:536} INFO - Filling up the DagBag from /home/airflow/.local/lib/python3.8/site-packages/airflow/example_dags/example_branch_python_dop_operator_3.py
[2023-11-05T03:03:12.125+0000] {processor.py:839} INFO - DAG(s) dict_keys(['example_branch_dop_operator_v3']) retrieved from /home/airflow/.local/lib/python3.8/site-packages/airflow/example_dags/example_branch_python_dop_operator_3.py
[2023-11-05T03:03:12.145+0000] {logging_mixin.py:151} INFO - [2023-11-05T03:03:12.145+0000] {dag.py:2941} INFO - Sync 1 DAGs
[2023-11-05T03:03:12.174+0000] {logging_mixin.py:151} INFO - [2023-11-05T03:03:12.174+0000] {dag.py:3722} INFO - Setting next_dagrun for example_branch_dop_operator_v3 to 2023-11-05T03:02:00+00:00, run_after=2023-11-05T03:03:00+00:00
[2023-11-05T03:03:12.196+0000] {processor.py:179} INFO - Processing /home/airflow/.local/lib/python3.8/site-packages/airflow/example_dags/example_branch_python_dop_operator_3.py took 0.085 seconds
[2023-11-05T03:03:42.235+0000] {processor.py:157} INFO - Started process (PID=657) to work on /home/airflow/.local/lib/python3.8/site-packages/airflow/example_dags/example_branch_python_dop_operator_3.py
[2023-11-05T03:03:42.236+0000] {processor.py:829} INFO - Processing file /home/airflow/.local/lib/python3.8/site-packages/airflow/example_dags/example_branch_python_dop_operator_3.py for tasks to queue
[2023-11-05T03:03:42.239+0000] {logging_mixin.py:151} INFO - [2023-11-05T03:03:42.238+0000] {dagbag.py:536} INFO - Filling up the DagBag from /home/airflow/.local/lib/python3.8/site-packages/airflow/example_dags/example_branch_python_dop_operator_3.py
[2023-11-05T03:03:42.249+0000] {processor.py:839} INFO - DAG(s) dict_keys(['example_branch_dop_operator_v3']) retrieved from /home/airflow/.local/lib/python3.8/site-packages/airflow/example_dags/example_branch_python_dop_operator_3.py
[2023-11-05T03:03:42.269+0000] {logging_mixin.py:151} INFO - [2023-11-05T03:03:42.269+0000] {dag.py:2941} INFO - Sync 1 DAGs
[2023-11-05T03:03:42.301+0000] {logging_mixin.py:151} INFO - [2023-11-05T03:03:42.300+0000] {dag.py:3722} INFO - Setting next_dagrun for example_branch_dop_operator_v3 to 2023-11-05T03:02:00+00:00, run_after=2023-11-05T03:03:00+00:00
[2023-11-05T03:03:42.324+0000] {processor.py:179} INFO - Processing /home/airflow/.local/lib/python3.8/site-packages/airflow/example_dags/example_branch_python_dop_operator_3.py took 0.092 seconds
[2023-11-05T03:04:13.012+0000] {processor.py:157} INFO - Started process (PID=711) to work on /home/airflow/.local/lib/python3.8/site-packages/airflow/example_dags/example_branch_python_dop_operator_3.py
[2023-11-05T03:04:13.013+0000] {processor.py:829} INFO - Processing file /home/airflow/.local/lib/python3.8/site-packages/airflow/example_dags/example_branch_python_dop_operator_3.py for tasks to queue
[2023-11-05T03:04:13.015+0000] {logging_mixin.py:151} INFO - [2023-11-05T03:04:13.014+0000] {dagbag.py:536} INFO - Filling up the DagBag from /home/airflow/.local/lib/python3.8/site-packages/airflow/example_dags/example_branch_python_dop_operator_3.py
[2023-11-05T03:04:13.023+0000] {processor.py:839} INFO - DAG(s) dict_keys(['example_branch_dop_operator_v3']) retrieved from /home/airflow/.local/lib/python3.8/site-packages/airflow/example_dags/example_branch_python_dop_operator_3.py
[2023-11-05T03:04:13.044+0000] {logging_mixin.py:151} INFO - [2023-11-05T03:04:13.044+0000] {dag.py:2941} INFO - Sync 1 DAGs
[2023-11-05T03:04:13.070+0000] {logging_mixin.py:151} INFO - [2023-11-05T03:04:13.070+0000] {dag.py:3722} INFO - Setting next_dagrun for example_branch_dop_operator_v3 to 2023-11-05T03:03:00+00:00, run_after=2023-11-05T03:04:00+00:00
[2023-11-05T03:04:13.093+0000] {processor.py:179} INFO - Processing /home/airflow/.local/lib/python3.8/site-packages/airflow/example_dags/example_branch_python_dop_operator_3.py took 0.084 seconds
[2023-11-05T03:04:44.115+0000] {processor.py:157} INFO - Started process (PID=767) to work on /home/airflow/.local/lib/python3.8/site-packages/airflow/example_dags/example_branch_python_dop_operator_3.py
[2023-11-05T03:04:44.115+0000] {processor.py:829} INFO - Processing file /home/airflow/.local/lib/python3.8/site-packages/airflow/example_dags/example_branch_python_dop_operator_3.py for tasks to queue
[2023-11-05T03:04:44.117+0000] {logging_mixin.py:151} INFO - [2023-11-05T03:04:44.117+0000] {dagbag.py:536} INFO - Filling up the DagBag from /home/airflow/.local/lib/python3.8/site-packages/airflow/example_dags/example_branch_python_dop_operator_3.py
[2023-11-05T03:04:44.126+0000] {processor.py:839} INFO - DAG(s) dict_keys(['example_branch_dop_operator_v3']) retrieved from /home/airflow/.local/lib/python3.8/site-packages/airflow/example_dags/example_branch_python_dop_operator_3.py
[2023-11-05T03:04:44.145+0000] {logging_mixin.py:151} INFO - [2023-11-05T03:04:44.145+0000] {dag.py:2941} INFO - Sync 1 DAGs
[2023-11-05T03:04:44.174+0000] {logging_mixin.py:151} INFO - [2023-11-05T03:04:44.174+0000] {dag.py:3722} INFO - Setting next_dagrun for example_branch_dop_operator_v3 to 2023-11-05T03:03:00+00:00, run_after=2023-11-05T03:04:00+00:00
[2023-11-05T03:04:44.198+0000] {processor.py:179} INFO - Processing /home/airflow/.local/lib/python3.8/site-packages/airflow/example_dags/example_branch_python_dop_operator_3.py took 0.086 seconds
[2023-11-05T03:05:14.770+0000] {processor.py:157} INFO - Started process (PID=821) to work on /home/airflow/.local/lib/python3.8/site-packages/airflow/example_dags/example_branch_python_dop_operator_3.py
[2023-11-05T03:05:14.771+0000] {processor.py:829} INFO - Processing file /home/airflow/.local/lib/python3.8/site-packages/airflow/example_dags/example_branch_python_dop_operator_3.py for tasks to queue
[2023-11-05T03:05:14.773+0000] {logging_mixin.py:151} INFO - [2023-11-05T03:05:14.773+0000] {dagbag.py:536} INFO - Filling up the DagBag from /home/airflow/.local/lib/python3.8/site-packages/airflow/example_dags/example_branch_python_dop_operator_3.py
[2023-11-05T03:05:14.781+0000] {processor.py:839} INFO - DAG(s) dict_keys(['example_branch_dop_operator_v3']) retrieved from /home/airflow/.local/lib/python3.8/site-packages/airflow/example_dags/example_branch_python_dop_operator_3.py
[2023-11-05T03:05:14.801+0000] {logging_mixin.py:151} INFO - [2023-11-05T03:05:14.800+0000] {dag.py:2941} INFO - Sync 1 DAGs
[2023-11-05T03:05:14.829+0000] {logging_mixin.py:151} INFO - [2023-11-05T03:05:14.829+0000] {dag.py:3722} INFO - Setting next_dagrun for example_branch_dop_operator_v3 to 2023-11-05T03:04:00+00:00, run_after=2023-11-05T03:05:00+00:00
[2023-11-05T03:05:14.848+0000] {processor.py:179} INFO - Processing /home/airflow/.local/lib/python3.8/site-packages/airflow/example_dags/example_branch_python_dop_operator_3.py took 0.080 seconds
[2023-11-05T03:05:45.555+0000] {processor.py:157} INFO - Started process (PID=875) to work on /home/airflow/.local/lib/python3.8/site-packages/airflow/example_dags/example_branch_python_dop_operator_3.py
[2023-11-05T03:05:45.555+0000] {processor.py:829} INFO - Processing file /home/airflow/.local/lib/python3.8/site-packages/airflow/example_dags/example_branch_python_dop_operator_3.py for tasks to queue
[2023-11-05T03:05:45.557+0000] {logging_mixin.py:151} INFO - [2023-11-05T03:05:45.557+0000] {dagbag.py:536} INFO - Filling up the DagBag from /home/airflow/.local/lib/python3.8/site-packages/airflow/example_dags/example_branch_python_dop_operator_3.py
[2023-11-05T03:05:45.565+0000] {processor.py:839} INFO - DAG(s) dict_keys(['example_branch_dop_operator_v3']) retrieved from /home/airflow/.local/lib/python3.8/site-packages/airflow/example_dags/example_branch_python_dop_operator_3.py
[2023-11-05T03:05:45.583+0000] {logging_mixin.py:151} INFO - [2023-11-05T03:05:45.582+0000] {dag.py:2941} INFO - Sync 1 DAGs
[2023-11-05T03:05:45.627+0000] {logging_mixin.py:151} INFO - [2023-11-05T03:05:45.627+0000] {dag.py:3722} INFO - Setting next_dagrun for example_branch_dop_operator_v3 to 2023-11-05T03:04:00+00:00, run_after=2023-11-05T03:05:00+00:00
[2023-11-05T03:05:45.648+0000] {processor.py:179} INFO - Processing /home/airflow/.local/lib/python3.8/site-packages/airflow/example_dags/example_branch_python_dop_operator_3.py took 0.096 seconds
[2023-11-05T03:06:16.226+0000] {processor.py:157} INFO - Started process (PID=929) to work on /home/airflow/.local/lib/python3.8/site-packages/airflow/example_dags/example_branch_python_dop_operator_3.py
[2023-11-05T03:06:16.227+0000] {processor.py:829} INFO - Processing file /home/airflow/.local/lib/python3.8/site-packages/airflow/example_dags/example_branch_python_dop_operator_3.py for tasks to queue
[2023-11-05T03:06:16.229+0000] {logging_mixin.py:151} INFO - [2023-11-05T03:06:16.229+0000] {dagbag.py:536} INFO - Filling up the DagBag from /home/airflow/.local/lib/python3.8/site-packages/airflow/example_dags/example_branch_python_dop_operator_3.py
[2023-11-05T03:06:16.237+0000] {processor.py:839} INFO - DAG(s) dict_keys(['example_branch_dop_operator_v3']) retrieved from /home/airflow/.local/lib/python3.8/site-packages/airflow/example_dags/example_branch_python_dop_operator_3.py
[2023-11-05T03:06:16.256+0000] {logging_mixin.py:151} INFO - [2023-11-05T03:06:16.256+0000] {dag.py:2941} INFO - Sync 1 DAGs
[2023-11-05T03:06:16.286+0000] {logging_mixin.py:151} INFO - [2023-11-05T03:06:16.286+0000] {dag.py:3722} INFO - Setting next_dagrun for example_branch_dop_operator_v3 to 2023-11-05T03:05:00+00:00, run_after=2023-11-05T03:06:00+00:00
[2023-11-05T03:06:16.306+0000] {processor.py:179} INFO - Processing /home/airflow/.local/lib/python3.8/site-packages/airflow/example_dags/example_branch_python_dop_operator_3.py took 0.083 seconds
[2023-11-05T03:06:47.128+0000] {processor.py:157} INFO - Started process (PID=983) to work on /home/airflow/.local/lib/python3.8/site-packages/airflow/example_dags/example_branch_python_dop_operator_3.py
[2023-11-05T03:06:47.129+0000] {processor.py:829} INFO - Processing file /home/airflow/.local/lib/python3.8/site-packages/airflow/example_dags/example_branch_python_dop_operator_3.py for tasks to queue
[2023-11-05T03:06:47.131+0000] {logging_mixin.py:151} INFO - [2023-11-05T03:06:47.131+0000] {dagbag.py:536} INFO - Filling up the DagBag from /home/airflow/.local/lib/python3.8/site-packages/airflow/example_dags/example_branch_python_dop_operator_3.py
[2023-11-05T03:06:47.139+0000] {processor.py:839} INFO - DAG(s) dict_keys(['example_branch_dop_operator_v3']) retrieved from /home/airflow/.local/lib/python3.8/site-packages/airflow/example_dags/example_branch_python_dop_operator_3.py
[2023-11-05T03:06:47.158+0000] {logging_mixin.py:151} INFO - [2023-11-05T03:06:47.158+0000] {dag.py:2941} INFO - Sync 1 DAGs
[2023-11-05T03:06:47.333+0000] {logging_mixin.py:151} INFO - [2023-11-05T03:06:47.333+0000] {dag.py:3722} INFO - Setting next_dagrun for example_branch_dop_operator_v3 to 2023-11-05T03:05:00+00:00, run_after=2023-11-05T03:06:00+00:00
[2023-11-05T03:06:47.352+0000] {processor.py:179} INFO - Processing /home/airflow/.local/lib/python3.8/site-packages/airflow/example_dags/example_branch_python_dop_operator_3.py took 0.226 seconds
[2023-11-05T03:07:17.635+0000] {processor.py:157} INFO - Started process (PID=1037) to work on /home/airflow/.local/lib/python3.8/site-packages/airflow/example_dags/example_branch_python_dop_operator_3.py
[2023-11-05T03:07:17.636+0000] {processor.py:829} INFO - Processing file /home/airflow/.local/lib/python3.8/site-packages/airflow/example_dags/example_branch_python_dop_operator_3.py for tasks to queue
[2023-11-05T03:07:17.640+0000] {logging_mixin.py:151} INFO - [2023-11-05T03:07:17.639+0000] {dagbag.py:536} INFO - Filling up the DagBag from /home/airflow/.local/lib/python3.8/site-packages/airflow/example_dags/example_branch_python_dop_operator_3.py
[2023-11-05T03:07:17.648+0000] {processor.py:839} INFO - DAG(s) dict_keys(['example_branch_dop_operator_v3']) retrieved from /home/airflow/.local/lib/python3.8/site-packages/airflow/example_dags/example_branch_python_dop_operator_3.py
[2023-11-05T03:07:17.676+0000] {logging_mixin.py:151} INFO - [2023-11-05T03:07:17.675+0000] {dag.py:2941} INFO - Sync 1 DAGs
[2023-11-05T03:07:17.708+0000] {logging_mixin.py:151} INFO - [2023-11-05T03:07:17.708+0000] {dag.py:3722} INFO - Setting next_dagrun for example_branch_dop_operator_v3 to 2023-11-05T03:06:00+00:00, run_after=2023-11-05T03:07:00+00:00
[2023-11-05T03:07:17.937+0000] {processor.py:179} INFO - Processing /home/airflow/.local/lib/python3.8/site-packages/airflow/example_dags/example_branch_python_dop_operator_3.py took 0.306 seconds
[2023-11-05T03:07:47.977+0000] {processor.py:157} INFO - Started process (PID=1091) to work on /home/airflow/.local/lib/python3.8/site-packages/airflow/example_dags/example_branch_python_dop_operator_3.py
[2023-11-05T03:07:47.979+0000] {processor.py:829} INFO - Processing file /home/airflow/.local/lib/python3.8/site-packages/airflow/example_dags/example_branch_python_dop_operator_3.py for tasks to queue
[2023-11-05T03:07:47.982+0000] {logging_mixin.py:151} INFO - [2023-11-05T03:07:47.982+0000] {dagbag.py:536} INFO - Filling up the DagBag from /home/airflow/.local/lib/python3.8/site-packages/airflow/example_dags/example_branch_python_dop_operator_3.py
[2023-11-05T03:07:47.999+0000] {processor.py:839} INFO - DAG(s) dict_keys(['example_branch_dop_operator_v3']) retrieved from /home/airflow/.local/lib/python3.8/site-packages/airflow/example_dags/example_branch_python_dop_operator_3.py
[2023-11-05T03:07:48.035+0000] {logging_mixin.py:151} INFO - [2023-11-05T03:07:48.035+0000] {dag.py:2941} INFO - Sync 1 DAGs
[2023-11-05T03:07:48.064+0000] {logging_mixin.py:151} INFO - [2023-11-05T03:07:48.064+0000] {dag.py:3722} INFO - Setting next_dagrun for example_branch_dop_operator_v3 to 2023-11-05T03:06:00+00:00, run_after=2023-11-05T03:07:00+00:00
[2023-11-05T03:07:48.086+0000] {processor.py:179} INFO - Processing /home/airflow/.local/lib/python3.8/site-packages/airflow/example_dags/example_branch_python_dop_operator_3.py took 0.112 seconds
