[2023-11-05T02:58:03.805+0000] {processor.py:157} INFO - Started process (PID=58) to work on /home/airflow/.local/lib/python3.8/site-packages/airflow/example_dags/example_setup_teardown.py
[2023-11-05T02:58:03.807+0000] {processor.py:829} INFO - Processing file /home/airflow/.local/lib/python3.8/site-packages/airflow/example_dags/example_setup_teardown.py for tasks to queue
[2023-11-05T02:58:03.809+0000] {logging_mixin.py:151} INFO - [2023-11-05T02:58:03.809+0000] {dagbag.py:536} INFO - Filling up the DagBag from /home/airflow/.local/lib/python3.8/site-packages/airflow/example_dags/example_setup_teardown.py
[2023-11-05T02:58:03.819+0000] {processor.py:839} INFO - DAG(s) dict_keys(['example_setup_teardown']) retrieved from /home/airflow/.local/lib/python3.8/site-packages/airflow/example_dags/example_setup_teardown.py
[2023-11-05T02:58:03.833+0000] {logging_mixin.py:151} INFO - [2023-11-05T02:58:03.832+0000] {dag.py:2941} INFO - Sync 1 DAGs
[2023-11-05T02:58:03.876+0000] {logging_mixin.py:151} INFO - [2023-11-05T02:58:03.876+0000] {dag.py:3722} INFO - Setting next_dagrun for example_setup_teardown to 2023-11-04T02:58:03.876030+00:00, run_after=2023-11-05T02:58:03.876030+00:00
[2023-11-05T02:58:03.926+0000] {processor.py:179} INFO - Processing /home/airflow/.local/lib/python3.8/site-packages/airflow/example_dags/example_setup_teardown.py took 0.126 seconds
[2023-11-05T02:58:34.191+0000] {processor.py:157} INFO - Started process (PID=112) to work on /home/airflow/.local/lib/python3.8/site-packages/airflow/example_dags/example_setup_teardown.py
[2023-11-05T02:58:34.192+0000] {processor.py:829} INFO - Processing file /home/airflow/.local/lib/python3.8/site-packages/airflow/example_dags/example_setup_teardown.py for tasks to queue
[2023-11-05T02:58:34.193+0000] {logging_mixin.py:151} INFO - [2023-11-05T02:58:34.193+0000] {dagbag.py:536} INFO - Filling up the DagBag from /home/airflow/.local/lib/python3.8/site-packages/airflow/example_dags/example_setup_teardown.py
[2023-11-05T02:58:34.200+0000] {processor.py:839} INFO - DAG(s) dict_keys(['example_setup_teardown']) retrieved from /home/airflow/.local/lib/python3.8/site-packages/airflow/example_dags/example_setup_teardown.py
[2023-11-05T02:58:34.222+0000] {logging_mixin.py:151} INFO - [2023-11-05T02:58:34.222+0000] {dag.py:2941} INFO - Sync 1 DAGs
[2023-11-05T02:58:34.245+0000] {logging_mixin.py:151} INFO - [2023-11-05T02:58:34.245+0000] {dag.py:3722} INFO - Setting next_dagrun for example_setup_teardown to 2023-11-04T02:58:34.245399+00:00, run_after=2023-11-05T02:58:34.245399+00:00
[2023-11-05T02:58:34.265+0000] {processor.py:179} INFO - Processing /home/airflow/.local/lib/python3.8/site-packages/airflow/example_dags/example_setup_teardown.py took 0.076 seconds
[2023-11-05T02:59:04.979+0000] {processor.py:157} INFO - Started process (PID=167) to work on /home/airflow/.local/lib/python3.8/site-packages/airflow/example_dags/example_setup_teardown.py
[2023-11-05T02:59:04.980+0000] {processor.py:829} INFO - Processing file /home/airflow/.local/lib/python3.8/site-packages/airflow/example_dags/example_setup_teardown.py for tasks to queue
[2023-11-05T02:59:04.981+0000] {logging_mixin.py:151} INFO - [2023-11-05T02:59:04.981+0000] {dagbag.py:536} INFO - Filling up the DagBag from /home/airflow/.local/lib/python3.8/site-packages/airflow/example_dags/example_setup_teardown.py
[2023-11-05T02:59:04.990+0000] {processor.py:839} INFO - DAG(s) dict_keys(['example_setup_teardown']) retrieved from /home/airflow/.local/lib/python3.8/site-packages/airflow/example_dags/example_setup_teardown.py
[2023-11-05T02:59:05.015+0000] {logging_mixin.py:151} INFO - [2023-11-05T02:59:05.014+0000] {dag.py:2941} INFO - Sync 1 DAGs
[2023-11-05T02:59:05.044+0000] {logging_mixin.py:151} INFO - [2023-11-05T02:59:05.044+0000] {dag.py:3722} INFO - Setting next_dagrun for example_setup_teardown to 2023-11-04T02:59:05.044146+00:00, run_after=2023-11-05T02:59:05.044146+00:00
[2023-11-05T02:59:05.066+0000] {processor.py:179} INFO - Processing /home/airflow/.local/lib/python3.8/site-packages/airflow/example_dags/example_setup_teardown.py took 0.090 seconds
[2023-11-05T02:59:35.687+0000] {processor.py:157} INFO - Started process (PID=220) to work on /home/airflow/.local/lib/python3.8/site-packages/airflow/example_dags/example_setup_teardown.py
[2023-11-05T02:59:35.688+0000] {processor.py:829} INFO - Processing file /home/airflow/.local/lib/python3.8/site-packages/airflow/example_dags/example_setup_teardown.py for tasks to queue
[2023-11-05T02:59:35.692+0000] {logging_mixin.py:151} INFO - [2023-11-05T02:59:35.691+0000] {dagbag.py:536} INFO - Filling up the DagBag from /home/airflow/.local/lib/python3.8/site-packages/airflow/example_dags/example_setup_teardown.py
[2023-11-05T02:59:35.703+0000] {processor.py:839} INFO - DAG(s) dict_keys(['example_setup_teardown']) retrieved from /home/airflow/.local/lib/python3.8/site-packages/airflow/example_dags/example_setup_teardown.py
[2023-11-05T02:59:35.734+0000] {logging_mixin.py:151} INFO - [2023-11-05T02:59:35.734+0000] {dag.py:2941} INFO - Sync 1 DAGs
[2023-11-05T02:59:35.765+0000] {logging_mixin.py:151} INFO - [2023-11-05T02:59:35.764+0000] {dag.py:3722} INFO - Setting next_dagrun for example_setup_teardown to 2023-11-04T02:59:35.764550+00:00, run_after=2023-11-05T02:59:35.764550+00:00
[2023-11-05T02:59:35.792+0000] {processor.py:179} INFO - Processing /home/airflow/.local/lib/python3.8/site-packages/airflow/example_dags/example_setup_teardown.py took 0.112 seconds
[2023-11-05T03:00:06.707+0000] {processor.py:157} INFO - Started process (PID=274) to work on /home/airflow/.local/lib/python3.8/site-packages/airflow/example_dags/example_setup_teardown.py
[2023-11-05T03:00:06.708+0000] {processor.py:829} INFO - Processing file /home/airflow/.local/lib/python3.8/site-packages/airflow/example_dags/example_setup_teardown.py for tasks to queue
[2023-11-05T03:00:06.711+0000] {logging_mixin.py:151} INFO - [2023-11-05T03:00:06.711+0000] {dagbag.py:536} INFO - Filling up the DagBag from /home/airflow/.local/lib/python3.8/site-packages/airflow/example_dags/example_setup_teardown.py
[2023-11-05T03:00:06.717+0000] {processor.py:839} INFO - DAG(s) dict_keys(['example_setup_teardown']) retrieved from /home/airflow/.local/lib/python3.8/site-packages/airflow/example_dags/example_setup_teardown.py
[2023-11-05T03:00:06.740+0000] {logging_mixin.py:151} INFO - [2023-11-05T03:00:06.740+0000] {dag.py:2941} INFO - Sync 1 DAGs
[2023-11-05T03:00:06.764+0000] {logging_mixin.py:151} INFO - [2023-11-05T03:00:06.764+0000] {dag.py:3722} INFO - Setting next_dagrun for example_setup_teardown to 2023-11-04T03:00:06.764259+00:00, run_after=2023-11-05T03:00:06.764259+00:00
[2023-11-05T03:00:06.787+0000] {processor.py:179} INFO - Processing /home/airflow/.local/lib/python3.8/site-packages/airflow/example_dags/example_setup_teardown.py took 0.084 seconds
[2023-11-05T03:00:37.987+0000] {processor.py:157} INFO - Started process (PID=327) to work on /home/airflow/.local/lib/python3.8/site-packages/airflow/example_dags/example_setup_teardown.py
[2023-11-05T03:00:37.989+0000] {processor.py:829} INFO - Processing file /home/airflow/.local/lib/python3.8/site-packages/airflow/example_dags/example_setup_teardown.py for tasks to queue
[2023-11-05T03:00:37.994+0000] {logging_mixin.py:151} INFO - [2023-11-05T03:00:37.993+0000] {dagbag.py:536} INFO - Filling up the DagBag from /home/airflow/.local/lib/python3.8/site-packages/airflow/example_dags/example_setup_teardown.py
[2023-11-05T03:00:38.007+0000] {processor.py:839} INFO - DAG(s) dict_keys(['example_setup_teardown']) retrieved from /home/airflow/.local/lib/python3.8/site-packages/airflow/example_dags/example_setup_teardown.py
[2023-11-05T03:00:38.051+0000] {logging_mixin.py:151} INFO - [2023-11-05T03:00:38.051+0000] {dag.py:2941} INFO - Sync 1 DAGs
[2023-11-05T03:00:38.098+0000] {logging_mixin.py:151} INFO - [2023-11-05T03:00:38.097+0000] {dag.py:3722} INFO - Setting next_dagrun for example_setup_teardown to 2023-11-04T03:00:38.097118+00:00, run_after=2023-11-05T03:00:38.097118+00:00
[2023-11-05T03:00:38.137+0000] {processor.py:179} INFO - Processing /home/airflow/.local/lib/python3.8/site-packages/airflow/example_dags/example_setup_teardown.py took 0.156 seconds
[2023-11-05T03:01:08.346+0000] {processor.py:157} INFO - Started process (PID=382) to work on /home/airflow/.local/lib/python3.8/site-packages/airflow/example_dags/example_setup_teardown.py
[2023-11-05T03:01:08.347+0000] {processor.py:829} INFO - Processing file /home/airflow/.local/lib/python3.8/site-packages/airflow/example_dags/example_setup_teardown.py for tasks to queue
[2023-11-05T03:01:08.348+0000] {logging_mixin.py:151} INFO - [2023-11-05T03:01:08.348+0000] {dagbag.py:536} INFO - Filling up the DagBag from /home/airflow/.local/lib/python3.8/site-packages/airflow/example_dags/example_setup_teardown.py
[2023-11-05T03:01:08.357+0000] {processor.py:839} INFO - DAG(s) dict_keys(['example_setup_teardown']) retrieved from /home/airflow/.local/lib/python3.8/site-packages/airflow/example_dags/example_setup_teardown.py
[2023-11-05T03:01:08.383+0000] {logging_mixin.py:151} INFO - [2023-11-05T03:01:08.383+0000] {dag.py:2941} INFO - Sync 1 DAGs
[2023-11-05T03:01:08.412+0000] {logging_mixin.py:151} INFO - [2023-11-05T03:01:08.411+0000] {dag.py:3722} INFO - Setting next_dagrun for example_setup_teardown to 2023-11-04T03:01:08.411625+00:00, run_after=2023-11-05T03:01:08.411625+00:00
[2023-11-05T03:01:08.432+0000] {processor.py:179} INFO - Processing /home/airflow/.local/lib/python3.8/site-packages/airflow/example_dags/example_setup_teardown.py took 0.088 seconds
[2023-11-05T03:01:38.565+0000] {processor.py:157} INFO - Started process (PID=435) to work on /home/airflow/.local/lib/python3.8/site-packages/airflow/example_dags/example_setup_teardown.py
[2023-11-05T03:01:38.567+0000] {processor.py:829} INFO - Processing file /home/airflow/.local/lib/python3.8/site-packages/airflow/example_dags/example_setup_teardown.py for tasks to queue
[2023-11-05T03:01:38.570+0000] {logging_mixin.py:151} INFO - [2023-11-05T03:01:38.569+0000] {dagbag.py:536} INFO - Filling up the DagBag from /home/airflow/.local/lib/python3.8/site-packages/airflow/example_dags/example_setup_teardown.py
[2023-11-05T03:01:38.578+0000] {processor.py:839} INFO - DAG(s) dict_keys(['example_setup_teardown']) retrieved from /home/airflow/.local/lib/python3.8/site-packages/airflow/example_dags/example_setup_teardown.py
[2023-11-05T03:01:38.602+0000] {logging_mixin.py:151} INFO - [2023-11-05T03:01:38.602+0000] {dag.py:2941} INFO - Sync 1 DAGs
[2023-11-05T03:01:38.624+0000] {logging_mixin.py:151} INFO - [2023-11-05T03:01:38.624+0000] {dag.py:3722} INFO - Setting next_dagrun for example_setup_teardown to 2023-11-04T03:01:38.624431+00:00, run_after=2023-11-05T03:01:38.624431+00:00
[2023-11-05T03:01:38.644+0000] {processor.py:179} INFO - Processing /home/airflow/.local/lib/python3.8/site-packages/airflow/example_dags/example_setup_teardown.py took 0.084 seconds
[2023-11-05T03:02:09.333+0000] {processor.py:157} INFO - Started process (PID=489) to work on /home/airflow/.local/lib/python3.8/site-packages/airflow/example_dags/example_setup_teardown.py
[2023-11-05T03:02:09.334+0000] {processor.py:829} INFO - Processing file /home/airflow/.local/lib/python3.8/site-packages/airflow/example_dags/example_setup_teardown.py for tasks to queue
[2023-11-05T03:02:09.335+0000] {logging_mixin.py:151} INFO - [2023-11-05T03:02:09.335+0000] {dagbag.py:536} INFO - Filling up the DagBag from /home/airflow/.local/lib/python3.8/site-packages/airflow/example_dags/example_setup_teardown.py
[2023-11-05T03:02:09.343+0000] {processor.py:839} INFO - DAG(s) dict_keys(['example_setup_teardown']) retrieved from /home/airflow/.local/lib/python3.8/site-packages/airflow/example_dags/example_setup_teardown.py
[2023-11-05T03:02:09.363+0000] {logging_mixin.py:151} INFO - [2023-11-05T03:02:09.363+0000] {dag.py:2941} INFO - Sync 1 DAGs
[2023-11-05T03:02:09.384+0000] {logging_mixin.py:151} INFO - [2023-11-05T03:02:09.384+0000] {dag.py:3722} INFO - Setting next_dagrun for example_setup_teardown to 2023-11-04T03:02:09.384354+00:00, run_after=2023-11-05T03:02:09.384354+00:00
[2023-11-05T03:02:09.404+0000] {processor.py:179} INFO - Processing /home/airflow/.local/lib/python3.8/site-packages/airflow/example_dags/example_setup_teardown.py took 0.073 seconds
[2023-11-05T03:02:39.486+0000] {processor.py:157} INFO - Started process (PID=542) to work on /home/airflow/.local/lib/python3.8/site-packages/airflow/example_dags/example_setup_teardown.py
[2023-11-05T03:02:39.487+0000] {processor.py:829} INFO - Processing file /home/airflow/.local/lib/python3.8/site-packages/airflow/example_dags/example_setup_teardown.py for tasks to queue
[2023-11-05T03:02:39.489+0000] {logging_mixin.py:151} INFO - [2023-11-05T03:02:39.489+0000] {dagbag.py:536} INFO - Filling up the DagBag from /home/airflow/.local/lib/python3.8/site-packages/airflow/example_dags/example_setup_teardown.py
[2023-11-05T03:02:39.494+0000] {processor.py:839} INFO - DAG(s) dict_keys(['example_setup_teardown']) retrieved from /home/airflow/.local/lib/python3.8/site-packages/airflow/example_dags/example_setup_teardown.py
[2023-11-05T03:02:39.517+0000] {logging_mixin.py:151} INFO - [2023-11-05T03:02:39.516+0000] {dag.py:2941} INFO - Sync 1 DAGs
[2023-11-05T03:02:39.540+0000] {logging_mixin.py:151} INFO - [2023-11-05T03:02:39.539+0000] {dag.py:3722} INFO - Setting next_dagrun for example_setup_teardown to 2023-11-04T03:02:39.539758+00:00, run_after=2023-11-05T03:02:39.539758+00:00
[2023-11-05T03:02:39.559+0000] {processor.py:179} INFO - Processing /home/airflow/.local/lib/python3.8/site-packages/airflow/example_dags/example_setup_teardown.py took 0.075 seconds
[2023-11-05T03:03:10.330+0000] {processor.py:157} INFO - Started process (PID=596) to work on /home/airflow/.local/lib/python3.8/site-packages/airflow/example_dags/example_setup_teardown.py
[2023-11-05T03:03:10.331+0000] {processor.py:829} INFO - Processing file /home/airflow/.local/lib/python3.8/site-packages/airflow/example_dags/example_setup_teardown.py for tasks to queue
[2023-11-05T03:03:10.335+0000] {logging_mixin.py:151} INFO - [2023-11-05T03:03:10.334+0000] {dagbag.py:536} INFO - Filling up the DagBag from /home/airflow/.local/lib/python3.8/site-packages/airflow/example_dags/example_setup_teardown.py
[2023-11-05T03:03:10.353+0000] {processor.py:839} INFO - DAG(s) dict_keys(['example_setup_teardown']) retrieved from /home/airflow/.local/lib/python3.8/site-packages/airflow/example_dags/example_setup_teardown.py
[2023-11-05T03:03:10.392+0000] {logging_mixin.py:151} INFO - [2023-11-05T03:03:10.391+0000] {dag.py:2941} INFO - Sync 1 DAGs
[2023-11-05T03:03:10.434+0000] {logging_mixin.py:151} INFO - [2023-11-05T03:03:10.434+0000] {dag.py:3722} INFO - Setting next_dagrun for example_setup_teardown to 2023-11-04T03:03:10.434102+00:00, run_after=2023-11-05T03:03:10.434102+00:00
[2023-11-05T03:03:10.472+0000] {processor.py:179} INFO - Processing /home/airflow/.local/lib/python3.8/site-packages/airflow/example_dags/example_setup_teardown.py took 0.151 seconds
[2023-11-05T03:03:40.516+0000] {processor.py:157} INFO - Started process (PID=650) to work on /home/airflow/.local/lib/python3.8/site-packages/airflow/example_dags/example_setup_teardown.py
[2023-11-05T03:03:40.516+0000] {processor.py:829} INFO - Processing file /home/airflow/.local/lib/python3.8/site-packages/airflow/example_dags/example_setup_teardown.py for tasks to queue
[2023-11-05T03:03:40.518+0000] {logging_mixin.py:151} INFO - [2023-11-05T03:03:40.518+0000] {dagbag.py:536} INFO - Filling up the DagBag from /home/airflow/.local/lib/python3.8/site-packages/airflow/example_dags/example_setup_teardown.py
[2023-11-05T03:03:40.527+0000] {processor.py:839} INFO - DAG(s) dict_keys(['example_setup_teardown']) retrieved from /home/airflow/.local/lib/python3.8/site-packages/airflow/example_dags/example_setup_teardown.py
[2023-11-05T03:03:40.550+0000] {logging_mixin.py:151} INFO - [2023-11-05T03:03:40.550+0000] {dag.py:2941} INFO - Sync 1 DAGs
[2023-11-05T03:03:40.581+0000] {logging_mixin.py:151} INFO - [2023-11-05T03:03:40.581+0000] {dag.py:3722} INFO - Setting next_dagrun for example_setup_teardown to 2023-11-04T03:03:40.581054+00:00, run_after=2023-11-05T03:03:40.581054+00:00
[2023-11-05T03:03:40.610+0000] {processor.py:179} INFO - Processing /home/airflow/.local/lib/python3.8/site-packages/airflow/example_dags/example_setup_teardown.py took 0.097 seconds
[2023-11-05T03:04:11.560+0000] {processor.py:157} INFO - Started process (PID=704) to work on /home/airflow/.local/lib/python3.8/site-packages/airflow/example_dags/example_setup_teardown.py
[2023-11-05T03:04:11.561+0000] {processor.py:829} INFO - Processing file /home/airflow/.local/lib/python3.8/site-packages/airflow/example_dags/example_setup_teardown.py for tasks to queue
[2023-11-05T03:04:11.565+0000] {logging_mixin.py:151} INFO - [2023-11-05T03:04:11.564+0000] {dagbag.py:536} INFO - Filling up the DagBag from /home/airflow/.local/lib/python3.8/site-packages/airflow/example_dags/example_setup_teardown.py
[2023-11-05T03:04:11.579+0000] {processor.py:839} INFO - DAG(s) dict_keys(['example_setup_teardown']) retrieved from /home/airflow/.local/lib/python3.8/site-packages/airflow/example_dags/example_setup_teardown.py
[2023-11-05T03:04:11.627+0000] {logging_mixin.py:151} INFO - [2023-11-05T03:04:11.627+0000] {dag.py:2941} INFO - Sync 1 DAGs
[2023-11-05T03:04:11.667+0000] {logging_mixin.py:151} INFO - [2023-11-05T03:04:11.667+0000] {dag.py:3722} INFO - Setting next_dagrun for example_setup_teardown to 2023-11-04T03:04:11.666605+00:00, run_after=2023-11-05T03:04:11.666605+00:00
[2023-11-05T03:04:11.700+0000] {processor.py:179} INFO - Processing /home/airflow/.local/lib/python3.8/site-packages/airflow/example_dags/example_setup_teardown.py took 0.147 seconds
[2023-11-05T03:04:42.467+0000] {processor.py:157} INFO - Started process (PID=759) to work on /home/airflow/.local/lib/python3.8/site-packages/airflow/example_dags/example_setup_teardown.py
[2023-11-05T03:04:42.467+0000] {processor.py:829} INFO - Processing file /home/airflow/.local/lib/python3.8/site-packages/airflow/example_dags/example_setup_teardown.py for tasks to queue
[2023-11-05T03:04:42.469+0000] {logging_mixin.py:151} INFO - [2023-11-05T03:04:42.469+0000] {dagbag.py:536} INFO - Filling up the DagBag from /home/airflow/.local/lib/python3.8/site-packages/airflow/example_dags/example_setup_teardown.py
[2023-11-05T03:04:42.475+0000] {processor.py:839} INFO - DAG(s) dict_keys(['example_setup_teardown']) retrieved from /home/airflow/.local/lib/python3.8/site-packages/airflow/example_dags/example_setup_teardown.py
[2023-11-05T03:04:42.509+0000] {logging_mixin.py:151} INFO - [2023-11-05T03:04:42.508+0000] {dag.py:2941} INFO - Sync 1 DAGs
[2023-11-05T03:04:42.530+0000] {logging_mixin.py:151} INFO - [2023-11-05T03:04:42.530+0000] {dag.py:3722} INFO - Setting next_dagrun for example_setup_teardown to 2023-11-04T03:04:42.529883+00:00, run_after=2023-11-05T03:04:42.529883+00:00
[2023-11-05T03:04:42.546+0000] {processor.py:179} INFO - Processing /home/airflow/.local/lib/python3.8/site-packages/airflow/example_dags/example_setup_teardown.py took 0.082 seconds
[2023-11-05T03:05:13.024+0000] {processor.py:157} INFO - Started process (PID=813) to work on /home/airflow/.local/lib/python3.8/site-packages/airflow/example_dags/example_setup_teardown.py
[2023-11-05T03:05:13.026+0000] {processor.py:829} INFO - Processing file /home/airflow/.local/lib/python3.8/site-packages/airflow/example_dags/example_setup_teardown.py for tasks to queue
[2023-11-05T03:05:13.030+0000] {logging_mixin.py:151} INFO - [2023-11-05T03:05:13.029+0000] {dagbag.py:536} INFO - Filling up the DagBag from /home/airflow/.local/lib/python3.8/site-packages/airflow/example_dags/example_setup_teardown.py
[2023-11-05T03:05:13.043+0000] {processor.py:839} INFO - DAG(s) dict_keys(['example_setup_teardown']) retrieved from /home/airflow/.local/lib/python3.8/site-packages/airflow/example_dags/example_setup_teardown.py
[2023-11-05T03:05:13.084+0000] {logging_mixin.py:151} INFO - [2023-11-05T03:05:13.083+0000] {dag.py:2941} INFO - Sync 1 DAGs
[2023-11-05T03:05:13.127+0000] {logging_mixin.py:151} INFO - [2023-11-05T03:05:13.126+0000] {dag.py:3722} INFO - Setting next_dagrun for example_setup_teardown to 2023-11-04T03:05:13.126067+00:00, run_after=2023-11-05T03:05:13.126067+00:00
[2023-11-05T03:05:13.163+0000] {processor.py:179} INFO - Processing /home/airflow/.local/lib/python3.8/site-packages/airflow/example_dags/example_setup_teardown.py took 0.145 seconds
[2023-11-05T03:05:44.035+0000] {processor.py:157} INFO - Started process (PID=867) to work on /home/airflow/.local/lib/python3.8/site-packages/airflow/example_dags/example_setup_teardown.py
[2023-11-05T03:05:44.036+0000] {processor.py:829} INFO - Processing file /home/airflow/.local/lib/python3.8/site-packages/airflow/example_dags/example_setup_teardown.py for tasks to queue
[2023-11-05T03:05:44.038+0000] {logging_mixin.py:151} INFO - [2023-11-05T03:05:44.038+0000] {dagbag.py:536} INFO - Filling up the DagBag from /home/airflow/.local/lib/python3.8/site-packages/airflow/example_dags/example_setup_teardown.py
[2023-11-05T03:05:44.046+0000] {processor.py:839} INFO - DAG(s) dict_keys(['example_setup_teardown']) retrieved from /home/airflow/.local/lib/python3.8/site-packages/airflow/example_dags/example_setup_teardown.py
[2023-11-05T03:05:44.068+0000] {logging_mixin.py:151} INFO - [2023-11-05T03:05:44.068+0000] {dag.py:2941} INFO - Sync 1 DAGs
[2023-11-05T03:05:44.093+0000] {logging_mixin.py:151} INFO - [2023-11-05T03:05:44.092+0000] {dag.py:3722} INFO - Setting next_dagrun for example_setup_teardown to 2023-11-04T03:05:44.092623+00:00, run_after=2023-11-05T03:05:44.092623+00:00
[2023-11-05T03:05:44.111+0000] {processor.py:179} INFO - Processing /home/airflow/.local/lib/python3.8/site-packages/airflow/example_dags/example_setup_teardown.py took 0.078 seconds
[2023-11-05T03:06:14.610+0000] {processor.py:157} INFO - Started process (PID=921) to work on /home/airflow/.local/lib/python3.8/site-packages/airflow/example_dags/example_setup_teardown.py
[2023-11-05T03:06:14.611+0000] {processor.py:829} INFO - Processing file /home/airflow/.local/lib/python3.8/site-packages/airflow/example_dags/example_setup_teardown.py for tasks to queue
[2023-11-05T03:06:14.613+0000] {logging_mixin.py:151} INFO - [2023-11-05T03:06:14.613+0000] {dagbag.py:536} INFO - Filling up the DagBag from /home/airflow/.local/lib/python3.8/site-packages/airflow/example_dags/example_setup_teardown.py
[2023-11-05T03:06:14.619+0000] {processor.py:839} INFO - DAG(s) dict_keys(['example_setup_teardown']) retrieved from /home/airflow/.local/lib/python3.8/site-packages/airflow/example_dags/example_setup_teardown.py
[2023-11-05T03:06:14.637+0000] {logging_mixin.py:151} INFO - [2023-11-05T03:06:14.637+0000] {dag.py:2941} INFO - Sync 1 DAGs
[2023-11-05T03:06:14.659+0000] {logging_mixin.py:151} INFO - [2023-11-05T03:06:14.659+0000] {dag.py:3722} INFO - Setting next_dagrun for example_setup_teardown to 2023-11-04T03:06:14.658737+00:00, run_after=2023-11-05T03:06:14.658737+00:00
[2023-11-05T03:06:14.681+0000] {processor.py:179} INFO - Processing /home/airflow/.local/lib/python3.8/site-packages/airflow/example_dags/example_setup_teardown.py took 0.073 seconds
[2023-11-05T03:06:46.083+0000] {processor.py:157} INFO - Started process (PID=975) to work on /home/airflow/.local/lib/python3.8/site-packages/airflow/example_dags/example_setup_teardown.py
[2023-11-05T03:06:46.084+0000] {processor.py:829} INFO - Processing file /home/airflow/.local/lib/python3.8/site-packages/airflow/example_dags/example_setup_teardown.py for tasks to queue
[2023-11-05T03:06:46.086+0000] {logging_mixin.py:151} INFO - [2023-11-05T03:06:46.085+0000] {dagbag.py:536} INFO - Filling up the DagBag from /home/airflow/.local/lib/python3.8/site-packages/airflow/example_dags/example_setup_teardown.py
[2023-11-05T03:06:46.092+0000] {processor.py:839} INFO - DAG(s) dict_keys(['example_setup_teardown']) retrieved from /home/airflow/.local/lib/python3.8/site-packages/airflow/example_dags/example_setup_teardown.py
[2023-11-05T03:06:46.115+0000] {logging_mixin.py:151} INFO - [2023-11-05T03:06:46.115+0000] {dag.py:2941} INFO - Sync 1 DAGs
[2023-11-05T03:06:46.139+0000] {logging_mixin.py:151} INFO - [2023-11-05T03:06:46.139+0000] {dag.py:3722} INFO - Setting next_dagrun for example_setup_teardown to 2023-11-04T03:06:46.139508+00:00, run_after=2023-11-05T03:06:46.139508+00:00
[2023-11-05T03:06:46.300+0000] {processor.py:179} INFO - Processing /home/airflow/.local/lib/python3.8/site-packages/airflow/example_dags/example_setup_teardown.py took 0.220 seconds
[2023-11-05T03:07:16.392+0000] {processor.py:157} INFO - Started process (PID=1029) to work on /home/airflow/.local/lib/python3.8/site-packages/airflow/example_dags/example_setup_teardown.py
[2023-11-05T03:07:16.393+0000] {processor.py:829} INFO - Processing file /home/airflow/.local/lib/python3.8/site-packages/airflow/example_dags/example_setup_teardown.py for tasks to queue
[2023-11-05T03:07:16.395+0000] {logging_mixin.py:151} INFO - [2023-11-05T03:07:16.395+0000] {dagbag.py:536} INFO - Filling up the DagBag from /home/airflow/.local/lib/python3.8/site-packages/airflow/example_dags/example_setup_teardown.py
[2023-11-05T03:07:16.402+0000] {processor.py:839} INFO - DAG(s) dict_keys(['example_setup_teardown']) retrieved from /home/airflow/.local/lib/python3.8/site-packages/airflow/example_dags/example_setup_teardown.py
[2023-11-05T03:07:16.423+0000] {logging_mixin.py:151} INFO - [2023-11-05T03:07:16.422+0000] {dag.py:2941} INFO - Sync 1 DAGs
[2023-11-05T03:07:16.445+0000] {logging_mixin.py:151} INFO - [2023-11-05T03:07:16.445+0000] {dag.py:3722} INFO - Setting next_dagrun for example_setup_teardown to 2023-11-04T03:07:16.445301+00:00, run_after=2023-11-05T03:07:16.445301+00:00
[2023-11-05T03:07:16.464+0000] {processor.py:179} INFO - Processing /home/airflow/.local/lib/python3.8/site-packages/airflow/example_dags/example_setup_teardown.py took 0.075 seconds
[2023-11-05T03:07:47.342+0000] {processor.py:157} INFO - Started process (PID=1083) to work on /home/airflow/.local/lib/python3.8/site-packages/airflow/example_dags/example_setup_teardown.py
[2023-11-05T03:07:47.343+0000] {processor.py:829} INFO - Processing file /home/airflow/.local/lib/python3.8/site-packages/airflow/example_dags/example_setup_teardown.py for tasks to queue
[2023-11-05T03:07:47.345+0000] {logging_mixin.py:151} INFO - [2023-11-05T03:07:47.344+0000] {dagbag.py:536} INFO - Filling up the DagBag from /home/airflow/.local/lib/python3.8/site-packages/airflow/example_dags/example_setup_teardown.py
[2023-11-05T03:07:47.351+0000] {processor.py:839} INFO - DAG(s) dict_keys(['example_setup_teardown']) retrieved from /home/airflow/.local/lib/python3.8/site-packages/airflow/example_dags/example_setup_teardown.py
[2023-11-05T03:07:47.371+0000] {logging_mixin.py:151} INFO - [2023-11-05T03:07:47.371+0000] {dag.py:2941} INFO - Sync 1 DAGs
[2023-11-05T03:07:47.394+0000] {logging_mixin.py:151} INFO - [2023-11-05T03:07:47.393+0000] {dag.py:3722} INFO - Setting next_dagrun for example_setup_teardown to 2023-11-04T03:07:47.393661+00:00, run_after=2023-11-05T03:07:47.393661+00:00
[2023-11-05T03:07:47.414+0000] {processor.py:179} INFO - Processing /home/airflow/.local/lib/python3.8/site-packages/airflow/example_dags/example_setup_teardown.py took 0.075 seconds
