[2023-11-05T02:58:04.456+0000] {processor.py:157} INFO - Started process (PID=66) to work on /home/airflow/.local/lib/python3.8/site-packages/airflow/example_dags/example_sensors.py
[2023-11-05T02:58:04.457+0000] {processor.py:829} INFO - Processing file /home/airflow/.local/lib/python3.8/site-packages/airflow/example_dags/example_sensors.py for tasks to queue
[2023-11-05T02:58:04.459+0000] {logging_mixin.py:151} INFO - [2023-11-05T02:58:04.459+0000] {dagbag.py:536} INFO - Filling up the DagBag from /home/airflow/.local/lib/python3.8/site-packages/airflow/example_dags/example_sensors.py
[2023-11-05T02:58:04.470+0000] {processor.py:839} INFO - DAG(s) dict_keys(['example_sensors']) retrieved from /home/airflow/.local/lib/python3.8/site-packages/airflow/example_dags/example_sensors.py
[2023-11-05T02:58:04.483+0000] {logging_mixin.py:151} INFO - [2023-11-05T02:58:04.482+0000] {dag.py:2941} INFO - Sync 1 DAGs
[2023-11-05T02:58:04.502+0000] {logging_mixin.py:151} INFO - [2023-11-05T02:58:04.501+0000] {dag.py:3722} INFO - Setting next_dagrun for example_sensors to None, run_after=None
[2023-11-05T02:58:04.528+0000] {processor.py:179} INFO - Processing /home/airflow/.local/lib/python3.8/site-packages/airflow/example_dags/example_sensors.py took 0.075 seconds
[2023-11-05T02:58:34.802+0000] {processor.py:157} INFO - Started process (PID=120) to work on /home/airflow/.local/lib/python3.8/site-packages/airflow/example_dags/example_sensors.py
[2023-11-05T02:58:34.803+0000] {processor.py:829} INFO - Processing file /home/airflow/.local/lib/python3.8/site-packages/airflow/example_dags/example_sensors.py for tasks to queue
[2023-11-05T02:58:34.805+0000] {logging_mixin.py:151} INFO - [2023-11-05T02:58:34.804+0000] {dagbag.py:536} INFO - Filling up the DagBag from /home/airflow/.local/lib/python3.8/site-packages/airflow/example_dags/example_sensors.py
[2023-11-05T02:58:34.815+0000] {processor.py:839} INFO - DAG(s) dict_keys(['example_sensors']) retrieved from /home/airflow/.local/lib/python3.8/site-packages/airflow/example_dags/example_sensors.py
[2023-11-05T02:58:34.876+0000] {logging_mixin.py:151} INFO - [2023-11-05T02:58:34.875+0000] {dag.py:2941} INFO - Sync 1 DAGs
[2023-11-05T02:58:34.906+0000] {logging_mixin.py:151} INFO - [2023-11-05T02:58:34.906+0000] {dag.py:3722} INFO - Setting next_dagrun for example_sensors to None, run_after=None
[2023-11-05T02:58:34.942+0000] {processor.py:179} INFO - Processing /home/airflow/.local/lib/python3.8/site-packages/airflow/example_dags/example_sensors.py took 0.145 seconds
[2023-11-05T02:59:05.765+0000] {processor.py:157} INFO - Started process (PID=175) to work on /home/airflow/.local/lib/python3.8/site-packages/airflow/example_dags/example_sensors.py
[2023-11-05T02:59:05.766+0000] {processor.py:829} INFO - Processing file /home/airflow/.local/lib/python3.8/site-packages/airflow/example_dags/example_sensors.py for tasks to queue
[2023-11-05T02:59:05.770+0000] {logging_mixin.py:151} INFO - [2023-11-05T02:59:05.770+0000] {dagbag.py:536} INFO - Filling up the DagBag from /home/airflow/.local/lib/python3.8/site-packages/airflow/example_dags/example_sensors.py
[2023-11-05T02:59:05.790+0000] {processor.py:839} INFO - DAG(s) dict_keys(['example_sensors']) retrieved from /home/airflow/.local/lib/python3.8/site-packages/airflow/example_dags/example_sensors.py
[2023-11-05T02:59:05.850+0000] {logging_mixin.py:151} INFO - [2023-11-05T02:59:05.849+0000] {dag.py:2941} INFO - Sync 1 DAGs
[2023-11-05T02:59:05.879+0000] {logging_mixin.py:151} INFO - [2023-11-05T02:59:05.879+0000] {dag.py:3722} INFO - Setting next_dagrun for example_sensors to None, run_after=None
[2023-11-05T02:59:05.923+0000] {processor.py:179} INFO - Processing /home/airflow/.local/lib/python3.8/site-packages/airflow/example_dags/example_sensors.py took 0.164 seconds
[2023-11-05T02:59:36.607+0000] {processor.py:157} INFO - Started process (PID=229) to work on /home/airflow/.local/lib/python3.8/site-packages/airflow/example_dags/example_sensors.py
[2023-11-05T02:59:36.608+0000] {processor.py:829} INFO - Processing file /home/airflow/.local/lib/python3.8/site-packages/airflow/example_dags/example_sensors.py for tasks to queue
[2023-11-05T02:59:36.612+0000] {logging_mixin.py:151} INFO - [2023-11-05T02:59:36.612+0000] {dagbag.py:536} INFO - Filling up the DagBag from /home/airflow/.local/lib/python3.8/site-packages/airflow/example_dags/example_sensors.py
[2023-11-05T02:59:36.631+0000] {processor.py:839} INFO - DAG(s) dict_keys(['example_sensors']) retrieved from /home/airflow/.local/lib/python3.8/site-packages/airflow/example_dags/example_sensors.py
[2023-11-05T02:59:36.687+0000] {logging_mixin.py:151} INFO - [2023-11-05T02:59:36.687+0000] {dag.py:2941} INFO - Sync 1 DAGs
[2023-11-05T02:59:36.713+0000] {logging_mixin.py:151} INFO - [2023-11-05T02:59:36.712+0000] {dag.py:3722} INFO - Setting next_dagrun for example_sensors to None, run_after=None
[2023-11-05T02:59:36.746+0000] {processor.py:179} INFO - Processing /home/airflow/.local/lib/python3.8/site-packages/airflow/example_dags/example_sensors.py took 0.147 seconds
[2023-11-05T03:00:07.615+0000] {processor.py:157} INFO - Started process (PID=283) to work on /home/airflow/.local/lib/python3.8/site-packages/airflow/example_dags/example_sensors.py
[2023-11-05T03:00:07.617+0000] {processor.py:829} INFO - Processing file /home/airflow/.local/lib/python3.8/site-packages/airflow/example_dags/example_sensors.py for tasks to queue
[2023-11-05T03:00:07.619+0000] {logging_mixin.py:151} INFO - [2023-11-05T03:00:07.619+0000] {dagbag.py:536} INFO - Filling up the DagBag from /home/airflow/.local/lib/python3.8/site-packages/airflow/example_dags/example_sensors.py
[2023-11-05T03:00:07.635+0000] {processor.py:839} INFO - DAG(s) dict_keys(['example_sensors']) retrieved from /home/airflow/.local/lib/python3.8/site-packages/airflow/example_dags/example_sensors.py
[2023-11-05T03:00:07.684+0000] {logging_mixin.py:151} INFO - [2023-11-05T03:00:07.683+0000] {dag.py:2941} INFO - Sync 1 DAGs
[2023-11-05T03:00:07.696+0000] {logging_mixin.py:151} INFO - [2023-11-05T03:00:07.696+0000] {dag.py:3722} INFO - Setting next_dagrun for example_sensors to None, run_after=None
[2023-11-05T03:00:07.720+0000] {processor.py:179} INFO - Processing /home/airflow/.local/lib/python3.8/site-packages/airflow/example_dags/example_sensors.py took 0.109 seconds
[2023-11-05T03:00:38.817+0000] {processor.py:157} INFO - Started process (PID=336) to work on /home/airflow/.local/lib/python3.8/site-packages/airflow/example_dags/example_sensors.py
[2023-11-05T03:00:38.819+0000] {processor.py:829} INFO - Processing file /home/airflow/.local/lib/python3.8/site-packages/airflow/example_dags/example_sensors.py for tasks to queue
[2023-11-05T03:00:38.824+0000] {logging_mixin.py:151} INFO - [2023-11-05T03:00:38.823+0000] {dagbag.py:536} INFO - Filling up the DagBag from /home/airflow/.local/lib/python3.8/site-packages/airflow/example_dags/example_sensors.py
[2023-11-05T03:00:38.848+0000] {processor.py:839} INFO - DAG(s) dict_keys(['example_sensors']) retrieved from /home/airflow/.local/lib/python3.8/site-packages/airflow/example_dags/example_sensors.py
[2023-11-05T03:00:38.907+0000] {logging_mixin.py:151} INFO - [2023-11-05T03:00:38.906+0000] {dag.py:2941} INFO - Sync 1 DAGs
[2023-11-05T03:00:38.941+0000] {logging_mixin.py:151} INFO - [2023-11-05T03:00:38.940+0000] {dag.py:3722} INFO - Setting next_dagrun for example_sensors to None, run_after=None
[2023-11-05T03:00:38.984+0000] {processor.py:179} INFO - Processing /home/airflow/.local/lib/python3.8/site-packages/airflow/example_dags/example_sensors.py took 0.173 seconds
[2023-11-05T03:01:09.179+0000] {processor.py:157} INFO - Started process (PID=391) to work on /home/airflow/.local/lib/python3.8/site-packages/airflow/example_dags/example_sensors.py
[2023-11-05T03:01:09.180+0000] {processor.py:829} INFO - Processing file /home/airflow/.local/lib/python3.8/site-packages/airflow/example_dags/example_sensors.py for tasks to queue
[2023-11-05T03:01:09.184+0000] {logging_mixin.py:151} INFO - [2023-11-05T03:01:09.183+0000] {dagbag.py:536} INFO - Filling up the DagBag from /home/airflow/.local/lib/python3.8/site-packages/airflow/example_dags/example_sensors.py
[2023-11-05T03:01:09.207+0000] {processor.py:839} INFO - DAG(s) dict_keys(['example_sensors']) retrieved from /home/airflow/.local/lib/python3.8/site-packages/airflow/example_dags/example_sensors.py
[2023-11-05T03:01:09.271+0000] {logging_mixin.py:151} INFO - [2023-11-05T03:01:09.270+0000] {dag.py:2941} INFO - Sync 1 DAGs
[2023-11-05T03:01:09.300+0000] {logging_mixin.py:151} INFO - [2023-11-05T03:01:09.300+0000] {dag.py:3722} INFO - Setting next_dagrun for example_sensors to None, run_after=None
[2023-11-05T03:01:09.350+0000] {processor.py:179} INFO - Processing /home/airflow/.local/lib/python3.8/site-packages/airflow/example_dags/example_sensors.py took 0.180 seconds
[2023-11-05T03:01:39.442+0000] {processor.py:157} INFO - Started process (PID=444) to work on /home/airflow/.local/lib/python3.8/site-packages/airflow/example_dags/example_sensors.py
[2023-11-05T03:01:39.443+0000] {processor.py:829} INFO - Processing file /home/airflow/.local/lib/python3.8/site-packages/airflow/example_dags/example_sensors.py for tasks to queue
[2023-11-05T03:01:39.445+0000] {logging_mixin.py:151} INFO - [2023-11-05T03:01:39.445+0000] {dagbag.py:536} INFO - Filling up the DagBag from /home/airflow/.local/lib/python3.8/site-packages/airflow/example_dags/example_sensors.py
[2023-11-05T03:01:39.454+0000] {processor.py:839} INFO - DAG(s) dict_keys(['example_sensors']) retrieved from /home/airflow/.local/lib/python3.8/site-packages/airflow/example_dags/example_sensors.py
[2023-11-05T03:01:39.483+0000] {logging_mixin.py:151} INFO - [2023-11-05T03:01:39.483+0000] {dag.py:2941} INFO - Sync 1 DAGs
[2023-11-05T03:01:39.503+0000] {logging_mixin.py:151} INFO - [2023-11-05T03:01:39.503+0000] {dag.py:3722} INFO - Setting next_dagrun for example_sensors to None, run_after=None
[2023-11-05T03:01:39.532+0000] {processor.py:179} INFO - Processing /home/airflow/.local/lib/python3.8/site-packages/airflow/example_dags/example_sensors.py took 0.093 seconds
[2023-11-05T03:02:10.119+0000] {processor.py:157} INFO - Started process (PID=498) to work on /home/airflow/.local/lib/python3.8/site-packages/airflow/example_dags/example_sensors.py
[2023-11-05T03:02:10.120+0000] {processor.py:829} INFO - Processing file /home/airflow/.local/lib/python3.8/site-packages/airflow/example_dags/example_sensors.py for tasks to queue
[2023-11-05T03:02:10.125+0000] {logging_mixin.py:151} INFO - [2023-11-05T03:02:10.124+0000] {dagbag.py:536} INFO - Filling up the DagBag from /home/airflow/.local/lib/python3.8/site-packages/airflow/example_dags/example_sensors.py
[2023-11-05T03:02:10.139+0000] {processor.py:839} INFO - DAG(s) dict_keys(['example_sensors']) retrieved from /home/airflow/.local/lib/python3.8/site-packages/airflow/example_dags/example_sensors.py
[2023-11-05T03:02:10.182+0000] {logging_mixin.py:151} INFO - [2023-11-05T03:02:10.182+0000] {dag.py:2941} INFO - Sync 1 DAGs
[2023-11-05T03:02:10.201+0000] {logging_mixin.py:151} INFO - [2023-11-05T03:02:10.201+0000] {dag.py:3722} INFO - Setting next_dagrun for example_sensors to None, run_after=None
[2023-11-05T03:02:10.230+0000] {processor.py:179} INFO - Processing /home/airflow/.local/lib/python3.8/site-packages/airflow/example_dags/example_sensors.py took 0.114 seconds
[2023-11-05T03:02:41.149+0000] {processor.py:157} INFO - Started process (PID=551) to work on /home/airflow/.local/lib/python3.8/site-packages/airflow/example_dags/example_sensors.py
[2023-11-05T03:02:41.150+0000] {processor.py:829} INFO - Processing file /home/airflow/.local/lib/python3.8/site-packages/airflow/example_dags/example_sensors.py for tasks to queue
[2023-11-05T03:02:41.152+0000] {logging_mixin.py:151} INFO - [2023-11-05T03:02:41.152+0000] {dagbag.py:536} INFO - Filling up the DagBag from /home/airflow/.local/lib/python3.8/site-packages/airflow/example_dags/example_sensors.py
[2023-11-05T03:02:41.165+0000] {processor.py:839} INFO - DAG(s) dict_keys(['example_sensors']) retrieved from /home/airflow/.local/lib/python3.8/site-packages/airflow/example_dags/example_sensors.py
[2023-11-05T03:02:41.200+0000] {logging_mixin.py:151} INFO - [2023-11-05T03:02:41.200+0000] {dag.py:2941} INFO - Sync 1 DAGs
[2023-11-05T03:02:41.219+0000] {logging_mixin.py:151} INFO - [2023-11-05T03:02:41.219+0000] {dag.py:3722} INFO - Setting next_dagrun for example_sensors to None, run_after=None
[2023-11-05T03:02:41.253+0000] {processor.py:179} INFO - Processing /home/airflow/.local/lib/python3.8/site-packages/airflow/example_dags/example_sensors.py took 0.107 seconds
[2023-11-05T03:03:12.222+0000] {processor.py:157} INFO - Started process (PID=605) to work on /home/airflow/.local/lib/python3.8/site-packages/airflow/example_dags/example_sensors.py
[2023-11-05T03:03:12.223+0000] {processor.py:829} INFO - Processing file /home/airflow/.local/lib/python3.8/site-packages/airflow/example_dags/example_sensors.py for tasks to queue
[2023-11-05T03:03:12.225+0000] {logging_mixin.py:151} INFO - [2023-11-05T03:03:12.224+0000] {dagbag.py:536} INFO - Filling up the DagBag from /home/airflow/.local/lib/python3.8/site-packages/airflow/example_dags/example_sensors.py
[2023-11-05T03:03:12.233+0000] {processor.py:839} INFO - DAG(s) dict_keys(['example_sensors']) retrieved from /home/airflow/.local/lib/python3.8/site-packages/airflow/example_dags/example_sensors.py
[2023-11-05T03:03:12.260+0000] {logging_mixin.py:151} INFO - [2023-11-05T03:03:12.260+0000] {dag.py:2941} INFO - Sync 1 DAGs
[2023-11-05T03:03:12.272+0000] {logging_mixin.py:151} INFO - [2023-11-05T03:03:12.272+0000] {dag.py:3722} INFO - Setting next_dagrun for example_sensors to None, run_after=None
[2023-11-05T03:03:12.291+0000] {processor.py:179} INFO - Processing /home/airflow/.local/lib/python3.8/site-packages/airflow/example_dags/example_sensors.py took 0.073 seconds
[2023-11-05T03:03:42.355+0000] {processor.py:157} INFO - Started process (PID=658) to work on /home/airflow/.local/lib/python3.8/site-packages/airflow/example_dags/example_sensors.py
[2023-11-05T03:03:42.356+0000] {processor.py:829} INFO - Processing file /home/airflow/.local/lib/python3.8/site-packages/airflow/example_dags/example_sensors.py for tasks to queue
[2023-11-05T03:03:42.359+0000] {logging_mixin.py:151} INFO - [2023-11-05T03:03:42.359+0000] {dagbag.py:536} INFO - Filling up the DagBag from /home/airflow/.local/lib/python3.8/site-packages/airflow/example_dags/example_sensors.py
[2023-11-05T03:03:42.376+0000] {processor.py:839} INFO - DAG(s) dict_keys(['example_sensors']) retrieved from /home/airflow/.local/lib/python3.8/site-packages/airflow/example_dags/example_sensors.py
[2023-11-05T03:03:42.427+0000] {logging_mixin.py:151} INFO - [2023-11-05T03:03:42.427+0000] {dag.py:2941} INFO - Sync 1 DAGs
[2023-11-05T03:03:42.450+0000] {logging_mixin.py:151} INFO - [2023-11-05T03:03:42.450+0000] {dag.py:3722} INFO - Setting next_dagrun for example_sensors to None, run_after=None
[2023-11-05T03:03:42.479+0000] {processor.py:179} INFO - Processing /home/airflow/.local/lib/python3.8/site-packages/airflow/example_dags/example_sensors.py took 0.129 seconds
[2023-11-05T03:04:13.121+0000] {processor.py:157} INFO - Started process (PID=712) to work on /home/airflow/.local/lib/python3.8/site-packages/airflow/example_dags/example_sensors.py
[2023-11-05T03:04:13.122+0000] {processor.py:829} INFO - Processing file /home/airflow/.local/lib/python3.8/site-packages/airflow/example_dags/example_sensors.py for tasks to queue
[2023-11-05T03:04:13.124+0000] {logging_mixin.py:151} INFO - [2023-11-05T03:04:13.124+0000] {dagbag.py:536} INFO - Filling up the DagBag from /home/airflow/.local/lib/python3.8/site-packages/airflow/example_dags/example_sensors.py
[2023-11-05T03:04:13.133+0000] {processor.py:839} INFO - DAG(s) dict_keys(['example_sensors']) retrieved from /home/airflow/.local/lib/python3.8/site-packages/airflow/example_dags/example_sensors.py
[2023-11-05T03:04:13.160+0000] {logging_mixin.py:151} INFO - [2023-11-05T03:04:13.160+0000] {dag.py:2941} INFO - Sync 1 DAGs
[2023-11-05T03:04:13.175+0000] {logging_mixin.py:151} INFO - [2023-11-05T03:04:13.175+0000] {dag.py:3722} INFO - Setting next_dagrun for example_sensors to None, run_after=None
[2023-11-05T03:04:13.197+0000] {processor.py:179} INFO - Processing /home/airflow/.local/lib/python3.8/site-packages/airflow/example_dags/example_sensors.py took 0.078 seconds
[2023-11-05T03:04:44.185+0000] {processor.py:157} INFO - Started process (PID=768) to work on /home/airflow/.local/lib/python3.8/site-packages/airflow/example_dags/example_sensors.py
[2023-11-05T03:04:44.186+0000] {processor.py:829} INFO - Processing file /home/airflow/.local/lib/python3.8/site-packages/airflow/example_dags/example_sensors.py for tasks to queue
[2023-11-05T03:04:44.188+0000] {logging_mixin.py:151} INFO - [2023-11-05T03:04:44.188+0000] {dagbag.py:536} INFO - Filling up the DagBag from /home/airflow/.local/lib/python3.8/site-packages/airflow/example_dags/example_sensors.py
[2023-11-05T03:04:44.199+0000] {processor.py:839} INFO - DAG(s) dict_keys(['example_sensors']) retrieved from /home/airflow/.local/lib/python3.8/site-packages/airflow/example_dags/example_sensors.py
[2023-11-05T03:04:44.230+0000] {logging_mixin.py:151} INFO - [2023-11-05T03:04:44.229+0000] {dag.py:2941} INFO - Sync 1 DAGs
[2023-11-05T03:04:44.241+0000] {logging_mixin.py:151} INFO - [2023-11-05T03:04:44.241+0000] {dag.py:3722} INFO - Setting next_dagrun for example_sensors to None, run_after=None
[2023-11-05T03:04:44.260+0000] {processor.py:179} INFO - Processing /home/airflow/.local/lib/python3.8/site-packages/airflow/example_dags/example_sensors.py took 0.078 seconds
[2023-11-05T03:05:14.826+0000] {processor.py:157} INFO - Started process (PID=822) to work on /home/airflow/.local/lib/python3.8/site-packages/airflow/example_dags/example_sensors.py
[2023-11-05T03:05:14.827+0000] {processor.py:829} INFO - Processing file /home/airflow/.local/lib/python3.8/site-packages/airflow/example_dags/example_sensors.py for tasks to queue
[2023-11-05T03:05:14.828+0000] {logging_mixin.py:151} INFO - [2023-11-05T03:05:14.828+0000] {dagbag.py:536} INFO - Filling up the DagBag from /home/airflow/.local/lib/python3.8/site-packages/airflow/example_dags/example_sensors.py
[2023-11-05T03:05:14.836+0000] {processor.py:839} INFO - DAG(s) dict_keys(['example_sensors']) retrieved from /home/airflow/.local/lib/python3.8/site-packages/airflow/example_dags/example_sensors.py
[2023-11-05T03:05:14.863+0000] {logging_mixin.py:151} INFO - [2023-11-05T03:05:14.863+0000] {dag.py:2941} INFO - Sync 1 DAGs
[2023-11-05T03:05:14.877+0000] {logging_mixin.py:151} INFO - [2023-11-05T03:05:14.876+0000] {dag.py:3722} INFO - Setting next_dagrun for example_sensors to None, run_after=None
[2023-11-05T03:05:14.898+0000] {processor.py:179} INFO - Processing /home/airflow/.local/lib/python3.8/site-packages/airflow/example_dags/example_sensors.py took 0.076 seconds
[2023-11-05T03:05:45.624+0000] {processor.py:157} INFO - Started process (PID=876) to work on /home/airflow/.local/lib/python3.8/site-packages/airflow/example_dags/example_sensors.py
[2023-11-05T03:05:45.625+0000] {processor.py:829} INFO - Processing file /home/airflow/.local/lib/python3.8/site-packages/airflow/example_dags/example_sensors.py for tasks to queue
[2023-11-05T03:05:45.628+0000] {logging_mixin.py:151} INFO - [2023-11-05T03:05:45.627+0000] {dagbag.py:536} INFO - Filling up the DagBag from /home/airflow/.local/lib/python3.8/site-packages/airflow/example_dags/example_sensors.py
[2023-11-05T03:05:45.638+0000] {processor.py:839} INFO - DAG(s) dict_keys(['example_sensors']) retrieved from /home/airflow/.local/lib/python3.8/site-packages/airflow/example_dags/example_sensors.py
[2023-11-05T03:05:45.662+0000] {logging_mixin.py:151} INFO - [2023-11-05T03:05:45.661+0000] {dag.py:2941} INFO - Sync 1 DAGs
[2023-11-05T03:05:45.678+0000] {logging_mixin.py:151} INFO - [2023-11-05T03:05:45.678+0000] {dag.py:3722} INFO - Setting next_dagrun for example_sensors to None, run_after=None
[2023-11-05T03:05:45.698+0000] {processor.py:179} INFO - Processing /home/airflow/.local/lib/python3.8/site-packages/airflow/example_dags/example_sensors.py took 0.078 seconds
[2023-11-05T03:06:16.307+0000] {processor.py:157} INFO - Started process (PID=930) to work on /home/airflow/.local/lib/python3.8/site-packages/airflow/example_dags/example_sensors.py
[2023-11-05T03:06:16.308+0000] {processor.py:829} INFO - Processing file /home/airflow/.local/lib/python3.8/site-packages/airflow/example_dags/example_sensors.py for tasks to queue
[2023-11-05T03:06:16.310+0000] {logging_mixin.py:151} INFO - [2023-11-05T03:06:16.310+0000] {dagbag.py:536} INFO - Filling up the DagBag from /home/airflow/.local/lib/python3.8/site-packages/airflow/example_dags/example_sensors.py
[2023-11-05T03:06:16.319+0000] {processor.py:839} INFO - DAG(s) dict_keys(['example_sensors']) retrieved from /home/airflow/.local/lib/python3.8/site-packages/airflow/example_dags/example_sensors.py
[2023-11-05T03:06:16.352+0000] {logging_mixin.py:151} INFO - [2023-11-05T03:06:16.352+0000] {dag.py:2941} INFO - Sync 1 DAGs
[2023-11-05T03:06:16.365+0000] {logging_mixin.py:151} INFO - [2023-11-05T03:06:16.365+0000] {dag.py:3722} INFO - Setting next_dagrun for example_sensors to None, run_after=None
[2023-11-05T03:06:16.384+0000] {processor.py:179} INFO - Processing /home/airflow/.local/lib/python3.8/site-packages/airflow/example_dags/example_sensors.py took 0.080 seconds
[2023-11-05T03:06:47.340+0000] {processor.py:157} INFO - Started process (PID=984) to work on /home/airflow/.local/lib/python3.8/site-packages/airflow/example_dags/example_sensors.py
[2023-11-05T03:06:47.341+0000] {processor.py:829} INFO - Processing file /home/airflow/.local/lib/python3.8/site-packages/airflow/example_dags/example_sensors.py for tasks to queue
[2023-11-05T03:06:47.342+0000] {logging_mixin.py:151} INFO - [2023-11-05T03:06:47.342+0000] {dagbag.py:536} INFO - Filling up the DagBag from /home/airflow/.local/lib/python3.8/site-packages/airflow/example_dags/example_sensors.py
[2023-11-05T03:06:47.351+0000] {processor.py:839} INFO - DAG(s) dict_keys(['example_sensors']) retrieved from /home/airflow/.local/lib/python3.8/site-packages/airflow/example_dags/example_sensors.py
[2023-11-05T03:06:47.379+0000] {logging_mixin.py:151} INFO - [2023-11-05T03:06:47.379+0000] {dag.py:2941} INFO - Sync 1 DAGs
[2023-11-05T03:06:47.391+0000] {logging_mixin.py:151} INFO - [2023-11-05T03:06:47.391+0000] {dag.py:3722} INFO - Setting next_dagrun for example_sensors to None, run_after=None
[2023-11-05T03:06:47.410+0000] {processor.py:179} INFO - Processing /home/airflow/.local/lib/python3.8/site-packages/airflow/example_dags/example_sensors.py took 0.073 seconds
[2023-11-05T03:07:17.818+0000] {processor.py:157} INFO - Started process (PID=1038) to work on /home/airflow/.local/lib/python3.8/site-packages/airflow/example_dags/example_sensors.py
[2023-11-05T03:07:17.820+0000] {processor.py:829} INFO - Processing file /home/airflow/.local/lib/python3.8/site-packages/airflow/example_dags/example_sensors.py for tasks to queue
[2023-11-05T03:07:17.823+0000] {logging_mixin.py:151} INFO - [2023-11-05T03:07:17.822+0000] {dagbag.py:536} INFO - Filling up the DagBag from /home/airflow/.local/lib/python3.8/site-packages/airflow/example_dags/example_sensors.py
[2023-11-05T03:07:17.834+0000] {processor.py:839} INFO - DAG(s) dict_keys(['example_sensors']) retrieved from /home/airflow/.local/lib/python3.8/site-packages/airflow/example_dags/example_sensors.py
[2023-11-05T03:07:17.873+0000] {logging_mixin.py:151} INFO - [2023-11-05T03:07:17.873+0000] {dag.py:2941} INFO - Sync 1 DAGs
[2023-11-05T03:07:17.891+0000] {logging_mixin.py:151} INFO - [2023-11-05T03:07:17.890+0000] {dag.py:3722} INFO - Setting next_dagrun for example_sensors to None, run_after=None
[2023-11-05T03:07:18.132+0000] {processor.py:179} INFO - Processing /home/airflow/.local/lib/python3.8/site-packages/airflow/example_dags/example_sensors.py took 0.318 seconds
[2023-11-05T03:07:49.008+0000] {processor.py:157} INFO - Started process (PID=1099) to work on /home/airflow/.local/lib/python3.8/site-packages/airflow/example_dags/example_sensors.py
[2023-11-05T03:07:49.009+0000] {processor.py:829} INFO - Processing file /home/airflow/.local/lib/python3.8/site-packages/airflow/example_dags/example_sensors.py for tasks to queue
[2023-11-05T03:07:49.013+0000] {logging_mixin.py:151} INFO - [2023-11-05T03:07:49.012+0000] {dagbag.py:536} INFO - Filling up the DagBag from /home/airflow/.local/lib/python3.8/site-packages/airflow/example_dags/example_sensors.py
[2023-11-05T03:07:49.034+0000] {processor.py:839} INFO - DAG(s) dict_keys(['example_sensors']) retrieved from /home/airflow/.local/lib/python3.8/site-packages/airflow/example_dags/example_sensors.py
[2023-11-05T03:07:49.089+0000] {logging_mixin.py:151} INFO - [2023-11-05T03:07:49.089+0000] {dag.py:2941} INFO - Sync 1 DAGs
[2023-11-05T03:07:49.119+0000] {logging_mixin.py:151} INFO - [2023-11-05T03:07:49.119+0000] {dag.py:3722} INFO - Setting next_dagrun for example_sensors to None, run_after=None
[2023-11-05T03:07:49.158+0000] {processor.py:179} INFO - Processing /home/airflow/.local/lib/python3.8/site-packages/airflow/example_dags/example_sensors.py took 0.157 seconds
