[2023-11-05T02:58:02.661+0000] {processor.py:157} INFO - Started process (PID=42) to work on /home/airflow/.local/lib/python3.8/site-packages/airflow/example_dags/example_sla_dag.py
[2023-11-05T02:58:02.662+0000] {processor.py:829} INFO - Processing file /home/airflow/.local/lib/python3.8/site-packages/airflow/example_dags/example_sla_dag.py for tasks to queue
[2023-11-05T02:58:02.664+0000] {logging_mixin.py:151} INFO - [2023-11-05T02:58:02.664+0000] {dagbag.py:536} INFO - Filling up the DagBag from /home/airflow/.local/lib/python3.8/site-packages/airflow/example_dags/example_sla_dag.py
[2023-11-05T02:58:02.677+0000] {processor.py:839} INFO - DAG(s) dict_keys(['example_sla_dag']) retrieved from /home/airflow/.local/lib/python3.8/site-packages/airflow/example_dags/example_sla_dag.py
[2023-11-05T02:58:02.709+0000] {logging_mixin.py:151} INFO - [2023-11-05T02:58:02.708+0000] {dag.py:2941} INFO - Sync 1 DAGs
[2023-11-05T02:58:02.742+0000] {logging_mixin.py:151} INFO - [2023-11-05T02:58:02.742+0000] {dag.py:3722} INFO - Setting next_dagrun for example_sla_dag to 2023-11-05T02:56:00+00:00, run_after=2023-11-05T02:58:00+00:00
[2023-11-05T02:58:02.769+0000] {processor.py:179} INFO - Processing /home/airflow/.local/lib/python3.8/site-packages/airflow/example_dags/example_sla_dag.py took 0.111 seconds
[2023-11-05T02:58:33.120+0000] {processor.py:157} INFO - Started process (PID=96) to work on /home/airflow/.local/lib/python3.8/site-packages/airflow/example_dags/example_sla_dag.py
[2023-11-05T02:58:33.121+0000] {processor.py:829} INFO - Processing file /home/airflow/.local/lib/python3.8/site-packages/airflow/example_dags/example_sla_dag.py for tasks to queue
[2023-11-05T02:58:33.124+0000] {logging_mixin.py:151} INFO - [2023-11-05T02:58:33.123+0000] {dagbag.py:536} INFO - Filling up the DagBag from /home/airflow/.local/lib/python3.8/site-packages/airflow/example_dags/example_sla_dag.py
[2023-11-05T02:58:33.131+0000] {processor.py:839} INFO - DAG(s) dict_keys(['example_sla_dag']) retrieved from /home/airflow/.local/lib/python3.8/site-packages/airflow/example_dags/example_sla_dag.py
[2023-11-05T02:58:33.153+0000] {logging_mixin.py:151} INFO - [2023-11-05T02:58:33.153+0000] {dag.py:2941} INFO - Sync 1 DAGs
[2023-11-05T02:58:33.179+0000] {logging_mixin.py:151} INFO - [2023-11-05T02:58:33.179+0000] {dag.py:3722} INFO - Setting next_dagrun for example_sla_dag to 2023-11-05T02:56:00+00:00, run_after=2023-11-05T02:58:00+00:00
[2023-11-05T02:58:33.198+0000] {processor.py:179} INFO - Processing /home/airflow/.local/lib/python3.8/site-packages/airflow/example_dags/example_sla_dag.py took 0.082 seconds
[2023-11-05T02:59:03.616+0000] {processor.py:157} INFO - Started process (PID=151) to work on /home/airflow/.local/lib/python3.8/site-packages/airflow/example_dags/example_sla_dag.py
[2023-11-05T02:59:03.618+0000] {processor.py:829} INFO - Processing file /home/airflow/.local/lib/python3.8/site-packages/airflow/example_dags/example_sla_dag.py for tasks to queue
[2023-11-05T02:59:03.623+0000] {logging_mixin.py:151} INFO - [2023-11-05T02:59:03.623+0000] {dagbag.py:536} INFO - Filling up the DagBag from /home/airflow/.local/lib/python3.8/site-packages/airflow/example_dags/example_sla_dag.py
[2023-11-05T02:59:03.641+0000] {processor.py:839} INFO - DAG(s) dict_keys(['example_sla_dag']) retrieved from /home/airflow/.local/lib/python3.8/site-packages/airflow/example_dags/example_sla_dag.py
[2023-11-05T02:59:03.683+0000] {logging_mixin.py:151} INFO - [2023-11-05T02:59:03.683+0000] {dag.py:2941} INFO - Sync 1 DAGs
[2023-11-05T02:59:03.723+0000] {logging_mixin.py:151} INFO - [2023-11-05T02:59:03.722+0000] {dag.py:3722} INFO - Setting next_dagrun for example_sla_dag to 2023-11-05T02:56:00+00:00, run_after=2023-11-05T02:58:00+00:00
[2023-11-05T02:59:03.744+0000] {processor.py:179} INFO - Processing /home/airflow/.local/lib/python3.8/site-packages/airflow/example_dags/example_sla_dag.py took 0.135 seconds
[2023-11-05T02:59:34.495+0000] {processor.py:157} INFO - Started process (PID=205) to work on /home/airflow/.local/lib/python3.8/site-packages/airflow/example_dags/example_sla_dag.py
[2023-11-05T02:59:34.497+0000] {processor.py:829} INFO - Processing file /home/airflow/.local/lib/python3.8/site-packages/airflow/example_dags/example_sla_dag.py for tasks to queue
[2023-11-05T02:59:34.501+0000] {logging_mixin.py:151} INFO - [2023-11-05T02:59:34.500+0000] {dagbag.py:536} INFO - Filling up the DagBag from /home/airflow/.local/lib/python3.8/site-packages/airflow/example_dags/example_sla_dag.py
[2023-11-05T02:59:34.520+0000] {processor.py:839} INFO - DAG(s) dict_keys(['example_sla_dag']) retrieved from /home/airflow/.local/lib/python3.8/site-packages/airflow/example_dags/example_sla_dag.py
[2023-11-05T02:59:34.568+0000] {logging_mixin.py:151} INFO - [2023-11-05T02:59:34.568+0000] {dag.py:2941} INFO - Sync 1 DAGs
[2023-11-05T02:59:34.604+0000] {logging_mixin.py:151} INFO - [2023-11-05T02:59:34.603+0000] {dag.py:3722} INFO - Setting next_dagrun for example_sla_dag to 2023-11-05T02:56:00+00:00, run_after=2023-11-05T02:58:00+00:00
[2023-11-05T02:59:34.631+0000] {processor.py:179} INFO - Processing /home/airflow/.local/lib/python3.8/site-packages/airflow/example_dags/example_sla_dag.py took 0.142 seconds
[2023-11-05T03:00:05.364+0000] {processor.py:157} INFO - Started process (PID=259) to work on /home/airflow/.local/lib/python3.8/site-packages/airflow/example_dags/example_sla_dag.py
[2023-11-05T03:00:05.365+0000] {processor.py:829} INFO - Processing file /home/airflow/.local/lib/python3.8/site-packages/airflow/example_dags/example_sla_dag.py for tasks to queue
[2023-11-05T03:00:05.367+0000] {logging_mixin.py:151} INFO - [2023-11-05T03:00:05.367+0000] {dagbag.py:536} INFO - Filling up the DagBag from /home/airflow/.local/lib/python3.8/site-packages/airflow/example_dags/example_sla_dag.py
[2023-11-05T03:00:05.375+0000] {processor.py:839} INFO - DAG(s) dict_keys(['example_sla_dag']) retrieved from /home/airflow/.local/lib/python3.8/site-packages/airflow/example_dags/example_sla_dag.py
[2023-11-05T03:00:05.399+0000] {logging_mixin.py:151} INFO - [2023-11-05T03:00:05.398+0000] {dag.py:2941} INFO - Sync 1 DAGs
[2023-11-05T03:00:05.442+0000] {logging_mixin.py:151} INFO - [2023-11-05T03:00:05.441+0000] {dag.py:3722} INFO - Setting next_dagrun for example_sla_dag to 2023-11-05T02:58:00+00:00, run_after=2023-11-05T03:00:00+00:00
[2023-11-05T03:00:05.463+0000] {processor.py:179} INFO - Processing /home/airflow/.local/lib/python3.8/site-packages/airflow/example_dags/example_sla_dag.py took 0.103 seconds
[2023-11-05T03:00:36.616+0000] {processor.py:157} INFO - Started process (PID=312) to work on /home/airflow/.local/lib/python3.8/site-packages/airflow/example_dags/example_sla_dag.py
[2023-11-05T03:00:36.617+0000] {processor.py:829} INFO - Processing file /home/airflow/.local/lib/python3.8/site-packages/airflow/example_dags/example_sla_dag.py for tasks to queue
[2023-11-05T03:00:36.621+0000] {logging_mixin.py:151} INFO - [2023-11-05T03:00:36.620+0000] {dagbag.py:536} INFO - Filling up the DagBag from /home/airflow/.local/lib/python3.8/site-packages/airflow/example_dags/example_sla_dag.py
[2023-11-05T03:00:36.638+0000] {processor.py:839} INFO - DAG(s) dict_keys(['example_sla_dag']) retrieved from /home/airflow/.local/lib/python3.8/site-packages/airflow/example_dags/example_sla_dag.py
[2023-11-05T03:00:36.676+0000] {logging_mixin.py:151} INFO - [2023-11-05T03:00:36.675+0000] {dag.py:2941} INFO - Sync 1 DAGs
[2023-11-05T03:00:36.710+0000] {logging_mixin.py:151} INFO - [2023-11-05T03:00:36.710+0000] {dag.py:3722} INFO - Setting next_dagrun for example_sla_dag to 2023-11-05T02:58:00+00:00, run_after=2023-11-05T03:00:00+00:00
[2023-11-05T03:00:36.728+0000] {processor.py:179} INFO - Processing /home/airflow/.local/lib/python3.8/site-packages/airflow/example_dags/example_sla_dag.py took 0.117 seconds
[2023-11-05T03:01:06.804+0000] {processor.py:157} INFO - Started process (PID=367) to work on /home/airflow/.local/lib/python3.8/site-packages/airflow/example_dags/example_sla_dag.py
[2023-11-05T03:01:06.806+0000] {processor.py:829} INFO - Processing file /home/airflow/.local/lib/python3.8/site-packages/airflow/example_dags/example_sla_dag.py for tasks to queue
[2023-11-05T03:01:06.810+0000] {logging_mixin.py:151} INFO - [2023-11-05T03:01:06.810+0000] {dagbag.py:536} INFO - Filling up the DagBag from /home/airflow/.local/lib/python3.8/site-packages/airflow/example_dags/example_sla_dag.py
[2023-11-05T03:01:06.822+0000] {processor.py:839} INFO - DAG(s) dict_keys(['example_sla_dag']) retrieved from /home/airflow/.local/lib/python3.8/site-packages/airflow/example_dags/example_sla_dag.py
[2023-11-05T03:01:06.862+0000] {logging_mixin.py:151} INFO - [2023-11-05T03:01:06.861+0000] {dag.py:2941} INFO - Sync 1 DAGs
[2023-11-05T03:01:06.924+0000] {logging_mixin.py:151} INFO - [2023-11-05T03:01:06.923+0000] {dag.py:3722} INFO - Setting next_dagrun for example_sla_dag to 2023-11-05T02:58:00+00:00, run_after=2023-11-05T03:00:00+00:00
[2023-11-05T03:01:06.961+0000] {processor.py:179} INFO - Processing /home/airflow/.local/lib/python3.8/site-packages/airflow/example_dags/example_sla_dag.py took 0.163 seconds
[2023-11-05T03:01:37.238+0000] {processor.py:157} INFO - Started process (PID=420) to work on /home/airflow/.local/lib/python3.8/site-packages/airflow/example_dags/example_sla_dag.py
[2023-11-05T03:01:37.239+0000] {processor.py:829} INFO - Processing file /home/airflow/.local/lib/python3.8/site-packages/airflow/example_dags/example_sla_dag.py for tasks to queue
[2023-11-05T03:01:37.243+0000] {logging_mixin.py:151} INFO - [2023-11-05T03:01:37.242+0000] {dagbag.py:536} INFO - Filling up the DagBag from /home/airflow/.local/lib/python3.8/site-packages/airflow/example_dags/example_sla_dag.py
[2023-11-05T03:01:37.260+0000] {processor.py:839} INFO - DAG(s) dict_keys(['example_sla_dag']) retrieved from /home/airflow/.local/lib/python3.8/site-packages/airflow/example_dags/example_sla_dag.py
[2023-11-05T03:01:37.297+0000] {logging_mixin.py:151} INFO - [2023-11-05T03:01:37.297+0000] {dag.py:2941} INFO - Sync 1 DAGs
[2023-11-05T03:01:37.342+0000] {logging_mixin.py:151} INFO - [2023-11-05T03:01:37.342+0000] {dag.py:3722} INFO - Setting next_dagrun for example_sla_dag to 2023-11-05T02:58:00+00:00, run_after=2023-11-05T03:00:00+00:00
[2023-11-05T03:01:37.363+0000] {processor.py:179} INFO - Processing /home/airflow/.local/lib/python3.8/site-packages/airflow/example_dags/example_sla_dag.py took 0.132 seconds
[2023-11-05T03:02:07.390+0000] {processor.py:157} INFO - Started process (PID=474) to work on /home/airflow/.local/lib/python3.8/site-packages/airflow/example_dags/example_sla_dag.py
[2023-11-05T03:02:07.390+0000] {processor.py:829} INFO - Processing file /home/airflow/.local/lib/python3.8/site-packages/airflow/example_dags/example_sla_dag.py for tasks to queue
[2023-11-05T03:02:07.392+0000] {logging_mixin.py:151} INFO - [2023-11-05T03:02:07.392+0000] {dagbag.py:536} INFO - Filling up the DagBag from /home/airflow/.local/lib/python3.8/site-packages/airflow/example_dags/example_sla_dag.py
[2023-11-05T03:02:07.399+0000] {processor.py:839} INFO - DAG(s) dict_keys(['example_sla_dag']) retrieved from /home/airflow/.local/lib/python3.8/site-packages/airflow/example_dags/example_sla_dag.py
[2023-11-05T03:02:07.418+0000] {logging_mixin.py:151} INFO - [2023-11-05T03:02:07.418+0000] {dag.py:2941} INFO - Sync 1 DAGs
[2023-11-05T03:02:07.443+0000] {logging_mixin.py:151} INFO - [2023-11-05T03:02:07.443+0000] {dag.py:3722} INFO - Setting next_dagrun for example_sla_dag to 2023-11-05T03:00:00+00:00, run_after=2023-11-05T03:02:00+00:00
[2023-11-05T03:02:07.460+0000] {processor.py:179} INFO - Processing /home/airflow/.local/lib/python3.8/site-packages/airflow/example_dags/example_sla_dag.py took 0.073 seconds
[2023-11-05T03:02:37.551+0000] {processor.py:157} INFO - Started process (PID=527) to work on /home/airflow/.local/lib/python3.8/site-packages/airflow/example_dags/example_sla_dag.py
[2023-11-05T03:02:37.552+0000] {processor.py:829} INFO - Processing file /home/airflow/.local/lib/python3.8/site-packages/airflow/example_dags/example_sla_dag.py for tasks to queue
[2023-11-05T03:02:37.556+0000] {logging_mixin.py:151} INFO - [2023-11-05T03:02:37.555+0000] {dagbag.py:536} INFO - Filling up the DagBag from /home/airflow/.local/lib/python3.8/site-packages/airflow/example_dags/example_sla_dag.py
[2023-11-05T03:02:37.567+0000] {processor.py:839} INFO - DAG(s) dict_keys(['example_sla_dag']) retrieved from /home/airflow/.local/lib/python3.8/site-packages/airflow/example_dags/example_sla_dag.py
[2023-11-05T03:02:37.588+0000] {logging_mixin.py:151} INFO - [2023-11-05T03:02:37.587+0000] {dag.py:2941} INFO - Sync 1 DAGs
[2023-11-05T03:02:37.626+0000] {logging_mixin.py:151} INFO - [2023-11-05T03:02:37.625+0000] {dag.py:3722} INFO - Setting next_dagrun for example_sla_dag to 2023-11-05T03:00:00+00:00, run_after=2023-11-05T03:02:00+00:00
[2023-11-05T03:02:37.647+0000] {processor.py:179} INFO - Processing /home/airflow/.local/lib/python3.8/site-packages/airflow/example_dags/example_sla_dag.py took 0.101 seconds
[2023-11-05T03:03:08.155+0000] {processor.py:157} INFO - Started process (PID=581) to work on /home/airflow/.local/lib/python3.8/site-packages/airflow/example_dags/example_sla_dag.py
[2023-11-05T03:03:08.157+0000] {processor.py:829} INFO - Processing file /home/airflow/.local/lib/python3.8/site-packages/airflow/example_dags/example_sla_dag.py for tasks to queue
[2023-11-05T03:03:08.160+0000] {logging_mixin.py:151} INFO - [2023-11-05T03:03:08.160+0000] {dagbag.py:536} INFO - Filling up the DagBag from /home/airflow/.local/lib/python3.8/site-packages/airflow/example_dags/example_sla_dag.py
[2023-11-05T03:03:08.169+0000] {processor.py:839} INFO - DAG(s) dict_keys(['example_sla_dag']) retrieved from /home/airflow/.local/lib/python3.8/site-packages/airflow/example_dags/example_sla_dag.py
[2023-11-05T03:03:08.193+0000] {logging_mixin.py:151} INFO - [2023-11-05T03:03:08.193+0000] {dag.py:2941} INFO - Sync 1 DAGs
[2023-11-05T03:03:08.222+0000] {logging_mixin.py:151} INFO - [2023-11-05T03:03:08.221+0000] {dag.py:3722} INFO - Setting next_dagrun for example_sla_dag to 2023-11-05T03:00:00+00:00, run_after=2023-11-05T03:02:00+00:00
[2023-11-05T03:03:08.244+0000] {processor.py:179} INFO - Processing /home/airflow/.local/lib/python3.8/site-packages/airflow/example_dags/example_sla_dag.py took 0.092 seconds
[2023-11-05T03:03:38.282+0000] {processor.py:157} INFO - Started process (PID=635) to work on /home/airflow/.local/lib/python3.8/site-packages/airflow/example_dags/example_sla_dag.py
[2023-11-05T03:03:38.283+0000] {processor.py:829} INFO - Processing file /home/airflow/.local/lib/python3.8/site-packages/airflow/example_dags/example_sla_dag.py for tasks to queue
[2023-11-05T03:03:38.285+0000] {logging_mixin.py:151} INFO - [2023-11-05T03:03:38.284+0000] {dagbag.py:536} INFO - Filling up the DagBag from /home/airflow/.local/lib/python3.8/site-packages/airflow/example_dags/example_sla_dag.py
[2023-11-05T03:03:38.296+0000] {processor.py:839} INFO - DAG(s) dict_keys(['example_sla_dag']) retrieved from /home/airflow/.local/lib/python3.8/site-packages/airflow/example_dags/example_sla_dag.py
[2023-11-05T03:03:38.321+0000] {logging_mixin.py:151} INFO - [2023-11-05T03:03:38.321+0000] {dag.py:2941} INFO - Sync 1 DAGs
[2023-11-05T03:03:38.352+0000] {logging_mixin.py:151} INFO - [2023-11-05T03:03:38.352+0000] {dag.py:3722} INFO - Setting next_dagrun for example_sla_dag to 2023-11-05T03:00:00+00:00, run_after=2023-11-05T03:02:00+00:00
[2023-11-05T03:03:38.378+0000] {processor.py:179} INFO - Processing /home/airflow/.local/lib/python3.8/site-packages/airflow/example_dags/example_sla_dag.py took 0.098 seconds
[2023-11-05T03:04:08.996+0000] {processor.py:157} INFO - Started process (PID=689) to work on /home/airflow/.local/lib/python3.8/site-packages/airflow/example_dags/example_sla_dag.py
[2023-11-05T03:04:08.997+0000] {processor.py:829} INFO - Processing file /home/airflow/.local/lib/python3.8/site-packages/airflow/example_dags/example_sla_dag.py for tasks to queue
[2023-11-05T03:04:08.999+0000] {logging_mixin.py:151} INFO - [2023-11-05T03:04:08.999+0000] {dagbag.py:536} INFO - Filling up the DagBag from /home/airflow/.local/lib/python3.8/site-packages/airflow/example_dags/example_sla_dag.py
[2023-11-05T03:04:09.011+0000] {processor.py:839} INFO - DAG(s) dict_keys(['example_sla_dag']) retrieved from /home/airflow/.local/lib/python3.8/site-packages/airflow/example_dags/example_sla_dag.py
[2023-11-05T03:04:09.032+0000] {logging_mixin.py:151} INFO - [2023-11-05T03:04:09.032+0000] {dag.py:2941} INFO - Sync 1 DAGs
[2023-11-05T03:04:09.062+0000] {logging_mixin.py:151} INFO - [2023-11-05T03:04:09.061+0000] {dag.py:3722} INFO - Setting next_dagrun for example_sla_dag to 2023-11-05T03:02:00+00:00, run_after=2023-11-05T03:04:00+00:00
[2023-11-05T03:04:09.088+0000] {processor.py:179} INFO - Processing /home/airflow/.local/lib/python3.8/site-packages/airflow/example_dags/example_sla_dag.py took 0.097 seconds
[2023-11-05T03:04:39.355+0000] {processor.py:157} INFO - Started process (PID=744) to work on /home/airflow/.local/lib/python3.8/site-packages/airflow/example_dags/example_sla_dag.py
[2023-11-05T03:04:39.355+0000] {processor.py:829} INFO - Processing file /home/airflow/.local/lib/python3.8/site-packages/airflow/example_dags/example_sla_dag.py for tasks to queue
[2023-11-05T03:04:39.358+0000] {logging_mixin.py:151} INFO - [2023-11-05T03:04:39.357+0000] {dagbag.py:536} INFO - Filling up the DagBag from /home/airflow/.local/lib/python3.8/site-packages/airflow/example_dags/example_sla_dag.py
[2023-11-05T03:04:39.368+0000] {processor.py:839} INFO - DAG(s) dict_keys(['example_sla_dag']) retrieved from /home/airflow/.local/lib/python3.8/site-packages/airflow/example_dags/example_sla_dag.py
[2023-11-05T03:04:39.388+0000] {logging_mixin.py:151} INFO - [2023-11-05T03:04:39.387+0000] {dag.py:2941} INFO - Sync 1 DAGs
[2023-11-05T03:04:39.410+0000] {logging_mixin.py:151} INFO - [2023-11-05T03:04:39.410+0000] {dag.py:3722} INFO - Setting next_dagrun for example_sla_dag to 2023-11-05T03:02:00+00:00, run_after=2023-11-05T03:04:00+00:00
[2023-11-05T03:04:39.430+0000] {processor.py:179} INFO - Processing /home/airflow/.local/lib/python3.8/site-packages/airflow/example_dags/example_sla_dag.py took 0.078 seconds
[2023-11-05T03:05:09.613+0000] {processor.py:157} INFO - Started process (PID=798) to work on /home/airflow/.local/lib/python3.8/site-packages/airflow/example_dags/example_sla_dag.py
[2023-11-05T03:05:09.614+0000] {processor.py:829} INFO - Processing file /home/airflow/.local/lib/python3.8/site-packages/airflow/example_dags/example_sla_dag.py for tasks to queue
[2023-11-05T03:05:09.617+0000] {logging_mixin.py:151} INFO - [2023-11-05T03:05:09.616+0000] {dagbag.py:536} INFO - Filling up the DagBag from /home/airflow/.local/lib/python3.8/site-packages/airflow/example_dags/example_sla_dag.py
[2023-11-05T03:05:09.627+0000] {processor.py:839} INFO - DAG(s) dict_keys(['example_sla_dag']) retrieved from /home/airflow/.local/lib/python3.8/site-packages/airflow/example_dags/example_sla_dag.py
[2023-11-05T03:05:09.655+0000] {logging_mixin.py:151} INFO - [2023-11-05T03:05:09.654+0000] {dag.py:2941} INFO - Sync 1 DAGs
[2023-11-05T03:05:09.679+0000] {logging_mixin.py:151} INFO - [2023-11-05T03:05:09.679+0000] {dag.py:3722} INFO - Setting next_dagrun for example_sla_dag to 2023-11-05T03:02:00+00:00, run_after=2023-11-05T03:04:00+00:00
[2023-11-05T03:05:09.703+0000] {processor.py:179} INFO - Processing /home/airflow/.local/lib/python3.8/site-packages/airflow/example_dags/example_sla_dag.py took 0.092 seconds
[2023-11-05T03:05:39.885+0000] {processor.py:157} INFO - Started process (PID=852) to work on /home/airflow/.local/lib/python3.8/site-packages/airflow/example_dags/example_sla_dag.py
[2023-11-05T03:05:39.886+0000] {processor.py:829} INFO - Processing file /home/airflow/.local/lib/python3.8/site-packages/airflow/example_dags/example_sla_dag.py for tasks to queue
[2023-11-05T03:05:39.888+0000] {logging_mixin.py:151} INFO - [2023-11-05T03:05:39.888+0000] {dagbag.py:536} INFO - Filling up the DagBag from /home/airflow/.local/lib/python3.8/site-packages/airflow/example_dags/example_sla_dag.py
[2023-11-05T03:05:39.898+0000] {processor.py:839} INFO - DAG(s) dict_keys(['example_sla_dag']) retrieved from /home/airflow/.local/lib/python3.8/site-packages/airflow/example_dags/example_sla_dag.py
[2023-11-05T03:05:39.918+0000] {logging_mixin.py:151} INFO - [2023-11-05T03:05:39.918+0000] {dag.py:2941} INFO - Sync 1 DAGs
[2023-11-05T03:05:39.956+0000] {logging_mixin.py:151} INFO - [2023-11-05T03:05:39.955+0000] {dag.py:3722} INFO - Setting next_dagrun for example_sla_dag to 2023-11-05T03:02:00+00:00, run_after=2023-11-05T03:04:00+00:00
[2023-11-05T03:05:39.980+0000] {processor.py:179} INFO - Processing /home/airflow/.local/lib/python3.8/site-packages/airflow/example_dags/example_sla_dag.py took 0.099 seconds
[2023-11-05T03:06:10.524+0000] {processor.py:157} INFO - Started process (PID=906) to work on /home/airflow/.local/lib/python3.8/site-packages/airflow/example_dags/example_sla_dag.py
[2023-11-05T03:06:10.525+0000] {processor.py:829} INFO - Processing file /home/airflow/.local/lib/python3.8/site-packages/airflow/example_dags/example_sla_dag.py for tasks to queue
[2023-11-05T03:06:10.527+0000] {logging_mixin.py:151} INFO - [2023-11-05T03:06:10.527+0000] {dagbag.py:536} INFO - Filling up the DagBag from /home/airflow/.local/lib/python3.8/site-packages/airflow/example_dags/example_sla_dag.py
[2023-11-05T03:06:10.536+0000] {processor.py:839} INFO - DAG(s) dict_keys(['example_sla_dag']) retrieved from /home/airflow/.local/lib/python3.8/site-packages/airflow/example_dags/example_sla_dag.py
[2023-11-05T03:06:10.554+0000] {logging_mixin.py:151} INFO - [2023-11-05T03:06:10.554+0000] {dag.py:2941} INFO - Sync 1 DAGs
[2023-11-05T03:06:10.580+0000] {logging_mixin.py:151} INFO - [2023-11-05T03:06:10.580+0000] {dag.py:3722} INFO - Setting next_dagrun for example_sla_dag to 2023-11-05T03:04:00+00:00, run_after=2023-11-05T03:06:00+00:00
[2023-11-05T03:06:10.732+0000] {processor.py:179} INFO - Processing /home/airflow/.local/lib/python3.8/site-packages/airflow/example_dags/example_sla_dag.py took 0.212 seconds
[2023-11-05T03:06:41.313+0000] {processor.py:157} INFO - Started process (PID=960) to work on /home/airflow/.local/lib/python3.8/site-packages/airflow/example_dags/example_sla_dag.py
[2023-11-05T03:06:41.315+0000] {processor.py:829} INFO - Processing file /home/airflow/.local/lib/python3.8/site-packages/airflow/example_dags/example_sla_dag.py for tasks to queue
[2023-11-05T03:06:41.320+0000] {logging_mixin.py:151} INFO - [2023-11-05T03:06:41.319+0000] {dagbag.py:536} INFO - Filling up the DagBag from /home/airflow/.local/lib/python3.8/site-packages/airflow/example_dags/example_sla_dag.py
[2023-11-05T03:06:41.335+0000] {processor.py:839} INFO - DAG(s) dict_keys(['example_sla_dag']) retrieved from /home/airflow/.local/lib/python3.8/site-packages/airflow/example_dags/example_sla_dag.py
[2023-11-05T03:06:41.371+0000] {logging_mixin.py:151} INFO - [2023-11-05T03:06:41.370+0000] {dag.py:2941} INFO - Sync 1 DAGs
[2023-11-05T03:06:41.421+0000] {logging_mixin.py:151} INFO - [2023-11-05T03:06:41.421+0000] {dag.py:3722} INFO - Setting next_dagrun for example_sla_dag to 2023-11-05T03:04:00+00:00, run_after=2023-11-05T03:06:00+00:00
[2023-11-05T03:06:41.446+0000] {processor.py:179} INFO - Processing /home/airflow/.local/lib/python3.8/site-packages/airflow/example_dags/example_sla_dag.py took 0.139 seconds
[2023-11-05T03:07:11.979+0000] {processor.py:157} INFO - Started process (PID=1014) to work on /home/airflow/.local/lib/python3.8/site-packages/airflow/example_dags/example_sla_dag.py
[2023-11-05T03:07:11.980+0000] {processor.py:829} INFO - Processing file /home/airflow/.local/lib/python3.8/site-packages/airflow/example_dags/example_sla_dag.py for tasks to queue
[2023-11-05T03:07:11.983+0000] {logging_mixin.py:151} INFO - [2023-11-05T03:07:11.983+0000] {dagbag.py:536} INFO - Filling up the DagBag from /home/airflow/.local/lib/python3.8/site-packages/airflow/example_dags/example_sla_dag.py
[2023-11-05T03:07:11.993+0000] {processor.py:839} INFO - DAG(s) dict_keys(['example_sla_dag']) retrieved from /home/airflow/.local/lib/python3.8/site-packages/airflow/example_dags/example_sla_dag.py
[2023-11-05T03:07:12.023+0000] {logging_mixin.py:151} INFO - [2023-11-05T03:07:12.022+0000] {dag.py:2941} INFO - Sync 1 DAGs
[2023-11-05T03:07:12.073+0000] {logging_mixin.py:151} INFO - [2023-11-05T03:07:12.073+0000] {dag.py:3722} INFO - Setting next_dagrun for example_sla_dag to 2023-11-05T03:04:00+00:00, run_after=2023-11-05T03:06:00+00:00
[2023-11-05T03:07:12.093+0000] {processor.py:179} INFO - Processing /home/airflow/.local/lib/python3.8/site-packages/airflow/example_dags/example_sla_dag.py took 0.117 seconds
[2023-11-05T03:07:42.337+0000] {processor.py:157} INFO - Started process (PID=1068) to work on /home/airflow/.local/lib/python3.8/site-packages/airflow/example_dags/example_sla_dag.py
[2023-11-05T03:07:42.338+0000] {processor.py:829} INFO - Processing file /home/airflow/.local/lib/python3.8/site-packages/airflow/example_dags/example_sla_dag.py for tasks to queue
[2023-11-05T03:07:42.343+0000] {logging_mixin.py:151} INFO - [2023-11-05T03:07:42.342+0000] {dagbag.py:536} INFO - Filling up the DagBag from /home/airflow/.local/lib/python3.8/site-packages/airflow/example_dags/example_sla_dag.py
[2023-11-05T03:07:42.360+0000] {processor.py:839} INFO - DAG(s) dict_keys(['example_sla_dag']) retrieved from /home/airflow/.local/lib/python3.8/site-packages/airflow/example_dags/example_sla_dag.py
[2023-11-05T03:07:42.397+0000] {logging_mixin.py:151} INFO - [2023-11-05T03:07:42.397+0000] {dag.py:2941} INFO - Sync 1 DAGs
[2023-11-05T03:07:42.453+0000] {logging_mixin.py:151} INFO - [2023-11-05T03:07:42.453+0000] {dag.py:3722} INFO - Setting next_dagrun for example_sla_dag to 2023-11-05T03:04:00+00:00, run_after=2023-11-05T03:06:00+00:00
[2023-11-05T03:07:42.488+0000] {processor.py:179} INFO - Processing /home/airflow/.local/lib/python3.8/site-packages/airflow/example_dags/example_sla_dag.py took 0.158 seconds
