[2023-11-05T02:58:02.594+0000] {processor.py:157} INFO - Started process (PID=41) to work on /home/airflow/.local/lib/python3.8/site-packages/airflow/example_dags/example_task_group_decorator.py
[2023-11-05T02:58:02.595+0000] {processor.py:829} INFO - Processing file /home/airflow/.local/lib/python3.8/site-packages/airflow/example_dags/example_task_group_decorator.py for tasks to queue
[2023-11-05T02:58:02.596+0000] {logging_mixin.py:151} INFO - [2023-11-05T02:58:02.596+0000] {dagbag.py:536} INFO - Filling up the DagBag from /home/airflow/.local/lib/python3.8/site-packages/airflow/example_dags/example_task_group_decorator.py
[2023-11-05T02:58:02.613+0000] {processor.py:839} INFO - DAG(s) dict_keys(['example_task_group_decorator']) retrieved from /home/airflow/.local/lib/python3.8/site-packages/airflow/example_dags/example_task_group_decorator.py
[2023-11-05T02:58:02.626+0000] {logging_mixin.py:151} INFO - [2023-11-05T02:58:02.626+0000] {dag.py:2941} INFO - Sync 1 DAGs
[2023-11-05T02:58:02.659+0000] {logging_mixin.py:151} INFO - [2023-11-05T02:58:02.658+0000] {dag.py:3722} INFO - Setting next_dagrun for example_task_group_decorator to 2023-11-04T02:58:02.658634+00:00, run_after=2023-11-05T02:58:02.658634+00:00
[2023-11-05T02:58:02.685+0000] {processor.py:179} INFO - Processing /home/airflow/.local/lib/python3.8/site-packages/airflow/example_dags/example_task_group_decorator.py took 0.094 seconds
[2023-11-05T02:58:33.004+0000] {processor.py:157} INFO - Started process (PID=95) to work on /home/airflow/.local/lib/python3.8/site-packages/airflow/example_dags/example_task_group_decorator.py
[2023-11-05T02:58:33.006+0000] {processor.py:829} INFO - Processing file /home/airflow/.local/lib/python3.8/site-packages/airflow/example_dags/example_task_group_decorator.py for tasks to queue
[2023-11-05T02:58:33.009+0000] {logging_mixin.py:151} INFO - [2023-11-05T02:58:33.009+0000] {dagbag.py:536} INFO - Filling up the DagBag from /home/airflow/.local/lib/python3.8/site-packages/airflow/example_dags/example_task_group_decorator.py
[2023-11-05T02:58:33.024+0000] {processor.py:839} INFO - DAG(s) dict_keys(['example_task_group_decorator']) retrieved from /home/airflow/.local/lib/python3.8/site-packages/airflow/example_dags/example_task_group_decorator.py
[2023-11-05T02:58:33.051+0000] {logging_mixin.py:151} INFO - [2023-11-05T02:58:33.050+0000] {dag.py:2941} INFO - Sync 1 DAGs
[2023-11-05T02:58:33.073+0000] {logging_mixin.py:151} INFO - [2023-11-05T02:58:33.073+0000] {dag.py:3722} INFO - Setting next_dagrun for example_task_group_decorator to 2023-11-04T02:58:33.073230+00:00, run_after=2023-11-05T02:58:33.073230+00:00
[2023-11-05T02:58:33.092+0000] {processor.py:179} INFO - Processing /home/airflow/.local/lib/python3.8/site-packages/airflow/example_dags/example_task_group_decorator.py took 0.093 seconds
[2023-11-05T02:59:03.448+0000] {processor.py:157} INFO - Started process (PID=150) to work on /home/airflow/.local/lib/python3.8/site-packages/airflow/example_dags/example_task_group_decorator.py
[2023-11-05T02:59:03.449+0000] {processor.py:829} INFO - Processing file /home/airflow/.local/lib/python3.8/site-packages/airflow/example_dags/example_task_group_decorator.py for tasks to queue
[2023-11-05T02:59:03.454+0000] {logging_mixin.py:151} INFO - [2023-11-05T02:59:03.454+0000] {dagbag.py:536} INFO - Filling up the DagBag from /home/airflow/.local/lib/python3.8/site-packages/airflow/example_dags/example_task_group_decorator.py
[2023-11-05T02:59:03.489+0000] {processor.py:839} INFO - DAG(s) dict_keys(['example_task_group_decorator']) retrieved from /home/airflow/.local/lib/python3.8/site-packages/airflow/example_dags/example_task_group_decorator.py
[2023-11-05T02:59:03.546+0000] {logging_mixin.py:151} INFO - [2023-11-05T02:59:03.545+0000] {dag.py:2941} INFO - Sync 1 DAGs
[2023-11-05T02:59:03.583+0000] {logging_mixin.py:151} INFO - [2023-11-05T02:59:03.582+0000] {dag.py:3722} INFO - Setting next_dagrun for example_task_group_decorator to 2023-11-04T02:59:03.581878+00:00, run_after=2023-11-05T02:59:03.581878+00:00
[2023-11-05T02:59:03.620+0000] {processor.py:179} INFO - Processing /home/airflow/.local/lib/python3.8/site-packages/airflow/example_dags/example_task_group_decorator.py took 0.178 seconds
[2023-11-05T02:59:34.349+0000] {processor.py:157} INFO - Started process (PID=204) to work on /home/airflow/.local/lib/python3.8/site-packages/airflow/example_dags/example_task_group_decorator.py
[2023-11-05T02:59:34.351+0000] {processor.py:829} INFO - Processing file /home/airflow/.local/lib/python3.8/site-packages/airflow/example_dags/example_task_group_decorator.py for tasks to queue
[2023-11-05T02:59:34.356+0000] {logging_mixin.py:151} INFO - [2023-11-05T02:59:34.355+0000] {dagbag.py:536} INFO - Filling up the DagBag from /home/airflow/.local/lib/python3.8/site-packages/airflow/example_dags/example_task_group_decorator.py
[2023-11-05T02:59:34.389+0000] {processor.py:839} INFO - DAG(s) dict_keys(['example_task_group_decorator']) retrieved from /home/airflow/.local/lib/python3.8/site-packages/airflow/example_dags/example_task_group_decorator.py
[2023-11-05T02:59:34.444+0000] {logging_mixin.py:151} INFO - [2023-11-05T02:59:34.444+0000] {dag.py:2941} INFO - Sync 1 DAGs
[2023-11-05T02:59:34.477+0000] {logging_mixin.py:151} INFO - [2023-11-05T02:59:34.477+0000] {dag.py:3722} INFO - Setting next_dagrun for example_task_group_decorator to 2023-11-04T02:59:34.476914+00:00, run_after=2023-11-05T02:59:34.476914+00:00
[2023-11-05T02:59:34.516+0000] {processor.py:179} INFO - Processing /home/airflow/.local/lib/python3.8/site-packages/airflow/example_dags/example_task_group_decorator.py took 0.175 seconds
[2023-11-05T03:00:05.196+0000] {processor.py:157} INFO - Started process (PID=258) to work on /home/airflow/.local/lib/python3.8/site-packages/airflow/example_dags/example_task_group_decorator.py
[2023-11-05T03:00:05.197+0000] {processor.py:829} INFO - Processing file /home/airflow/.local/lib/python3.8/site-packages/airflow/example_dags/example_task_group_decorator.py for tasks to queue
[2023-11-05T03:00:05.199+0000] {logging_mixin.py:151} INFO - [2023-11-05T03:00:05.198+0000] {dagbag.py:536} INFO - Filling up the DagBag from /home/airflow/.local/lib/python3.8/site-packages/airflow/example_dags/example_task_group_decorator.py
[2023-11-05T03:00:05.217+0000] {processor.py:839} INFO - DAG(s) dict_keys(['example_task_group_decorator']) retrieved from /home/airflow/.local/lib/python3.8/site-packages/airflow/example_dags/example_task_group_decorator.py
[2023-11-05T03:00:05.259+0000] {logging_mixin.py:151} INFO - [2023-11-05T03:00:05.259+0000] {dag.py:2941} INFO - Sync 1 DAGs
[2023-11-05T03:00:05.311+0000] {logging_mixin.py:151} INFO - [2023-11-05T03:00:05.310+0000] {dag.py:3722} INFO - Setting next_dagrun for example_task_group_decorator to 2023-11-04T03:00:05.310076+00:00, run_after=2023-11-05T03:00:05.310076+00:00
[2023-11-05T03:00:05.335+0000] {processor.py:179} INFO - Processing /home/airflow/.local/lib/python3.8/site-packages/airflow/example_dags/example_task_group_decorator.py took 0.144 seconds
[2023-11-05T03:00:36.455+0000] {processor.py:157} INFO - Started process (PID=311) to work on /home/airflow/.local/lib/python3.8/site-packages/airflow/example_dags/example_task_group_decorator.py
[2023-11-05T03:00:36.457+0000] {processor.py:829} INFO - Processing file /home/airflow/.local/lib/python3.8/site-packages/airflow/example_dags/example_task_group_decorator.py for tasks to queue
[2023-11-05T03:00:36.460+0000] {logging_mixin.py:151} INFO - [2023-11-05T03:00:36.460+0000] {dagbag.py:536} INFO - Filling up the DagBag from /home/airflow/.local/lib/python3.8/site-packages/airflow/example_dags/example_task_group_decorator.py
[2023-11-05T03:00:36.491+0000] {processor.py:839} INFO - DAG(s) dict_keys(['example_task_group_decorator']) retrieved from /home/airflow/.local/lib/python3.8/site-packages/airflow/example_dags/example_task_group_decorator.py
[2023-11-05T03:00:36.531+0000] {logging_mixin.py:151} INFO - [2023-11-05T03:00:36.531+0000] {dag.py:2941} INFO - Sync 1 DAGs
[2023-11-05T03:00:36.556+0000] {logging_mixin.py:151} INFO - [2023-11-05T03:00:36.555+0000] {dag.py:3722} INFO - Setting next_dagrun for example_task_group_decorator to 2023-11-04T03:00:36.555291+00:00, run_after=2023-11-05T03:00:36.555291+00:00
[2023-11-05T03:00:36.585+0000] {processor.py:179} INFO - Processing /home/airflow/.local/lib/python3.8/site-packages/airflow/example_dags/example_task_group_decorator.py took 0.137 seconds
[2023-11-05T03:01:06.773+0000] {processor.py:157} INFO - Started process (PID=366) to work on /home/airflow/.local/lib/python3.8/site-packages/airflow/example_dags/example_task_group_decorator.py
[2023-11-05T03:01:06.775+0000] {processor.py:829} INFO - Processing file /home/airflow/.local/lib/python3.8/site-packages/airflow/example_dags/example_task_group_decorator.py for tasks to queue
[2023-11-05T03:01:06.779+0000] {logging_mixin.py:151} INFO - [2023-11-05T03:01:06.779+0000] {dagbag.py:536} INFO - Filling up the DagBag from /home/airflow/.local/lib/python3.8/site-packages/airflow/example_dags/example_task_group_decorator.py
[2023-11-05T03:01:06.811+0000] {processor.py:839} INFO - DAG(s) dict_keys(['example_task_group_decorator']) retrieved from /home/airflow/.local/lib/python3.8/site-packages/airflow/example_dags/example_task_group_decorator.py
[2023-11-05T03:01:06.857+0000] {logging_mixin.py:151} INFO - [2023-11-05T03:01:06.856+0000] {dag.py:2941} INFO - Sync 1 DAGs
[2023-11-05T03:01:06.914+0000] {logging_mixin.py:151} INFO - [2023-11-05T03:01:06.913+0000] {dag.py:3722} INFO - Setting next_dagrun for example_task_group_decorator to 2023-11-04T03:01:06.913310+00:00, run_after=2023-11-05T03:01:06.913310+00:00
[2023-11-05T03:01:06.955+0000] {processor.py:179} INFO - Processing /home/airflow/.local/lib/python3.8/site-packages/airflow/example_dags/example_task_group_decorator.py took 0.191 seconds
[2023-11-05T03:01:37.095+0000] {processor.py:157} INFO - Started process (PID=419) to work on /home/airflow/.local/lib/python3.8/site-packages/airflow/example_dags/example_task_group_decorator.py
[2023-11-05T03:01:37.097+0000] {processor.py:829} INFO - Processing file /home/airflow/.local/lib/python3.8/site-packages/airflow/example_dags/example_task_group_decorator.py for tasks to queue
[2023-11-05T03:01:37.100+0000] {logging_mixin.py:151} INFO - [2023-11-05T03:01:37.100+0000] {dagbag.py:536} INFO - Filling up the DagBag from /home/airflow/.local/lib/python3.8/site-packages/airflow/example_dags/example_task_group_decorator.py
[2023-11-05T03:01:37.132+0000] {processor.py:839} INFO - DAG(s) dict_keys(['example_task_group_decorator']) retrieved from /home/airflow/.local/lib/python3.8/site-packages/airflow/example_dags/example_task_group_decorator.py
[2023-11-05T03:01:37.162+0000] {logging_mixin.py:151} INFO - [2023-11-05T03:01:37.162+0000] {dag.py:2941} INFO - Sync 1 DAGs
[2023-11-05T03:01:37.185+0000] {logging_mixin.py:151} INFO - [2023-11-05T03:01:37.184+0000] {dag.py:3722} INFO - Setting next_dagrun for example_task_group_decorator to 2023-11-04T03:01:37.184668+00:00, run_after=2023-11-05T03:01:37.184668+00:00
[2023-11-05T03:01:37.206+0000] {processor.py:179} INFO - Processing /home/airflow/.local/lib/python3.8/site-packages/airflow/example_dags/example_task_group_decorator.py took 0.116 seconds
[2023-11-05T03:02:07.279+0000] {processor.py:157} INFO - Started process (PID=473) to work on /home/airflow/.local/lib/python3.8/site-packages/airflow/example_dags/example_task_group_decorator.py
[2023-11-05T03:02:07.279+0000] {processor.py:829} INFO - Processing file /home/airflow/.local/lib/python3.8/site-packages/airflow/example_dags/example_task_group_decorator.py for tasks to queue
[2023-11-05T03:02:07.281+0000] {logging_mixin.py:151} INFO - [2023-11-05T03:02:07.281+0000] {dagbag.py:536} INFO - Filling up the DagBag from /home/airflow/.local/lib/python3.8/site-packages/airflow/example_dags/example_task_group_decorator.py
[2023-11-05T03:02:07.296+0000] {processor.py:839} INFO - DAG(s) dict_keys(['example_task_group_decorator']) retrieved from /home/airflow/.local/lib/python3.8/site-packages/airflow/example_dags/example_task_group_decorator.py
[2023-11-05T03:02:07.326+0000] {logging_mixin.py:151} INFO - [2023-11-05T03:02:07.326+0000] {dag.py:2941} INFO - Sync 1 DAGs
[2023-11-05T03:02:07.349+0000] {logging_mixin.py:151} INFO - [2023-11-05T03:02:07.348+0000] {dag.py:3722} INFO - Setting next_dagrun for example_task_group_decorator to 2023-11-04T03:02:07.348638+00:00, run_after=2023-11-05T03:02:07.348638+00:00
[2023-11-05T03:02:07.367+0000] {processor.py:179} INFO - Processing /home/airflow/.local/lib/python3.8/site-packages/airflow/example_dags/example_task_group_decorator.py took 0.092 seconds
[2023-11-05T03:02:37.439+0000] {processor.py:157} INFO - Started process (PID=526) to work on /home/airflow/.local/lib/python3.8/site-packages/airflow/example_dags/example_task_group_decorator.py
[2023-11-05T03:02:37.440+0000] {processor.py:829} INFO - Processing file /home/airflow/.local/lib/python3.8/site-packages/airflow/example_dags/example_task_group_decorator.py for tasks to queue
[2023-11-05T03:02:37.442+0000] {logging_mixin.py:151} INFO - [2023-11-05T03:02:37.441+0000] {dagbag.py:536} INFO - Filling up the DagBag from /home/airflow/.local/lib/python3.8/site-packages/airflow/example_dags/example_task_group_decorator.py
[2023-11-05T03:02:37.456+0000] {processor.py:839} INFO - DAG(s) dict_keys(['example_task_group_decorator']) retrieved from /home/airflow/.local/lib/python3.8/site-packages/airflow/example_dags/example_task_group_decorator.py
[2023-11-05T03:02:37.480+0000] {logging_mixin.py:151} INFO - [2023-11-05T03:02:37.479+0000] {dag.py:2941} INFO - Sync 1 DAGs
[2023-11-05T03:02:37.502+0000] {logging_mixin.py:151} INFO - [2023-11-05T03:02:37.502+0000] {dag.py:3722} INFO - Setting next_dagrun for example_task_group_decorator to 2023-11-04T03:02:37.501925+00:00, run_after=2023-11-05T03:02:37.501925+00:00
[2023-11-05T03:02:37.521+0000] {processor.py:179} INFO - Processing /home/airflow/.local/lib/python3.8/site-packages/airflow/example_dags/example_task_group_decorator.py took 0.085 seconds
[2023-11-05T03:03:08.135+0000] {processor.py:157} INFO - Started process (PID=580) to work on /home/airflow/.local/lib/python3.8/site-packages/airflow/example_dags/example_task_group_decorator.py
[2023-11-05T03:03:08.136+0000] {processor.py:829} INFO - Processing file /home/airflow/.local/lib/python3.8/site-packages/airflow/example_dags/example_task_group_decorator.py for tasks to queue
[2023-11-05T03:03:08.139+0000] {logging_mixin.py:151} INFO - [2023-11-05T03:03:08.139+0000] {dagbag.py:536} INFO - Filling up the DagBag from /home/airflow/.local/lib/python3.8/site-packages/airflow/example_dags/example_task_group_decorator.py
[2023-11-05T03:03:08.153+0000] {processor.py:839} INFO - DAG(s) dict_keys(['example_task_group_decorator']) retrieved from /home/airflow/.local/lib/python3.8/site-packages/airflow/example_dags/example_task_group_decorator.py
[2023-11-05T03:03:08.182+0000] {logging_mixin.py:151} INFO - [2023-11-05T03:03:08.181+0000] {dag.py:2941} INFO - Sync 1 DAGs
[2023-11-05T03:03:08.208+0000] {logging_mixin.py:151} INFO - [2023-11-05T03:03:08.207+0000] {dag.py:3722} INFO - Setting next_dagrun for example_task_group_decorator to 2023-11-04T03:03:08.207293+00:00, run_after=2023-11-05T03:03:08.207293+00:00
[2023-11-05T03:03:08.228+0000] {processor.py:179} INFO - Processing /home/airflow/.local/lib/python3.8/site-packages/airflow/example_dags/example_task_group_decorator.py took 0.095 seconds
[2023-11-05T03:03:38.266+0000] {processor.py:157} INFO - Started process (PID=634) to work on /home/airflow/.local/lib/python3.8/site-packages/airflow/example_dags/example_task_group_decorator.py
[2023-11-05T03:03:38.266+0000] {processor.py:829} INFO - Processing file /home/airflow/.local/lib/python3.8/site-packages/airflow/example_dags/example_task_group_decorator.py for tasks to queue
[2023-11-05T03:03:38.268+0000] {logging_mixin.py:151} INFO - [2023-11-05T03:03:38.268+0000] {dagbag.py:536} INFO - Filling up the DagBag from /home/airflow/.local/lib/python3.8/site-packages/airflow/example_dags/example_task_group_decorator.py
[2023-11-05T03:03:38.283+0000] {processor.py:839} INFO - DAG(s) dict_keys(['example_task_group_decorator']) retrieved from /home/airflow/.local/lib/python3.8/site-packages/airflow/example_dags/example_task_group_decorator.py
[2023-11-05T03:03:38.315+0000] {logging_mixin.py:151} INFO - [2023-11-05T03:03:38.314+0000] {dag.py:2941} INFO - Sync 1 DAGs
[2023-11-05T03:03:38.342+0000] {logging_mixin.py:151} INFO - [2023-11-05T03:03:38.341+0000] {dag.py:3722} INFO - Setting next_dagrun for example_task_group_decorator to 2023-11-04T03:03:38.341267+00:00, run_after=2023-11-05T03:03:38.341267+00:00
[2023-11-05T03:03:38.368+0000] {processor.py:179} INFO - Processing /home/airflow/.local/lib/python3.8/site-packages/airflow/example_dags/example_task_group_decorator.py took 0.105 seconds
[2023-11-05T03:04:08.951+0000] {processor.py:157} INFO - Started process (PID=688) to work on /home/airflow/.local/lib/python3.8/site-packages/airflow/example_dags/example_task_group_decorator.py
[2023-11-05T03:04:08.952+0000] {processor.py:829} INFO - Processing file /home/airflow/.local/lib/python3.8/site-packages/airflow/example_dags/example_task_group_decorator.py for tasks to queue
[2023-11-05T03:04:08.954+0000] {logging_mixin.py:151} INFO - [2023-11-05T03:04:08.954+0000] {dagbag.py:536} INFO - Filling up the DagBag from /home/airflow/.local/lib/python3.8/site-packages/airflow/example_dags/example_task_group_decorator.py
[2023-11-05T03:04:08.976+0000] {processor.py:839} INFO - DAG(s) dict_keys(['example_task_group_decorator']) retrieved from /home/airflow/.local/lib/python3.8/site-packages/airflow/example_dags/example_task_group_decorator.py
[2023-11-05T03:04:09.011+0000] {logging_mixin.py:151} INFO - [2023-11-05T03:04:09.011+0000] {dag.py:2941} INFO - Sync 1 DAGs
[2023-11-05T03:04:09.035+0000] {logging_mixin.py:151} INFO - [2023-11-05T03:04:09.035+0000] {dag.py:3722} INFO - Setting next_dagrun for example_task_group_decorator to 2023-11-04T03:04:09.035077+00:00, run_after=2023-11-05T03:04:09.035077+00:00
[2023-11-05T03:04:09.055+0000] {processor.py:179} INFO - Processing /home/airflow/.local/lib/python3.8/site-packages/airflow/example_dags/example_task_group_decorator.py took 0.107 seconds
[2023-11-05T03:04:39.330+0000] {processor.py:157} INFO - Started process (PID=743) to work on /home/airflow/.local/lib/python3.8/site-packages/airflow/example_dags/example_task_group_decorator.py
[2023-11-05T03:04:39.331+0000] {processor.py:829} INFO - Processing file /home/airflow/.local/lib/python3.8/site-packages/airflow/example_dags/example_task_group_decorator.py for tasks to queue
[2023-11-05T03:04:39.333+0000] {logging_mixin.py:151} INFO - [2023-11-05T03:04:39.333+0000] {dagbag.py:536} INFO - Filling up the DagBag from /home/airflow/.local/lib/python3.8/site-packages/airflow/example_dags/example_task_group_decorator.py
[2023-11-05T03:04:39.348+0000] {processor.py:839} INFO - DAG(s) dict_keys(['example_task_group_decorator']) retrieved from /home/airflow/.local/lib/python3.8/site-packages/airflow/example_dags/example_task_group_decorator.py
[2023-11-05T03:04:39.380+0000] {logging_mixin.py:151} INFO - [2023-11-05T03:04:39.379+0000] {dag.py:2941} INFO - Sync 1 DAGs
[2023-11-05T03:04:39.403+0000] {logging_mixin.py:151} INFO - [2023-11-05T03:04:39.403+0000] {dag.py:3722} INFO - Setting next_dagrun for example_task_group_decorator to 2023-11-04T03:04:39.402901+00:00, run_after=2023-11-05T03:04:39.402901+00:00
[2023-11-05T03:04:39.422+0000] {processor.py:179} INFO - Processing /home/airflow/.local/lib/python3.8/site-packages/airflow/example_dags/example_task_group_decorator.py took 0.095 seconds
[2023-11-05T03:05:09.599+0000] {processor.py:157} INFO - Started process (PID=797) to work on /home/airflow/.local/lib/python3.8/site-packages/airflow/example_dags/example_task_group_decorator.py
[2023-11-05T03:05:09.600+0000] {processor.py:829} INFO - Processing file /home/airflow/.local/lib/python3.8/site-packages/airflow/example_dags/example_task_group_decorator.py for tasks to queue
[2023-11-05T03:05:09.601+0000] {logging_mixin.py:151} INFO - [2023-11-05T03:05:09.601+0000] {dagbag.py:536} INFO - Filling up the DagBag from /home/airflow/.local/lib/python3.8/site-packages/airflow/example_dags/example_task_group_decorator.py
[2023-11-05T03:05:09.618+0000] {processor.py:839} INFO - DAG(s) dict_keys(['example_task_group_decorator']) retrieved from /home/airflow/.local/lib/python3.8/site-packages/airflow/example_dags/example_task_group_decorator.py
[2023-11-05T03:05:09.660+0000] {logging_mixin.py:151} INFO - [2023-11-05T03:05:09.660+0000] {dag.py:2941} INFO - Sync 1 DAGs
[2023-11-05T03:05:09.682+0000] {logging_mixin.py:151} INFO - [2023-11-05T03:05:09.682+0000] {dag.py:3722} INFO - Setting next_dagrun for example_task_group_decorator to 2023-11-04T03:05:09.681884+00:00, run_after=2023-11-05T03:05:09.681884+00:00
[2023-11-05T03:05:09.707+0000] {processor.py:179} INFO - Processing /home/airflow/.local/lib/python3.8/site-packages/airflow/example_dags/example_task_group_decorator.py took 0.110 seconds
[2023-11-05T03:05:39.869+0000] {processor.py:157} INFO - Started process (PID=851) to work on /home/airflow/.local/lib/python3.8/site-packages/airflow/example_dags/example_task_group_decorator.py
[2023-11-05T03:05:39.870+0000] {processor.py:829} INFO - Processing file /home/airflow/.local/lib/python3.8/site-packages/airflow/example_dags/example_task_group_decorator.py for tasks to queue
[2023-11-05T03:05:39.872+0000] {logging_mixin.py:151} INFO - [2023-11-05T03:05:39.872+0000] {dagbag.py:536} INFO - Filling up the DagBag from /home/airflow/.local/lib/python3.8/site-packages/airflow/example_dags/example_task_group_decorator.py
[2023-11-05T03:05:39.889+0000] {processor.py:839} INFO - DAG(s) dict_keys(['example_task_group_decorator']) retrieved from /home/airflow/.local/lib/python3.8/site-packages/airflow/example_dags/example_task_group_decorator.py
[2023-11-05T03:05:39.917+0000] {logging_mixin.py:151} INFO - [2023-11-05T03:05:39.917+0000] {dag.py:2941} INFO - Sync 1 DAGs
[2023-11-05T03:05:39.950+0000] {logging_mixin.py:151} INFO - [2023-11-05T03:05:39.950+0000] {dag.py:3722} INFO - Setting next_dagrun for example_task_group_decorator to 2023-11-04T03:05:39.949978+00:00, run_after=2023-11-05T03:05:39.949978+00:00
[2023-11-05T03:05:39.992+0000] {processor.py:179} INFO - Processing /home/airflow/.local/lib/python3.8/site-packages/airflow/example_dags/example_task_group_decorator.py took 0.125 seconds
[2023-11-05T03:06:10.440+0000] {processor.py:157} INFO - Started process (PID=905) to work on /home/airflow/.local/lib/python3.8/site-packages/airflow/example_dags/example_task_group_decorator.py
[2023-11-05T03:06:10.441+0000] {processor.py:829} INFO - Processing file /home/airflow/.local/lib/python3.8/site-packages/airflow/example_dags/example_task_group_decorator.py for tasks to queue
[2023-11-05T03:06:10.443+0000] {logging_mixin.py:151} INFO - [2023-11-05T03:06:10.443+0000] {dagbag.py:536} INFO - Filling up the DagBag from /home/airflow/.local/lib/python3.8/site-packages/airflow/example_dags/example_task_group_decorator.py
[2023-11-05T03:06:10.456+0000] {processor.py:839} INFO - DAG(s) dict_keys(['example_task_group_decorator']) retrieved from /home/airflow/.local/lib/python3.8/site-packages/airflow/example_dags/example_task_group_decorator.py
[2023-11-05T03:06:10.479+0000] {logging_mixin.py:151} INFO - [2023-11-05T03:06:10.479+0000] {dag.py:2941} INFO - Sync 1 DAGs
[2023-11-05T03:06:10.499+0000] {logging_mixin.py:151} INFO - [2023-11-05T03:06:10.499+0000] {dag.py:3722} INFO - Setting next_dagrun for example_task_group_decorator to 2023-11-04T03:06:10.499439+00:00, run_after=2023-11-05T03:06:10.499439+00:00
[2023-11-05T03:06:10.652+0000] {processor.py:179} INFO - Processing /home/airflow/.local/lib/python3.8/site-packages/airflow/example_dags/example_task_group_decorator.py took 0.215 seconds
[2023-11-05T03:06:41.284+0000] {processor.py:157} INFO - Started process (PID=959) to work on /home/airflow/.local/lib/python3.8/site-packages/airflow/example_dags/example_task_group_decorator.py
[2023-11-05T03:06:41.285+0000] {processor.py:829} INFO - Processing file /home/airflow/.local/lib/python3.8/site-packages/airflow/example_dags/example_task_group_decorator.py for tasks to queue
[2023-11-05T03:06:41.288+0000] {logging_mixin.py:151} INFO - [2023-11-05T03:06:41.287+0000] {dagbag.py:536} INFO - Filling up the DagBag from /home/airflow/.local/lib/python3.8/site-packages/airflow/example_dags/example_task_group_decorator.py
[2023-11-05T03:06:41.313+0000] {processor.py:839} INFO - DAG(s) dict_keys(['example_task_group_decorator']) retrieved from /home/airflow/.local/lib/python3.8/site-packages/airflow/example_dags/example_task_group_decorator.py
[2023-11-05T03:06:41.361+0000] {logging_mixin.py:151} INFO - [2023-11-05T03:06:41.361+0000] {dag.py:2941} INFO - Sync 1 DAGs
[2023-11-05T03:06:41.408+0000] {logging_mixin.py:151} INFO - [2023-11-05T03:06:41.408+0000] {dag.py:3722} INFO - Setting next_dagrun for example_task_group_decorator to 2023-11-04T03:06:41.407710+00:00, run_after=2023-11-05T03:06:41.407710+00:00
[2023-11-05T03:06:41.438+0000] {processor.py:179} INFO - Processing /home/airflow/.local/lib/python3.8/site-packages/airflow/example_dags/example_task_group_decorator.py took 0.157 seconds
[2023-11-05T03:07:11.867+0000] {processor.py:157} INFO - Started process (PID=1013) to work on /home/airflow/.local/lib/python3.8/site-packages/airflow/example_dags/example_task_group_decorator.py
[2023-11-05T03:07:11.869+0000] {processor.py:829} INFO - Processing file /home/airflow/.local/lib/python3.8/site-packages/airflow/example_dags/example_task_group_decorator.py for tasks to queue
[2023-11-05T03:07:11.872+0000] {logging_mixin.py:151} INFO - [2023-11-05T03:07:11.872+0000] {dagbag.py:536} INFO - Filling up the DagBag from /home/airflow/.local/lib/python3.8/site-packages/airflow/example_dags/example_task_group_decorator.py
[2023-11-05T03:07:11.888+0000] {processor.py:839} INFO - DAG(s) dict_keys(['example_task_group_decorator']) retrieved from /home/airflow/.local/lib/python3.8/site-packages/airflow/example_dags/example_task_group_decorator.py
[2023-11-05T03:07:11.922+0000] {logging_mixin.py:151} INFO - [2023-11-05T03:07:11.922+0000] {dag.py:2941} INFO - Sync 1 DAGs
[2023-11-05T03:07:11.947+0000] {logging_mixin.py:151} INFO - [2023-11-05T03:07:11.946+0000] {dag.py:3722} INFO - Setting next_dagrun for example_task_group_decorator to 2023-11-04T03:07:11.946697+00:00, run_after=2023-11-05T03:07:11.946697+00:00
[2023-11-05T03:07:11.968+0000] {processor.py:179} INFO - Processing /home/airflow/.local/lib/python3.8/site-packages/airflow/example_dags/example_task_group_decorator.py took 0.105 seconds
[2023-11-05T03:07:42.280+0000] {processor.py:157} INFO - Started process (PID=1067) to work on /home/airflow/.local/lib/python3.8/site-packages/airflow/example_dags/example_task_group_decorator.py
[2023-11-05T03:07:42.283+0000] {processor.py:829} INFO - Processing file /home/airflow/.local/lib/python3.8/site-packages/airflow/example_dags/example_task_group_decorator.py for tasks to queue
[2023-11-05T03:07:42.289+0000] {logging_mixin.py:151} INFO - [2023-11-05T03:07:42.288+0000] {dagbag.py:536} INFO - Filling up the DagBag from /home/airflow/.local/lib/python3.8/site-packages/airflow/example_dags/example_task_group_decorator.py
[2023-11-05T03:07:42.326+0000] {processor.py:839} INFO - DAG(s) dict_keys(['example_task_group_decorator']) retrieved from /home/airflow/.local/lib/python3.8/site-packages/airflow/example_dags/example_task_group_decorator.py
[2023-11-05T03:07:42.379+0000] {logging_mixin.py:151} INFO - [2023-11-05T03:07:42.378+0000] {dag.py:2941} INFO - Sync 1 DAGs
[2023-11-05T03:07:42.424+0000] {logging_mixin.py:151} INFO - [2023-11-05T03:07:42.424+0000] {dag.py:3722} INFO - Setting next_dagrun for example_task_group_decorator to 2023-11-04T03:07:42.423880+00:00, run_after=2023-11-05T03:07:42.423880+00:00
[2023-11-05T03:07:42.472+0000] {processor.py:179} INFO - Processing /home/airflow/.local/lib/python3.8/site-packages/airflow/example_dags/example_task_group_decorator.py took 0.198 seconds
