[2023-11-05T02:58:03.663+0000] {processor.py:157} INFO - Started process (PID=56) to work on /home/airflow/.local/lib/python3.8/site-packages/airflow/example_dags/example_setup_teardown_taskflow.py
[2023-11-05T02:58:03.664+0000] {processor.py:829} INFO - Processing file /home/airflow/.local/lib/python3.8/site-packages/airflow/example_dags/example_setup_teardown_taskflow.py for tasks to queue
[2023-11-05T02:58:03.667+0000] {logging_mixin.py:151} INFO - [2023-11-05T02:58:03.666+0000] {dagbag.py:536} INFO - Filling up the DagBag from /home/airflow/.local/lib/python3.8/site-packages/airflow/example_dags/example_setup_teardown_taskflow.py
[2023-11-05T02:58:03.688+0000] {processor.py:839} INFO - DAG(s) dict_keys(['example_setup_teardown_taskflow']) retrieved from /home/airflow/.local/lib/python3.8/site-packages/airflow/example_dags/example_setup_teardown_taskflow.py
[2023-11-05T02:58:03.704+0000] {logging_mixin.py:151} INFO - [2023-11-05T02:58:03.704+0000] {dag.py:2941} INFO - Sync 1 DAGs
[2023-11-05T02:58:03.741+0000] {logging_mixin.py:151} INFO - [2023-11-05T02:58:03.741+0000] {dag.py:3722} INFO - Setting next_dagrun for example_setup_teardown_taskflow to 2023-11-04T02:58:03.741339+00:00, run_after=2023-11-05T02:58:03.741339+00:00
[2023-11-05T02:58:03.772+0000] {processor.py:179} INFO - Processing /home/airflow/.local/lib/python3.8/site-packages/airflow/example_dags/example_setup_teardown_taskflow.py took 0.113 seconds
[2023-11-05T02:58:34.076+0000] {processor.py:157} INFO - Started process (PID=110) to work on /home/airflow/.local/lib/python3.8/site-packages/airflow/example_dags/example_setup_teardown_taskflow.py
[2023-11-05T02:58:34.077+0000] {processor.py:829} INFO - Processing file /home/airflow/.local/lib/python3.8/site-packages/airflow/example_dags/example_setup_teardown_taskflow.py for tasks to queue
[2023-11-05T02:58:34.079+0000] {logging_mixin.py:151} INFO - [2023-11-05T02:58:34.078+0000] {dagbag.py:536} INFO - Filling up the DagBag from /home/airflow/.local/lib/python3.8/site-packages/airflow/example_dags/example_setup_teardown_taskflow.py
[2023-11-05T02:58:34.091+0000] {processor.py:839} INFO - DAG(s) dict_keys(['example_setup_teardown_taskflow']) retrieved from /home/airflow/.local/lib/python3.8/site-packages/airflow/example_dags/example_setup_teardown_taskflow.py
[2023-11-05T02:58:34.116+0000] {logging_mixin.py:151} INFO - [2023-11-05T02:58:34.116+0000] {dag.py:2941} INFO - Sync 1 DAGs
[2023-11-05T02:58:34.141+0000] {logging_mixin.py:151} INFO - [2023-11-05T02:58:34.141+0000] {dag.py:3722} INFO - Setting next_dagrun for example_setup_teardown_taskflow to 2023-11-04T02:58:34.140800+00:00, run_after=2023-11-05T02:58:34.140800+00:00
[2023-11-05T02:58:34.163+0000] {processor.py:179} INFO - Processing /home/airflow/.local/lib/python3.8/site-packages/airflow/example_dags/example_setup_teardown_taskflow.py took 0.090 seconds
[2023-11-05T02:59:04.854+0000] {processor.py:157} INFO - Started process (PID=165) to work on /home/airflow/.local/lib/python3.8/site-packages/airflow/example_dags/example_setup_teardown_taskflow.py
[2023-11-05T02:59:04.857+0000] {processor.py:829} INFO - Processing file /home/airflow/.local/lib/python3.8/site-packages/airflow/example_dags/example_setup_teardown_taskflow.py for tasks to queue
[2023-11-05T02:59:04.860+0000] {logging_mixin.py:151} INFO - [2023-11-05T02:59:04.859+0000] {dagbag.py:536} INFO - Filling up the DagBag from /home/airflow/.local/lib/python3.8/site-packages/airflow/example_dags/example_setup_teardown_taskflow.py
[2023-11-05T02:59:04.872+0000] {processor.py:839} INFO - DAG(s) dict_keys(['example_setup_teardown_taskflow']) retrieved from /home/airflow/.local/lib/python3.8/site-packages/airflow/example_dags/example_setup_teardown_taskflow.py
[2023-11-05T02:59:04.900+0000] {logging_mixin.py:151} INFO - [2023-11-05T02:59:04.900+0000] {dag.py:2941} INFO - Sync 1 DAGs
[2023-11-05T02:59:04.927+0000] {logging_mixin.py:151} INFO - [2023-11-05T02:59:04.927+0000] {dag.py:3722} INFO - Setting next_dagrun for example_setup_teardown_taskflow to 2023-11-04T02:59:04.927188+00:00, run_after=2023-11-05T02:59:04.927188+00:00
[2023-11-05T02:59:04.951+0000] {processor.py:179} INFO - Processing /home/airflow/.local/lib/python3.8/site-packages/airflow/example_dags/example_setup_teardown_taskflow.py took 0.103 seconds
[2023-11-05T02:59:35.637+0000] {processor.py:157} INFO - Started process (PID=219) to work on /home/airflow/.local/lib/python3.8/site-packages/airflow/example_dags/example_setup_teardown_taskflow.py
[2023-11-05T02:59:35.640+0000] {processor.py:829} INFO - Processing file /home/airflow/.local/lib/python3.8/site-packages/airflow/example_dags/example_setup_teardown_taskflow.py for tasks to queue
[2023-11-05T02:59:35.644+0000] {logging_mixin.py:151} INFO - [2023-11-05T02:59:35.643+0000] {dagbag.py:536} INFO - Filling up the DagBag from /home/airflow/.local/lib/python3.8/site-packages/airflow/example_dags/example_setup_teardown_taskflow.py
[2023-11-05T02:59:35.663+0000] {processor.py:839} INFO - DAG(s) dict_keys(['example_setup_teardown_taskflow']) retrieved from /home/airflow/.local/lib/python3.8/site-packages/airflow/example_dags/example_setup_teardown_taskflow.py
[2023-11-05T02:59:35.706+0000] {logging_mixin.py:151} INFO - [2023-11-05T02:59:35.705+0000] {dag.py:2941} INFO - Sync 1 DAGs
[2023-11-05T02:59:35.743+0000] {logging_mixin.py:151} INFO - [2023-11-05T02:59:35.742+0000] {dag.py:3722} INFO - Setting next_dagrun for example_setup_teardown_taskflow to 2023-11-04T02:59:35.742007+00:00, run_after=2023-11-05T02:59:35.742007+00:00
[2023-11-05T02:59:35.767+0000] {processor.py:179} INFO - Processing /home/airflow/.local/lib/python3.8/site-packages/airflow/example_dags/example_setup_teardown_taskflow.py took 0.136 seconds
[2023-11-05T03:00:06.693+0000] {processor.py:157} INFO - Started process (PID=273) to work on /home/airflow/.local/lib/python3.8/site-packages/airflow/example_dags/example_setup_teardown_taskflow.py
[2023-11-05T03:00:06.693+0000] {processor.py:829} INFO - Processing file /home/airflow/.local/lib/python3.8/site-packages/airflow/example_dags/example_setup_teardown_taskflow.py for tasks to queue
[2023-11-05T03:00:06.695+0000] {logging_mixin.py:151} INFO - [2023-11-05T03:00:06.695+0000] {dagbag.py:536} INFO - Filling up the DagBag from /home/airflow/.local/lib/python3.8/site-packages/airflow/example_dags/example_setup_teardown_taskflow.py
[2023-11-05T03:00:06.704+0000] {processor.py:839} INFO - DAG(s) dict_keys(['example_setup_teardown_taskflow']) retrieved from /home/airflow/.local/lib/python3.8/site-packages/airflow/example_dags/example_setup_teardown_taskflow.py
[2023-11-05T03:00:06.730+0000] {logging_mixin.py:151} INFO - [2023-11-05T03:00:06.730+0000] {dag.py:2941} INFO - Sync 1 DAGs
[2023-11-05T03:00:06.755+0000] {logging_mixin.py:151} INFO - [2023-11-05T03:00:06.755+0000] {dag.py:3722} INFO - Setting next_dagrun for example_setup_teardown_taskflow to 2023-11-04T03:00:06.754494+00:00, run_after=2023-11-05T03:00:06.754494+00:00
[2023-11-05T03:00:06.779+0000] {processor.py:179} INFO - Processing /home/airflow/.local/lib/python3.8/site-packages/airflow/example_dags/example_setup_teardown_taskflow.py took 0.090 seconds
[2023-11-05T03:00:37.961+0000] {processor.py:157} INFO - Started process (PID=326) to work on /home/airflow/.local/lib/python3.8/site-packages/airflow/example_dags/example_setup_teardown_taskflow.py
[2023-11-05T03:00:37.962+0000] {processor.py:829} INFO - Processing file /home/airflow/.local/lib/python3.8/site-packages/airflow/example_dags/example_setup_teardown_taskflow.py for tasks to queue
[2023-11-05T03:00:37.965+0000] {logging_mixin.py:151} INFO - [2023-11-05T03:00:37.965+0000] {dagbag.py:536} INFO - Filling up the DagBag from /home/airflow/.local/lib/python3.8/site-packages/airflow/example_dags/example_setup_teardown_taskflow.py
[2023-11-05T03:00:37.986+0000] {processor.py:839} INFO - DAG(s) dict_keys(['example_setup_teardown_taskflow']) retrieved from /home/airflow/.local/lib/python3.8/site-packages/airflow/example_dags/example_setup_teardown_taskflow.py
[2023-11-05T03:00:38.036+0000] {logging_mixin.py:151} INFO - [2023-11-05T03:00:38.035+0000] {dag.py:2941} INFO - Sync 1 DAGs
[2023-11-05T03:00:38.079+0000] {logging_mixin.py:151} INFO - [2023-11-05T03:00:38.079+0000] {dag.py:3722} INFO - Setting next_dagrun for example_setup_teardown_taskflow to 2023-11-04T03:00:38.078971+00:00, run_after=2023-11-05T03:00:38.078971+00:00
[2023-11-05T03:00:38.126+0000] {processor.py:179} INFO - Processing /home/airflow/.local/lib/python3.8/site-packages/airflow/example_dags/example_setup_teardown_taskflow.py took 0.171 seconds
[2023-11-05T03:01:08.335+0000] {processor.py:157} INFO - Started process (PID=381) to work on /home/airflow/.local/lib/python3.8/site-packages/airflow/example_dags/example_setup_teardown_taskflow.py
[2023-11-05T03:01:08.335+0000] {processor.py:829} INFO - Processing file /home/airflow/.local/lib/python3.8/site-packages/airflow/example_dags/example_setup_teardown_taskflow.py for tasks to queue
[2023-11-05T03:01:08.339+0000] {logging_mixin.py:151} INFO - [2023-11-05T03:01:08.338+0000] {dagbag.py:536} INFO - Filling up the DagBag from /home/airflow/.local/lib/python3.8/site-packages/airflow/example_dags/example_setup_teardown_taskflow.py
[2023-11-05T03:01:08.349+0000] {processor.py:839} INFO - DAG(s) dict_keys(['example_setup_teardown_taskflow']) retrieved from /home/airflow/.local/lib/python3.8/site-packages/airflow/example_dags/example_setup_teardown_taskflow.py
[2023-11-05T03:01:08.379+0000] {logging_mixin.py:151} INFO - [2023-11-05T03:01:08.379+0000] {dag.py:2941} INFO - Sync 1 DAGs
[2023-11-05T03:01:08.410+0000] {logging_mixin.py:151} INFO - [2023-11-05T03:01:08.409+0000] {dag.py:3722} INFO - Setting next_dagrun for example_setup_teardown_taskflow to 2023-11-04T03:01:08.409544+00:00, run_after=2023-11-05T03:01:08.409544+00:00
[2023-11-05T03:01:08.431+0000] {processor.py:179} INFO - Processing /home/airflow/.local/lib/python3.8/site-packages/airflow/example_dags/example_setup_teardown_taskflow.py took 0.100 seconds
[2023-11-05T03:01:38.552+0000] {processor.py:157} INFO - Started process (PID=434) to work on /home/airflow/.local/lib/python3.8/site-packages/airflow/example_dags/example_setup_teardown_taskflow.py
[2023-11-05T03:01:38.553+0000] {processor.py:829} INFO - Processing file /home/airflow/.local/lib/python3.8/site-packages/airflow/example_dags/example_setup_teardown_taskflow.py for tasks to queue
[2023-11-05T03:01:38.557+0000] {logging_mixin.py:151} INFO - [2023-11-05T03:01:38.556+0000] {dagbag.py:536} INFO - Filling up the DagBag from /home/airflow/.local/lib/python3.8/site-packages/airflow/example_dags/example_setup_teardown_taskflow.py
[2023-11-05T03:01:38.573+0000] {processor.py:839} INFO - DAG(s) dict_keys(['example_setup_teardown_taskflow']) retrieved from /home/airflow/.local/lib/python3.8/site-packages/airflow/example_dags/example_setup_teardown_taskflow.py
[2023-11-05T03:01:38.601+0000] {logging_mixin.py:151} INFO - [2023-11-05T03:01:38.600+0000] {dag.py:2941} INFO - Sync 1 DAGs
[2023-11-05T03:01:38.624+0000] {logging_mixin.py:151} INFO - [2023-11-05T03:01:38.624+0000] {dag.py:3722} INFO - Setting next_dagrun for example_setup_teardown_taskflow to 2023-11-04T03:01:38.623981+00:00, run_after=2023-11-05T03:01:38.623981+00:00
[2023-11-05T03:01:38.642+0000] {processor.py:179} INFO - Processing /home/airflow/.local/lib/python3.8/site-packages/airflow/example_dags/example_setup_teardown_taskflow.py took 0.097 seconds
[2023-11-05T03:02:09.306+0000] {processor.py:157} INFO - Started process (PID=488) to work on /home/airflow/.local/lib/python3.8/site-packages/airflow/example_dags/example_setup_teardown_taskflow.py
[2023-11-05T03:02:09.308+0000] {processor.py:829} INFO - Processing file /home/airflow/.local/lib/python3.8/site-packages/airflow/example_dags/example_setup_teardown_taskflow.py for tasks to queue
[2023-11-05T03:02:09.310+0000] {logging_mixin.py:151} INFO - [2023-11-05T03:02:09.310+0000] {dagbag.py:536} INFO - Filling up the DagBag from /home/airflow/.local/lib/python3.8/site-packages/airflow/example_dags/example_setup_teardown_taskflow.py
[2023-11-05T03:02:09.319+0000] {processor.py:839} INFO - DAG(s) dict_keys(['example_setup_teardown_taskflow']) retrieved from /home/airflow/.local/lib/python3.8/site-packages/airflow/example_dags/example_setup_teardown_taskflow.py
[2023-11-05T03:02:09.341+0000] {logging_mixin.py:151} INFO - [2023-11-05T03:02:09.341+0000] {dag.py:2941} INFO - Sync 1 DAGs
[2023-11-05T03:02:09.363+0000] {logging_mixin.py:151} INFO - [2023-11-05T03:02:09.363+0000] {dag.py:3722} INFO - Setting next_dagrun for example_setup_teardown_taskflow to 2023-11-04T03:02:09.363483+00:00, run_after=2023-11-05T03:02:09.363483+00:00
[2023-11-05T03:02:09.381+0000] {processor.py:179} INFO - Processing /home/airflow/.local/lib/python3.8/site-packages/airflow/example_dags/example_setup_teardown_taskflow.py took 0.080 seconds
[2023-11-05T03:02:39.446+0000] {processor.py:157} INFO - Started process (PID=541) to work on /home/airflow/.local/lib/python3.8/site-packages/airflow/example_dags/example_setup_teardown_taskflow.py
[2023-11-05T03:02:39.447+0000] {processor.py:829} INFO - Processing file /home/airflow/.local/lib/python3.8/site-packages/airflow/example_dags/example_setup_teardown_taskflow.py for tasks to queue
[2023-11-05T03:02:39.448+0000] {logging_mixin.py:151} INFO - [2023-11-05T03:02:39.448+0000] {dagbag.py:536} INFO - Filling up the DagBag from /home/airflow/.local/lib/python3.8/site-packages/airflow/example_dags/example_setup_teardown_taskflow.py
[2023-11-05T03:02:39.456+0000] {processor.py:839} INFO - DAG(s) dict_keys(['example_setup_teardown_taskflow']) retrieved from /home/airflow/.local/lib/python3.8/site-packages/airflow/example_dags/example_setup_teardown_taskflow.py
[2023-11-05T03:02:39.477+0000] {logging_mixin.py:151} INFO - [2023-11-05T03:02:39.476+0000] {dag.py:2941} INFO - Sync 1 DAGs
[2023-11-05T03:02:39.498+0000] {logging_mixin.py:151} INFO - [2023-11-05T03:02:39.498+0000] {dag.py:3722} INFO - Setting next_dagrun for example_setup_teardown_taskflow to 2023-11-04T03:02:39.498238+00:00, run_after=2023-11-05T03:02:39.498238+00:00
[2023-11-05T03:02:39.518+0000] {processor.py:179} INFO - Processing /home/airflow/.local/lib/python3.8/site-packages/airflow/example_dags/example_setup_teardown_taskflow.py took 0.075 seconds
[2023-11-05T03:03:10.218+0000] {processor.py:157} INFO - Started process (PID=595) to work on /home/airflow/.local/lib/python3.8/site-packages/airflow/example_dags/example_setup_teardown_taskflow.py
[2023-11-05T03:03:10.219+0000] {processor.py:829} INFO - Processing file /home/airflow/.local/lib/python3.8/site-packages/airflow/example_dags/example_setup_teardown_taskflow.py for tasks to queue
[2023-11-05T03:03:10.224+0000] {logging_mixin.py:151} INFO - [2023-11-05T03:03:10.224+0000] {dagbag.py:536} INFO - Filling up the DagBag from /home/airflow/.local/lib/python3.8/site-packages/airflow/example_dags/example_setup_teardown_taskflow.py
[2023-11-05T03:03:10.241+0000] {processor.py:839} INFO - DAG(s) dict_keys(['example_setup_teardown_taskflow']) retrieved from /home/airflow/.local/lib/python3.8/site-packages/airflow/example_dags/example_setup_teardown_taskflow.py
[2023-11-05T03:03:10.292+0000] {logging_mixin.py:151} INFO - [2023-11-05T03:03:10.291+0000] {dag.py:2941} INFO - Sync 1 DAGs
[2023-11-05T03:03:10.362+0000] {logging_mixin.py:151} INFO - [2023-11-05T03:03:10.361+0000] {dag.py:3722} INFO - Setting next_dagrun for example_setup_teardown_taskflow to 2023-11-04T03:03:10.360351+00:00, run_after=2023-11-05T03:03:10.360351+00:00
[2023-11-05T03:03:10.396+0000] {processor.py:179} INFO - Processing /home/airflow/.local/lib/python3.8/site-packages/airflow/example_dags/example_setup_teardown_taskflow.py took 0.181 seconds
[2023-11-05T03:03:40.505+0000] {processor.py:157} INFO - Started process (PID=649) to work on /home/airflow/.local/lib/python3.8/site-packages/airflow/example_dags/example_setup_teardown_taskflow.py
[2023-11-05T03:03:40.506+0000] {processor.py:829} INFO - Processing file /home/airflow/.local/lib/python3.8/site-packages/airflow/example_dags/example_setup_teardown_taskflow.py for tasks to queue
[2023-11-05T03:03:40.509+0000] {logging_mixin.py:151} INFO - [2023-11-05T03:03:40.508+0000] {dagbag.py:536} INFO - Filling up the DagBag from /home/airflow/.local/lib/python3.8/site-packages/airflow/example_dags/example_setup_teardown_taskflow.py
[2023-11-05T03:03:40.519+0000] {processor.py:839} INFO - DAG(s) dict_keys(['example_setup_teardown_taskflow']) retrieved from /home/airflow/.local/lib/python3.8/site-packages/airflow/example_dags/example_setup_teardown_taskflow.py
[2023-11-05T03:03:40.543+0000] {logging_mixin.py:151} INFO - [2023-11-05T03:03:40.543+0000] {dag.py:2941} INFO - Sync 1 DAGs
[2023-11-05T03:03:40.567+0000] {logging_mixin.py:151} INFO - [2023-11-05T03:03:40.567+0000] {dag.py:3722} INFO - Setting next_dagrun for example_setup_teardown_taskflow to 2023-11-04T03:03:40.567195+00:00, run_after=2023-11-05T03:03:40.567195+00:00
[2023-11-05T03:03:40.586+0000] {processor.py:179} INFO - Processing /home/airflow/.local/lib/python3.8/site-packages/airflow/example_dags/example_setup_teardown_taskflow.py took 0.085 seconds
[2023-11-05T03:04:11.397+0000] {processor.py:157} INFO - Started process (PID=703) to work on /home/airflow/.local/lib/python3.8/site-packages/airflow/example_dags/example_setup_teardown_taskflow.py
[2023-11-05T03:04:11.398+0000] {processor.py:829} INFO - Processing file /home/airflow/.local/lib/python3.8/site-packages/airflow/example_dags/example_setup_teardown_taskflow.py for tasks to queue
[2023-11-05T03:04:11.403+0000] {logging_mixin.py:151} INFO - [2023-11-05T03:04:11.402+0000] {dagbag.py:536} INFO - Filling up the DagBag from /home/airflow/.local/lib/python3.8/site-packages/airflow/example_dags/example_setup_teardown_taskflow.py
[2023-11-05T03:04:11.426+0000] {processor.py:839} INFO - DAG(s) dict_keys(['example_setup_teardown_taskflow']) retrieved from /home/airflow/.local/lib/python3.8/site-packages/airflow/example_dags/example_setup_teardown_taskflow.py
[2023-11-05T03:04:11.477+0000] {logging_mixin.py:151} INFO - [2023-11-05T03:04:11.476+0000] {dag.py:2941} INFO - Sync 1 DAGs
[2023-11-05T03:04:11.527+0000] {logging_mixin.py:151} INFO - [2023-11-05T03:04:11.527+0000] {dag.py:3722} INFO - Setting next_dagrun for example_setup_teardown_taskflow to 2023-11-04T03:04:11.526723+00:00, run_after=2023-11-05T03:04:11.526723+00:00
[2023-11-05T03:04:11.567+0000] {processor.py:179} INFO - Processing /home/airflow/.local/lib/python3.8/site-packages/airflow/example_dags/example_setup_teardown_taskflow.py took 0.176 seconds
[2023-11-05T03:04:42.355+0000] {processor.py:157} INFO - Started process (PID=758) to work on /home/airflow/.local/lib/python3.8/site-packages/airflow/example_dags/example_setup_teardown_taskflow.py
[2023-11-05T03:04:42.357+0000] {processor.py:829} INFO - Processing file /home/airflow/.local/lib/python3.8/site-packages/airflow/example_dags/example_setup_teardown_taskflow.py for tasks to queue
[2023-11-05T03:04:42.362+0000] {logging_mixin.py:151} INFO - [2023-11-05T03:04:42.362+0000] {dagbag.py:536} INFO - Filling up the DagBag from /home/airflow/.local/lib/python3.8/site-packages/airflow/example_dags/example_setup_teardown_taskflow.py
[2023-11-05T03:04:42.382+0000] {processor.py:839} INFO - DAG(s) dict_keys(['example_setup_teardown_taskflow']) retrieved from /home/airflow/.local/lib/python3.8/site-packages/airflow/example_dags/example_setup_teardown_taskflow.py
[2023-11-05T03:04:42.414+0000] {logging_mixin.py:151} INFO - [2023-11-05T03:04:42.414+0000] {dag.py:2941} INFO - Sync 1 DAGs
[2023-11-05T03:04:42.435+0000] {logging_mixin.py:151} INFO - [2023-11-05T03:04:42.435+0000] {dag.py:3722} INFO - Setting next_dagrun for example_setup_teardown_taskflow to 2023-11-04T03:04:42.435229+00:00, run_after=2023-11-05T03:04:42.435229+00:00
[2023-11-05T03:04:42.453+0000] {processor.py:179} INFO - Processing /home/airflow/.local/lib/python3.8/site-packages/airflow/example_dags/example_setup_teardown_taskflow.py took 0.105 seconds
[2023-11-05T03:05:12.971+0000] {processor.py:157} INFO - Started process (PID=812) to work on /home/airflow/.local/lib/python3.8/site-packages/airflow/example_dags/example_setup_teardown_taskflow.py
[2023-11-05T03:05:12.972+0000] {processor.py:829} INFO - Processing file /home/airflow/.local/lib/python3.8/site-packages/airflow/example_dags/example_setup_teardown_taskflow.py for tasks to queue
[2023-11-05T03:05:12.976+0000] {logging_mixin.py:151} INFO - [2023-11-05T03:05:12.975+0000] {dagbag.py:536} INFO - Filling up the DagBag from /home/airflow/.local/lib/python3.8/site-packages/airflow/example_dags/example_setup_teardown_taskflow.py
[2023-11-05T03:05:12.995+0000] {processor.py:839} INFO - DAG(s) dict_keys(['example_setup_teardown_taskflow']) retrieved from /home/airflow/.local/lib/python3.8/site-packages/airflow/example_dags/example_setup_teardown_taskflow.py
[2023-11-05T03:05:13.040+0000] {logging_mixin.py:151} INFO - [2023-11-05T03:05:13.039+0000] {dag.py:2941} INFO - Sync 1 DAGs
[2023-11-05T03:05:13.088+0000] {logging_mixin.py:151} INFO - [2023-11-05T03:05:13.088+0000] {dag.py:3722} INFO - Setting next_dagrun for example_setup_teardown_taskflow to 2023-11-04T03:05:13.087973+00:00, run_after=2023-11-05T03:05:13.087973+00:00
[2023-11-05T03:05:13.123+0000] {processor.py:179} INFO - Processing /home/airflow/.local/lib/python3.8/site-packages/airflow/example_dags/example_setup_teardown_taskflow.py took 0.158 seconds
[2023-11-05T03:05:43.915+0000] {processor.py:157} INFO - Started process (PID=866) to work on /home/airflow/.local/lib/python3.8/site-packages/airflow/example_dags/example_setup_teardown_taskflow.py
[2023-11-05T03:05:43.916+0000] {processor.py:829} INFO - Processing file /home/airflow/.local/lib/python3.8/site-packages/airflow/example_dags/example_setup_teardown_taskflow.py for tasks to queue
[2023-11-05T03:05:43.918+0000] {logging_mixin.py:151} INFO - [2023-11-05T03:05:43.918+0000] {dagbag.py:536} INFO - Filling up the DagBag from /home/airflow/.local/lib/python3.8/site-packages/airflow/example_dags/example_setup_teardown_taskflow.py
[2023-11-05T03:05:43.928+0000] {processor.py:839} INFO - DAG(s) dict_keys(['example_setup_teardown_taskflow']) retrieved from /home/airflow/.local/lib/python3.8/site-packages/airflow/example_dags/example_setup_teardown_taskflow.py
[2023-11-05T03:05:43.964+0000] {logging_mixin.py:151} INFO - [2023-11-05T03:05:43.963+0000] {dag.py:2941} INFO - Sync 1 DAGs
[2023-11-05T03:05:44.000+0000] {logging_mixin.py:151} INFO - [2023-11-05T03:05:44.000+0000] {dag.py:3722} INFO - Setting next_dagrun for example_setup_teardown_taskflow to 2023-11-04T03:05:44.000322+00:00, run_after=2023-11-05T03:05:44.000322+00:00
[2023-11-05T03:05:44.023+0000] {processor.py:179} INFO - Processing /home/airflow/.local/lib/python3.8/site-packages/airflow/example_dags/example_setup_teardown_taskflow.py took 0.113 seconds
[2023-11-05T03:06:14.590+0000] {processor.py:157} INFO - Started process (PID=920) to work on /home/airflow/.local/lib/python3.8/site-packages/airflow/example_dags/example_setup_teardown_taskflow.py
[2023-11-05T03:06:14.591+0000] {processor.py:829} INFO - Processing file /home/airflow/.local/lib/python3.8/site-packages/airflow/example_dags/example_setup_teardown_taskflow.py for tasks to queue
[2023-11-05T03:06:14.593+0000] {logging_mixin.py:151} INFO - [2023-11-05T03:06:14.593+0000] {dagbag.py:536} INFO - Filling up the DagBag from /home/airflow/.local/lib/python3.8/site-packages/airflow/example_dags/example_setup_teardown_taskflow.py
[2023-11-05T03:06:14.601+0000] {processor.py:839} INFO - DAG(s) dict_keys(['example_setup_teardown_taskflow']) retrieved from /home/airflow/.local/lib/python3.8/site-packages/airflow/example_dags/example_setup_teardown_taskflow.py
[2023-11-05T03:06:14.622+0000] {logging_mixin.py:151} INFO - [2023-11-05T03:06:14.622+0000] {dag.py:2941} INFO - Sync 1 DAGs
[2023-11-05T03:06:14.644+0000] {logging_mixin.py:151} INFO - [2023-11-05T03:06:14.644+0000] {dag.py:3722} INFO - Setting next_dagrun for example_setup_teardown_taskflow to 2023-11-04T03:06:14.643833+00:00, run_after=2023-11-05T03:06:14.643833+00:00
[2023-11-05T03:06:14.661+0000] {processor.py:179} INFO - Processing /home/airflow/.local/lib/python3.8/site-packages/airflow/example_dags/example_setup_teardown_taskflow.py took 0.074 seconds
[2023-11-05T03:06:45.976+0000] {processor.py:157} INFO - Started process (PID=974) to work on /home/airflow/.local/lib/python3.8/site-packages/airflow/example_dags/example_setup_teardown_taskflow.py
[2023-11-05T03:06:45.977+0000] {processor.py:829} INFO - Processing file /home/airflow/.local/lib/python3.8/site-packages/airflow/example_dags/example_setup_teardown_taskflow.py for tasks to queue
[2023-11-05T03:06:45.979+0000] {logging_mixin.py:151} INFO - [2023-11-05T03:06:45.979+0000] {dagbag.py:536} INFO - Filling up the DagBag from /home/airflow/.local/lib/python3.8/site-packages/airflow/example_dags/example_setup_teardown_taskflow.py
[2023-11-05T03:06:45.988+0000] {processor.py:839} INFO - DAG(s) dict_keys(['example_setup_teardown_taskflow']) retrieved from /home/airflow/.local/lib/python3.8/site-packages/airflow/example_dags/example_setup_teardown_taskflow.py
[2023-11-05T03:06:46.010+0000] {logging_mixin.py:151} INFO - [2023-11-05T03:06:46.010+0000] {dag.py:2941} INFO - Sync 1 DAGs
[2023-11-05T03:06:46.032+0000] {logging_mixin.py:151} INFO - [2023-11-05T03:06:46.032+0000] {dag.py:3722} INFO - Setting next_dagrun for example_setup_teardown_taskflow to 2023-11-04T03:06:46.032471+00:00, run_after=2023-11-05T03:06:46.032471+00:00
[2023-11-05T03:06:46.208+0000] {processor.py:179} INFO - Processing /home/airflow/.local/lib/python3.8/site-packages/airflow/example_dags/example_setup_teardown_taskflow.py took 0.236 seconds
[2023-11-05T03:07:16.256+0000] {processor.py:157} INFO - Started process (PID=1028) to work on /home/airflow/.local/lib/python3.8/site-packages/airflow/example_dags/example_setup_teardown_taskflow.py
[2023-11-05T03:07:16.257+0000] {processor.py:829} INFO - Processing file /home/airflow/.local/lib/python3.8/site-packages/airflow/example_dags/example_setup_teardown_taskflow.py for tasks to queue
[2023-11-05T03:07:16.259+0000] {logging_mixin.py:151} INFO - [2023-11-05T03:07:16.259+0000] {dagbag.py:536} INFO - Filling up the DagBag from /home/airflow/.local/lib/python3.8/site-packages/airflow/example_dags/example_setup_teardown_taskflow.py
[2023-11-05T03:07:16.272+0000] {processor.py:839} INFO - DAG(s) dict_keys(['example_setup_teardown_taskflow']) retrieved from /home/airflow/.local/lib/python3.8/site-packages/airflow/example_dags/example_setup_teardown_taskflow.py
[2023-11-05T03:07:16.313+0000] {logging_mixin.py:151} INFO - [2023-11-05T03:07:16.312+0000] {dag.py:2941} INFO - Sync 1 DAGs
[2023-11-05T03:07:16.348+0000] {logging_mixin.py:151} INFO - [2023-11-05T03:07:16.348+0000] {dag.py:3722} INFO - Setting next_dagrun for example_setup_teardown_taskflow to 2023-11-04T03:07:16.347894+00:00, run_after=2023-11-05T03:07:16.347894+00:00
[2023-11-05T03:07:16.369+0000] {processor.py:179} INFO - Processing /home/airflow/.local/lib/python3.8/site-packages/airflow/example_dags/example_setup_teardown_taskflow.py took 0.116 seconds
[2023-11-05T03:07:47.287+0000] {processor.py:157} INFO - Started process (PID=1082) to work on /home/airflow/.local/lib/python3.8/site-packages/airflow/example_dags/example_setup_teardown_taskflow.py
[2023-11-05T03:07:47.288+0000] {processor.py:829} INFO - Processing file /home/airflow/.local/lib/python3.8/site-packages/airflow/example_dags/example_setup_teardown_taskflow.py for tasks to queue
[2023-11-05T03:07:47.290+0000] {logging_mixin.py:151} INFO - [2023-11-05T03:07:47.290+0000] {dagbag.py:536} INFO - Filling up the DagBag from /home/airflow/.local/lib/python3.8/site-packages/airflow/example_dags/example_setup_teardown_taskflow.py
[2023-11-05T03:07:47.302+0000] {processor.py:839} INFO - DAG(s) dict_keys(['example_setup_teardown_taskflow']) retrieved from /home/airflow/.local/lib/python3.8/site-packages/airflow/example_dags/example_setup_teardown_taskflow.py
[2023-11-05T03:07:47.325+0000] {logging_mixin.py:151} INFO - [2023-11-05T03:07:47.325+0000] {dag.py:2941} INFO - Sync 1 DAGs
[2023-11-05T03:07:47.348+0000] {logging_mixin.py:151} INFO - [2023-11-05T03:07:47.347+0000] {dag.py:3722} INFO - Setting next_dagrun for example_setup_teardown_taskflow to 2023-11-04T03:07:47.347709+00:00, run_after=2023-11-05T03:07:47.347709+00:00
[2023-11-05T03:07:47.366+0000] {processor.py:179} INFO - Processing /home/airflow/.local/lib/python3.8/site-packages/airflow/example_dags/example_setup_teardown_taskflow.py took 0.084 seconds
