[2023-11-05T02:58:02.449+0000] {processor.py:157} INFO - Started process (PID=38) to work on /home/airflow/.local/lib/python3.8/site-packages/airflow/example_dags/example_short_circuit_decorator.py
[2023-11-05T02:58:02.450+0000] {processor.py:829} INFO - Processing file /home/airflow/.local/lib/python3.8/site-packages/airflow/example_dags/example_short_circuit_decorator.py for tasks to queue
[2023-11-05T02:58:02.452+0000] {logging_mixin.py:151} INFO - [2023-11-05T02:58:02.452+0000] {dagbag.py:536} INFO - Filling up the DagBag from /home/airflow/.local/lib/python3.8/site-packages/airflow/example_dags/example_short_circuit_decorator.py
[2023-11-05T02:58:02.466+0000] {processor.py:839} INFO - DAG(s) dict_keys(['example_short_circuit_decorator']) retrieved from /home/airflow/.local/lib/python3.8/site-packages/airflow/example_dags/example_short_circuit_decorator.py
[2023-11-05T02:58:02.479+0000] {logging_mixin.py:151} INFO - [2023-11-05T02:58:02.479+0000] {dag.py:2941} INFO - Sync 1 DAGs
[2023-11-05T02:58:02.506+0000] {logging_mixin.py:151} INFO - [2023-11-05T02:58:02.506+0000] {dag.py:3722} INFO - Setting next_dagrun for example_short_circuit_decorator to 2023-11-04T02:58:02.506048+00:00, run_after=2023-11-05T02:58:02.506048+00:00
[2023-11-05T02:58:02.528+0000] {processor.py:179} INFO - Processing /home/airflow/.local/lib/python3.8/site-packages/airflow/example_dags/example_short_circuit_decorator.py took 0.082 seconds
[2023-11-05T02:58:32.747+0000] {processor.py:157} INFO - Started process (PID=92) to work on /home/airflow/.local/lib/python3.8/site-packages/airflow/example_dags/example_short_circuit_decorator.py
[2023-11-05T02:58:32.747+0000] {processor.py:829} INFO - Processing file /home/airflow/.local/lib/python3.8/site-packages/airflow/example_dags/example_short_circuit_decorator.py for tasks to queue
[2023-11-05T02:58:32.749+0000] {logging_mixin.py:151} INFO - [2023-11-05T02:58:32.749+0000] {dagbag.py:536} INFO - Filling up the DagBag from /home/airflow/.local/lib/python3.8/site-packages/airflow/example_dags/example_short_circuit_decorator.py
[2023-11-05T02:58:32.759+0000] {processor.py:839} INFO - DAG(s) dict_keys(['example_short_circuit_decorator']) retrieved from /home/airflow/.local/lib/python3.8/site-packages/airflow/example_dags/example_short_circuit_decorator.py
[2023-11-05T02:58:32.785+0000] {logging_mixin.py:151} INFO - [2023-11-05T02:58:32.785+0000] {dag.py:2941} INFO - Sync 1 DAGs
[2023-11-05T02:58:32.811+0000] {logging_mixin.py:151} INFO - [2023-11-05T02:58:32.811+0000] {dag.py:3722} INFO - Setting next_dagrun for example_short_circuit_decorator to 2023-11-04T02:58:32.811426+00:00, run_after=2023-11-05T02:58:32.811426+00:00
[2023-11-05T02:58:32.832+0000] {processor.py:179} INFO - Processing /home/airflow/.local/lib/python3.8/site-packages/airflow/example_dags/example_short_circuit_decorator.py took 0.087 seconds
[2023-11-05T02:59:03.225+0000] {processor.py:157} INFO - Started process (PID=147) to work on /home/airflow/.local/lib/python3.8/site-packages/airflow/example_dags/example_short_circuit_decorator.py
[2023-11-05T02:59:03.226+0000] {processor.py:829} INFO - Processing file /home/airflow/.local/lib/python3.8/site-packages/airflow/example_dags/example_short_circuit_decorator.py for tasks to queue
[2023-11-05T02:59:03.229+0000] {logging_mixin.py:151} INFO - [2023-11-05T02:59:03.228+0000] {dagbag.py:536} INFO - Filling up the DagBag from /home/airflow/.local/lib/python3.8/site-packages/airflow/example_dags/example_short_circuit_decorator.py
[2023-11-05T02:59:03.247+0000] {processor.py:839} INFO - DAG(s) dict_keys(['example_short_circuit_decorator']) retrieved from /home/airflow/.local/lib/python3.8/site-packages/airflow/example_dags/example_short_circuit_decorator.py
[2023-11-05T02:59:03.297+0000] {logging_mixin.py:151} INFO - [2023-11-05T02:59:03.297+0000] {dag.py:2941} INFO - Sync 1 DAGs
[2023-11-05T02:59:03.348+0000] {logging_mixin.py:151} INFO - [2023-11-05T02:59:03.348+0000] {dag.py:3722} INFO - Setting next_dagrun for example_short_circuit_decorator to 2023-11-04T02:59:03.347534+00:00, run_after=2023-11-05T02:59:03.347534+00:00
[2023-11-05T02:59:03.385+0000] {processor.py:179} INFO - Processing /home/airflow/.local/lib/python3.8/site-packages/airflow/example_dags/example_short_circuit_decorator.py took 0.167 seconds
[2023-11-05T02:59:34.120+0000] {processor.py:157} INFO - Started process (PID=201) to work on /home/airflow/.local/lib/python3.8/site-packages/airflow/example_dags/example_short_circuit_decorator.py
[2023-11-05T02:59:34.122+0000] {processor.py:829} INFO - Processing file /home/airflow/.local/lib/python3.8/site-packages/airflow/example_dags/example_short_circuit_decorator.py for tasks to queue
[2023-11-05T02:59:34.126+0000] {logging_mixin.py:151} INFO - [2023-11-05T02:59:34.125+0000] {dagbag.py:536} INFO - Filling up the DagBag from /home/airflow/.local/lib/python3.8/site-packages/airflow/example_dags/example_short_circuit_decorator.py
[2023-11-05T02:59:34.141+0000] {processor.py:839} INFO - DAG(s) dict_keys(['example_short_circuit_decorator']) retrieved from /home/airflow/.local/lib/python3.8/site-packages/airflow/example_dags/example_short_circuit_decorator.py
[2023-11-05T02:59:34.176+0000] {logging_mixin.py:151} INFO - [2023-11-05T02:59:34.175+0000] {dag.py:2941} INFO - Sync 1 DAGs
[2023-11-05T02:59:34.208+0000] {logging_mixin.py:151} INFO - [2023-11-05T02:59:34.207+0000] {dag.py:3722} INFO - Setting next_dagrun for example_short_circuit_decorator to 2023-11-04T02:59:34.206927+00:00, run_after=2023-11-05T02:59:34.206927+00:00
[2023-11-05T02:59:34.254+0000] {processor.py:179} INFO - Processing /home/airflow/.local/lib/python3.8/site-packages/airflow/example_dags/example_short_circuit_decorator.py took 0.141 seconds
[2023-11-05T03:00:04.929+0000] {processor.py:157} INFO - Started process (PID=255) to work on /home/airflow/.local/lib/python3.8/site-packages/airflow/example_dags/example_short_circuit_decorator.py
[2023-11-05T03:00:04.930+0000] {processor.py:829} INFO - Processing file /home/airflow/.local/lib/python3.8/site-packages/airflow/example_dags/example_short_circuit_decorator.py for tasks to queue
[2023-11-05T03:00:04.932+0000] {logging_mixin.py:151} INFO - [2023-11-05T03:00:04.931+0000] {dagbag.py:536} INFO - Filling up the DagBag from /home/airflow/.local/lib/python3.8/site-packages/airflow/example_dags/example_short_circuit_decorator.py
[2023-11-05T03:00:04.942+0000] {processor.py:839} INFO - DAG(s) dict_keys(['example_short_circuit_decorator']) retrieved from /home/airflow/.local/lib/python3.8/site-packages/airflow/example_dags/example_short_circuit_decorator.py
[2023-11-05T03:00:04.970+0000] {logging_mixin.py:151} INFO - [2023-11-05T03:00:04.970+0000] {dag.py:2941} INFO - Sync 1 DAGs
[2023-11-05T03:00:04.998+0000] {logging_mixin.py:151} INFO - [2023-11-05T03:00:04.998+0000] {dag.py:3722} INFO - Setting next_dagrun for example_short_circuit_decorator to 2023-11-04T03:00:04.998013+00:00, run_after=2023-11-05T03:00:04.998013+00:00
[2023-11-05T03:00:05.026+0000] {processor.py:179} INFO - Processing /home/airflow/.local/lib/python3.8/site-packages/airflow/example_dags/example_short_circuit_decorator.py took 0.100 seconds
[2023-11-05T03:00:36.066+0000] {processor.py:157} INFO - Started process (PID=308) to work on /home/airflow/.local/lib/python3.8/site-packages/airflow/example_dags/example_short_circuit_decorator.py
[2023-11-05T03:00:36.067+0000] {processor.py:829} INFO - Processing file /home/airflow/.local/lib/python3.8/site-packages/airflow/example_dags/example_short_circuit_decorator.py for tasks to queue
[2023-11-05T03:00:36.069+0000] {logging_mixin.py:151} INFO - [2023-11-05T03:00:36.068+0000] {dagbag.py:536} INFO - Filling up the DagBag from /home/airflow/.local/lib/python3.8/site-packages/airflow/example_dags/example_short_circuit_decorator.py
[2023-11-05T03:00:36.079+0000] {processor.py:839} INFO - DAG(s) dict_keys(['example_short_circuit_decorator']) retrieved from /home/airflow/.local/lib/python3.8/site-packages/airflow/example_dags/example_short_circuit_decorator.py
[2023-11-05T03:00:36.107+0000] {logging_mixin.py:151} INFO - [2023-11-05T03:00:36.106+0000] {dag.py:2941} INFO - Sync 1 DAGs
[2023-11-05T03:00:36.150+0000] {logging_mixin.py:151} INFO - [2023-11-05T03:00:36.150+0000] {dag.py:3722} INFO - Setting next_dagrun for example_short_circuit_decorator to 2023-11-04T03:00:36.149703+00:00, run_after=2023-11-05T03:00:36.149703+00:00
[2023-11-05T03:00:36.188+0000] {processor.py:179} INFO - Processing /home/airflow/.local/lib/python3.8/site-packages/airflow/example_dags/example_short_circuit_decorator.py took 0.124 seconds
[2023-11-05T03:01:06.458+0000] {processor.py:157} INFO - Started process (PID=363) to work on /home/airflow/.local/lib/python3.8/site-packages/airflow/example_dags/example_short_circuit_decorator.py
[2023-11-05T03:01:06.458+0000] {processor.py:829} INFO - Processing file /home/airflow/.local/lib/python3.8/site-packages/airflow/example_dags/example_short_circuit_decorator.py for tasks to queue
[2023-11-05T03:01:06.460+0000] {logging_mixin.py:151} INFO - [2023-11-05T03:01:06.460+0000] {dagbag.py:536} INFO - Filling up the DagBag from /home/airflow/.local/lib/python3.8/site-packages/airflow/example_dags/example_short_circuit_decorator.py
[2023-11-05T03:01:06.469+0000] {processor.py:839} INFO - DAG(s) dict_keys(['example_short_circuit_decorator']) retrieved from /home/airflow/.local/lib/python3.8/site-packages/airflow/example_dags/example_short_circuit_decorator.py
[2023-11-05T03:01:06.494+0000] {logging_mixin.py:151} INFO - [2023-11-05T03:01:06.494+0000] {dag.py:2941} INFO - Sync 1 DAGs
[2023-11-05T03:01:06.518+0000] {logging_mixin.py:151} INFO - [2023-11-05T03:01:06.518+0000] {dag.py:3722} INFO - Setting next_dagrun for example_short_circuit_decorator to 2023-11-04T03:01:06.518070+00:00, run_after=2023-11-05T03:01:06.518070+00:00
[2023-11-05T03:01:06.541+0000] {processor.py:179} INFO - Processing /home/airflow/.local/lib/python3.8/site-packages/airflow/example_dags/example_short_circuit_decorator.py took 0.087 seconds
[2023-11-05T03:01:36.721+0000] {processor.py:157} INFO - Started process (PID=416) to work on /home/airflow/.local/lib/python3.8/site-packages/airflow/example_dags/example_short_circuit_decorator.py
[2023-11-05T03:01:36.722+0000] {processor.py:829} INFO - Processing file /home/airflow/.local/lib/python3.8/site-packages/airflow/example_dags/example_short_circuit_decorator.py for tasks to queue
[2023-11-05T03:01:36.725+0000] {logging_mixin.py:151} INFO - [2023-11-05T03:01:36.725+0000] {dagbag.py:536} INFO - Filling up the DagBag from /home/airflow/.local/lib/python3.8/site-packages/airflow/example_dags/example_short_circuit_decorator.py
[2023-11-05T03:01:36.743+0000] {processor.py:839} INFO - DAG(s) dict_keys(['example_short_circuit_decorator']) retrieved from /home/airflow/.local/lib/python3.8/site-packages/airflow/example_dags/example_short_circuit_decorator.py
[2023-11-05T03:01:36.780+0000] {logging_mixin.py:151} INFO - [2023-11-05T03:01:36.780+0000] {dag.py:2941} INFO - Sync 1 DAGs
[2023-11-05T03:01:36.837+0000] {logging_mixin.py:151} INFO - [2023-11-05T03:01:36.837+0000] {dag.py:3722} INFO - Setting next_dagrun for example_short_circuit_decorator to 2023-11-04T03:01:36.836616+00:00, run_after=2023-11-05T03:01:36.836616+00:00
[2023-11-05T03:01:36.877+0000] {processor.py:179} INFO - Processing /home/airflow/.local/lib/python3.8/site-packages/airflow/example_dags/example_short_circuit_decorator.py took 0.163 seconds
[2023-11-05T03:02:07.043+0000] {processor.py:157} INFO - Started process (PID=470) to work on /home/airflow/.local/lib/python3.8/site-packages/airflow/example_dags/example_short_circuit_decorator.py
[2023-11-05T03:02:07.043+0000] {processor.py:829} INFO - Processing file /home/airflow/.local/lib/python3.8/site-packages/airflow/example_dags/example_short_circuit_decorator.py for tasks to queue
[2023-11-05T03:02:07.045+0000] {logging_mixin.py:151} INFO - [2023-11-05T03:02:07.045+0000] {dagbag.py:536} INFO - Filling up the DagBag from /home/airflow/.local/lib/python3.8/site-packages/airflow/example_dags/example_short_circuit_decorator.py
[2023-11-05T03:02:07.053+0000] {processor.py:839} INFO - DAG(s) dict_keys(['example_short_circuit_decorator']) retrieved from /home/airflow/.local/lib/python3.8/site-packages/airflow/example_dags/example_short_circuit_decorator.py
[2023-11-05T03:02:07.077+0000] {logging_mixin.py:151} INFO - [2023-11-05T03:02:07.077+0000] {dag.py:2941} INFO - Sync 1 DAGs
[2023-11-05T03:02:07.100+0000] {logging_mixin.py:151} INFO - [2023-11-05T03:02:07.100+0000] {dag.py:3722} INFO - Setting next_dagrun for example_short_circuit_decorator to 2023-11-04T03:02:07.099968+00:00, run_after=2023-11-05T03:02:07.099968+00:00
[2023-11-05T03:02:07.122+0000] {processor.py:179} INFO - Processing /home/airflow/.local/lib/python3.8/site-packages/airflow/example_dags/example_short_circuit_decorator.py took 0.082 seconds
[2023-11-05T03:02:37.206+0000] {processor.py:157} INFO - Started process (PID=523) to work on /home/airflow/.local/lib/python3.8/site-packages/airflow/example_dags/example_short_circuit_decorator.py
[2023-11-05T03:02:37.207+0000] {processor.py:829} INFO - Processing file /home/airflow/.local/lib/python3.8/site-packages/airflow/example_dags/example_short_circuit_decorator.py for tasks to queue
[2023-11-05T03:02:37.209+0000] {logging_mixin.py:151} INFO - [2023-11-05T03:02:37.209+0000] {dagbag.py:536} INFO - Filling up the DagBag from /home/airflow/.local/lib/python3.8/site-packages/airflow/example_dags/example_short_circuit_decorator.py
[2023-11-05T03:02:37.217+0000] {processor.py:839} INFO - DAG(s) dict_keys(['example_short_circuit_decorator']) retrieved from /home/airflow/.local/lib/python3.8/site-packages/airflow/example_dags/example_short_circuit_decorator.py
[2023-11-05T03:02:37.243+0000] {logging_mixin.py:151} INFO - [2023-11-05T03:02:37.242+0000] {dag.py:2941} INFO - Sync 1 DAGs
[2023-11-05T03:02:37.266+0000] {logging_mixin.py:151} INFO - [2023-11-05T03:02:37.266+0000] {dag.py:3722} INFO - Setting next_dagrun for example_short_circuit_decorator to 2023-11-04T03:02:37.265933+00:00, run_after=2023-11-05T03:02:37.265933+00:00
[2023-11-05T03:02:37.287+0000] {processor.py:179} INFO - Processing /home/airflow/.local/lib/python3.8/site-packages/airflow/example_dags/example_short_circuit_decorator.py took 0.086 seconds
[2023-11-05T03:03:07.862+0000] {processor.py:157} INFO - Started process (PID=577) to work on /home/airflow/.local/lib/python3.8/site-packages/airflow/example_dags/example_short_circuit_decorator.py
[2023-11-05T03:03:07.862+0000] {processor.py:829} INFO - Processing file /home/airflow/.local/lib/python3.8/site-packages/airflow/example_dags/example_short_circuit_decorator.py for tasks to queue
[2023-11-05T03:03:07.865+0000] {logging_mixin.py:151} INFO - [2023-11-05T03:03:07.864+0000] {dagbag.py:536} INFO - Filling up the DagBag from /home/airflow/.local/lib/python3.8/site-packages/airflow/example_dags/example_short_circuit_decorator.py
[2023-11-05T03:03:07.873+0000] {processor.py:839} INFO - DAG(s) dict_keys(['example_short_circuit_decorator']) retrieved from /home/airflow/.local/lib/python3.8/site-packages/airflow/example_dags/example_short_circuit_decorator.py
[2023-11-05T03:03:07.896+0000] {logging_mixin.py:151} INFO - [2023-11-05T03:03:07.896+0000] {dag.py:2941} INFO - Sync 1 DAGs
[2023-11-05T03:03:07.920+0000] {logging_mixin.py:151} INFO - [2023-11-05T03:03:07.920+0000] {dag.py:3722} INFO - Setting next_dagrun for example_short_circuit_decorator to 2023-11-04T03:03:07.920019+00:00, run_after=2023-11-05T03:03:07.920019+00:00
[2023-11-05T03:03:07.945+0000] {processor.py:179} INFO - Processing /home/airflow/.local/lib/python3.8/site-packages/airflow/example_dags/example_short_circuit_decorator.py took 0.087 seconds
[2023-11-05T03:03:38.055+0000] {processor.py:157} INFO - Started process (PID=631) to work on /home/airflow/.local/lib/python3.8/site-packages/airflow/example_dags/example_short_circuit_decorator.py
[2023-11-05T03:03:38.056+0000] {processor.py:829} INFO - Processing file /home/airflow/.local/lib/python3.8/site-packages/airflow/example_dags/example_short_circuit_decorator.py for tasks to queue
[2023-11-05T03:03:38.059+0000] {logging_mixin.py:151} INFO - [2023-11-05T03:03:38.058+0000] {dagbag.py:536} INFO - Filling up the DagBag from /home/airflow/.local/lib/python3.8/site-packages/airflow/example_dags/example_short_circuit_decorator.py
[2023-11-05T03:03:38.067+0000] {processor.py:839} INFO - DAG(s) dict_keys(['example_short_circuit_decorator']) retrieved from /home/airflow/.local/lib/python3.8/site-packages/airflow/example_dags/example_short_circuit_decorator.py
[2023-11-05T03:03:38.088+0000] {logging_mixin.py:151} INFO - [2023-11-05T03:03:38.088+0000] {dag.py:2941} INFO - Sync 1 DAGs
[2023-11-05T03:03:38.113+0000] {logging_mixin.py:151} INFO - [2023-11-05T03:03:38.113+0000] {dag.py:3722} INFO - Setting next_dagrun for example_short_circuit_decorator to 2023-11-04T03:03:38.113086+00:00, run_after=2023-11-05T03:03:38.113086+00:00
[2023-11-05T03:03:38.132+0000] {processor.py:179} INFO - Processing /home/airflow/.local/lib/python3.8/site-packages/airflow/example_dags/example_short_circuit_decorator.py took 0.080 seconds
[2023-11-05T03:04:08.690+0000] {processor.py:157} INFO - Started process (PID=685) to work on /home/airflow/.local/lib/python3.8/site-packages/airflow/example_dags/example_short_circuit_decorator.py
[2023-11-05T03:04:08.691+0000] {processor.py:829} INFO - Processing file /home/airflow/.local/lib/python3.8/site-packages/airflow/example_dags/example_short_circuit_decorator.py for tasks to queue
[2023-11-05T03:04:08.692+0000] {logging_mixin.py:151} INFO - [2023-11-05T03:04:08.692+0000] {dagbag.py:536} INFO - Filling up the DagBag from /home/airflow/.local/lib/python3.8/site-packages/airflow/example_dags/example_short_circuit_decorator.py
[2023-11-05T03:04:08.701+0000] {processor.py:839} INFO - DAG(s) dict_keys(['example_short_circuit_decorator']) retrieved from /home/airflow/.local/lib/python3.8/site-packages/airflow/example_dags/example_short_circuit_decorator.py
[2023-11-05T03:04:08.727+0000] {logging_mixin.py:151} INFO - [2023-11-05T03:04:08.727+0000] {dag.py:2941} INFO - Sync 1 DAGs
[2023-11-05T03:04:08.764+0000] {logging_mixin.py:151} INFO - [2023-11-05T03:04:08.763+0000] {dag.py:3722} INFO - Setting next_dagrun for example_short_circuit_decorator to 2023-11-04T03:04:08.763559+00:00, run_after=2023-11-05T03:04:08.763559+00:00
[2023-11-05T03:04:08.785+0000] {processor.py:179} INFO - Processing /home/airflow/.local/lib/python3.8/site-packages/airflow/example_dags/example_short_circuit_decorator.py took 0.098 seconds
[2023-11-05T03:04:39.020+0000] {processor.py:157} INFO - Started process (PID=740) to work on /home/airflow/.local/lib/python3.8/site-packages/airflow/example_dags/example_short_circuit_decorator.py
[2023-11-05T03:04:39.022+0000] {processor.py:829} INFO - Processing file /home/airflow/.local/lib/python3.8/site-packages/airflow/example_dags/example_short_circuit_decorator.py for tasks to queue
[2023-11-05T03:04:39.026+0000] {logging_mixin.py:151} INFO - [2023-11-05T03:04:39.025+0000] {dagbag.py:536} INFO - Filling up the DagBag from /home/airflow/.local/lib/python3.8/site-packages/airflow/example_dags/example_short_circuit_decorator.py
[2023-11-05T03:04:39.044+0000] {processor.py:839} INFO - DAG(s) dict_keys(['example_short_circuit_decorator']) retrieved from /home/airflow/.local/lib/python3.8/site-packages/airflow/example_dags/example_short_circuit_decorator.py
[2023-11-05T03:04:39.084+0000] {logging_mixin.py:151} INFO - [2023-11-05T03:04:39.084+0000] {dag.py:2941} INFO - Sync 1 DAGs
[2023-11-05T03:04:39.123+0000] {logging_mixin.py:151} INFO - [2023-11-05T03:04:39.123+0000] {dag.py:3722} INFO - Setting next_dagrun for example_short_circuit_decorator to 2023-11-04T03:04:39.123108+00:00, run_after=2023-11-05T03:04:39.123108+00:00
[2023-11-05T03:04:39.160+0000] {processor.py:179} INFO - Processing /home/airflow/.local/lib/python3.8/site-packages/airflow/example_dags/example_short_circuit_decorator.py took 0.146 seconds
[2023-11-05T03:05:09.389+0000] {processor.py:157} INFO - Started process (PID=794) to work on /home/airflow/.local/lib/python3.8/site-packages/airflow/example_dags/example_short_circuit_decorator.py
[2023-11-05T03:05:09.390+0000] {processor.py:829} INFO - Processing file /home/airflow/.local/lib/python3.8/site-packages/airflow/example_dags/example_short_circuit_decorator.py for tasks to queue
[2023-11-05T03:05:09.392+0000] {logging_mixin.py:151} INFO - [2023-11-05T03:05:09.391+0000] {dagbag.py:536} INFO - Filling up the DagBag from /home/airflow/.local/lib/python3.8/site-packages/airflow/example_dags/example_short_circuit_decorator.py
[2023-11-05T03:05:09.399+0000] {processor.py:839} INFO - DAG(s) dict_keys(['example_short_circuit_decorator']) retrieved from /home/airflow/.local/lib/python3.8/site-packages/airflow/example_dags/example_short_circuit_decorator.py
[2023-11-05T03:05:09.422+0000] {logging_mixin.py:151} INFO - [2023-11-05T03:05:09.421+0000] {dag.py:2941} INFO - Sync 1 DAGs
[2023-11-05T03:05:09.442+0000] {logging_mixin.py:151} INFO - [2023-11-05T03:05:09.442+0000] {dag.py:3722} INFO - Setting next_dagrun for example_short_circuit_decorator to 2023-11-04T03:05:09.441893+00:00, run_after=2023-11-05T03:05:09.441893+00:00
[2023-11-05T03:05:09.460+0000] {processor.py:179} INFO - Processing /home/airflow/.local/lib/python3.8/site-packages/airflow/example_dags/example_short_circuit_decorator.py took 0.073 seconds
[2023-11-05T03:05:39.670+0000] {processor.py:157} INFO - Started process (PID=848) to work on /home/airflow/.local/lib/python3.8/site-packages/airflow/example_dags/example_short_circuit_decorator.py
[2023-11-05T03:05:39.672+0000] {processor.py:829} INFO - Processing file /home/airflow/.local/lib/python3.8/site-packages/airflow/example_dags/example_short_circuit_decorator.py for tasks to queue
[2023-11-05T03:05:39.676+0000] {logging_mixin.py:151} INFO - [2023-11-05T03:05:39.675+0000] {dagbag.py:536} INFO - Filling up the DagBag from /home/airflow/.local/lib/python3.8/site-packages/airflow/example_dags/example_short_circuit_decorator.py
[2023-11-05T03:05:39.689+0000] {processor.py:839} INFO - DAG(s) dict_keys(['example_short_circuit_decorator']) retrieved from /home/airflow/.local/lib/python3.8/site-packages/airflow/example_dags/example_short_circuit_decorator.py
[2023-11-05T03:05:39.715+0000] {logging_mixin.py:151} INFO - [2023-11-05T03:05:39.714+0000] {dag.py:2941} INFO - Sync 1 DAGs
[2023-11-05T03:05:39.735+0000] {logging_mixin.py:151} INFO - [2023-11-05T03:05:39.735+0000] {dag.py:3722} INFO - Setting next_dagrun for example_short_circuit_decorator to 2023-11-04T03:05:39.735313+00:00, run_after=2023-11-05T03:05:39.735313+00:00
[2023-11-05T03:05:39.753+0000] {processor.py:179} INFO - Processing /home/airflow/.local/lib/python3.8/site-packages/airflow/example_dags/example_short_circuit_decorator.py took 0.088 seconds
[2023-11-05T03:06:09.972+0000] {processor.py:157} INFO - Started process (PID=902) to work on /home/airflow/.local/lib/python3.8/site-packages/airflow/example_dags/example_short_circuit_decorator.py
[2023-11-05T03:06:09.973+0000] {processor.py:829} INFO - Processing file /home/airflow/.local/lib/python3.8/site-packages/airflow/example_dags/example_short_circuit_decorator.py for tasks to queue
[2023-11-05T03:06:09.975+0000] {logging_mixin.py:151} INFO - [2023-11-05T03:06:09.975+0000] {dagbag.py:536} INFO - Filling up the DagBag from /home/airflow/.local/lib/python3.8/site-packages/airflow/example_dags/example_short_circuit_decorator.py
[2023-11-05T03:06:09.985+0000] {processor.py:839} INFO - DAG(s) dict_keys(['example_short_circuit_decorator']) retrieved from /home/airflow/.local/lib/python3.8/site-packages/airflow/example_dags/example_short_circuit_decorator.py
[2023-11-05T03:06:10.013+0000] {logging_mixin.py:151} INFO - [2023-11-05T03:06:10.013+0000] {dag.py:2941} INFO - Sync 1 DAGs
[2023-11-05T03:06:10.039+0000] {logging_mixin.py:151} INFO - [2023-11-05T03:06:10.039+0000] {dag.py:3722} INFO - Setting next_dagrun for example_short_circuit_decorator to 2023-11-04T03:06:10.038935+00:00, run_after=2023-11-05T03:06:10.038935+00:00
[2023-11-05T03:06:10.222+0000] {processor.py:179} INFO - Processing /home/airflow/.local/lib/python3.8/site-packages/airflow/example_dags/example_short_circuit_decorator.py took 0.252 seconds
[2023-11-05T03:06:41.081+0000] {processor.py:157} INFO - Started process (PID=956) to work on /home/airflow/.local/lib/python3.8/site-packages/airflow/example_dags/example_short_circuit_decorator.py
[2023-11-05T03:06:41.083+0000] {processor.py:829} INFO - Processing file /home/airflow/.local/lib/python3.8/site-packages/airflow/example_dags/example_short_circuit_decorator.py for tasks to queue
[2023-11-05T03:06:41.087+0000] {logging_mixin.py:151} INFO - [2023-11-05T03:06:41.086+0000] {dagbag.py:536} INFO - Filling up the DagBag from /home/airflow/.local/lib/python3.8/site-packages/airflow/example_dags/example_short_circuit_decorator.py
[2023-11-05T03:06:41.106+0000] {processor.py:839} INFO - DAG(s) dict_keys(['example_short_circuit_decorator']) retrieved from /home/airflow/.local/lib/python3.8/site-packages/airflow/example_dags/example_short_circuit_decorator.py
[2023-11-05T03:06:41.139+0000] {logging_mixin.py:151} INFO - [2023-11-05T03:06:41.138+0000] {dag.py:2941} INFO - Sync 1 DAGs
[2023-11-05T03:06:41.159+0000] {logging_mixin.py:151} INFO - [2023-11-05T03:06:41.159+0000] {dag.py:3722} INFO - Setting next_dagrun for example_short_circuit_decorator to 2023-11-04T03:06:41.159288+00:00, run_after=2023-11-05T03:06:41.159288+00:00
[2023-11-05T03:06:41.178+0000] {processor.py:179} INFO - Processing /home/airflow/.local/lib/python3.8/site-packages/airflow/example_dags/example_short_circuit_decorator.py took 0.103 seconds
[2023-11-05T03:07:11.536+0000] {processor.py:157} INFO - Started process (PID=1010) to work on /home/airflow/.local/lib/python3.8/site-packages/airflow/example_dags/example_short_circuit_decorator.py
[2023-11-05T03:07:11.538+0000] {processor.py:829} INFO - Processing file /home/airflow/.local/lib/python3.8/site-packages/airflow/example_dags/example_short_circuit_decorator.py for tasks to queue
[2023-11-05T03:07:11.543+0000] {logging_mixin.py:151} INFO - [2023-11-05T03:07:11.542+0000] {dagbag.py:536} INFO - Filling up the DagBag from /home/airflow/.local/lib/python3.8/site-packages/airflow/example_dags/example_short_circuit_decorator.py
[2023-11-05T03:07:11.561+0000] {processor.py:839} INFO - DAG(s) dict_keys(['example_short_circuit_decorator']) retrieved from /home/airflow/.local/lib/python3.8/site-packages/airflow/example_dags/example_short_circuit_decorator.py
[2023-11-05T03:07:11.598+0000] {logging_mixin.py:151} INFO - [2023-11-05T03:07:11.598+0000] {dag.py:2941} INFO - Sync 1 DAGs
[2023-11-05T03:07:11.625+0000] {logging_mixin.py:151} INFO - [2023-11-05T03:07:11.624+0000] {dag.py:3722} INFO - Setting next_dagrun for example_short_circuit_decorator to 2023-11-04T03:07:11.624607+00:00, run_after=2023-11-05T03:07:11.624607+00:00
[2023-11-05T03:07:11.647+0000] {processor.py:179} INFO - Processing /home/airflow/.local/lib/python3.8/site-packages/airflow/example_dags/example_short_circuit_decorator.py took 0.117 seconds
[2023-11-05T03:07:41.969+0000] {processor.py:157} INFO - Started process (PID=1064) to work on /home/airflow/.local/lib/python3.8/site-packages/airflow/example_dags/example_short_circuit_decorator.py
[2023-11-05T03:07:41.970+0000] {processor.py:829} INFO - Processing file /home/airflow/.local/lib/python3.8/site-packages/airflow/example_dags/example_short_circuit_decorator.py for tasks to queue
[2023-11-05T03:07:41.975+0000] {logging_mixin.py:151} INFO - [2023-11-05T03:07:41.974+0000] {dagbag.py:536} INFO - Filling up the DagBag from /home/airflow/.local/lib/python3.8/site-packages/airflow/example_dags/example_short_circuit_decorator.py
[2023-11-05T03:07:41.995+0000] {processor.py:839} INFO - DAG(s) dict_keys(['example_short_circuit_decorator']) retrieved from /home/airflow/.local/lib/python3.8/site-packages/airflow/example_dags/example_short_circuit_decorator.py
[2023-11-05T03:07:42.037+0000] {logging_mixin.py:151} INFO - [2023-11-05T03:07:42.036+0000] {dag.py:2941} INFO - Sync 1 DAGs
[2023-11-05T03:07:42.061+0000] {logging_mixin.py:151} INFO - [2023-11-05T03:07:42.061+0000] {dag.py:3722} INFO - Setting next_dagrun for example_short_circuit_decorator to 2023-11-04T03:07:42.060798+00:00, run_after=2023-11-05T03:07:42.060798+00:00
[2023-11-05T03:07:42.082+0000] {processor.py:179} INFO - Processing /home/airflow/.local/lib/python3.8/site-packages/airflow/example_dags/example_short_circuit_decorator.py took 0.120 seconds
