[2023-11-05T02:58:03.564+0000] {processor.py:157} INFO - Started process (PID=55) to work on /home/airflow/.local/lib/python3.8/site-packages/airflow/example_dags/example_latest_only_with_trigger.py
[2023-11-05T02:58:03.565+0000] {processor.py:829} INFO - Processing file /home/airflow/.local/lib/python3.8/site-packages/airflow/example_dags/example_latest_only_with_trigger.py for tasks to queue
[2023-11-05T02:58:03.567+0000] {logging_mixin.py:151} INFO - [2023-11-05T02:58:03.567+0000] {dagbag.py:536} INFO - Filling up the DagBag from /home/airflow/.local/lib/python3.8/site-packages/airflow/example_dags/example_latest_only_with_trigger.py
[2023-11-05T02:58:03.581+0000] {processor.py:839} INFO - DAG(s) dict_keys(['latest_only_with_trigger']) retrieved from /home/airflow/.local/lib/python3.8/site-packages/airflow/example_dags/example_latest_only_with_trigger.py
[2023-11-05T02:58:03.599+0000] {logging_mixin.py:151} INFO - [2023-11-05T02:58:03.598+0000] {dag.py:2941} INFO - Sync 1 DAGs
[2023-11-05T02:58:03.642+0000] {logging_mixin.py:151} INFO - [2023-11-05T02:58:03.641+0000] {dag.py:3722} INFO - Setting next_dagrun for latest_only_with_trigger to 2023-11-04T22:58:03.641124+00:00, run_after=2023-11-05T02:58:03.641124+00:00
[2023-11-05T02:58:03.674+0000] {processor.py:179} INFO - Processing /home/airflow/.local/lib/python3.8/site-packages/airflow/example_dags/example_latest_only_with_trigger.py took 0.114 seconds
[2023-11-05T02:58:33.925+0000] {processor.py:157} INFO - Started process (PID=109) to work on /home/airflow/.local/lib/python3.8/site-packages/airflow/example_dags/example_latest_only_with_trigger.py
[2023-11-05T02:58:33.927+0000] {processor.py:829} INFO - Processing file /home/airflow/.local/lib/python3.8/site-packages/airflow/example_dags/example_latest_only_with_trigger.py for tasks to queue
[2023-11-05T02:58:33.930+0000] {logging_mixin.py:151} INFO - [2023-11-05T02:58:33.930+0000] {dagbag.py:536} INFO - Filling up the DagBag from /home/airflow/.local/lib/python3.8/site-packages/airflow/example_dags/example_latest_only_with_trigger.py
[2023-11-05T02:58:33.942+0000] {processor.py:839} INFO - DAG(s) dict_keys(['latest_only_with_trigger']) retrieved from /home/airflow/.local/lib/python3.8/site-packages/airflow/example_dags/example_latest_only_with_trigger.py
[2023-11-05T02:58:33.984+0000] {logging_mixin.py:151} INFO - [2023-11-05T02:58:33.983+0000] {dag.py:2941} INFO - Sync 1 DAGs
[2023-11-05T02:58:34.033+0000] {logging_mixin.py:151} INFO - [2023-11-05T02:58:34.032+0000] {dag.py:3722} INFO - Setting next_dagrun for latest_only_with_trigger to 2023-11-04T22:58:34.032407+00:00, run_after=2023-11-05T02:58:34.032407+00:00
[2023-11-05T02:58:34.067+0000] {processor.py:179} INFO - Processing /home/airflow/.local/lib/python3.8/site-packages/airflow/example_dags/example_latest_only_with_trigger.py took 0.151 seconds
[2023-11-05T02:59:04.718+0000] {processor.py:157} INFO - Started process (PID=164) to work on /home/airflow/.local/lib/python3.8/site-packages/airflow/example_dags/example_latest_only_with_trigger.py
[2023-11-05T02:59:04.719+0000] {processor.py:829} INFO - Processing file /home/airflow/.local/lib/python3.8/site-packages/airflow/example_dags/example_latest_only_with_trigger.py for tasks to queue
[2023-11-05T02:59:04.724+0000] {logging_mixin.py:151} INFO - [2023-11-05T02:59:04.723+0000] {dagbag.py:536} INFO - Filling up the DagBag from /home/airflow/.local/lib/python3.8/site-packages/airflow/example_dags/example_latest_only_with_trigger.py
[2023-11-05T02:59:04.735+0000] {processor.py:839} INFO - DAG(s) dict_keys(['latest_only_with_trigger']) retrieved from /home/airflow/.local/lib/python3.8/site-packages/airflow/example_dags/example_latest_only_with_trigger.py
[2023-11-05T02:59:04.793+0000] {logging_mixin.py:151} INFO - [2023-11-05T02:59:04.793+0000] {dag.py:2941} INFO - Sync 1 DAGs
[2023-11-05T02:59:04.834+0000] {logging_mixin.py:151} INFO - [2023-11-05T02:59:04.833+0000] {dag.py:3722} INFO - Setting next_dagrun for latest_only_with_trigger to 2023-11-04T22:59:04.833504+00:00, run_after=2023-11-05T02:59:04.833504+00:00
[2023-11-05T02:59:04.858+0000] {processor.py:179} INFO - Processing /home/airflow/.local/lib/python3.8/site-packages/airflow/example_dags/example_latest_only_with_trigger.py took 0.147 seconds
[2023-11-05T02:59:35.491+0000] {processor.py:157} INFO - Started process (PID=218) to work on /home/airflow/.local/lib/python3.8/site-packages/airflow/example_dags/example_latest_only_with_trigger.py
[2023-11-05T02:59:35.492+0000] {processor.py:829} INFO - Processing file /home/airflow/.local/lib/python3.8/site-packages/airflow/example_dags/example_latest_only_with_trigger.py for tasks to queue
[2023-11-05T02:59:35.496+0000] {logging_mixin.py:151} INFO - [2023-11-05T02:59:35.496+0000] {dagbag.py:536} INFO - Filling up the DagBag from /home/airflow/.local/lib/python3.8/site-packages/airflow/example_dags/example_latest_only_with_trigger.py
[2023-11-05T02:59:35.508+0000] {processor.py:839} INFO - DAG(s) dict_keys(['latest_only_with_trigger']) retrieved from /home/airflow/.local/lib/python3.8/site-packages/airflow/example_dags/example_latest_only_with_trigger.py
[2023-11-05T02:59:35.550+0000] {logging_mixin.py:151} INFO - [2023-11-05T02:59:35.549+0000] {dag.py:2941} INFO - Sync 1 DAGs
[2023-11-05T02:59:35.599+0000] {logging_mixin.py:151} INFO - [2023-11-05T02:59:35.598+0000] {dag.py:3722} INFO - Setting next_dagrun for latest_only_with_trigger to 2023-11-04T22:59:35.598235+00:00, run_after=2023-11-05T02:59:35.598235+00:00
[2023-11-05T02:59:35.638+0000] {processor.py:179} INFO - Processing /home/airflow/.local/lib/python3.8/site-packages/airflow/example_dags/example_latest_only_with_trigger.py took 0.154 seconds
[2023-11-05T03:00:06.609+0000] {processor.py:157} INFO - Started process (PID=272) to work on /home/airflow/.local/lib/python3.8/site-packages/airflow/example_dags/example_latest_only_with_trigger.py
[2023-11-05T03:00:06.611+0000] {processor.py:829} INFO - Processing file /home/airflow/.local/lib/python3.8/site-packages/airflow/example_dags/example_latest_only_with_trigger.py for tasks to queue
[2023-11-05T03:00:06.613+0000] {logging_mixin.py:151} INFO - [2023-11-05T03:00:06.612+0000] {dagbag.py:536} INFO - Filling up the DagBag from /home/airflow/.local/lib/python3.8/site-packages/airflow/example_dags/example_latest_only_with_trigger.py
[2023-11-05T03:00:06.618+0000] {processor.py:839} INFO - DAG(s) dict_keys(['latest_only_with_trigger']) retrieved from /home/airflow/.local/lib/python3.8/site-packages/airflow/example_dags/example_latest_only_with_trigger.py
[2023-11-05T03:00:06.640+0000] {logging_mixin.py:151} INFO - [2023-11-05T03:00:06.640+0000] {dag.py:2941} INFO - Sync 1 DAGs
[2023-11-05T03:00:06.662+0000] {logging_mixin.py:151} INFO - [2023-11-05T03:00:06.662+0000] {dag.py:3722} INFO - Setting next_dagrun for latest_only_with_trigger to 2023-11-04T23:00:06.662113+00:00, run_after=2023-11-05T03:00:06.662113+00:00
[2023-11-05T03:00:06.681+0000] {processor.py:179} INFO - Processing /home/airflow/.local/lib/python3.8/site-packages/airflow/example_dags/example_latest_only_with_trigger.py took 0.077 seconds
[2023-11-05T03:00:37.840+0000] {processor.py:157} INFO - Started process (PID=325) to work on /home/airflow/.local/lib/python3.8/site-packages/airflow/example_dags/example_latest_only_with_trigger.py
[2023-11-05T03:00:37.842+0000] {processor.py:829} INFO - Processing file /home/airflow/.local/lib/python3.8/site-packages/airflow/example_dags/example_latest_only_with_trigger.py for tasks to queue
[2023-11-05T03:00:37.844+0000] {logging_mixin.py:151} INFO - [2023-11-05T03:00:37.844+0000] {dagbag.py:536} INFO - Filling up the DagBag from /home/airflow/.local/lib/python3.8/site-packages/airflow/example_dags/example_latest_only_with_trigger.py
[2023-11-05T03:00:37.850+0000] {processor.py:839} INFO - DAG(s) dict_keys(['latest_only_with_trigger']) retrieved from /home/airflow/.local/lib/python3.8/site-packages/airflow/example_dags/example_latest_only_with_trigger.py
[2023-11-05T03:00:37.879+0000] {logging_mixin.py:151} INFO - [2023-11-05T03:00:37.879+0000] {dag.py:2941} INFO - Sync 1 DAGs
[2023-11-05T03:00:37.913+0000] {logging_mixin.py:151} INFO - [2023-11-05T03:00:37.913+0000] {dag.py:3722} INFO - Setting next_dagrun for latest_only_with_trigger to 2023-11-04T23:00:37.913313+00:00, run_after=2023-11-05T03:00:37.913313+00:00
[2023-11-05T03:00:37.943+0000] {processor.py:179} INFO - Processing /home/airflow/.local/lib/python3.8/site-packages/airflow/example_dags/example_latest_only_with_trigger.py took 0.109 seconds
[2023-11-05T03:01:08.191+0000] {processor.py:157} INFO - Started process (PID=380) to work on /home/airflow/.local/lib/python3.8/site-packages/airflow/example_dags/example_latest_only_with_trigger.py
[2023-11-05T03:01:08.193+0000] {processor.py:829} INFO - Processing file /home/airflow/.local/lib/python3.8/site-packages/airflow/example_dags/example_latest_only_with_trigger.py for tasks to queue
[2023-11-05T03:01:08.195+0000] {logging_mixin.py:151} INFO - [2023-11-05T03:01:08.195+0000] {dagbag.py:536} INFO - Filling up the DagBag from /home/airflow/.local/lib/python3.8/site-packages/airflow/example_dags/example_latest_only_with_trigger.py
[2023-11-05T03:01:08.206+0000] {processor.py:839} INFO - DAG(s) dict_keys(['latest_only_with_trigger']) retrieved from /home/airflow/.local/lib/python3.8/site-packages/airflow/example_dags/example_latest_only_with_trigger.py
[2023-11-05T03:01:08.249+0000] {logging_mixin.py:151} INFO - [2023-11-05T03:01:08.249+0000] {dag.py:2941} INFO - Sync 1 DAGs
[2023-11-05T03:01:08.281+0000] {logging_mixin.py:151} INFO - [2023-11-05T03:01:08.280+0000] {dag.py:3722} INFO - Setting next_dagrun for latest_only_with_trigger to 2023-11-04T23:01:08.280626+00:00, run_after=2023-11-05T03:01:08.280626+00:00
[2023-11-05T03:01:08.304+0000] {processor.py:179} INFO - Processing /home/airflow/.local/lib/python3.8/site-packages/airflow/example_dags/example_latest_only_with_trigger.py took 0.118 seconds
[2023-11-05T03:01:38.377+0000] {processor.py:157} INFO - Started process (PID=433) to work on /home/airflow/.local/lib/python3.8/site-packages/airflow/example_dags/example_latest_only_with_trigger.py
[2023-11-05T03:01:38.378+0000] {processor.py:829} INFO - Processing file /home/airflow/.local/lib/python3.8/site-packages/airflow/example_dags/example_latest_only_with_trigger.py for tasks to queue
[2023-11-05T03:01:38.380+0000] {logging_mixin.py:151} INFO - [2023-11-05T03:01:38.379+0000] {dagbag.py:536} INFO - Filling up the DagBag from /home/airflow/.local/lib/python3.8/site-packages/airflow/example_dags/example_latest_only_with_trigger.py
[2023-11-05T03:01:38.389+0000] {processor.py:839} INFO - DAG(s) dict_keys(['latest_only_with_trigger']) retrieved from /home/airflow/.local/lib/python3.8/site-packages/airflow/example_dags/example_latest_only_with_trigger.py
[2023-11-05T03:01:38.431+0000] {logging_mixin.py:151} INFO - [2023-11-05T03:01:38.430+0000] {dag.py:2941} INFO - Sync 1 DAGs
[2023-11-05T03:01:38.472+0000] {logging_mixin.py:151} INFO - [2023-11-05T03:01:38.472+0000] {dag.py:3722} INFO - Setting next_dagrun for latest_only_with_trigger to 2023-11-04T23:01:38.472164+00:00, run_after=2023-11-05T03:01:38.472164+00:00
[2023-11-05T03:01:38.513+0000] {processor.py:179} INFO - Processing /home/airflow/.local/lib/python3.8/site-packages/airflow/example_dags/example_latest_only_with_trigger.py took 0.140 seconds
[2023-11-05T03:02:09.214+0000] {processor.py:157} INFO - Started process (PID=487) to work on /home/airflow/.local/lib/python3.8/site-packages/airflow/example_dags/example_latest_only_with_trigger.py
[2023-11-05T03:02:09.216+0000] {processor.py:829} INFO - Processing file /home/airflow/.local/lib/python3.8/site-packages/airflow/example_dags/example_latest_only_with_trigger.py for tasks to queue
[2023-11-05T03:02:09.221+0000] {logging_mixin.py:151} INFO - [2023-11-05T03:02:09.220+0000] {dagbag.py:536} INFO - Filling up the DagBag from /home/airflow/.local/lib/python3.8/site-packages/airflow/example_dags/example_latest_only_with_trigger.py
[2023-11-05T03:02:09.236+0000] {processor.py:839} INFO - DAG(s) dict_keys(['latest_only_with_trigger']) retrieved from /home/airflow/.local/lib/python3.8/site-packages/airflow/example_dags/example_latest_only_with_trigger.py
[2023-11-05T03:02:09.262+0000] {logging_mixin.py:151} INFO - [2023-11-05T03:02:09.261+0000] {dag.py:2941} INFO - Sync 1 DAGs
[2023-11-05T03:02:09.283+0000] {logging_mixin.py:151} INFO - [2023-11-05T03:02:09.282+0000] {dag.py:3722} INFO - Setting next_dagrun for latest_only_with_trigger to 2023-11-04T23:02:09.282666+00:00, run_after=2023-11-05T03:02:09.282666+00:00
[2023-11-05T03:02:09.307+0000] {processor.py:179} INFO - Processing /home/airflow/.local/lib/python3.8/site-packages/airflow/example_dags/example_latest_only_with_trigger.py took 0.102 seconds
[2023-11-05T03:02:39.394+0000] {processor.py:157} INFO - Started process (PID=540) to work on /home/airflow/.local/lib/python3.8/site-packages/airflow/example_dags/example_latest_only_with_trigger.py
[2023-11-05T03:02:39.395+0000] {processor.py:829} INFO - Processing file /home/airflow/.local/lib/python3.8/site-packages/airflow/example_dags/example_latest_only_with_trigger.py for tasks to queue
[2023-11-05T03:02:39.396+0000] {logging_mixin.py:151} INFO - [2023-11-05T03:02:39.396+0000] {dagbag.py:536} INFO - Filling up the DagBag from /home/airflow/.local/lib/python3.8/site-packages/airflow/example_dags/example_latest_only_with_trigger.py
[2023-11-05T03:02:39.402+0000] {processor.py:839} INFO - DAG(s) dict_keys(['latest_only_with_trigger']) retrieved from /home/airflow/.local/lib/python3.8/site-packages/airflow/example_dags/example_latest_only_with_trigger.py
[2023-11-05T03:02:39.424+0000] {logging_mixin.py:151} INFO - [2023-11-05T03:02:39.424+0000] {dag.py:2941} INFO - Sync 1 DAGs
[2023-11-05T03:02:39.446+0000] {logging_mixin.py:151} INFO - [2023-11-05T03:02:39.446+0000] {dag.py:3722} INFO - Setting next_dagrun for latest_only_with_trigger to 2023-11-04T23:02:39.446376+00:00, run_after=2023-11-05T03:02:39.446376+00:00
[2023-11-05T03:02:39.464+0000] {processor.py:179} INFO - Processing /home/airflow/.local/lib/python3.8/site-packages/airflow/example_dags/example_latest_only_with_trigger.py took 0.072 seconds
[2023-11-05T03:03:10.153+0000] {processor.py:157} INFO - Started process (PID=594) to work on /home/airflow/.local/lib/python3.8/site-packages/airflow/example_dags/example_latest_only_with_trigger.py
[2023-11-05T03:03:10.155+0000] {processor.py:829} INFO - Processing file /home/airflow/.local/lib/python3.8/site-packages/airflow/example_dags/example_latest_only_with_trigger.py for tasks to queue
[2023-11-05T03:03:10.159+0000] {logging_mixin.py:151} INFO - [2023-11-05T03:03:10.158+0000] {dagbag.py:536} INFO - Filling up the DagBag from /home/airflow/.local/lib/python3.8/site-packages/airflow/example_dags/example_latest_only_with_trigger.py
[2023-11-05T03:03:10.165+0000] {processor.py:839} INFO - DAG(s) dict_keys(['latest_only_with_trigger']) retrieved from /home/airflow/.local/lib/python3.8/site-packages/airflow/example_dags/example_latest_only_with_trigger.py
[2023-11-05T03:03:10.195+0000] {logging_mixin.py:151} INFO - [2023-11-05T03:03:10.194+0000] {dag.py:2941} INFO - Sync 1 DAGs
[2023-11-05T03:03:10.230+0000] {logging_mixin.py:151} INFO - [2023-11-05T03:03:10.230+0000] {dag.py:3722} INFO - Setting next_dagrun for latest_only_with_trigger to 2023-11-04T23:03:10.229886+00:00, run_after=2023-11-05T03:03:10.229886+00:00
[2023-11-05T03:03:10.270+0000] {processor.py:179} INFO - Processing /home/airflow/.local/lib/python3.8/site-packages/airflow/example_dags/example_latest_only_with_trigger.py took 0.120 seconds
[2023-11-05T03:03:40.407+0000] {processor.py:157} INFO - Started process (PID=648) to work on /home/airflow/.local/lib/python3.8/site-packages/airflow/example_dags/example_latest_only_with_trigger.py
[2023-11-05T03:03:40.408+0000] {processor.py:829} INFO - Processing file /home/airflow/.local/lib/python3.8/site-packages/airflow/example_dags/example_latest_only_with_trigger.py for tasks to queue
[2023-11-05T03:03:40.410+0000] {logging_mixin.py:151} INFO - [2023-11-05T03:03:40.410+0000] {dagbag.py:536} INFO - Filling up the DagBag from /home/airflow/.local/lib/python3.8/site-packages/airflow/example_dags/example_latest_only_with_trigger.py
[2023-11-05T03:03:40.415+0000] {processor.py:839} INFO - DAG(s) dict_keys(['latest_only_with_trigger']) retrieved from /home/airflow/.local/lib/python3.8/site-packages/airflow/example_dags/example_latest_only_with_trigger.py
[2023-11-05T03:03:40.436+0000] {logging_mixin.py:151} INFO - [2023-11-05T03:03:40.436+0000] {dag.py:2941} INFO - Sync 1 DAGs
[2023-11-05T03:03:40.460+0000] {logging_mixin.py:151} INFO - [2023-11-05T03:03:40.460+0000] {dag.py:3722} INFO - Setting next_dagrun for latest_only_with_trigger to 2023-11-04T23:03:40.460511+00:00, run_after=2023-11-05T03:03:40.460511+00:00
[2023-11-05T03:03:40.479+0000] {processor.py:179} INFO - Processing /home/airflow/.local/lib/python3.8/site-packages/airflow/example_dags/example_latest_only_with_trigger.py took 0.077 seconds
[2023-11-05T03:04:11.345+0000] {processor.py:157} INFO - Started process (PID=702) to work on /home/airflow/.local/lib/python3.8/site-packages/airflow/example_dags/example_latest_only_with_trigger.py
[2023-11-05T03:04:11.347+0000] {processor.py:829} INFO - Processing file /home/airflow/.local/lib/python3.8/site-packages/airflow/example_dags/example_latest_only_with_trigger.py for tasks to queue
[2023-11-05T03:04:11.349+0000] {logging_mixin.py:151} INFO - [2023-11-05T03:04:11.349+0000] {dagbag.py:536} INFO - Filling up the DagBag from /home/airflow/.local/lib/python3.8/site-packages/airflow/example_dags/example_latest_only_with_trigger.py
[2023-11-05T03:04:11.362+0000] {processor.py:839} INFO - DAG(s) dict_keys(['latest_only_with_trigger']) retrieved from /home/airflow/.local/lib/python3.8/site-packages/airflow/example_dags/example_latest_only_with_trigger.py
[2023-11-05T03:04:11.412+0000] {logging_mixin.py:151} INFO - [2023-11-05T03:04:11.412+0000] {dag.py:2941} INFO - Sync 1 DAGs
[2023-11-05T03:04:11.467+0000] {logging_mixin.py:151} INFO - [2023-11-05T03:04:11.467+0000] {dag.py:3722} INFO - Setting next_dagrun for latest_only_with_trigger to 2023-11-04T23:04:11.466665+00:00, run_after=2023-11-05T03:04:11.466665+00:00
[2023-11-05T03:04:11.514+0000] {processor.py:179} INFO - Processing /home/airflow/.local/lib/python3.8/site-packages/airflow/example_dags/example_latest_only_with_trigger.py took 0.175 seconds
[2023-11-05T03:04:42.337+0000] {processor.py:157} INFO - Started process (PID=757) to work on /home/airflow/.local/lib/python3.8/site-packages/airflow/example_dags/example_latest_only_with_trigger.py
[2023-11-05T03:04:42.338+0000] {processor.py:829} INFO - Processing file /home/airflow/.local/lib/python3.8/site-packages/airflow/example_dags/example_latest_only_with_trigger.py for tasks to queue
[2023-11-05T03:04:42.343+0000] {logging_mixin.py:151} INFO - [2023-11-05T03:04:42.342+0000] {dagbag.py:536} INFO - Filling up the DagBag from /home/airflow/.local/lib/python3.8/site-packages/airflow/example_dags/example_latest_only_with_trigger.py
[2023-11-05T03:04:42.357+0000] {processor.py:839} INFO - DAG(s) dict_keys(['latest_only_with_trigger']) retrieved from /home/airflow/.local/lib/python3.8/site-packages/airflow/example_dags/example_latest_only_with_trigger.py
[2023-11-05T03:04:42.398+0000] {logging_mixin.py:151} INFO - [2023-11-05T03:04:42.398+0000] {dag.py:2941} INFO - Sync 1 DAGs
[2023-11-05T03:04:42.426+0000] {logging_mixin.py:151} INFO - [2023-11-05T03:04:42.426+0000] {dag.py:3722} INFO - Setting next_dagrun for latest_only_with_trigger to 2023-11-04T23:04:42.426204+00:00, run_after=2023-11-05T03:04:42.426204+00:00
[2023-11-05T03:04:42.445+0000] {processor.py:179} INFO - Processing /home/airflow/.local/lib/python3.8/site-packages/airflow/example_dags/example_latest_only_with_trigger.py took 0.113 seconds
[2023-11-05T03:05:12.832+0000] {processor.py:157} INFO - Started process (PID=811) to work on /home/airflow/.local/lib/python3.8/site-packages/airflow/example_dags/example_latest_only_with_trigger.py
[2023-11-05T03:05:12.833+0000] {processor.py:829} INFO - Processing file /home/airflow/.local/lib/python3.8/site-packages/airflow/example_dags/example_latest_only_with_trigger.py for tasks to queue
[2023-11-05T03:05:12.837+0000] {logging_mixin.py:151} INFO - [2023-11-05T03:05:12.836+0000] {dagbag.py:536} INFO - Filling up the DagBag from /home/airflow/.local/lib/python3.8/site-packages/airflow/example_dags/example_latest_only_with_trigger.py
[2023-11-05T03:05:12.848+0000] {processor.py:839} INFO - DAG(s) dict_keys(['latest_only_with_trigger']) retrieved from /home/airflow/.local/lib/python3.8/site-packages/airflow/example_dags/example_latest_only_with_trigger.py
[2023-11-05T03:05:12.890+0000] {logging_mixin.py:151} INFO - [2023-11-05T03:05:12.890+0000] {dag.py:2941} INFO - Sync 1 DAGs
[2023-11-05T03:05:12.941+0000] {logging_mixin.py:151} INFO - [2023-11-05T03:05:12.940+0000] {dag.py:3722} INFO - Setting next_dagrun for latest_only_with_trigger to 2023-11-04T23:05:12.940051+00:00, run_after=2023-11-05T03:05:12.940051+00:00
[2023-11-05T03:05:12.979+0000] {processor.py:179} INFO - Processing /home/airflow/.local/lib/python3.8/site-packages/airflow/example_dags/example_latest_only_with_trigger.py took 0.153 seconds
[2023-11-05T03:05:43.904+0000] {processor.py:157} INFO - Started process (PID=865) to work on /home/airflow/.local/lib/python3.8/site-packages/airflow/example_dags/example_latest_only_with_trigger.py
[2023-11-05T03:05:43.905+0000] {processor.py:829} INFO - Processing file /home/airflow/.local/lib/python3.8/site-packages/airflow/example_dags/example_latest_only_with_trigger.py for tasks to queue
[2023-11-05T03:05:43.908+0000] {logging_mixin.py:151} INFO - [2023-11-05T03:05:43.908+0000] {dagbag.py:536} INFO - Filling up the DagBag from /home/airflow/.local/lib/python3.8/site-packages/airflow/example_dags/example_latest_only_with_trigger.py
[2023-11-05T03:05:43.916+0000] {processor.py:839} INFO - DAG(s) dict_keys(['latest_only_with_trigger']) retrieved from /home/airflow/.local/lib/python3.8/site-packages/airflow/example_dags/example_latest_only_with_trigger.py
[2023-11-05T03:05:43.942+0000] {logging_mixin.py:151} INFO - [2023-11-05T03:05:43.942+0000] {dag.py:2941} INFO - Sync 1 DAGs
[2023-11-05T03:05:43.984+0000] {logging_mixin.py:151} INFO - [2023-11-05T03:05:43.983+0000] {dag.py:3722} INFO - Setting next_dagrun for latest_only_with_trigger to 2023-11-04T23:05:43.983571+00:00, run_after=2023-11-05T03:05:43.983571+00:00
[2023-11-05T03:05:44.009+0000] {processor.py:179} INFO - Processing /home/airflow/.local/lib/python3.8/site-packages/airflow/example_dags/example_latest_only_with_trigger.py took 0.111 seconds
[2023-11-05T03:06:14.514+0000] {processor.py:157} INFO - Started process (PID=919) to work on /home/airflow/.local/lib/python3.8/site-packages/airflow/example_dags/example_latest_only_with_trigger.py
[2023-11-05T03:06:14.514+0000] {processor.py:829} INFO - Processing file /home/airflow/.local/lib/python3.8/site-packages/airflow/example_dags/example_latest_only_with_trigger.py for tasks to queue
[2023-11-05T03:06:14.516+0000] {logging_mixin.py:151} INFO - [2023-11-05T03:06:14.516+0000] {dagbag.py:536} INFO - Filling up the DagBag from /home/airflow/.local/lib/python3.8/site-packages/airflow/example_dags/example_latest_only_with_trigger.py
[2023-11-05T03:06:14.521+0000] {processor.py:839} INFO - DAG(s) dict_keys(['latest_only_with_trigger']) retrieved from /home/airflow/.local/lib/python3.8/site-packages/airflow/example_dags/example_latest_only_with_trigger.py
[2023-11-05T03:06:14.545+0000] {logging_mixin.py:151} INFO - [2023-11-05T03:06:14.544+0000] {dag.py:2941} INFO - Sync 1 DAGs
[2023-11-05T03:06:14.567+0000] {logging_mixin.py:151} INFO - [2023-11-05T03:06:14.567+0000] {dag.py:3722} INFO - Setting next_dagrun for latest_only_with_trigger to 2023-11-04T23:06:14.567192+00:00, run_after=2023-11-05T03:06:14.567192+00:00
[2023-11-05T03:06:14.587+0000] {processor.py:179} INFO - Processing /home/airflow/.local/lib/python3.8/site-packages/airflow/example_dags/example_latest_only_with_trigger.py took 0.076 seconds
[2023-11-05T03:06:45.826+0000] {processor.py:157} INFO - Started process (PID=973) to work on /home/airflow/.local/lib/python3.8/site-packages/airflow/example_dags/example_latest_only_with_trigger.py
[2023-11-05T03:06:45.826+0000] {processor.py:829} INFO - Processing file /home/airflow/.local/lib/python3.8/site-packages/airflow/example_dags/example_latest_only_with_trigger.py for tasks to queue
[2023-11-05T03:06:45.828+0000] {logging_mixin.py:151} INFO - [2023-11-05T03:06:45.828+0000] {dagbag.py:536} INFO - Filling up the DagBag from /home/airflow/.local/lib/python3.8/site-packages/airflow/example_dags/example_latest_only_with_trigger.py
[2023-11-05T03:06:45.834+0000] {processor.py:839} INFO - DAG(s) dict_keys(['latest_only_with_trigger']) retrieved from /home/airflow/.local/lib/python3.8/site-packages/airflow/example_dags/example_latest_only_with_trigger.py
[2023-11-05T03:06:45.862+0000] {logging_mixin.py:151} INFO - [2023-11-05T03:06:45.861+0000] {dag.py:2941} INFO - Sync 1 DAGs
[2023-11-05T03:06:45.889+0000] {logging_mixin.py:151} INFO - [2023-11-05T03:06:45.889+0000] {dag.py:3722} INFO - Setting next_dagrun for latest_only_with_trigger to 2023-11-04T23:06:45.889262+00:00, run_after=2023-11-05T03:06:45.889262+00:00
[2023-11-05T03:06:46.052+0000] {processor.py:179} INFO - Processing /home/airflow/.local/lib/python3.8/site-packages/airflow/example_dags/example_latest_only_with_trigger.py took 0.229 seconds
[2023-11-05T03:07:16.154+0000] {processor.py:157} INFO - Started process (PID=1027) to work on /home/airflow/.local/lib/python3.8/site-packages/airflow/example_dags/example_latest_only_with_trigger.py
[2023-11-05T03:07:16.156+0000] {processor.py:829} INFO - Processing file /home/airflow/.local/lib/python3.8/site-packages/airflow/example_dags/example_latest_only_with_trigger.py for tasks to queue
[2023-11-05T03:07:16.159+0000] {logging_mixin.py:151} INFO - [2023-11-05T03:07:16.158+0000] {dagbag.py:536} INFO - Filling up the DagBag from /home/airflow/.local/lib/python3.8/site-packages/airflow/example_dags/example_latest_only_with_trigger.py
[2023-11-05T03:07:16.169+0000] {processor.py:839} INFO - DAG(s) dict_keys(['latest_only_with_trigger']) retrieved from /home/airflow/.local/lib/python3.8/site-packages/airflow/example_dags/example_latest_only_with_trigger.py
[2023-11-05T03:07:16.197+0000] {logging_mixin.py:151} INFO - [2023-11-05T03:07:16.197+0000] {dag.py:2941} INFO - Sync 1 DAGs
[2023-11-05T03:07:16.222+0000] {logging_mixin.py:151} INFO - [2023-11-05T03:07:16.222+0000] {dag.py:3722} INFO - Setting next_dagrun for latest_only_with_trigger to 2023-11-04T23:07:16.221813+00:00, run_after=2023-11-05T03:07:16.221813+00:00
[2023-11-05T03:07:16.243+0000] {processor.py:179} INFO - Processing /home/airflow/.local/lib/python3.8/site-packages/airflow/example_dags/example_latest_only_with_trigger.py took 0.095 seconds
[2023-11-05T03:07:47.233+0000] {processor.py:157} INFO - Started process (PID=1081) to work on /home/airflow/.local/lib/python3.8/site-packages/airflow/example_dags/example_latest_only_with_trigger.py
[2023-11-05T03:07:47.234+0000] {processor.py:829} INFO - Processing file /home/airflow/.local/lib/python3.8/site-packages/airflow/example_dags/example_latest_only_with_trigger.py for tasks to queue
[2023-11-05T03:07:47.236+0000] {logging_mixin.py:151} INFO - [2023-11-05T03:07:47.236+0000] {dagbag.py:536} INFO - Filling up the DagBag from /home/airflow/.local/lib/python3.8/site-packages/airflow/example_dags/example_latest_only_with_trigger.py
[2023-11-05T03:07:47.241+0000] {processor.py:839} INFO - DAG(s) dict_keys(['latest_only_with_trigger']) retrieved from /home/airflow/.local/lib/python3.8/site-packages/airflow/example_dags/example_latest_only_with_trigger.py
[2023-11-05T03:07:47.262+0000] {logging_mixin.py:151} INFO - [2023-11-05T03:07:47.262+0000] {dag.py:2941} INFO - Sync 1 DAGs
[2023-11-05T03:07:47.295+0000] {logging_mixin.py:151} INFO - [2023-11-05T03:07:47.295+0000] {dag.py:3722} INFO - Setting next_dagrun for latest_only_with_trigger to 2023-11-04T23:07:47.294770+00:00, run_after=2023-11-05T03:07:47.294770+00:00
[2023-11-05T03:07:47.316+0000] {processor.py:179} INFO - Processing /home/airflow/.local/lib/python3.8/site-packages/airflow/example_dags/example_latest_only_with_trigger.py took 0.086 seconds
