[2023-11-05T02:58:02.551+0000] {processor.py:157} INFO - Started process (PID=40) to work on /home/airflow/.local/lib/python3.8/site-packages/airflow/example_dags/example_branch_labels.py
[2023-11-05T02:58:02.552+0000] {processor.py:829} INFO - Processing file /home/airflow/.local/lib/python3.8/site-packages/airflow/example_dags/example_branch_labels.py for tasks to queue
[2023-11-05T02:58:02.554+0000] {logging_mixin.py:151} INFO - [2023-11-05T02:58:02.553+0000] {dagbag.py:536} INFO - Filling up the DagBag from /home/airflow/.local/lib/python3.8/site-packages/airflow/example_dags/example_branch_labels.py
[2023-11-05T02:58:02.566+0000] {processor.py:839} INFO - DAG(s) dict_keys(['example_branch_labels']) retrieved from /home/airflow/.local/lib/python3.8/site-packages/airflow/example_dags/example_branch_labels.py
[2023-11-05T02:58:02.578+0000] {logging_mixin.py:151} INFO - [2023-11-05T02:58:02.577+0000] {dag.py:2941} INFO - Sync 1 DAGs
[2023-11-05T02:58:02.603+0000] {logging_mixin.py:151} INFO - [2023-11-05T02:58:02.603+0000] {dag.py:3722} INFO - Setting next_dagrun for example_branch_labels to 2023-11-04T00:00:00+00:00, run_after=2023-11-05T00:00:00+00:00
[2023-11-05T02:58:02.626+0000] {processor.py:179} INFO - Processing /home/airflow/.local/lib/python3.8/site-packages/airflow/example_dags/example_branch_labels.py took 0.077 seconds
[2023-11-05T02:58:32.857+0000] {processor.py:157} INFO - Started process (PID=94) to work on /home/airflow/.local/lib/python3.8/site-packages/airflow/example_dags/example_branch_labels.py
[2023-11-05T02:58:32.858+0000] {processor.py:829} INFO - Processing file /home/airflow/.local/lib/python3.8/site-packages/airflow/example_dags/example_branch_labels.py for tasks to queue
[2023-11-05T02:58:32.861+0000] {logging_mixin.py:151} INFO - [2023-11-05T02:58:32.860+0000] {dagbag.py:536} INFO - Filling up the DagBag from /home/airflow/.local/lib/python3.8/site-packages/airflow/example_dags/example_branch_labels.py
[2023-11-05T02:58:32.872+0000] {processor.py:839} INFO - DAG(s) dict_keys(['example_branch_labels']) retrieved from /home/airflow/.local/lib/python3.8/site-packages/airflow/example_dags/example_branch_labels.py
[2023-11-05T02:58:32.915+0000] {logging_mixin.py:151} INFO - [2023-11-05T02:58:32.914+0000] {dag.py:2941} INFO - Sync 1 DAGs
[2023-11-05T02:58:32.956+0000] {logging_mixin.py:151} INFO - [2023-11-05T02:58:32.956+0000] {dag.py:3722} INFO - Setting next_dagrun for example_branch_labels to 2023-11-04T00:00:00+00:00, run_after=2023-11-05T00:00:00+00:00
[2023-11-05T02:58:32.977+0000] {processor.py:179} INFO - Processing /home/airflow/.local/lib/python3.8/site-packages/airflow/example_dags/example_branch_labels.py took 0.123 seconds
[2023-11-05T02:59:03.426+0000] {processor.py:157} INFO - Started process (PID=149) to work on /home/airflow/.local/lib/python3.8/site-packages/airflow/example_dags/example_branch_labels.py
[2023-11-05T02:59:03.428+0000] {processor.py:829} INFO - Processing file /home/airflow/.local/lib/python3.8/site-packages/airflow/example_dags/example_branch_labels.py for tasks to queue
[2023-11-05T02:59:03.432+0000] {logging_mixin.py:151} INFO - [2023-11-05T02:59:03.431+0000] {dagbag.py:536} INFO - Filling up the DagBag from /home/airflow/.local/lib/python3.8/site-packages/airflow/example_dags/example_branch_labels.py
[2023-11-05T02:59:03.447+0000] {processor.py:839} INFO - DAG(s) dict_keys(['example_branch_labels']) retrieved from /home/airflow/.local/lib/python3.8/site-packages/airflow/example_dags/example_branch_labels.py
[2023-11-05T02:59:03.492+0000] {logging_mixin.py:151} INFO - [2023-11-05T02:59:03.491+0000] {dag.py:2941} INFO - Sync 1 DAGs
[2023-11-05T02:59:03.546+0000] {logging_mixin.py:151} INFO - [2023-11-05T02:59:03.545+0000] {dag.py:3722} INFO - Setting next_dagrun for example_branch_labels to 2023-11-04T00:00:00+00:00, run_after=2023-11-05T00:00:00+00:00
[2023-11-05T02:59:03.573+0000] {processor.py:179} INFO - Processing /home/airflow/.local/lib/python3.8/site-packages/airflow/example_dags/example_branch_labels.py took 0.152 seconds
[2023-11-05T02:59:34.302+0000] {processor.py:157} INFO - Started process (PID=203) to work on /home/airflow/.local/lib/python3.8/site-packages/airflow/example_dags/example_branch_labels.py
[2023-11-05T02:59:34.304+0000] {processor.py:829} INFO - Processing file /home/airflow/.local/lib/python3.8/site-packages/airflow/example_dags/example_branch_labels.py for tasks to queue
[2023-11-05T02:59:34.309+0000] {logging_mixin.py:151} INFO - [2023-11-05T02:59:34.309+0000] {dagbag.py:536} INFO - Filling up the DagBag from /home/airflow/.local/lib/python3.8/site-packages/airflow/example_dags/example_branch_labels.py
[2023-11-05T02:59:34.328+0000] {processor.py:839} INFO - DAG(s) dict_keys(['example_branch_labels']) retrieved from /home/airflow/.local/lib/python3.8/site-packages/airflow/example_dags/example_branch_labels.py
[2023-11-05T02:59:34.377+0000] {logging_mixin.py:151} INFO - [2023-11-05T02:59:34.376+0000] {dag.py:2941} INFO - Sync 1 DAGs
[2023-11-05T02:59:34.429+0000] {logging_mixin.py:151} INFO - [2023-11-05T02:59:34.428+0000] {dag.py:3722} INFO - Setting next_dagrun for example_branch_labels to 2023-11-04T00:00:00+00:00, run_after=2023-11-05T00:00:00+00:00
[2023-11-05T02:59:34.459+0000] {processor.py:179} INFO - Processing /home/airflow/.local/lib/python3.8/site-packages/airflow/example_dags/example_branch_labels.py took 0.163 seconds
[2023-11-05T03:00:05.065+0000] {processor.py:157} INFO - Started process (PID=257) to work on /home/airflow/.local/lib/python3.8/site-packages/airflow/example_dags/example_branch_labels.py
[2023-11-05T03:00:05.066+0000] {processor.py:829} INFO - Processing file /home/airflow/.local/lib/python3.8/site-packages/airflow/example_dags/example_branch_labels.py for tasks to queue
[2023-11-05T03:00:05.068+0000] {logging_mixin.py:151} INFO - [2023-11-05T03:00:05.068+0000] {dagbag.py:536} INFO - Filling up the DagBag from /home/airflow/.local/lib/python3.8/site-packages/airflow/example_dags/example_branch_labels.py
[2023-11-05T03:00:05.080+0000] {processor.py:839} INFO - DAG(s) dict_keys(['example_branch_labels']) retrieved from /home/airflow/.local/lib/python3.8/site-packages/airflow/example_dags/example_branch_labels.py
[2023-11-05T03:00:05.109+0000] {logging_mixin.py:151} INFO - [2023-11-05T03:00:05.108+0000] {dag.py:2941} INFO - Sync 1 DAGs
[2023-11-05T03:00:05.137+0000] {logging_mixin.py:151} INFO - [2023-11-05T03:00:05.137+0000] {dag.py:3722} INFO - Setting next_dagrun for example_branch_labels to 2023-11-04T00:00:00+00:00, run_after=2023-11-05T00:00:00+00:00
[2023-11-05T03:00:05.176+0000] {processor.py:179} INFO - Processing /home/airflow/.local/lib/python3.8/site-packages/airflow/example_dags/example_branch_labels.py took 0.114 seconds
[2023-11-05T03:00:36.248+0000] {processor.py:157} INFO - Started process (PID=310) to work on /home/airflow/.local/lib/python3.8/site-packages/airflow/example_dags/example_branch_labels.py
[2023-11-05T03:00:36.249+0000] {processor.py:829} INFO - Processing file /home/airflow/.local/lib/python3.8/site-packages/airflow/example_dags/example_branch_labels.py for tasks to queue
[2023-11-05T03:00:36.253+0000] {logging_mixin.py:151} INFO - [2023-11-05T03:00:36.252+0000] {dagbag.py:536} INFO - Filling up the DagBag from /home/airflow/.local/lib/python3.8/site-packages/airflow/example_dags/example_branch_labels.py
[2023-11-05T03:00:36.276+0000] {processor.py:839} INFO - DAG(s) dict_keys(['example_branch_labels']) retrieved from /home/airflow/.local/lib/python3.8/site-packages/airflow/example_dags/example_branch_labels.py
[2023-11-05T03:00:36.327+0000] {logging_mixin.py:151} INFO - [2023-11-05T03:00:36.326+0000] {dag.py:2941} INFO - Sync 1 DAGs
[2023-11-05T03:00:36.380+0000] {logging_mixin.py:151} INFO - [2023-11-05T03:00:36.379+0000] {dag.py:3722} INFO - Setting next_dagrun for example_branch_labels to 2023-11-04T00:00:00+00:00, run_after=2023-11-05T00:00:00+00:00
[2023-11-05T03:00:36.420+0000] {processor.py:179} INFO - Processing /home/airflow/.local/lib/python3.8/site-packages/airflow/example_dags/example_branch_labels.py took 0.180 seconds
[2023-11-05T03:01:06.597+0000] {processor.py:157} INFO - Started process (PID=365) to work on /home/airflow/.local/lib/python3.8/site-packages/airflow/example_dags/example_branch_labels.py
[2023-11-05T03:01:06.599+0000] {processor.py:829} INFO - Processing file /home/airflow/.local/lib/python3.8/site-packages/airflow/example_dags/example_branch_labels.py for tasks to queue
[2023-11-05T03:01:06.603+0000] {logging_mixin.py:151} INFO - [2023-11-05T03:01:06.603+0000] {dagbag.py:536} INFO - Filling up the DagBag from /home/airflow/.local/lib/python3.8/site-packages/airflow/example_dags/example_branch_labels.py
[2023-11-05T03:01:06.624+0000] {processor.py:839} INFO - DAG(s) dict_keys(['example_branch_labels']) retrieved from /home/airflow/.local/lib/python3.8/site-packages/airflow/example_dags/example_branch_labels.py
[2023-11-05T03:01:06.666+0000] {logging_mixin.py:151} INFO - [2023-11-05T03:01:06.665+0000] {dag.py:2941} INFO - Sync 1 DAGs
[2023-11-05T03:01:06.714+0000] {logging_mixin.py:151} INFO - [2023-11-05T03:01:06.713+0000] {dag.py:3722} INFO - Setting next_dagrun for example_branch_labels to 2023-11-04T00:00:00+00:00, run_after=2023-11-05T00:00:00+00:00
[2023-11-05T03:01:06.750+0000] {processor.py:179} INFO - Processing /home/airflow/.local/lib/python3.8/site-packages/airflow/example_dags/example_branch_labels.py took 0.161 seconds
[2023-11-05T03:01:36.919+0000] {processor.py:157} INFO - Started process (PID=418) to work on /home/airflow/.local/lib/python3.8/site-packages/airflow/example_dags/example_branch_labels.py
[2023-11-05T03:01:36.920+0000] {processor.py:829} INFO - Processing file /home/airflow/.local/lib/python3.8/site-packages/airflow/example_dags/example_branch_labels.py for tasks to queue
[2023-11-05T03:01:36.924+0000] {logging_mixin.py:151} INFO - [2023-11-05T03:01:36.924+0000] {dagbag.py:536} INFO - Filling up the DagBag from /home/airflow/.local/lib/python3.8/site-packages/airflow/example_dags/example_branch_labels.py
[2023-11-05T03:01:36.942+0000] {processor.py:839} INFO - DAG(s) dict_keys(['example_branch_labels']) retrieved from /home/airflow/.local/lib/python3.8/site-packages/airflow/example_dags/example_branch_labels.py
[2023-11-05T03:01:36.985+0000] {logging_mixin.py:151} INFO - [2023-11-05T03:01:36.985+0000] {dag.py:2941} INFO - Sync 1 DAGs
[2023-11-05T03:01:37.034+0000] {logging_mixin.py:151} INFO - [2023-11-05T03:01:37.033+0000] {dag.py:3722} INFO - Setting next_dagrun for example_branch_labels to 2023-11-04T00:00:00+00:00, run_after=2023-11-05T00:00:00+00:00
[2023-11-05T03:01:37.072+0000] {processor.py:179} INFO - Processing /home/airflow/.local/lib/python3.8/site-packages/airflow/example_dags/example_branch_labels.py took 0.159 seconds
[2023-11-05T03:02:07.157+0000] {processor.py:157} INFO - Started process (PID=472) to work on /home/airflow/.local/lib/python3.8/site-packages/airflow/example_dags/example_branch_labels.py
[2023-11-05T03:02:07.158+0000] {processor.py:829} INFO - Processing file /home/airflow/.local/lib/python3.8/site-packages/airflow/example_dags/example_branch_labels.py for tasks to queue
[2023-11-05T03:02:07.160+0000] {logging_mixin.py:151} INFO - [2023-11-05T03:02:07.160+0000] {dagbag.py:536} INFO - Filling up the DagBag from /home/airflow/.local/lib/python3.8/site-packages/airflow/example_dags/example_branch_labels.py
[2023-11-05T03:02:07.167+0000] {processor.py:839} INFO - DAG(s) dict_keys(['example_branch_labels']) retrieved from /home/airflow/.local/lib/python3.8/site-packages/airflow/example_dags/example_branch_labels.py
[2023-11-05T03:02:07.194+0000] {logging_mixin.py:151} INFO - [2023-11-05T03:02:07.193+0000] {dag.py:2941} INFO - Sync 1 DAGs
[2023-11-05T03:02:07.234+0000] {logging_mixin.py:151} INFO - [2023-11-05T03:02:07.234+0000] {dag.py:3722} INFO - Setting next_dagrun for example_branch_labels to 2023-11-04T00:00:00+00:00, run_after=2023-11-05T00:00:00+00:00
[2023-11-05T03:02:07.262+0000] {processor.py:179} INFO - Processing /home/airflow/.local/lib/python3.8/site-packages/airflow/example_dags/example_branch_labels.py took 0.110 seconds
[2023-11-05T03:02:37.329+0000] {processor.py:157} INFO - Started process (PID=525) to work on /home/airflow/.local/lib/python3.8/site-packages/airflow/example_dags/example_branch_labels.py
[2023-11-05T03:02:37.330+0000] {processor.py:829} INFO - Processing file /home/airflow/.local/lib/python3.8/site-packages/airflow/example_dags/example_branch_labels.py for tasks to queue
[2023-11-05T03:02:37.331+0000] {logging_mixin.py:151} INFO - [2023-11-05T03:02:37.331+0000] {dagbag.py:536} INFO - Filling up the DagBag from /home/airflow/.local/lib/python3.8/site-packages/airflow/example_dags/example_branch_labels.py
[2023-11-05T03:02:37.343+0000] {processor.py:839} INFO - DAG(s) dict_keys(['example_branch_labels']) retrieved from /home/airflow/.local/lib/python3.8/site-packages/airflow/example_dags/example_branch_labels.py
[2023-11-05T03:02:37.372+0000] {logging_mixin.py:151} INFO - [2023-11-05T03:02:37.372+0000] {dag.py:2941} INFO - Sync 1 DAGs
[2023-11-05T03:02:37.402+0000] {logging_mixin.py:151} INFO - [2023-11-05T03:02:37.402+0000] {dag.py:3722} INFO - Setting next_dagrun for example_branch_labels to 2023-11-04T00:00:00+00:00, run_after=2023-11-05T00:00:00+00:00
[2023-11-05T03:02:37.432+0000] {processor.py:179} INFO - Processing /home/airflow/.local/lib/python3.8/site-packages/airflow/example_dags/example_branch_labels.py took 0.106 seconds
[2023-11-05T03:03:08.006+0000] {processor.py:157} INFO - Started process (PID=579) to work on /home/airflow/.local/lib/python3.8/site-packages/airflow/example_dags/example_branch_labels.py
[2023-11-05T03:03:08.015+0000] {processor.py:829} INFO - Processing file /home/airflow/.local/lib/python3.8/site-packages/airflow/example_dags/example_branch_labels.py for tasks to queue
[2023-11-05T03:03:08.019+0000] {logging_mixin.py:151} INFO - [2023-11-05T03:03:08.018+0000] {dagbag.py:536} INFO - Filling up the DagBag from /home/airflow/.local/lib/python3.8/site-packages/airflow/example_dags/example_branch_labels.py
[2023-11-05T03:03:08.032+0000] {processor.py:839} INFO - DAG(s) dict_keys(['example_branch_labels']) retrieved from /home/airflow/.local/lib/python3.8/site-packages/airflow/example_dags/example_branch_labels.py
[2023-11-05T03:03:08.065+0000] {logging_mixin.py:151} INFO - [2023-11-05T03:03:08.065+0000] {dag.py:2941} INFO - Sync 1 DAGs
[2023-11-05T03:03:08.100+0000] {logging_mixin.py:151} INFO - [2023-11-05T03:03:08.099+0000] {dag.py:3722} INFO - Setting next_dagrun for example_branch_labels to 2023-11-04T00:00:00+00:00, run_after=2023-11-05T00:00:00+00:00
[2023-11-05T03:03:08.128+0000] {processor.py:179} INFO - Processing /home/airflow/.local/lib/python3.8/site-packages/airflow/example_dags/example_branch_labels.py took 0.138 seconds
[2023-11-05T03:03:38.165+0000] {processor.py:157} INFO - Started process (PID=633) to work on /home/airflow/.local/lib/python3.8/site-packages/airflow/example_dags/example_branch_labels.py
[2023-11-05T03:03:38.166+0000] {processor.py:829} INFO - Processing file /home/airflow/.local/lib/python3.8/site-packages/airflow/example_dags/example_branch_labels.py for tasks to queue
[2023-11-05T03:03:38.168+0000] {logging_mixin.py:151} INFO - [2023-11-05T03:03:38.167+0000] {dagbag.py:536} INFO - Filling up the DagBag from /home/airflow/.local/lib/python3.8/site-packages/airflow/example_dags/example_branch_labels.py
[2023-11-05T03:03:38.178+0000] {processor.py:839} INFO - DAG(s) dict_keys(['example_branch_labels']) retrieved from /home/airflow/.local/lib/python3.8/site-packages/airflow/example_dags/example_branch_labels.py
[2023-11-05T03:03:38.204+0000] {logging_mixin.py:151} INFO - [2023-11-05T03:03:38.204+0000] {dag.py:2941} INFO - Sync 1 DAGs
[2023-11-05T03:03:38.231+0000] {logging_mixin.py:151} INFO - [2023-11-05T03:03:38.231+0000] {dag.py:3722} INFO - Setting next_dagrun for example_branch_labels to 2023-11-04T00:00:00+00:00, run_after=2023-11-05T00:00:00+00:00
[2023-11-05T03:03:38.251+0000] {processor.py:179} INFO - Processing /home/airflow/.local/lib/python3.8/site-packages/airflow/example_dags/example_branch_labels.py took 0.089 seconds
[2023-11-05T03:04:08.823+0000] {processor.py:157} INFO - Started process (PID=687) to work on /home/airflow/.local/lib/python3.8/site-packages/airflow/example_dags/example_branch_labels.py
[2023-11-05T03:04:08.824+0000] {processor.py:829} INFO - Processing file /home/airflow/.local/lib/python3.8/site-packages/airflow/example_dags/example_branch_labels.py for tasks to queue
[2023-11-05T03:04:08.827+0000] {logging_mixin.py:151} INFO - [2023-11-05T03:04:08.826+0000] {dagbag.py:536} INFO - Filling up the DagBag from /home/airflow/.local/lib/python3.8/site-packages/airflow/example_dags/example_branch_labels.py
[2023-11-05T03:04:08.838+0000] {processor.py:839} INFO - DAG(s) dict_keys(['example_branch_labels']) retrieved from /home/airflow/.local/lib/python3.8/site-packages/airflow/example_dags/example_branch_labels.py
[2023-11-05T03:04:08.895+0000] {logging_mixin.py:151} INFO - [2023-11-05T03:04:08.895+0000] {dag.py:2941} INFO - Sync 1 DAGs
[2023-11-05T03:04:08.933+0000] {logging_mixin.py:151} INFO - [2023-11-05T03:04:08.933+0000] {dag.py:3722} INFO - Setting next_dagrun for example_branch_labels to 2023-11-04T00:00:00+00:00, run_after=2023-11-05T00:00:00+00:00
[2023-11-05T03:04:08.965+0000] {processor.py:179} INFO - Processing /home/airflow/.local/lib/python3.8/site-packages/airflow/example_dags/example_branch_labels.py took 0.146 seconds
[2023-11-05T03:04:39.197+0000] {processor.py:157} INFO - Started process (PID=742) to work on /home/airflow/.local/lib/python3.8/site-packages/airflow/example_dags/example_branch_labels.py
[2023-11-05T03:04:39.198+0000] {processor.py:829} INFO - Processing file /home/airflow/.local/lib/python3.8/site-packages/airflow/example_dags/example_branch_labels.py for tasks to queue
[2023-11-05T03:04:39.200+0000] {logging_mixin.py:151} INFO - [2023-11-05T03:04:39.199+0000] {dagbag.py:536} INFO - Filling up the DagBag from /home/airflow/.local/lib/python3.8/site-packages/airflow/example_dags/example_branch_labels.py
[2023-11-05T03:04:39.212+0000] {processor.py:839} INFO - DAG(s) dict_keys(['example_branch_labels']) retrieved from /home/airflow/.local/lib/python3.8/site-packages/airflow/example_dags/example_branch_labels.py
[2023-11-05T03:04:39.258+0000] {logging_mixin.py:151} INFO - [2023-11-05T03:04:39.258+0000] {dag.py:2941} INFO - Sync 1 DAGs
[2023-11-05T03:04:39.300+0000] {logging_mixin.py:151} INFO - [2023-11-05T03:04:39.300+0000] {dag.py:3722} INFO - Setting next_dagrun for example_branch_labels to 2023-11-04T00:00:00+00:00, run_after=2023-11-05T00:00:00+00:00
[2023-11-05T03:04:39.324+0000] {processor.py:179} INFO - Processing /home/airflow/.local/lib/python3.8/site-packages/airflow/example_dags/example_branch_labels.py took 0.130 seconds
[2023-11-05T03:05:09.491+0000] {processor.py:157} INFO - Started process (PID=796) to work on /home/airflow/.local/lib/python3.8/site-packages/airflow/example_dags/example_branch_labels.py
[2023-11-05T03:05:09.491+0000] {processor.py:829} INFO - Processing file /home/airflow/.local/lib/python3.8/site-packages/airflow/example_dags/example_branch_labels.py for tasks to queue
[2023-11-05T03:05:09.493+0000] {logging_mixin.py:151} INFO - [2023-11-05T03:05:09.493+0000] {dagbag.py:536} INFO - Filling up the DagBag from /home/airflow/.local/lib/python3.8/site-packages/airflow/example_dags/example_branch_labels.py
[2023-11-05T03:05:09.501+0000] {processor.py:839} INFO - DAG(s) dict_keys(['example_branch_labels']) retrieved from /home/airflow/.local/lib/python3.8/site-packages/airflow/example_dags/example_branch_labels.py
[2023-11-05T03:05:09.538+0000] {logging_mixin.py:151} INFO - [2023-11-05T03:05:09.538+0000] {dag.py:2941} INFO - Sync 1 DAGs
[2023-11-05T03:05:09.568+0000] {logging_mixin.py:151} INFO - [2023-11-05T03:05:09.568+0000] {dag.py:3722} INFO - Setting next_dagrun for example_branch_labels to 2023-11-04T00:00:00+00:00, run_after=2023-11-05T00:00:00+00:00
[2023-11-05T03:05:09.588+0000] {processor.py:179} INFO - Processing /home/airflow/.local/lib/python3.8/site-packages/airflow/example_dags/example_branch_labels.py took 0.100 seconds
[2023-11-05T03:05:39.786+0000] {processor.py:157} INFO - Started process (PID=850) to work on /home/airflow/.local/lib/python3.8/site-packages/airflow/example_dags/example_branch_labels.py
[2023-11-05T03:05:39.787+0000] {processor.py:829} INFO - Processing file /home/airflow/.local/lib/python3.8/site-packages/airflow/example_dags/example_branch_labels.py for tasks to queue
[2023-11-05T03:05:39.789+0000] {logging_mixin.py:151} INFO - [2023-11-05T03:05:39.789+0000] {dagbag.py:536} INFO - Filling up the DagBag from /home/airflow/.local/lib/python3.8/site-packages/airflow/example_dags/example_branch_labels.py
[2023-11-05T03:05:39.796+0000] {processor.py:839} INFO - DAG(s) dict_keys(['example_branch_labels']) retrieved from /home/airflow/.local/lib/python3.8/site-packages/airflow/example_dags/example_branch_labels.py
[2023-11-05T03:05:39.816+0000] {logging_mixin.py:151} INFO - [2023-11-05T03:05:39.816+0000] {dag.py:2941} INFO - Sync 1 DAGs
[2023-11-05T03:05:39.839+0000] {logging_mixin.py:151} INFO - [2023-11-05T03:05:39.838+0000] {dag.py:3722} INFO - Setting next_dagrun for example_branch_labels to 2023-11-04T00:00:00+00:00, run_after=2023-11-05T00:00:00+00:00
[2023-11-05T03:05:39.858+0000] {processor.py:179} INFO - Processing /home/airflow/.local/lib/python3.8/site-packages/airflow/example_dags/example_branch_labels.py took 0.075 seconds
[2023-11-05T03:06:10.253+0000] {processor.py:157} INFO - Started process (PID=904) to work on /home/airflow/.local/lib/python3.8/site-packages/airflow/example_dags/example_branch_labels.py
[2023-11-05T03:06:10.254+0000] {processor.py:829} INFO - Processing file /home/airflow/.local/lib/python3.8/site-packages/airflow/example_dags/example_branch_labels.py for tasks to queue
[2023-11-05T03:06:10.256+0000] {logging_mixin.py:151} INFO - [2023-11-05T03:06:10.256+0000] {dagbag.py:536} INFO - Filling up the DagBag from /home/airflow/.local/lib/python3.8/site-packages/airflow/example_dags/example_branch_labels.py
[2023-11-05T03:06:10.265+0000] {processor.py:839} INFO - DAG(s) dict_keys(['example_branch_labels']) retrieved from /home/airflow/.local/lib/python3.8/site-packages/airflow/example_dags/example_branch_labels.py
[2023-11-05T03:06:10.299+0000] {logging_mixin.py:151} INFO - [2023-11-05T03:06:10.298+0000] {dag.py:2941} INFO - Sync 1 DAGs
[2023-11-05T03:06:10.339+0000] {logging_mixin.py:151} INFO - [2023-11-05T03:06:10.339+0000] {dag.py:3722} INFO - Setting next_dagrun for example_branch_labels to 2023-11-04T00:00:00+00:00, run_after=2023-11-05T00:00:00+00:00
[2023-11-05T03:06:10.495+0000] {processor.py:179} INFO - Processing /home/airflow/.local/lib/python3.8/site-packages/airflow/example_dags/example_branch_labels.py took 0.246 seconds
[2023-11-05T03:06:41.205+0000] {processor.py:157} INFO - Started process (PID=958) to work on /home/airflow/.local/lib/python3.8/site-packages/airflow/example_dags/example_branch_labels.py
[2023-11-05T03:06:41.205+0000] {processor.py:829} INFO - Processing file /home/airflow/.local/lib/python3.8/site-packages/airflow/example_dags/example_branch_labels.py for tasks to queue
[2023-11-05T03:06:41.207+0000] {logging_mixin.py:151} INFO - [2023-11-05T03:06:41.207+0000] {dagbag.py:536} INFO - Filling up the DagBag from /home/airflow/.local/lib/python3.8/site-packages/airflow/example_dags/example_branch_labels.py
[2023-11-05T03:06:41.214+0000] {processor.py:839} INFO - DAG(s) dict_keys(['example_branch_labels']) retrieved from /home/airflow/.local/lib/python3.8/site-packages/airflow/example_dags/example_branch_labels.py
[2023-11-05T03:06:41.234+0000] {logging_mixin.py:151} INFO - [2023-11-05T03:06:41.234+0000] {dag.py:2941} INFO - Sync 1 DAGs
[2023-11-05T03:06:41.259+0000] {logging_mixin.py:151} INFO - [2023-11-05T03:06:41.258+0000] {dag.py:3722} INFO - Setting next_dagrun for example_branch_labels to 2023-11-04T00:00:00+00:00, run_after=2023-11-05T00:00:00+00:00
[2023-11-05T03:06:41.280+0000] {processor.py:179} INFO - Processing /home/airflow/.local/lib/python3.8/site-packages/airflow/example_dags/example_branch_labels.py took 0.079 seconds
[2023-11-05T03:07:11.855+0000] {processor.py:157} INFO - Started process (PID=1012) to work on /home/airflow/.local/lib/python3.8/site-packages/airflow/example_dags/example_branch_labels.py
[2023-11-05T03:07:11.857+0000] {processor.py:829} INFO - Processing file /home/airflow/.local/lib/python3.8/site-packages/airflow/example_dags/example_branch_labels.py for tasks to queue
[2023-11-05T03:07:11.860+0000] {logging_mixin.py:151} INFO - [2023-11-05T03:07:11.860+0000] {dagbag.py:536} INFO - Filling up the DagBag from /home/airflow/.local/lib/python3.8/site-packages/airflow/example_dags/example_branch_labels.py
[2023-11-05T03:07:11.871+0000] {processor.py:839} INFO - DAG(s) dict_keys(['example_branch_labels']) retrieved from /home/airflow/.local/lib/python3.8/site-packages/airflow/example_dags/example_branch_labels.py
[2023-11-05T03:07:11.895+0000] {logging_mixin.py:151} INFO - [2023-11-05T03:07:11.895+0000] {dag.py:2941} INFO - Sync 1 DAGs
[2023-11-05T03:07:11.928+0000] {logging_mixin.py:151} INFO - [2023-11-05T03:07:11.928+0000] {dag.py:3722} INFO - Setting next_dagrun for example_branch_labels to 2023-11-04T00:00:00+00:00, run_after=2023-11-05T00:00:00+00:00
[2023-11-05T03:07:11.948+0000] {processor.py:179} INFO - Processing /home/airflow/.local/lib/python3.8/site-packages/airflow/example_dags/example_branch_labels.py took 0.100 seconds
[2023-11-05T03:07:42.112+0000] {processor.py:157} INFO - Started process (PID=1066) to work on /home/airflow/.local/lib/python3.8/site-packages/airflow/example_dags/example_branch_labels.py
[2023-11-05T03:07:42.113+0000] {processor.py:829} INFO - Processing file /home/airflow/.local/lib/python3.8/site-packages/airflow/example_dags/example_branch_labels.py for tasks to queue
[2023-11-05T03:07:42.118+0000] {logging_mixin.py:151} INFO - [2023-11-05T03:07:42.117+0000] {dagbag.py:536} INFO - Filling up the DagBag from /home/airflow/.local/lib/python3.8/site-packages/airflow/example_dags/example_branch_labels.py
[2023-11-05T03:07:42.135+0000] {processor.py:839} INFO - DAG(s) dict_keys(['example_branch_labels']) retrieved from /home/airflow/.local/lib/python3.8/site-packages/airflow/example_dags/example_branch_labels.py
[2023-11-05T03:07:42.185+0000] {logging_mixin.py:151} INFO - [2023-11-05T03:07:42.184+0000] {dag.py:2941} INFO - Sync 1 DAGs
[2023-11-05T03:07:42.242+0000] {logging_mixin.py:151} INFO - [2023-11-05T03:07:42.242+0000] {dag.py:3722} INFO - Setting next_dagrun for example_branch_labels to 2023-11-04T00:00:00+00:00, run_after=2023-11-05T00:00:00+00:00
[2023-11-05T03:07:42.284+0000] {processor.py:179} INFO - Processing /home/airflow/.local/lib/python3.8/site-packages/airflow/example_dags/example_branch_labels.py took 0.177 seconds
