[2023-11-05T02:58:02.499+0000] {processor.py:157} INFO - Started process (PID=39) to work on /home/airflow/.local/lib/python3.8/site-packages/airflow/example_dags/example_dynamic_task_mapping_with_no_taskflow_operators.py
[2023-11-05T02:58:02.500+0000] {processor.py:829} INFO - Processing file /home/airflow/.local/lib/python3.8/site-packages/airflow/example_dags/example_dynamic_task_mapping_with_no_taskflow_operators.py for tasks to queue
[2023-11-05T02:58:02.502+0000] {logging_mixin.py:151} INFO - [2023-11-05T02:58:02.501+0000] {dagbag.py:536} INFO - Filling up the DagBag from /home/airflow/.local/lib/python3.8/site-packages/airflow/example_dags/example_dynamic_task_mapping_with_no_taskflow_operators.py
[2023-11-05T02:58:02.513+0000] {processor.py:839} INFO - DAG(s) dict_keys(['example_dynamic_task_mapping_with_no_taskflow_operators']) retrieved from /home/airflow/.local/lib/python3.8/site-packages/airflow/example_dags/example_dynamic_task_mapping_with_no_taskflow_operators.py
[2023-11-05T02:58:02.524+0000] {logging_mixin.py:151} INFO - [2023-11-05T02:58:02.524+0000] {dag.py:2941} INFO - Sync 1 DAGs
[2023-11-05T02:58:02.548+0000] {logging_mixin.py:151} INFO - [2023-11-05T02:58:02.547+0000] {dag.py:3722} INFO - Setting next_dagrun for example_dynamic_task_mapping_with_no_taskflow_operators to 2023-11-04T02:58:02.547631+00:00, run_after=2023-11-05T02:58:02.547631+00:00
[2023-11-05T02:58:02.569+0000] {processor.py:179} INFO - Processing /home/airflow/.local/lib/python3.8/site-packages/airflow/example_dags/example_dynamic_task_mapping_with_no_taskflow_operators.py took 0.074 seconds
[2023-11-05T02:58:32.761+0000] {processor.py:157} INFO - Started process (PID=93) to work on /home/airflow/.local/lib/python3.8/site-packages/airflow/example_dags/example_dynamic_task_mapping_with_no_taskflow_operators.py
[2023-11-05T02:58:32.761+0000] {processor.py:829} INFO - Processing file /home/airflow/.local/lib/python3.8/site-packages/airflow/example_dags/example_dynamic_task_mapping_with_no_taskflow_operators.py for tasks to queue
[2023-11-05T02:58:32.764+0000] {logging_mixin.py:151} INFO - [2023-11-05T02:58:32.764+0000] {dagbag.py:536} INFO - Filling up the DagBag from /home/airflow/.local/lib/python3.8/site-packages/airflow/example_dags/example_dynamic_task_mapping_with_no_taskflow_operators.py
[2023-11-05T02:58:32.771+0000] {processor.py:839} INFO - DAG(s) dict_keys(['example_dynamic_task_mapping_with_no_taskflow_operators']) retrieved from /home/airflow/.local/lib/python3.8/site-packages/airflow/example_dags/example_dynamic_task_mapping_with_no_taskflow_operators.py
[2023-11-05T02:58:32.791+0000] {logging_mixin.py:151} INFO - [2023-11-05T02:58:32.791+0000] {dag.py:2941} INFO - Sync 1 DAGs
[2023-11-05T02:58:32.816+0000] {logging_mixin.py:151} INFO - [2023-11-05T02:58:32.816+0000] {dag.py:3722} INFO - Setting next_dagrun for example_dynamic_task_mapping_with_no_taskflow_operators to 2023-11-04T02:58:32.815921+00:00, run_after=2023-11-05T02:58:32.815921+00:00
[2023-11-05T02:58:32.838+0000] {processor.py:179} INFO - Processing /home/airflow/.local/lib/python3.8/site-packages/airflow/example_dags/example_dynamic_task_mapping_with_no_taskflow_operators.py took 0.080 seconds
[2023-11-05T02:59:03.257+0000] {processor.py:157} INFO - Started process (PID=148) to work on /home/airflow/.local/lib/python3.8/site-packages/airflow/example_dags/example_dynamic_task_mapping_with_no_taskflow_operators.py
[2023-11-05T02:59:03.259+0000] {processor.py:829} INFO - Processing file /home/airflow/.local/lib/python3.8/site-packages/airflow/example_dags/example_dynamic_task_mapping_with_no_taskflow_operators.py for tasks to queue
[2023-11-05T02:59:03.263+0000] {logging_mixin.py:151} INFO - [2023-11-05T02:59:03.262+0000] {dagbag.py:536} INFO - Filling up the DagBag from /home/airflow/.local/lib/python3.8/site-packages/airflow/example_dags/example_dynamic_task_mapping_with_no_taskflow_operators.py
[2023-11-05T02:59:03.276+0000] {processor.py:839} INFO - DAG(s) dict_keys(['example_dynamic_task_mapping_with_no_taskflow_operators']) retrieved from /home/airflow/.local/lib/python3.8/site-packages/airflow/example_dags/example_dynamic_task_mapping_with_no_taskflow_operators.py
[2023-11-05T02:59:03.317+0000] {logging_mixin.py:151} INFO - [2023-11-05T02:59:03.317+0000] {dag.py:2941} INFO - Sync 1 DAGs
[2023-11-05T02:59:03.365+0000] {logging_mixin.py:151} INFO - [2023-11-05T02:59:03.364+0000] {dag.py:3722} INFO - Setting next_dagrun for example_dynamic_task_mapping_with_no_taskflow_operators to 2023-11-04T02:59:03.364505+00:00, run_after=2023-11-05T02:59:03.364505+00:00
[2023-11-05T02:59:03.403+0000] {processor.py:179} INFO - Processing /home/airflow/.local/lib/python3.8/site-packages/airflow/example_dags/example_dynamic_task_mapping_with_no_taskflow_operators.py took 0.153 seconds
[2023-11-05T02:59:34.159+0000] {processor.py:157} INFO - Started process (PID=202) to work on /home/airflow/.local/lib/python3.8/site-packages/airflow/example_dags/example_dynamic_task_mapping_with_no_taskflow_operators.py
[2023-11-05T02:59:34.160+0000] {processor.py:829} INFO - Processing file /home/airflow/.local/lib/python3.8/site-packages/airflow/example_dags/example_dynamic_task_mapping_with_no_taskflow_operators.py for tasks to queue
[2023-11-05T02:59:34.163+0000] {logging_mixin.py:151} INFO - [2023-11-05T02:59:34.162+0000] {dagbag.py:536} INFO - Filling up the DagBag from /home/airflow/.local/lib/python3.8/site-packages/airflow/example_dags/example_dynamic_task_mapping_with_no_taskflow_operators.py
[2023-11-05T02:59:34.171+0000] {processor.py:839} INFO - DAG(s) dict_keys(['example_dynamic_task_mapping_with_no_taskflow_operators']) retrieved from /home/airflow/.local/lib/python3.8/site-packages/airflow/example_dags/example_dynamic_task_mapping_with_no_taskflow_operators.py
[2023-11-05T02:59:34.197+0000] {logging_mixin.py:151} INFO - [2023-11-05T02:59:34.197+0000] {dag.py:2941} INFO - Sync 1 DAGs
[2023-11-05T02:59:34.248+0000] {logging_mixin.py:151} INFO - [2023-11-05T02:59:34.248+0000] {dag.py:3722} INFO - Setting next_dagrun for example_dynamic_task_mapping_with_no_taskflow_operators to 2023-11-04T02:59:34.247623+00:00, run_after=2023-11-05T02:59:34.247623+00:00
[2023-11-05T02:59:34.291+0000] {processor.py:179} INFO - Processing /home/airflow/.local/lib/python3.8/site-packages/airflow/example_dags/example_dynamic_task_mapping_with_no_taskflow_operators.py took 0.136 seconds
[2023-11-05T03:00:05.057+0000] {processor.py:157} INFO - Started process (PID=256) to work on /home/airflow/.local/lib/python3.8/site-packages/airflow/example_dags/example_dynamic_task_mapping_with_no_taskflow_operators.py
[2023-11-05T03:00:05.059+0000] {processor.py:829} INFO - Processing file /home/airflow/.local/lib/python3.8/site-packages/airflow/example_dags/example_dynamic_task_mapping_with_no_taskflow_operators.py for tasks to queue
[2023-11-05T03:00:05.061+0000] {logging_mixin.py:151} INFO - [2023-11-05T03:00:05.060+0000] {dagbag.py:536} INFO - Filling up the DagBag from /home/airflow/.local/lib/python3.8/site-packages/airflow/example_dags/example_dynamic_task_mapping_with_no_taskflow_operators.py
[2023-11-05T03:00:05.069+0000] {processor.py:839} INFO - DAG(s) dict_keys(['example_dynamic_task_mapping_with_no_taskflow_operators']) retrieved from /home/airflow/.local/lib/python3.8/site-packages/airflow/example_dags/example_dynamic_task_mapping_with_no_taskflow_operators.py
[2023-11-05T03:00:05.095+0000] {logging_mixin.py:151} INFO - [2023-11-05T03:00:05.095+0000] {dag.py:2941} INFO - Sync 1 DAGs
[2023-11-05T03:00:05.127+0000] {logging_mixin.py:151} INFO - [2023-11-05T03:00:05.127+0000] {dag.py:3722} INFO - Setting next_dagrun for example_dynamic_task_mapping_with_no_taskflow_operators to 2023-11-04T03:00:05.126988+00:00, run_after=2023-11-05T03:00:05.126988+00:00
[2023-11-05T03:00:05.152+0000] {processor.py:179} INFO - Processing /home/airflow/.local/lib/python3.8/site-packages/airflow/example_dags/example_dynamic_task_mapping_with_no_taskflow_operators.py took 0.100 seconds
[2023-11-05T03:00:36.233+0000] {processor.py:157} INFO - Started process (PID=309) to work on /home/airflow/.local/lib/python3.8/site-packages/airflow/example_dags/example_dynamic_task_mapping_with_no_taskflow_operators.py
[2023-11-05T03:00:36.235+0000] {processor.py:829} INFO - Processing file /home/airflow/.local/lib/python3.8/site-packages/airflow/example_dags/example_dynamic_task_mapping_with_no_taskflow_operators.py for tasks to queue
[2023-11-05T03:00:36.240+0000] {logging_mixin.py:151} INFO - [2023-11-05T03:00:36.239+0000] {dagbag.py:536} INFO - Filling up the DagBag from /home/airflow/.local/lib/python3.8/site-packages/airflow/example_dags/example_dynamic_task_mapping_with_no_taskflow_operators.py
[2023-11-05T03:00:36.253+0000] {processor.py:839} INFO - DAG(s) dict_keys(['example_dynamic_task_mapping_with_no_taskflow_operators']) retrieved from /home/airflow/.local/lib/python3.8/site-packages/airflow/example_dags/example_dynamic_task_mapping_with_no_taskflow_operators.py
[2023-11-05T03:00:36.301+0000] {logging_mixin.py:151} INFO - [2023-11-05T03:00:36.301+0000] {dag.py:2941} INFO - Sync 1 DAGs
[2023-11-05T03:00:36.358+0000] {logging_mixin.py:151} INFO - [2023-11-05T03:00:36.358+0000] {dag.py:3722} INFO - Setting next_dagrun for example_dynamic_task_mapping_with_no_taskflow_operators to 2023-11-04T03:00:36.357804+00:00, run_after=2023-11-05T03:00:36.357804+00:00
[2023-11-05T03:00:36.408+0000] {processor.py:179} INFO - Processing /home/airflow/.local/lib/python3.8/site-packages/airflow/example_dags/example_dynamic_task_mapping_with_no_taskflow_operators.py took 0.181 seconds
[2023-11-05T03:01:06.581+0000] {processor.py:157} INFO - Started process (PID=364) to work on /home/airflow/.local/lib/python3.8/site-packages/airflow/example_dags/example_dynamic_task_mapping_with_no_taskflow_operators.py
[2023-11-05T03:01:06.583+0000] {processor.py:829} INFO - Processing file /home/airflow/.local/lib/python3.8/site-packages/airflow/example_dags/example_dynamic_task_mapping_with_no_taskflow_operators.py for tasks to queue
[2023-11-05T03:01:06.587+0000] {logging_mixin.py:151} INFO - [2023-11-05T03:01:06.586+0000] {dagbag.py:536} INFO - Filling up the DagBag from /home/airflow/.local/lib/python3.8/site-packages/airflow/example_dags/example_dynamic_task_mapping_with_no_taskflow_operators.py
[2023-11-05T03:01:06.601+0000] {processor.py:839} INFO - DAG(s) dict_keys(['example_dynamic_task_mapping_with_no_taskflow_operators']) retrieved from /home/airflow/.local/lib/python3.8/site-packages/airflow/example_dags/example_dynamic_task_mapping_with_no_taskflow_operators.py
[2023-11-05T03:01:06.645+0000] {logging_mixin.py:151} INFO - [2023-11-05T03:01:06.645+0000] {dag.py:2941} INFO - Sync 1 DAGs
[2023-11-05T03:01:06.687+0000] {logging_mixin.py:151} INFO - [2023-11-05T03:01:06.687+0000] {dag.py:3722} INFO - Setting next_dagrun for example_dynamic_task_mapping_with_no_taskflow_operators to 2023-11-04T03:01:06.686919+00:00, run_after=2023-11-05T03:01:06.686919+00:00
[2023-11-05T03:01:06.724+0000] {processor.py:179} INFO - Processing /home/airflow/.local/lib/python3.8/site-packages/airflow/example_dags/example_dynamic_task_mapping_with_no_taskflow_operators.py took 0.149 seconds
[2023-11-05T03:01:36.905+0000] {processor.py:157} INFO - Started process (PID=417) to work on /home/airflow/.local/lib/python3.8/site-packages/airflow/example_dags/example_dynamic_task_mapping_with_no_taskflow_operators.py
[2023-11-05T03:01:36.906+0000] {processor.py:829} INFO - Processing file /home/airflow/.local/lib/python3.8/site-packages/airflow/example_dags/example_dynamic_task_mapping_with_no_taskflow_operators.py for tasks to queue
[2023-11-05T03:01:36.909+0000] {logging_mixin.py:151} INFO - [2023-11-05T03:01:36.908+0000] {dagbag.py:536} INFO - Filling up the DagBag from /home/airflow/.local/lib/python3.8/site-packages/airflow/example_dags/example_dynamic_task_mapping_with_no_taskflow_operators.py
[2023-11-05T03:01:36.919+0000] {processor.py:839} INFO - DAG(s) dict_keys(['example_dynamic_task_mapping_with_no_taskflow_operators']) retrieved from /home/airflow/.local/lib/python3.8/site-packages/airflow/example_dags/example_dynamic_task_mapping_with_no_taskflow_operators.py
[2023-11-05T03:01:36.959+0000] {logging_mixin.py:151} INFO - [2023-11-05T03:01:36.958+0000] {dag.py:2941} INFO - Sync 1 DAGs
[2023-11-05T03:01:37.005+0000] {logging_mixin.py:151} INFO - [2023-11-05T03:01:37.004+0000] {dag.py:3722} INFO - Setting next_dagrun for example_dynamic_task_mapping_with_no_taskflow_operators to 2023-11-04T03:01:37.003873+00:00, run_after=2023-11-05T03:01:37.003873+00:00
[2023-11-05T03:01:37.050+0000] {processor.py:179} INFO - Processing /home/airflow/.local/lib/python3.8/site-packages/airflow/example_dags/example_dynamic_task_mapping_with_no_taskflow_operators.py took 0.149 seconds
[2023-11-05T03:02:07.147+0000] {processor.py:157} INFO - Started process (PID=471) to work on /home/airflow/.local/lib/python3.8/site-packages/airflow/example_dags/example_dynamic_task_mapping_with_no_taskflow_operators.py
[2023-11-05T03:02:07.148+0000] {processor.py:829} INFO - Processing file /home/airflow/.local/lib/python3.8/site-packages/airflow/example_dags/example_dynamic_task_mapping_with_no_taskflow_operators.py for tasks to queue
[2023-11-05T03:02:07.149+0000] {logging_mixin.py:151} INFO - [2023-11-05T03:02:07.149+0000] {dagbag.py:536} INFO - Filling up the DagBag from /home/airflow/.local/lib/python3.8/site-packages/airflow/example_dags/example_dynamic_task_mapping_with_no_taskflow_operators.py
[2023-11-05T03:02:07.157+0000] {processor.py:839} INFO - DAG(s) dict_keys(['example_dynamic_task_mapping_with_no_taskflow_operators']) retrieved from /home/airflow/.local/lib/python3.8/site-packages/airflow/example_dags/example_dynamic_task_mapping_with_no_taskflow_operators.py
[2023-11-05T03:02:07.177+0000] {logging_mixin.py:151} INFO - [2023-11-05T03:02:07.177+0000] {dag.py:2941} INFO - Sync 1 DAGs
[2023-11-05T03:02:07.200+0000] {logging_mixin.py:151} INFO - [2023-11-05T03:02:07.200+0000] {dag.py:3722} INFO - Setting next_dagrun for example_dynamic_task_mapping_with_no_taskflow_operators to 2023-11-04T03:02:07.199784+00:00, run_after=2023-11-05T03:02:07.199784+00:00
[2023-11-05T03:02:07.247+0000] {processor.py:179} INFO - Processing /home/airflow/.local/lib/python3.8/site-packages/airflow/example_dags/example_dynamic_task_mapping_with_no_taskflow_operators.py took 0.102 seconds
[2023-11-05T03:02:37.317+0000] {processor.py:157} INFO - Started process (PID=524) to work on /home/airflow/.local/lib/python3.8/site-packages/airflow/example_dags/example_dynamic_task_mapping_with_no_taskflow_operators.py
[2023-11-05T03:02:37.318+0000] {processor.py:829} INFO - Processing file /home/airflow/.local/lib/python3.8/site-packages/airflow/example_dags/example_dynamic_task_mapping_with_no_taskflow_operators.py for tasks to queue
[2023-11-05T03:02:37.320+0000] {logging_mixin.py:151} INFO - [2023-11-05T03:02:37.319+0000] {dagbag.py:536} INFO - Filling up the DagBag from /home/airflow/.local/lib/python3.8/site-packages/airflow/example_dags/example_dynamic_task_mapping_with_no_taskflow_operators.py
[2023-11-05T03:02:37.328+0000] {processor.py:839} INFO - DAG(s) dict_keys(['example_dynamic_task_mapping_with_no_taskflow_operators']) retrieved from /home/airflow/.local/lib/python3.8/site-packages/airflow/example_dags/example_dynamic_task_mapping_with_no_taskflow_operators.py
[2023-11-05T03:02:37.356+0000] {logging_mixin.py:151} INFO - [2023-11-05T03:02:37.356+0000] {dag.py:2941} INFO - Sync 1 DAGs
[2023-11-05T03:02:37.390+0000] {logging_mixin.py:151} INFO - [2023-11-05T03:02:37.390+0000] {dag.py:3722} INFO - Setting next_dagrun for example_dynamic_task_mapping_with_no_taskflow_operators to 2023-11-04T03:02:37.389829+00:00, run_after=2023-11-05T03:02:37.389829+00:00
[2023-11-05T03:02:37.415+0000] {processor.py:179} INFO - Processing /home/airflow/.local/lib/python3.8/site-packages/airflow/example_dags/example_dynamic_task_mapping_with_no_taskflow_operators.py took 0.101 seconds
[2023-11-05T03:03:07.981+0000] {processor.py:157} INFO - Started process (PID=578) to work on /home/airflow/.local/lib/python3.8/site-packages/airflow/example_dags/example_dynamic_task_mapping_with_no_taskflow_operators.py
[2023-11-05T03:03:07.982+0000] {processor.py:829} INFO - Processing file /home/airflow/.local/lib/python3.8/site-packages/airflow/example_dags/example_dynamic_task_mapping_with_no_taskflow_operators.py for tasks to queue
[2023-11-05T03:03:07.987+0000] {logging_mixin.py:151} INFO - [2023-11-05T03:03:07.986+0000] {dagbag.py:536} INFO - Filling up the DagBag from /home/airflow/.local/lib/python3.8/site-packages/airflow/example_dags/example_dynamic_task_mapping_with_no_taskflow_operators.py
[2023-11-05T03:03:08.006+0000] {processor.py:839} INFO - DAG(s) dict_keys(['example_dynamic_task_mapping_with_no_taskflow_operators']) retrieved from /home/airflow/.local/lib/python3.8/site-packages/airflow/example_dags/example_dynamic_task_mapping_with_no_taskflow_operators.py
[2023-11-05T03:03:08.055+0000] {logging_mixin.py:151} INFO - [2023-11-05T03:03:08.054+0000] {dag.py:2941} INFO - Sync 1 DAGs
[2023-11-05T03:03:08.085+0000] {logging_mixin.py:151} INFO - [2023-11-05T03:03:08.085+0000] {dag.py:3722} INFO - Setting next_dagrun for example_dynamic_task_mapping_with_no_taskflow_operators to 2023-11-04T03:03:08.084948+00:00, run_after=2023-11-05T03:03:08.084948+00:00
[2023-11-05T03:03:08.111+0000] {processor.py:179} INFO - Processing /home/airflow/.local/lib/python3.8/site-packages/airflow/example_dags/example_dynamic_task_mapping_with_no_taskflow_operators.py took 0.138 seconds
[2023-11-05T03:03:38.156+0000] {processor.py:157} INFO - Started process (PID=632) to work on /home/airflow/.local/lib/python3.8/site-packages/airflow/example_dags/example_dynamic_task_mapping_with_no_taskflow_operators.py
[2023-11-05T03:03:38.157+0000] {processor.py:829} INFO - Processing file /home/airflow/.local/lib/python3.8/site-packages/airflow/example_dags/example_dynamic_task_mapping_with_no_taskflow_operators.py for tasks to queue
[2023-11-05T03:03:38.159+0000] {logging_mixin.py:151} INFO - [2023-11-05T03:03:38.159+0000] {dagbag.py:536} INFO - Filling up the DagBag from /home/airflow/.local/lib/python3.8/site-packages/airflow/example_dags/example_dynamic_task_mapping_with_no_taskflow_operators.py
[2023-11-05T03:03:38.165+0000] {processor.py:839} INFO - DAG(s) dict_keys(['example_dynamic_task_mapping_with_no_taskflow_operators']) retrieved from /home/airflow/.local/lib/python3.8/site-packages/airflow/example_dags/example_dynamic_task_mapping_with_no_taskflow_operators.py
[2023-11-05T03:03:38.188+0000] {logging_mixin.py:151} INFO - [2023-11-05T03:03:38.187+0000] {dag.py:2941} INFO - Sync 1 DAGs
[2023-11-05T03:03:38.217+0000] {logging_mixin.py:151} INFO - [2023-11-05T03:03:38.216+0000] {dag.py:3722} INFO - Setting next_dagrun for example_dynamic_task_mapping_with_no_taskflow_operators to 2023-11-04T03:03:38.216573+00:00, run_after=2023-11-05T03:03:38.216573+00:00
[2023-11-05T03:03:38.236+0000] {processor.py:179} INFO - Processing /home/airflow/.local/lib/python3.8/site-packages/airflow/example_dags/example_dynamic_task_mapping_with_no_taskflow_operators.py took 0.083 seconds
[2023-11-05T03:04:08.813+0000] {processor.py:157} INFO - Started process (PID=686) to work on /home/airflow/.local/lib/python3.8/site-packages/airflow/example_dags/example_dynamic_task_mapping_with_no_taskflow_operators.py
[2023-11-05T03:04:08.814+0000] {processor.py:829} INFO - Processing file /home/airflow/.local/lib/python3.8/site-packages/airflow/example_dags/example_dynamic_task_mapping_with_no_taskflow_operators.py for tasks to queue
[2023-11-05T03:04:08.816+0000] {logging_mixin.py:151} INFO - [2023-11-05T03:04:08.816+0000] {dagbag.py:536} INFO - Filling up the DagBag from /home/airflow/.local/lib/python3.8/site-packages/airflow/example_dags/example_dynamic_task_mapping_with_no_taskflow_operators.py
[2023-11-05T03:04:08.825+0000] {processor.py:839} INFO - DAG(s) dict_keys(['example_dynamic_task_mapping_with_no_taskflow_operators']) retrieved from /home/airflow/.local/lib/python3.8/site-packages/airflow/example_dags/example_dynamic_task_mapping_with_no_taskflow_operators.py
[2023-11-05T03:04:08.852+0000] {logging_mixin.py:151} INFO - [2023-11-05T03:04:08.852+0000] {dag.py:2941} INFO - Sync 1 DAGs
[2023-11-05T03:04:08.884+0000] {logging_mixin.py:151} INFO - [2023-11-05T03:04:08.884+0000] {dag.py:3722} INFO - Setting next_dagrun for example_dynamic_task_mapping_with_no_taskflow_operators to 2023-11-04T03:04:08.883300+00:00, run_after=2023-11-05T03:04:08.883300+00:00
[2023-11-05T03:04:08.917+0000] {processor.py:179} INFO - Processing /home/airflow/.local/lib/python3.8/site-packages/airflow/example_dags/example_dynamic_task_mapping_with_no_taskflow_operators.py took 0.107 seconds
[2023-11-05T03:04:39.187+0000] {processor.py:157} INFO - Started process (PID=741) to work on /home/airflow/.local/lib/python3.8/site-packages/airflow/example_dags/example_dynamic_task_mapping_with_no_taskflow_operators.py
[2023-11-05T03:04:39.188+0000] {processor.py:829} INFO - Processing file /home/airflow/.local/lib/python3.8/site-packages/airflow/example_dags/example_dynamic_task_mapping_with_no_taskflow_operators.py for tasks to queue
[2023-11-05T03:04:39.190+0000] {logging_mixin.py:151} INFO - [2023-11-05T03:04:39.190+0000] {dagbag.py:536} INFO - Filling up the DagBag from /home/airflow/.local/lib/python3.8/site-packages/airflow/example_dags/example_dynamic_task_mapping_with_no_taskflow_operators.py
[2023-11-05T03:04:39.197+0000] {processor.py:839} INFO - DAG(s) dict_keys(['example_dynamic_task_mapping_with_no_taskflow_operators']) retrieved from /home/airflow/.local/lib/python3.8/site-packages/airflow/example_dags/example_dynamic_task_mapping_with_no_taskflow_operators.py
[2023-11-05T03:04:39.223+0000] {logging_mixin.py:151} INFO - [2023-11-05T03:04:39.223+0000] {dag.py:2941} INFO - Sync 1 DAGs
[2023-11-05T03:04:39.263+0000] {logging_mixin.py:151} INFO - [2023-11-05T03:04:39.263+0000] {dag.py:3722} INFO - Setting next_dagrun for example_dynamic_task_mapping_with_no_taskflow_operators to 2023-11-04T03:04:39.263181+00:00, run_after=2023-11-05T03:04:39.263181+00:00
[2023-11-05T03:04:39.298+0000] {processor.py:179} INFO - Processing /home/airflow/.local/lib/python3.8/site-packages/airflow/example_dags/example_dynamic_task_mapping_with_no_taskflow_operators.py took 0.113 seconds
[2023-11-05T03:05:09.482+0000] {processor.py:157} INFO - Started process (PID=795) to work on /home/airflow/.local/lib/python3.8/site-packages/airflow/example_dags/example_dynamic_task_mapping_with_no_taskflow_operators.py
[2023-11-05T03:05:09.483+0000] {processor.py:829} INFO - Processing file /home/airflow/.local/lib/python3.8/site-packages/airflow/example_dags/example_dynamic_task_mapping_with_no_taskflow_operators.py for tasks to queue
[2023-11-05T03:05:09.485+0000] {logging_mixin.py:151} INFO - [2023-11-05T03:05:09.485+0000] {dagbag.py:536} INFO - Filling up the DagBag from /home/airflow/.local/lib/python3.8/site-packages/airflow/example_dags/example_dynamic_task_mapping_with_no_taskflow_operators.py
[2023-11-05T03:05:09.490+0000] {processor.py:839} INFO - DAG(s) dict_keys(['example_dynamic_task_mapping_with_no_taskflow_operators']) retrieved from /home/airflow/.local/lib/python3.8/site-packages/airflow/example_dags/example_dynamic_task_mapping_with_no_taskflow_operators.py
[2023-11-05T03:05:09.513+0000] {logging_mixin.py:151} INFO - [2023-11-05T03:05:09.513+0000] {dag.py:2941} INFO - Sync 1 DAGs
[2023-11-05T03:05:09.552+0000] {logging_mixin.py:151} INFO - [2023-11-05T03:05:09.552+0000] {dag.py:3722} INFO - Setting next_dagrun for example_dynamic_task_mapping_with_no_taskflow_operators to 2023-11-04T03:05:09.551710+00:00, run_after=2023-11-05T03:05:09.551710+00:00
[2023-11-05T03:05:09.574+0000] {processor.py:179} INFO - Processing /home/airflow/.local/lib/python3.8/site-packages/airflow/example_dags/example_dynamic_task_mapping_with_no_taskflow_operators.py took 0.094 seconds
[2023-11-05T03:05:39.777+0000] {processor.py:157} INFO - Started process (PID=849) to work on /home/airflow/.local/lib/python3.8/site-packages/airflow/example_dags/example_dynamic_task_mapping_with_no_taskflow_operators.py
[2023-11-05T03:05:39.778+0000] {processor.py:829} INFO - Processing file /home/airflow/.local/lib/python3.8/site-packages/airflow/example_dags/example_dynamic_task_mapping_with_no_taskflow_operators.py for tasks to queue
[2023-11-05T03:05:39.781+0000] {logging_mixin.py:151} INFO - [2023-11-05T03:05:39.781+0000] {dagbag.py:536} INFO - Filling up the DagBag from /home/airflow/.local/lib/python3.8/site-packages/airflow/example_dags/example_dynamic_task_mapping_with_no_taskflow_operators.py
[2023-11-05T03:05:39.787+0000] {processor.py:839} INFO - DAG(s) dict_keys(['example_dynamic_task_mapping_with_no_taskflow_operators']) retrieved from /home/airflow/.local/lib/python3.8/site-packages/airflow/example_dags/example_dynamic_task_mapping_with_no_taskflow_operators.py
[2023-11-05T03:05:39.806+0000] {logging_mixin.py:151} INFO - [2023-11-05T03:05:39.805+0000] {dag.py:2941} INFO - Sync 1 DAGs
[2023-11-05T03:05:39.828+0000] {logging_mixin.py:151} INFO - [2023-11-05T03:05:39.828+0000] {dag.py:3722} INFO - Setting next_dagrun for example_dynamic_task_mapping_with_no_taskflow_operators to 2023-11-04T03:05:39.828085+00:00, run_after=2023-11-05T03:05:39.828085+00:00
[2023-11-05T03:05:39.847+0000] {processor.py:179} INFO - Processing /home/airflow/.local/lib/python3.8/site-packages/airflow/example_dags/example_dynamic_task_mapping_with_no_taskflow_operators.py took 0.073 seconds
[2023-11-05T03:06:10.147+0000] {processor.py:157} INFO - Started process (PID=903) to work on /home/airflow/.local/lib/python3.8/site-packages/airflow/example_dags/example_dynamic_task_mapping_with_no_taskflow_operators.py
[2023-11-05T03:06:10.147+0000] {processor.py:829} INFO - Processing file /home/airflow/.local/lib/python3.8/site-packages/airflow/example_dags/example_dynamic_task_mapping_with_no_taskflow_operators.py for tasks to queue
[2023-11-05T03:06:10.150+0000] {logging_mixin.py:151} INFO - [2023-11-05T03:06:10.149+0000] {dagbag.py:536} INFO - Filling up the DagBag from /home/airflow/.local/lib/python3.8/site-packages/airflow/example_dags/example_dynamic_task_mapping_with_no_taskflow_operators.py
[2023-11-05T03:06:10.156+0000] {processor.py:839} INFO - DAG(s) dict_keys(['example_dynamic_task_mapping_with_no_taskflow_operators']) retrieved from /home/airflow/.local/lib/python3.8/site-packages/airflow/example_dags/example_dynamic_task_mapping_with_no_taskflow_operators.py
[2023-11-05T03:06:10.183+0000] {logging_mixin.py:151} INFO - [2023-11-05T03:06:10.182+0000] {dag.py:2941} INFO - Sync 1 DAGs
[2023-11-05T03:06:10.213+0000] {logging_mixin.py:151} INFO - [2023-11-05T03:06:10.213+0000] {dag.py:3722} INFO - Setting next_dagrun for example_dynamic_task_mapping_with_no_taskflow_operators to 2023-11-04T03:06:10.213376+00:00, run_after=2023-11-05T03:06:10.213376+00:00
[2023-11-05T03:06:10.410+0000] {processor.py:179} INFO - Processing /home/airflow/.local/lib/python3.8/site-packages/airflow/example_dags/example_dynamic_task_mapping_with_no_taskflow_operators.py took 0.267 seconds
[2023-11-05T03:06:41.190+0000] {processor.py:157} INFO - Started process (PID=957) to work on /home/airflow/.local/lib/python3.8/site-packages/airflow/example_dags/example_dynamic_task_mapping_with_no_taskflow_operators.py
[2023-11-05T03:06:41.191+0000] {processor.py:829} INFO - Processing file /home/airflow/.local/lib/python3.8/site-packages/airflow/example_dags/example_dynamic_task_mapping_with_no_taskflow_operators.py for tasks to queue
[2023-11-05T03:06:41.193+0000] {logging_mixin.py:151} INFO - [2023-11-05T03:06:41.192+0000] {dagbag.py:536} INFO - Filling up the DagBag from /home/airflow/.local/lib/python3.8/site-packages/airflow/example_dags/example_dynamic_task_mapping_with_no_taskflow_operators.py
[2023-11-05T03:06:41.199+0000] {processor.py:839} INFO - DAG(s) dict_keys(['example_dynamic_task_mapping_with_no_taskflow_operators']) retrieved from /home/airflow/.local/lib/python3.8/site-packages/airflow/example_dags/example_dynamic_task_mapping_with_no_taskflow_operators.py
[2023-11-05T03:06:41.217+0000] {logging_mixin.py:151} INFO - [2023-11-05T03:06:41.217+0000] {dag.py:2941} INFO - Sync 1 DAGs
[2023-11-05T03:06:41.239+0000] {logging_mixin.py:151} INFO - [2023-11-05T03:06:41.239+0000] {dag.py:3722} INFO - Setting next_dagrun for example_dynamic_task_mapping_with_no_taskflow_operators to 2023-11-04T03:06:41.239092+00:00, run_after=2023-11-05T03:06:41.239092+00:00
[2023-11-05T03:06:41.258+0000] {processor.py:179} INFO - Processing /home/airflow/.local/lib/python3.8/site-packages/airflow/example_dags/example_dynamic_task_mapping_with_no_taskflow_operators.py took 0.070 seconds
[2023-11-05T03:07:11.677+0000] {processor.py:157} INFO - Started process (PID=1011) to work on /home/airflow/.local/lib/python3.8/site-packages/airflow/example_dags/example_dynamic_task_mapping_with_no_taskflow_operators.py
[2023-11-05T03:07:11.678+0000] {processor.py:829} INFO - Processing file /home/airflow/.local/lib/python3.8/site-packages/airflow/example_dags/example_dynamic_task_mapping_with_no_taskflow_operators.py for tasks to queue
[2023-11-05T03:07:11.682+0000] {logging_mixin.py:151} INFO - [2023-11-05T03:07:11.681+0000] {dagbag.py:536} INFO - Filling up the DagBag from /home/airflow/.local/lib/python3.8/site-packages/airflow/example_dags/example_dynamic_task_mapping_with_no_taskflow_operators.py
[2023-11-05T03:07:11.694+0000] {processor.py:839} INFO - DAG(s) dict_keys(['example_dynamic_task_mapping_with_no_taskflow_operators']) retrieved from /home/airflow/.local/lib/python3.8/site-packages/airflow/example_dags/example_dynamic_task_mapping_with_no_taskflow_operators.py
[2023-11-05T03:07:11.740+0000] {logging_mixin.py:151} INFO - [2023-11-05T03:07:11.739+0000] {dag.py:2941} INFO - Sync 1 DAGs
[2023-11-05T03:07:11.780+0000] {logging_mixin.py:151} INFO - [2023-11-05T03:07:11.780+0000] {dag.py:3722} INFO - Setting next_dagrun for example_dynamic_task_mapping_with_no_taskflow_operators to 2023-11-04T03:07:11.780272+00:00, run_after=2023-11-05T03:07:11.780272+00:00
[2023-11-05T03:07:11.816+0000] {processor.py:179} INFO - Processing /home/airflow/.local/lib/python3.8/site-packages/airflow/example_dags/example_dynamic_task_mapping_with_no_taskflow_operators.py took 0.143 seconds
[2023-11-05T03:07:42.093+0000] {processor.py:157} INFO - Started process (PID=1065) to work on /home/airflow/.local/lib/python3.8/site-packages/airflow/example_dags/example_dynamic_task_mapping_with_no_taskflow_operators.py
[2023-11-05T03:07:42.094+0000] {processor.py:829} INFO - Processing file /home/airflow/.local/lib/python3.8/site-packages/airflow/example_dags/example_dynamic_task_mapping_with_no_taskflow_operators.py for tasks to queue
[2023-11-05T03:07:42.097+0000] {logging_mixin.py:151} INFO - [2023-11-05T03:07:42.096+0000] {dagbag.py:536} INFO - Filling up the DagBag from /home/airflow/.local/lib/python3.8/site-packages/airflow/example_dags/example_dynamic_task_mapping_with_no_taskflow_operators.py
[2023-11-05T03:07:42.104+0000] {processor.py:839} INFO - DAG(s) dict_keys(['example_dynamic_task_mapping_with_no_taskflow_operators']) retrieved from /home/airflow/.local/lib/python3.8/site-packages/airflow/example_dags/example_dynamic_task_mapping_with_no_taskflow_operators.py
[2023-11-05T03:07:42.138+0000] {logging_mixin.py:151} INFO - [2023-11-05T03:07:42.137+0000] {dag.py:2941} INFO - Sync 1 DAGs
[2023-11-05T03:07:42.191+0000] {logging_mixin.py:151} INFO - [2023-11-05T03:07:42.190+0000] {dag.py:3722} INFO - Setting next_dagrun for example_dynamic_task_mapping_with_no_taskflow_operators to 2023-11-04T03:07:42.190428+00:00, run_after=2023-11-05T03:07:42.190428+00:00
[2023-11-05T03:07:42.234+0000] {processor.py:179} INFO - Processing /home/airflow/.local/lib/python3.8/site-packages/airflow/example_dags/example_dynamic_task_mapping_with_no_taskflow_operators.py took 0.144 seconds
