[2023-11-05T02:58:03.284+0000] {processor.py:157} INFO - Started process (PID=51) to work on /home/airflow/.local/lib/python3.8/site-packages/airflow/example_dags/example_params_ui_tutorial.py
[2023-11-05T02:58:03.286+0000] {processor.py:829} INFO - Processing file /home/airflow/.local/lib/python3.8/site-packages/airflow/example_dags/example_params_ui_tutorial.py for tasks to queue
[2023-11-05T02:58:03.288+0000] {logging_mixin.py:151} INFO - [2023-11-05T02:58:03.288+0000] {dagbag.py:536} INFO - Filling up the DagBag from /home/airflow/.local/lib/python3.8/site-packages/airflow/example_dags/example_params_ui_tutorial.py
[2023-11-05T02:58:03.348+0000] {processor.py:839} INFO - DAG(s) dict_keys(['example_params_ui_tutorial']) retrieved from /home/airflow/.local/lib/python3.8/site-packages/airflow/example_dags/example_params_ui_tutorial.py
[2023-11-05T02:58:03.371+0000] {logging_mixin.py:151} INFO - [2023-11-05T02:58:03.371+0000] {dag.py:2941} INFO - Sync 1 DAGs
[2023-11-05T02:58:03.389+0000] {logging_mixin.py:151} INFO - [2023-11-05T02:58:03.389+0000] {dag.py:3722} INFO - Setting next_dagrun for example_params_ui_tutorial to None, run_after=None
[2023-11-05T02:58:03.418+0000] {processor.py:179} INFO - Processing /home/airflow/.local/lib/python3.8/site-packages/airflow/example_dags/example_params_ui_tutorial.py took 0.138 seconds
[2023-11-05T02:58:33.648+0000] {processor.py:157} INFO - Started process (PID=105) to work on /home/airflow/.local/lib/python3.8/site-packages/airflow/example_dags/example_params_ui_tutorial.py
[2023-11-05T02:58:33.648+0000] {processor.py:829} INFO - Processing file /home/airflow/.local/lib/python3.8/site-packages/airflow/example_dags/example_params_ui_tutorial.py for tasks to queue
[2023-11-05T02:58:33.650+0000] {logging_mixin.py:151} INFO - [2023-11-05T02:58:33.650+0000] {dagbag.py:536} INFO - Filling up the DagBag from /home/airflow/.local/lib/python3.8/site-packages/airflow/example_dags/example_params_ui_tutorial.py
[2023-11-05T02:58:33.688+0000] {processor.py:839} INFO - DAG(s) dict_keys(['example_params_ui_tutorial']) retrieved from /home/airflow/.local/lib/python3.8/site-packages/airflow/example_dags/example_params_ui_tutorial.py
[2023-11-05T02:58:33.742+0000] {logging_mixin.py:151} INFO - [2023-11-05T02:58:33.742+0000] {dag.py:2941} INFO - Sync 1 DAGs
[2023-11-05T02:58:33.756+0000] {logging_mixin.py:151} INFO - [2023-11-05T02:58:33.755+0000] {dag.py:3722} INFO - Setting next_dagrun for example_params_ui_tutorial to None, run_after=None
[2023-11-05T02:58:33.777+0000] {processor.py:179} INFO - Processing /home/airflow/.local/lib/python3.8/site-packages/airflow/example_dags/example_params_ui_tutorial.py took 0.132 seconds
[2023-11-05T02:59:04.379+0000] {processor.py:157} INFO - Started process (PID=160) to work on /home/airflow/.local/lib/python3.8/site-packages/airflow/example_dags/example_params_ui_tutorial.py
[2023-11-05T02:59:04.380+0000] {processor.py:829} INFO - Processing file /home/airflow/.local/lib/python3.8/site-packages/airflow/example_dags/example_params_ui_tutorial.py for tasks to queue
[2023-11-05T02:59:04.381+0000] {logging_mixin.py:151} INFO - [2023-11-05T02:59:04.381+0000] {dagbag.py:536} INFO - Filling up the DagBag from /home/airflow/.local/lib/python3.8/site-packages/airflow/example_dags/example_params_ui_tutorial.py
[2023-11-05T02:59:04.417+0000] {processor.py:839} INFO - DAG(s) dict_keys(['example_params_ui_tutorial']) retrieved from /home/airflow/.local/lib/python3.8/site-packages/airflow/example_dags/example_params_ui_tutorial.py
[2023-11-05T02:59:04.501+0000] {logging_mixin.py:151} INFO - [2023-11-05T02:59:04.501+0000] {dag.py:2941} INFO - Sync 1 DAGs
[2023-11-05T02:59:04.518+0000] {logging_mixin.py:151} INFO - [2023-11-05T02:59:04.518+0000] {dag.py:3722} INFO - Setting next_dagrun for example_params_ui_tutorial to None, run_after=None
[2023-11-05T02:59:04.536+0000] {processor.py:179} INFO - Processing /home/airflow/.local/lib/python3.8/site-packages/airflow/example_dags/example_params_ui_tutorial.py took 0.160 seconds
[2023-11-05T02:59:35.169+0000] {processor.py:157} INFO - Started process (PID=214) to work on /home/airflow/.local/lib/python3.8/site-packages/airflow/example_dags/example_params_ui_tutorial.py
[2023-11-05T02:59:35.170+0000] {processor.py:829} INFO - Processing file /home/airflow/.local/lib/python3.8/site-packages/airflow/example_dags/example_params_ui_tutorial.py for tasks to queue
[2023-11-05T02:59:35.172+0000] {logging_mixin.py:151} INFO - [2023-11-05T02:59:35.172+0000] {dagbag.py:536} INFO - Filling up the DagBag from /home/airflow/.local/lib/python3.8/site-packages/airflow/example_dags/example_params_ui_tutorial.py
[2023-11-05T02:59:35.231+0000] {processor.py:839} INFO - DAG(s) dict_keys(['example_params_ui_tutorial']) retrieved from /home/airflow/.local/lib/python3.8/site-packages/airflow/example_dags/example_params_ui_tutorial.py
[2023-11-05T02:59:35.314+0000] {logging_mixin.py:151} INFO - [2023-11-05T02:59:35.314+0000] {dag.py:2941} INFO - Sync 1 DAGs
[2023-11-05T02:59:35.329+0000] {logging_mixin.py:151} INFO - [2023-11-05T02:59:35.329+0000] {dag.py:3722} INFO - Setting next_dagrun for example_params_ui_tutorial to None, run_after=None
[2023-11-05T02:59:35.350+0000] {processor.py:179} INFO - Processing /home/airflow/.local/lib/python3.8/site-packages/airflow/example_dags/example_params_ui_tutorial.py took 0.185 seconds
[2023-11-05T03:00:06.291+0000] {processor.py:157} INFO - Started process (PID=268) to work on /home/airflow/.local/lib/python3.8/site-packages/airflow/example_dags/example_params_ui_tutorial.py
[2023-11-05T03:00:06.292+0000] {processor.py:829} INFO - Processing file /home/airflow/.local/lib/python3.8/site-packages/airflow/example_dags/example_params_ui_tutorial.py for tasks to queue
[2023-11-05T03:00:06.295+0000] {logging_mixin.py:151} INFO - [2023-11-05T03:00:06.294+0000] {dagbag.py:536} INFO - Filling up the DagBag from /home/airflow/.local/lib/python3.8/site-packages/airflow/example_dags/example_params_ui_tutorial.py
[2023-11-05T03:00:06.366+0000] {processor.py:839} INFO - DAG(s) dict_keys(['example_params_ui_tutorial']) retrieved from /home/airflow/.local/lib/python3.8/site-packages/airflow/example_dags/example_params_ui_tutorial.py
[2023-11-05T03:00:06.427+0000] {logging_mixin.py:151} INFO - [2023-11-05T03:00:06.427+0000] {dag.py:2941} INFO - Sync 1 DAGs
[2023-11-05T03:00:06.441+0000] {logging_mixin.py:151} INFO - [2023-11-05T03:00:06.441+0000] {dag.py:3722} INFO - Setting next_dagrun for example_params_ui_tutorial to None, run_after=None
[2023-11-05T03:00:06.462+0000] {processor.py:179} INFO - Processing /home/airflow/.local/lib/python3.8/site-packages/airflow/example_dags/example_params_ui_tutorial.py took 0.176 seconds
[2023-11-05T03:00:37.508+0000] {processor.py:157} INFO - Started process (PID=321) to work on /home/airflow/.local/lib/python3.8/site-packages/airflow/example_dags/example_params_ui_tutorial.py
[2023-11-05T03:00:37.510+0000] {processor.py:829} INFO - Processing file /home/airflow/.local/lib/python3.8/site-packages/airflow/example_dags/example_params_ui_tutorial.py for tasks to queue
[2023-11-05T03:00:37.514+0000] {logging_mixin.py:151} INFO - [2023-11-05T03:00:37.514+0000] {dagbag.py:536} INFO - Filling up the DagBag from /home/airflow/.local/lib/python3.8/site-packages/airflow/example_dags/example_params_ui_tutorial.py
[2023-11-05T03:00:37.582+0000] {processor.py:839} INFO - DAG(s) dict_keys(['example_params_ui_tutorial']) retrieved from /home/airflow/.local/lib/python3.8/site-packages/airflow/example_dags/example_params_ui_tutorial.py
[2023-11-05T03:00:37.651+0000] {logging_mixin.py:151} INFO - [2023-11-05T03:00:37.651+0000] {dag.py:2941} INFO - Sync 1 DAGs
[2023-11-05T03:00:37.666+0000] {logging_mixin.py:151} INFO - [2023-11-05T03:00:37.665+0000] {dag.py:3722} INFO - Setting next_dagrun for example_params_ui_tutorial to None, run_after=None
[2023-11-05T03:00:37.689+0000] {processor.py:179} INFO - Processing /home/airflow/.local/lib/python3.8/site-packages/airflow/example_dags/example_params_ui_tutorial.py took 0.189 seconds
[2023-11-05T03:01:07.776+0000] {processor.py:157} INFO - Started process (PID=376) to work on /home/airflow/.local/lib/python3.8/site-packages/airflow/example_dags/example_params_ui_tutorial.py
[2023-11-05T03:01:07.777+0000] {processor.py:829} INFO - Processing file /home/airflow/.local/lib/python3.8/site-packages/airflow/example_dags/example_params_ui_tutorial.py for tasks to queue
[2023-11-05T03:01:07.779+0000] {logging_mixin.py:151} INFO - [2023-11-05T03:01:07.779+0000] {dagbag.py:536} INFO - Filling up the DagBag from /home/airflow/.local/lib/python3.8/site-packages/airflow/example_dags/example_params_ui_tutorial.py
[2023-11-05T03:01:07.840+0000] {processor.py:839} INFO - DAG(s) dict_keys(['example_params_ui_tutorial']) retrieved from /home/airflow/.local/lib/python3.8/site-packages/airflow/example_dags/example_params_ui_tutorial.py
[2023-11-05T03:01:07.912+0000] {logging_mixin.py:151} INFO - [2023-11-05T03:01:07.912+0000] {dag.py:2941} INFO - Sync 1 DAGs
[2023-11-05T03:01:07.927+0000] {logging_mixin.py:151} INFO - [2023-11-05T03:01:07.927+0000] {dag.py:3722} INFO - Setting next_dagrun for example_params_ui_tutorial to None, run_after=None
[2023-11-05T03:01:07.949+0000] {processor.py:179} INFO - Processing /home/airflow/.local/lib/python3.8/site-packages/airflow/example_dags/example_params_ui_tutorial.py took 0.179 seconds
[2023-11-05T03:01:37.995+0000] {processor.py:157} INFO - Started process (PID=429) to work on /home/airflow/.local/lib/python3.8/site-packages/airflow/example_dags/example_params_ui_tutorial.py
[2023-11-05T03:01:37.996+0000] {processor.py:829} INFO - Processing file /home/airflow/.local/lib/python3.8/site-packages/airflow/example_dags/example_params_ui_tutorial.py for tasks to queue
[2023-11-05T03:01:38.000+0000] {logging_mixin.py:151} INFO - [2023-11-05T03:01:37.999+0000] {dagbag.py:536} INFO - Filling up the DagBag from /home/airflow/.local/lib/python3.8/site-packages/airflow/example_dags/example_params_ui_tutorial.py
[2023-11-05T03:01:38.065+0000] {processor.py:839} INFO - DAG(s) dict_keys(['example_params_ui_tutorial']) retrieved from /home/airflow/.local/lib/python3.8/site-packages/airflow/example_dags/example_params_ui_tutorial.py
[2023-11-05T03:01:38.133+0000] {logging_mixin.py:151} INFO - [2023-11-05T03:01:38.133+0000] {dag.py:2941} INFO - Sync 1 DAGs
[2023-11-05T03:01:38.147+0000] {logging_mixin.py:151} INFO - [2023-11-05T03:01:38.146+0000] {dag.py:3722} INFO - Setting next_dagrun for example_params_ui_tutorial to None, run_after=None
[2023-11-05T03:01:38.165+0000] {processor.py:179} INFO - Processing /home/airflow/.local/lib/python3.8/site-packages/airflow/example_dags/example_params_ui_tutorial.py took 0.175 seconds
[2023-11-05T03:02:08.868+0000] {processor.py:157} INFO - Started process (PID=483) to work on /home/airflow/.local/lib/python3.8/site-packages/airflow/example_dags/example_params_ui_tutorial.py
[2023-11-05T03:02:08.869+0000] {processor.py:829} INFO - Processing file /home/airflow/.local/lib/python3.8/site-packages/airflow/example_dags/example_params_ui_tutorial.py for tasks to queue
[2023-11-05T03:02:08.871+0000] {logging_mixin.py:151} INFO - [2023-11-05T03:02:08.870+0000] {dagbag.py:536} INFO - Filling up the DagBag from /home/airflow/.local/lib/python3.8/site-packages/airflow/example_dags/example_params_ui_tutorial.py
[2023-11-05T03:02:08.929+0000] {processor.py:839} INFO - DAG(s) dict_keys(['example_params_ui_tutorial']) retrieved from /home/airflow/.local/lib/python3.8/site-packages/airflow/example_dags/example_params_ui_tutorial.py
[2023-11-05T03:02:08.996+0000] {logging_mixin.py:151} INFO - [2023-11-05T03:02:08.995+0000] {dag.py:2941} INFO - Sync 1 DAGs
[2023-11-05T03:02:09.020+0000] {logging_mixin.py:151} INFO - [2023-11-05T03:02:09.020+0000] {dag.py:3722} INFO - Setting next_dagrun for example_params_ui_tutorial to None, run_after=None
[2023-11-05T03:02:09.059+0000] {processor.py:179} INFO - Processing /home/airflow/.local/lib/python3.8/site-packages/airflow/example_dags/example_params_ui_tutorial.py took 0.194 seconds
[2023-11-05T03:02:39.085+0000] {processor.py:157} INFO - Started process (PID=536) to work on /home/airflow/.local/lib/python3.8/site-packages/airflow/example_dags/example_params_ui_tutorial.py
[2023-11-05T03:02:39.086+0000] {processor.py:829} INFO - Processing file /home/airflow/.local/lib/python3.8/site-packages/airflow/example_dags/example_params_ui_tutorial.py for tasks to queue
[2023-11-05T03:02:39.087+0000] {logging_mixin.py:151} INFO - [2023-11-05T03:02:39.087+0000] {dagbag.py:536} INFO - Filling up the DagBag from /home/airflow/.local/lib/python3.8/site-packages/airflow/example_dags/example_params_ui_tutorial.py
[2023-11-05T03:02:39.127+0000] {processor.py:839} INFO - DAG(s) dict_keys(['example_params_ui_tutorial']) retrieved from /home/airflow/.local/lib/python3.8/site-packages/airflow/example_dags/example_params_ui_tutorial.py
[2023-11-05T03:02:39.187+0000] {logging_mixin.py:151} INFO - [2023-11-05T03:02:39.187+0000] {dag.py:2941} INFO - Sync 1 DAGs
[2023-11-05T03:02:39.201+0000] {logging_mixin.py:151} INFO - [2023-11-05T03:02:39.200+0000] {dag.py:3722} INFO - Setting next_dagrun for example_params_ui_tutorial to None, run_after=None
[2023-11-05T03:02:39.225+0000] {processor.py:179} INFO - Processing /home/airflow/.local/lib/python3.8/site-packages/airflow/example_dags/example_params_ui_tutorial.py took 0.142 seconds
[2023-11-05T03:03:09.766+0000] {processor.py:157} INFO - Started process (PID=590) to work on /home/airflow/.local/lib/python3.8/site-packages/airflow/example_dags/example_params_ui_tutorial.py
[2023-11-05T03:03:09.767+0000] {processor.py:829} INFO - Processing file /home/airflow/.local/lib/python3.8/site-packages/airflow/example_dags/example_params_ui_tutorial.py for tasks to queue
[2023-11-05T03:03:09.768+0000] {logging_mixin.py:151} INFO - [2023-11-05T03:03:09.768+0000] {dagbag.py:536} INFO - Filling up the DagBag from /home/airflow/.local/lib/python3.8/site-packages/airflow/example_dags/example_params_ui_tutorial.py
[2023-11-05T03:03:09.806+0000] {processor.py:839} INFO - DAG(s) dict_keys(['example_params_ui_tutorial']) retrieved from /home/airflow/.local/lib/python3.8/site-packages/airflow/example_dags/example_params_ui_tutorial.py
[2023-11-05T03:03:09.865+0000] {logging_mixin.py:151} INFO - [2023-11-05T03:03:09.865+0000] {dag.py:2941} INFO - Sync 1 DAGs
[2023-11-05T03:03:09.880+0000] {logging_mixin.py:151} INFO - [2023-11-05T03:03:09.879+0000] {dag.py:3722} INFO - Setting next_dagrun for example_params_ui_tutorial to None, run_after=None
[2023-11-05T03:03:09.898+0000] {processor.py:179} INFO - Processing /home/airflow/.local/lib/python3.8/site-packages/airflow/example_dags/example_params_ui_tutorial.py took 0.134 seconds
[2023-11-05T03:03:40.108+0000] {processor.py:157} INFO - Started process (PID=644) to work on /home/airflow/.local/lib/python3.8/site-packages/airflow/example_dags/example_params_ui_tutorial.py
[2023-11-05T03:03:40.109+0000] {processor.py:829} INFO - Processing file /home/airflow/.local/lib/python3.8/site-packages/airflow/example_dags/example_params_ui_tutorial.py for tasks to queue
[2023-11-05T03:03:40.113+0000] {logging_mixin.py:151} INFO - [2023-11-05T03:03:40.112+0000] {dagbag.py:536} INFO - Filling up the DagBag from /home/airflow/.local/lib/python3.8/site-packages/airflow/example_dags/example_params_ui_tutorial.py
[2023-11-05T03:03:40.161+0000] {processor.py:839} INFO - DAG(s) dict_keys(['example_params_ui_tutorial']) retrieved from /home/airflow/.local/lib/python3.8/site-packages/airflow/example_dags/example_params_ui_tutorial.py
[2023-11-05T03:03:40.230+0000] {logging_mixin.py:151} INFO - [2023-11-05T03:03:40.229+0000] {dag.py:2941} INFO - Sync 1 DAGs
[2023-11-05T03:03:40.244+0000] {logging_mixin.py:151} INFO - [2023-11-05T03:03:40.244+0000] {dag.py:3722} INFO - Setting next_dagrun for example_params_ui_tutorial to None, run_after=None
[2023-11-05T03:03:40.268+0000] {processor.py:179} INFO - Processing /home/airflow/.local/lib/python3.8/site-packages/airflow/example_dags/example_params_ui_tutorial.py took 0.166 seconds
[2023-11-05T03:04:10.979+0000] {processor.py:157} INFO - Started process (PID=698) to work on /home/airflow/.local/lib/python3.8/site-packages/airflow/example_dags/example_params_ui_tutorial.py
[2023-11-05T03:04:10.980+0000] {processor.py:829} INFO - Processing file /home/airflow/.local/lib/python3.8/site-packages/airflow/example_dags/example_params_ui_tutorial.py for tasks to queue
[2023-11-05T03:04:10.984+0000] {logging_mixin.py:151} INFO - [2023-11-05T03:04:10.983+0000] {dagbag.py:536} INFO - Filling up the DagBag from /home/airflow/.local/lib/python3.8/site-packages/airflow/example_dags/example_params_ui_tutorial.py
[2023-11-05T03:04:11.093+0000] {processor.py:839} INFO - DAG(s) dict_keys(['example_params_ui_tutorial']) retrieved from /home/airflow/.local/lib/python3.8/site-packages/airflow/example_dags/example_params_ui_tutorial.py
[2023-11-05T03:04:11.177+0000] {logging_mixin.py:151} INFO - [2023-11-05T03:04:11.176+0000] {dag.py:2941} INFO - Sync 1 DAGs
[2023-11-05T03:04:11.192+0000] {logging_mixin.py:151} INFO - [2023-11-05T03:04:11.192+0000] {dag.py:3722} INFO - Setting next_dagrun for example_params_ui_tutorial to None, run_after=None
[2023-11-05T03:04:11.217+0000] {processor.py:179} INFO - Processing /home/airflow/.local/lib/python3.8/site-packages/airflow/example_dags/example_params_ui_tutorial.py took 0.245 seconds
[2023-11-05T03:04:41.947+0000] {processor.py:157} INFO - Started process (PID=753) to work on /home/airflow/.local/lib/python3.8/site-packages/airflow/example_dags/example_params_ui_tutorial.py
[2023-11-05T03:04:41.948+0000] {processor.py:829} INFO - Processing file /home/airflow/.local/lib/python3.8/site-packages/airflow/example_dags/example_params_ui_tutorial.py for tasks to queue
[2023-11-05T03:04:41.952+0000] {logging_mixin.py:151} INFO - [2023-11-05T03:04:41.952+0000] {dagbag.py:536} INFO - Filling up the DagBag from /home/airflow/.local/lib/python3.8/site-packages/airflow/example_dags/example_params_ui_tutorial.py
[2023-11-05T03:04:42.029+0000] {processor.py:839} INFO - DAG(s) dict_keys(['example_params_ui_tutorial']) retrieved from /home/airflow/.local/lib/python3.8/site-packages/airflow/example_dags/example_params_ui_tutorial.py
[2023-11-05T03:04:42.087+0000] {logging_mixin.py:151} INFO - [2023-11-05T03:04:42.087+0000] {dag.py:2941} INFO - Sync 1 DAGs
[2023-11-05T03:04:42.100+0000] {logging_mixin.py:151} INFO - [2023-11-05T03:04:42.100+0000] {dag.py:3722} INFO - Setting next_dagrun for example_params_ui_tutorial to None, run_after=None
[2023-11-05T03:04:42.118+0000] {processor.py:179} INFO - Processing /home/airflow/.local/lib/python3.8/site-packages/airflow/example_dags/example_params_ui_tutorial.py took 0.178 seconds
[2023-11-05T03:05:12.524+0000] {processor.py:157} INFO - Started process (PID=807) to work on /home/airflow/.local/lib/python3.8/site-packages/airflow/example_dags/example_params_ui_tutorial.py
[2023-11-05T03:05:12.525+0000] {processor.py:829} INFO - Processing file /home/airflow/.local/lib/python3.8/site-packages/airflow/example_dags/example_params_ui_tutorial.py for tasks to queue
[2023-11-05T03:05:12.529+0000] {logging_mixin.py:151} INFO - [2023-11-05T03:05:12.528+0000] {dagbag.py:536} INFO - Filling up the DagBag from /home/airflow/.local/lib/python3.8/site-packages/airflow/example_dags/example_params_ui_tutorial.py
[2023-11-05T03:05:12.592+0000] {processor.py:839} INFO - DAG(s) dict_keys(['example_params_ui_tutorial']) retrieved from /home/airflow/.local/lib/python3.8/site-packages/airflow/example_dags/example_params_ui_tutorial.py
[2023-11-05T03:05:12.650+0000] {logging_mixin.py:151} INFO - [2023-11-05T03:05:12.650+0000] {dag.py:2941} INFO - Sync 1 DAGs
[2023-11-05T03:05:12.663+0000] {logging_mixin.py:151} INFO - [2023-11-05T03:05:12.663+0000] {dag.py:3722} INFO - Setting next_dagrun for example_params_ui_tutorial to None, run_after=None
[2023-11-05T03:05:12.680+0000] {processor.py:179} INFO - Processing /home/airflow/.local/lib/python3.8/site-packages/airflow/example_dags/example_params_ui_tutorial.py took 0.163 seconds
[2023-11-05T03:05:43.481+0000] {processor.py:157} INFO - Started process (PID=861) to work on /home/airflow/.local/lib/python3.8/site-packages/airflow/example_dags/example_params_ui_tutorial.py
[2023-11-05T03:05:43.483+0000] {processor.py:829} INFO - Processing file /home/airflow/.local/lib/python3.8/site-packages/airflow/example_dags/example_params_ui_tutorial.py for tasks to queue
[2023-11-05T03:05:43.487+0000] {logging_mixin.py:151} INFO - [2023-11-05T03:05:43.486+0000] {dagbag.py:536} INFO - Filling up the DagBag from /home/airflow/.local/lib/python3.8/site-packages/airflow/example_dags/example_params_ui_tutorial.py
[2023-11-05T03:05:43.551+0000] {processor.py:839} INFO - DAG(s) dict_keys(['example_params_ui_tutorial']) retrieved from /home/airflow/.local/lib/python3.8/site-packages/airflow/example_dags/example_params_ui_tutorial.py
[2023-11-05T03:05:43.608+0000] {logging_mixin.py:151} INFO - [2023-11-05T03:05:43.608+0000] {dag.py:2941} INFO - Sync 1 DAGs
[2023-11-05T03:05:43.621+0000] {logging_mixin.py:151} INFO - [2023-11-05T03:05:43.621+0000] {dag.py:3722} INFO - Setting next_dagrun for example_params_ui_tutorial to None, run_after=None
[2023-11-05T03:05:43.639+0000] {processor.py:179} INFO - Processing /home/airflow/.local/lib/python3.8/site-packages/airflow/example_dags/example_params_ui_tutorial.py took 0.163 seconds
[2023-11-05T03:06:14.241+0000] {processor.py:157} INFO - Started process (PID=915) to work on /home/airflow/.local/lib/python3.8/site-packages/airflow/example_dags/example_params_ui_tutorial.py
[2023-11-05T03:06:14.243+0000] {processor.py:829} INFO - Processing file /home/airflow/.local/lib/python3.8/site-packages/airflow/example_dags/example_params_ui_tutorial.py for tasks to queue
[2023-11-05T03:06:14.247+0000] {logging_mixin.py:151} INFO - [2023-11-05T03:06:14.247+0000] {dagbag.py:536} INFO - Filling up the DagBag from /home/airflow/.local/lib/python3.8/site-packages/airflow/example_dags/example_params_ui_tutorial.py
[2023-11-05T03:06:14.310+0000] {processor.py:839} INFO - DAG(s) dict_keys(['example_params_ui_tutorial']) retrieved from /home/airflow/.local/lib/python3.8/site-packages/airflow/example_dags/example_params_ui_tutorial.py
[2023-11-05T03:06:14.372+0000] {logging_mixin.py:151} INFO - [2023-11-05T03:06:14.372+0000] {dag.py:2941} INFO - Sync 1 DAGs
[2023-11-05T03:06:14.384+0000] {logging_mixin.py:151} INFO - [2023-11-05T03:06:14.384+0000] {dag.py:3722} INFO - Setting next_dagrun for example_params_ui_tutorial to None, run_after=None
[2023-11-05T03:06:14.402+0000] {processor.py:179} INFO - Processing /home/airflow/.local/lib/python3.8/site-packages/airflow/example_dags/example_params_ui_tutorial.py took 0.167 seconds
[2023-11-05T03:06:45.266+0000] {processor.py:157} INFO - Started process (PID=969) to work on /home/airflow/.local/lib/python3.8/site-packages/airflow/example_dags/example_params_ui_tutorial.py
[2023-11-05T03:06:45.267+0000] {processor.py:829} INFO - Processing file /home/airflow/.local/lib/python3.8/site-packages/airflow/example_dags/example_params_ui_tutorial.py for tasks to queue
[2023-11-05T03:06:45.271+0000] {logging_mixin.py:151} INFO - [2023-11-05T03:06:45.271+0000] {dagbag.py:536} INFO - Filling up the DagBag from /home/airflow/.local/lib/python3.8/site-packages/airflow/example_dags/example_params_ui_tutorial.py
[2023-11-05T03:06:45.344+0000] {processor.py:839} INFO - DAG(s) dict_keys(['example_params_ui_tutorial']) retrieved from /home/airflow/.local/lib/python3.8/site-packages/airflow/example_dags/example_params_ui_tutorial.py
[2023-11-05T03:06:45.435+0000] {logging_mixin.py:151} INFO - [2023-11-05T03:06:45.435+0000] {dag.py:2941} INFO - Sync 1 DAGs
[2023-11-05T03:06:45.447+0000] {logging_mixin.py:151} INFO - [2023-11-05T03:06:45.447+0000] {dag.py:3722} INFO - Setting next_dagrun for example_params_ui_tutorial to None, run_after=None
[2023-11-05T03:06:45.614+0000] {processor.py:179} INFO - Processing /home/airflow/.local/lib/python3.8/site-packages/airflow/example_dags/example_params_ui_tutorial.py took 0.356 seconds
[2023-11-05T03:07:15.656+0000] {processor.py:157} INFO - Started process (PID=1023) to work on /home/airflow/.local/lib/python3.8/site-packages/airflow/example_dags/example_params_ui_tutorial.py
[2023-11-05T03:07:15.657+0000] {processor.py:829} INFO - Processing file /home/airflow/.local/lib/python3.8/site-packages/airflow/example_dags/example_params_ui_tutorial.py for tasks to queue
[2023-11-05T03:07:15.661+0000] {logging_mixin.py:151} INFO - [2023-11-05T03:07:15.660+0000] {dagbag.py:536} INFO - Filling up the DagBag from /home/airflow/.local/lib/python3.8/site-packages/airflow/example_dags/example_params_ui_tutorial.py
[2023-11-05T03:07:15.722+0000] {processor.py:839} INFO - DAG(s) dict_keys(['example_params_ui_tutorial']) retrieved from /home/airflow/.local/lib/python3.8/site-packages/airflow/example_dags/example_params_ui_tutorial.py
[2023-11-05T03:07:15.780+0000] {logging_mixin.py:151} INFO - [2023-11-05T03:07:15.780+0000] {dag.py:2941} INFO - Sync 1 DAGs
[2023-11-05T03:07:15.793+0000] {logging_mixin.py:151} INFO - [2023-11-05T03:07:15.793+0000] {dag.py:3722} INFO - Setting next_dagrun for example_params_ui_tutorial to None, run_after=None
[2023-11-05T03:07:15.816+0000] {processor.py:179} INFO - Processing /home/airflow/.local/lib/python3.8/site-packages/airflow/example_dags/example_params_ui_tutorial.py took 0.167 seconds
[2023-11-05T03:07:45.877+0000] {processor.py:157} INFO - Started process (PID=1077) to work on /home/airflow/.local/lib/python3.8/site-packages/airflow/example_dags/example_params_ui_tutorial.py
[2023-11-05T03:07:45.879+0000] {processor.py:829} INFO - Processing file /home/airflow/.local/lib/python3.8/site-packages/airflow/example_dags/example_params_ui_tutorial.py for tasks to queue
[2023-11-05T03:07:45.884+0000] {logging_mixin.py:151} INFO - [2023-11-05T03:07:45.883+0000] {dagbag.py:536} INFO - Filling up the DagBag from /home/airflow/.local/lib/python3.8/site-packages/airflow/example_dags/example_params_ui_tutorial.py
[2023-11-05T03:07:45.947+0000] {processor.py:839} INFO - DAG(s) dict_keys(['example_params_ui_tutorial']) retrieved from /home/airflow/.local/lib/python3.8/site-packages/airflow/example_dags/example_params_ui_tutorial.py
[2023-11-05T03:07:46.008+0000] {logging_mixin.py:151} INFO - [2023-11-05T03:07:46.008+0000] {dag.py:2941} INFO - Sync 1 DAGs
[2023-11-05T03:07:46.024+0000] {logging_mixin.py:151} INFO - [2023-11-05T03:07:46.024+0000] {dag.py:3722} INFO - Setting next_dagrun for example_params_ui_tutorial to None, run_after=None
[2023-11-05T03:07:46.046+0000] {processor.py:179} INFO - Processing /home/airflow/.local/lib/python3.8/site-packages/airflow/example_dags/example_params_ui_tutorial.py took 0.176 seconds
