[2023-11-05T02:58:04.262+0000] {processor.py:157} INFO - Started process (PID=63) to work on /home/airflow/.local/lib/python3.8/site-packages/airflow/example_dags/example_subdag_operator.py
[2023-11-05T02:58:04.263+0000] {processor.py:829} INFO - Processing file /home/airflow/.local/lib/python3.8/site-packages/airflow/example_dags/example_subdag_operator.py for tasks to queue
[2023-11-05T02:58:04.265+0000] {logging_mixin.py:151} INFO - [2023-11-05T02:58:04.265+0000] {dagbag.py:536} INFO - Filling up the DagBag from /home/airflow/.local/lib/python3.8/site-packages/airflow/example_dags/example_subdag_operator.py
[2023-11-05T02:58:04.306+0000] {processor.py:839} INFO - DAG(s) dict_keys(['example_subdag_operator.section-1', 'example_subdag_operator.section-2', 'example_subdag_operator']) retrieved from /home/airflow/.local/lib/python3.8/site-packages/airflow/example_dags/example_subdag_operator.py
[2023-11-05T02:58:04.312+0000] {logging_mixin.py:151} INFO - [2023-11-05T02:58:04.312+0000] {dag.py:2941} INFO - Sync 3 DAGs
[2023-11-05T02:58:04.345+0000] {logging_mixin.py:151} INFO - [2023-11-05T02:58:04.345+0000] {dag.py:3722} INFO - Setting next_dagrun for example_subdag_operator to 2022-01-01T00:00:00+00:00, run_after=2022-01-01T00:00:00+00:00
[2023-11-05T02:58:04.349+0000] {logging_mixin.py:151} INFO - [2023-11-05T02:58:04.349+0000] {dag.py:3722} INFO - Setting next_dagrun for example_subdag_operator.section-1 to None, run_after=None
[2023-11-05T02:58:04.351+0000] {logging_mixin.py:151} INFO - [2023-11-05T02:58:04.350+0000] {dag.py:3722} INFO - Setting next_dagrun for example_subdag_operator.section-2 to None, run_after=None
[2023-11-05T02:58:04.361+0000] {logging_mixin.py:151} INFO - [2023-11-05T02:58:04.360+0000] {dag.py:2941} INFO - Sync 2 DAGs
[2023-11-05T02:58:04.367+0000] {logging_mixin.py:151} INFO - [2023-11-05T02:58:04.367+0000] {dag.py:3722} INFO - Setting next_dagrun for example_subdag_operator.section-1 to None, run_after=None
[2023-11-05T02:58:04.368+0000] {logging_mixin.py:151} INFO - [2023-11-05T02:58:04.368+0000] {dag.py:3722} INFO - Setting next_dagrun for example_subdag_operator.section-2 to None, run_after=None
[2023-11-05T02:58:04.380+0000] {processor.py:179} INFO - Processing /home/airflow/.local/lib/python3.8/site-packages/airflow/example_dags/example_subdag_operator.py took 0.122 seconds
[2023-11-05T02:58:34.629+0000] {processor.py:157} INFO - Started process (PID=117) to work on /home/airflow/.local/lib/python3.8/site-packages/airflow/example_dags/example_subdag_operator.py
[2023-11-05T02:58:34.630+0000] {processor.py:829} INFO - Processing file /home/airflow/.local/lib/python3.8/site-packages/airflow/example_dags/example_subdag_operator.py for tasks to queue
[2023-11-05T02:58:34.632+0000] {logging_mixin.py:151} INFO - [2023-11-05T02:58:34.632+0000] {dagbag.py:536} INFO - Filling up the DagBag from /home/airflow/.local/lib/python3.8/site-packages/airflow/example_dags/example_subdag_operator.py
[2023-11-05T02:58:34.657+0000] {processor.py:839} INFO - DAG(s) dict_keys(['example_subdag_operator.section-1', 'example_subdag_operator.section-2', 'example_subdag_operator']) retrieved from /home/airflow/.local/lib/python3.8/site-packages/airflow/example_dags/example_subdag_operator.py
[2023-11-05T02:58:34.675+0000] {logging_mixin.py:151} INFO - [2023-11-05T02:58:34.675+0000] {dag.py:2941} INFO - Sync 3 DAGs
[2023-11-05T02:58:34.698+0000] {logging_mixin.py:151} INFO - [2023-11-05T02:58:34.698+0000] {dag.py:3722} INFO - Setting next_dagrun for example_subdag_operator to 2022-01-01T00:00:00+00:00, run_after=2022-01-01T00:00:00+00:00
[2023-11-05T02:58:34.702+0000] {logging_mixin.py:151} INFO - [2023-11-05T02:58:34.701+0000] {dag.py:3722} INFO - Setting next_dagrun for example_subdag_operator.section-1 to None, run_after=None
[2023-11-05T02:58:34.703+0000] {logging_mixin.py:151} INFO - [2023-11-05T02:58:34.703+0000] {dag.py:3722} INFO - Setting next_dagrun for example_subdag_operator.section-2 to None, run_after=None
[2023-11-05T02:58:34.712+0000] {logging_mixin.py:151} INFO - [2023-11-05T02:58:34.712+0000] {dag.py:2941} INFO - Sync 2 DAGs
[2023-11-05T02:58:34.719+0000] {logging_mixin.py:151} INFO - [2023-11-05T02:58:34.718+0000] {dag.py:3722} INFO - Setting next_dagrun for example_subdag_operator.section-1 to None, run_after=None
[2023-11-05T02:58:34.719+0000] {logging_mixin.py:151} INFO - [2023-11-05T02:58:34.719+0000] {dag.py:3722} INFO - Setting next_dagrun for example_subdag_operator.section-2 to None, run_after=None
[2023-11-05T02:58:34.729+0000] {processor.py:179} INFO - Processing /home/airflow/.local/lib/python3.8/site-packages/airflow/example_dags/example_subdag_operator.py took 0.104 seconds
[2023-11-05T02:59:05.447+0000] {processor.py:157} INFO - Started process (PID=172) to work on /home/airflow/.local/lib/python3.8/site-packages/airflow/example_dags/example_subdag_operator.py
[2023-11-05T02:59:05.448+0000] {processor.py:829} INFO - Processing file /home/airflow/.local/lib/python3.8/site-packages/airflow/example_dags/example_subdag_operator.py for tasks to queue
[2023-11-05T02:59:05.452+0000] {logging_mixin.py:151} INFO - [2023-11-05T02:59:05.451+0000] {dagbag.py:536} INFO - Filling up the DagBag from /home/airflow/.local/lib/python3.8/site-packages/airflow/example_dags/example_subdag_operator.py
[2023-11-05T02:59:05.498+0000] {processor.py:839} INFO - DAG(s) dict_keys(['example_subdag_operator.section-1', 'example_subdag_operator.section-2', 'example_subdag_operator']) retrieved from /home/airflow/.local/lib/python3.8/site-packages/airflow/example_dags/example_subdag_operator.py
[2023-11-05T02:59:05.535+0000] {logging_mixin.py:151} INFO - [2023-11-05T02:59:05.535+0000] {dag.py:2941} INFO - Sync 3 DAGs
[2023-11-05T02:59:05.580+0000] {logging_mixin.py:151} INFO - [2023-11-05T02:59:05.579+0000] {dag.py:3722} INFO - Setting next_dagrun for example_subdag_operator to 2022-01-01T00:00:00+00:00, run_after=2022-01-01T00:00:00+00:00
[2023-11-05T02:59:05.587+0000] {logging_mixin.py:151} INFO - [2023-11-05T02:59:05.587+0000] {dag.py:3722} INFO - Setting next_dagrun for example_subdag_operator.section-1 to None, run_after=None
[2023-11-05T02:59:05.590+0000] {logging_mixin.py:151} INFO - [2023-11-05T02:59:05.590+0000] {dag.py:3722} INFO - Setting next_dagrun for example_subdag_operator.section-2 to None, run_after=None
[2023-11-05T02:59:05.607+0000] {logging_mixin.py:151} INFO - [2023-11-05T02:59:05.607+0000] {dag.py:2941} INFO - Sync 2 DAGs
[2023-11-05T02:59:05.619+0000] {logging_mixin.py:151} INFO - [2023-11-05T02:59:05.619+0000] {dag.py:3722} INFO - Setting next_dagrun for example_subdag_operator.section-1 to None, run_after=None
[2023-11-05T02:59:05.620+0000] {logging_mixin.py:151} INFO - [2023-11-05T02:59:05.620+0000] {dag.py:3722} INFO - Setting next_dagrun for example_subdag_operator.section-2 to None, run_after=None
[2023-11-05T02:59:05.644+0000] {processor.py:179} INFO - Processing /home/airflow/.local/lib/python3.8/site-packages/airflow/example_dags/example_subdag_operator.py took 0.203 seconds
[2023-11-05T02:59:36.344+0000] {processor.py:157} INFO - Started process (PID=226) to work on /home/airflow/.local/lib/python3.8/site-packages/airflow/example_dags/example_subdag_operator.py
[2023-11-05T02:59:36.345+0000] {processor.py:829} INFO - Processing file /home/airflow/.local/lib/python3.8/site-packages/airflow/example_dags/example_subdag_operator.py for tasks to queue
[2023-11-05T02:59:36.349+0000] {logging_mixin.py:151} INFO - [2023-11-05T02:59:36.349+0000] {dagbag.py:536} INFO - Filling up the DagBag from /home/airflow/.local/lib/python3.8/site-packages/airflow/example_dags/example_subdag_operator.py
[2023-11-05T02:59:36.403+0000] {processor.py:839} INFO - DAG(s) dict_keys(['example_subdag_operator.section-1', 'example_subdag_operator.section-2', 'example_subdag_operator']) retrieved from /home/airflow/.local/lib/python3.8/site-packages/airflow/example_dags/example_subdag_operator.py
[2023-11-05T02:59:36.440+0000] {logging_mixin.py:151} INFO - [2023-11-05T02:59:36.440+0000] {dag.py:2941} INFO - Sync 3 DAGs
[2023-11-05T02:59:36.470+0000] {logging_mixin.py:151} INFO - [2023-11-05T02:59:36.470+0000] {dag.py:3722} INFO - Setting next_dagrun for example_subdag_operator to 2022-01-01T00:00:00+00:00, run_after=2022-01-01T00:00:00+00:00
[2023-11-05T02:59:36.477+0000] {logging_mixin.py:151} INFO - [2023-11-05T02:59:36.476+0000] {dag.py:3722} INFO - Setting next_dagrun for example_subdag_operator.section-1 to None, run_after=None
[2023-11-05T02:59:36.479+0000] {logging_mixin.py:151} INFO - [2023-11-05T02:59:36.479+0000] {dag.py:3722} INFO - Setting next_dagrun for example_subdag_operator.section-2 to None, run_after=None
[2023-11-05T02:59:36.488+0000] {logging_mixin.py:151} INFO - [2023-11-05T02:59:36.487+0000] {dag.py:2941} INFO - Sync 2 DAGs
[2023-11-05T02:59:36.494+0000] {logging_mixin.py:151} INFO - [2023-11-05T02:59:36.494+0000] {dag.py:3722} INFO - Setting next_dagrun for example_subdag_operator.section-1 to None, run_after=None
[2023-11-05T02:59:36.494+0000] {logging_mixin.py:151} INFO - [2023-11-05T02:59:36.494+0000] {dag.py:3722} INFO - Setting next_dagrun for example_subdag_operator.section-2 to None, run_after=None
[2023-11-05T02:59:36.512+0000] {processor.py:179} INFO - Processing /home/airflow/.local/lib/python3.8/site-packages/airflow/example_dags/example_subdag_operator.py took 0.175 seconds
[2023-11-05T03:00:07.313+0000] {processor.py:157} INFO - Started process (PID=280) to work on /home/airflow/.local/lib/python3.8/site-packages/airflow/example_dags/example_subdag_operator.py
[2023-11-05T03:00:07.314+0000] {processor.py:829} INFO - Processing file /home/airflow/.local/lib/python3.8/site-packages/airflow/example_dags/example_subdag_operator.py for tasks to queue
[2023-11-05T03:00:07.316+0000] {logging_mixin.py:151} INFO - [2023-11-05T03:00:07.316+0000] {dagbag.py:536} INFO - Filling up the DagBag from /home/airflow/.local/lib/python3.8/site-packages/airflow/example_dags/example_subdag_operator.py
[2023-11-05T03:00:07.349+0000] {processor.py:839} INFO - DAG(s) dict_keys(['example_subdag_operator.section-1', 'example_subdag_operator.section-2', 'example_subdag_operator']) retrieved from /home/airflow/.local/lib/python3.8/site-packages/airflow/example_dags/example_subdag_operator.py
[2023-11-05T03:00:07.368+0000] {logging_mixin.py:151} INFO - [2023-11-05T03:00:07.368+0000] {dag.py:2941} INFO - Sync 3 DAGs
[2023-11-05T03:00:07.394+0000] {logging_mixin.py:151} INFO - [2023-11-05T03:00:07.394+0000] {dag.py:3722} INFO - Setting next_dagrun for example_subdag_operator to 2022-01-01T00:00:00+00:00, run_after=2022-01-01T00:00:00+00:00
[2023-11-05T03:00:07.398+0000] {logging_mixin.py:151} INFO - [2023-11-05T03:00:07.397+0000] {dag.py:3722} INFO - Setting next_dagrun for example_subdag_operator.section-1 to None, run_after=None
[2023-11-05T03:00:07.399+0000] {logging_mixin.py:151} INFO - [2023-11-05T03:00:07.399+0000] {dag.py:3722} INFO - Setting next_dagrun for example_subdag_operator.section-2 to None, run_after=None
[2023-11-05T03:00:07.408+0000] {logging_mixin.py:151} INFO - [2023-11-05T03:00:07.408+0000] {dag.py:2941} INFO - Sync 2 DAGs
[2023-11-05T03:00:07.414+0000] {logging_mixin.py:151} INFO - [2023-11-05T03:00:07.414+0000] {dag.py:3722} INFO - Setting next_dagrun for example_subdag_operator.section-1 to None, run_after=None
[2023-11-05T03:00:07.414+0000] {logging_mixin.py:151} INFO - [2023-11-05T03:00:07.414+0000] {dag.py:3722} INFO - Setting next_dagrun for example_subdag_operator.section-2 to None, run_after=None
[2023-11-05T03:00:07.427+0000] {processor.py:179} INFO - Processing /home/airflow/.local/lib/python3.8/site-packages/airflow/example_dags/example_subdag_operator.py took 0.117 seconds
[2023-11-05T03:00:38.558+0000] {processor.py:157} INFO - Started process (PID=333) to work on /home/airflow/.local/lib/python3.8/site-packages/airflow/example_dags/example_subdag_operator.py
[2023-11-05T03:00:38.559+0000] {processor.py:829} INFO - Processing file /home/airflow/.local/lib/python3.8/site-packages/airflow/example_dags/example_subdag_operator.py for tasks to queue
[2023-11-05T03:00:38.562+0000] {logging_mixin.py:151} INFO - [2023-11-05T03:00:38.562+0000] {dagbag.py:536} INFO - Filling up the DagBag from /home/airflow/.local/lib/python3.8/site-packages/airflow/example_dags/example_subdag_operator.py
[2023-11-05T03:00:38.597+0000] {processor.py:839} INFO - DAG(s) dict_keys(['example_subdag_operator.section-1', 'example_subdag_operator.section-2', 'example_subdag_operator']) retrieved from /home/airflow/.local/lib/python3.8/site-packages/airflow/example_dags/example_subdag_operator.py
[2023-11-05T03:00:38.630+0000] {logging_mixin.py:151} INFO - [2023-11-05T03:00:38.630+0000] {dag.py:2941} INFO - Sync 3 DAGs
[2023-11-05T03:00:38.680+0000] {logging_mixin.py:151} INFO - [2023-11-05T03:00:38.680+0000] {dag.py:3722} INFO - Setting next_dagrun for example_subdag_operator to 2022-01-01T00:00:00+00:00, run_after=2022-01-01T00:00:00+00:00
[2023-11-05T03:00:38.686+0000] {logging_mixin.py:151} INFO - [2023-11-05T03:00:38.686+0000] {dag.py:3722} INFO - Setting next_dagrun for example_subdag_operator.section-1 to None, run_after=None
[2023-11-05T03:00:38.689+0000] {logging_mixin.py:151} INFO - [2023-11-05T03:00:38.689+0000] {dag.py:3722} INFO - Setting next_dagrun for example_subdag_operator.section-2 to None, run_after=None
[2023-11-05T03:00:38.700+0000] {logging_mixin.py:151} INFO - [2023-11-05T03:00:38.700+0000] {dag.py:2941} INFO - Sync 2 DAGs
[2023-11-05T03:00:38.713+0000] {logging_mixin.py:151} INFO - [2023-11-05T03:00:38.713+0000] {dag.py:3722} INFO - Setting next_dagrun for example_subdag_operator.section-1 to None, run_after=None
[2023-11-05T03:00:38.714+0000] {logging_mixin.py:151} INFO - [2023-11-05T03:00:38.713+0000] {dag.py:3722} INFO - Setting next_dagrun for example_subdag_operator.section-2 to None, run_after=None
[2023-11-05T03:00:38.734+0000] {processor.py:179} INFO - Processing /home/airflow/.local/lib/python3.8/site-packages/airflow/example_dags/example_subdag_operator.py took 0.181 seconds
[2023-11-05T03:01:08.930+0000] {processor.py:157} INFO - Started process (PID=388) to work on /home/airflow/.local/lib/python3.8/site-packages/airflow/example_dags/example_subdag_operator.py
[2023-11-05T03:01:08.931+0000] {processor.py:829} INFO - Processing file /home/airflow/.local/lib/python3.8/site-packages/airflow/example_dags/example_subdag_operator.py for tasks to queue
[2023-11-05T03:01:08.933+0000] {logging_mixin.py:151} INFO - [2023-11-05T03:01:08.932+0000] {dagbag.py:536} INFO - Filling up the DagBag from /home/airflow/.local/lib/python3.8/site-packages/airflow/example_dags/example_subdag_operator.py
[2023-11-05T03:01:08.965+0000] {processor.py:839} INFO - DAG(s) dict_keys(['example_subdag_operator.section-1', 'example_subdag_operator.section-2', 'example_subdag_operator']) retrieved from /home/airflow/.local/lib/python3.8/site-packages/airflow/example_dags/example_subdag_operator.py
[2023-11-05T03:01:08.981+0000] {logging_mixin.py:151} INFO - [2023-11-05T03:01:08.981+0000] {dag.py:2941} INFO - Sync 3 DAGs
[2023-11-05T03:01:09.009+0000] {logging_mixin.py:151} INFO - [2023-11-05T03:01:09.009+0000] {dag.py:3722} INFO - Setting next_dagrun for example_subdag_operator to 2022-01-01T00:00:00+00:00, run_after=2022-01-01T00:00:00+00:00
[2023-11-05T03:01:09.015+0000] {logging_mixin.py:151} INFO - [2023-11-05T03:01:09.015+0000] {dag.py:3722} INFO - Setting next_dagrun for example_subdag_operator.section-1 to None, run_after=None
[2023-11-05T03:01:09.017+0000] {logging_mixin.py:151} INFO - [2023-11-05T03:01:09.016+0000] {dag.py:3722} INFO - Setting next_dagrun for example_subdag_operator.section-2 to None, run_after=None
[2023-11-05T03:01:09.028+0000] {logging_mixin.py:151} INFO - [2023-11-05T03:01:09.027+0000] {dag.py:2941} INFO - Sync 2 DAGs
[2023-11-05T03:01:09.033+0000] {logging_mixin.py:151} INFO - [2023-11-05T03:01:09.033+0000] {dag.py:3722} INFO - Setting next_dagrun for example_subdag_operator.section-1 to None, run_after=None
[2023-11-05T03:01:09.034+0000] {logging_mixin.py:151} INFO - [2023-11-05T03:01:09.034+0000] {dag.py:3722} INFO - Setting next_dagrun for example_subdag_operator.section-2 to None, run_after=None
[2023-11-05T03:01:09.047+0000] {processor.py:179} INFO - Processing /home/airflow/.local/lib/python3.8/site-packages/airflow/example_dags/example_subdag_operator.py took 0.121 seconds
[2023-11-05T03:01:39.151+0000] {processor.py:157} INFO - Started process (PID=441) to work on /home/airflow/.local/lib/python3.8/site-packages/airflow/example_dags/example_subdag_operator.py
[2023-11-05T03:01:39.152+0000] {processor.py:829} INFO - Processing file /home/airflow/.local/lib/python3.8/site-packages/airflow/example_dags/example_subdag_operator.py for tasks to queue
[2023-11-05T03:01:39.154+0000] {logging_mixin.py:151} INFO - [2023-11-05T03:01:39.154+0000] {dagbag.py:536} INFO - Filling up the DagBag from /home/airflow/.local/lib/python3.8/site-packages/airflow/example_dags/example_subdag_operator.py
[2023-11-05T03:01:39.181+0000] {processor.py:839} INFO - DAG(s) dict_keys(['example_subdag_operator.section-1', 'example_subdag_operator.section-2', 'example_subdag_operator']) retrieved from /home/airflow/.local/lib/python3.8/site-packages/airflow/example_dags/example_subdag_operator.py
[2023-11-05T03:01:39.198+0000] {logging_mixin.py:151} INFO - [2023-11-05T03:01:39.197+0000] {dag.py:2941} INFO - Sync 3 DAGs
[2023-11-05T03:01:39.222+0000] {logging_mixin.py:151} INFO - [2023-11-05T03:01:39.221+0000] {dag.py:3722} INFO - Setting next_dagrun for example_subdag_operator to 2022-01-01T00:00:00+00:00, run_after=2022-01-01T00:00:00+00:00
[2023-11-05T03:01:39.226+0000] {logging_mixin.py:151} INFO - [2023-11-05T03:01:39.226+0000] {dag.py:3722} INFO - Setting next_dagrun for example_subdag_operator.section-1 to None, run_after=None
[2023-11-05T03:01:39.228+0000] {logging_mixin.py:151} INFO - [2023-11-05T03:01:39.227+0000] {dag.py:3722} INFO - Setting next_dagrun for example_subdag_operator.section-2 to None, run_after=None
[2023-11-05T03:01:39.234+0000] {logging_mixin.py:151} INFO - [2023-11-05T03:01:39.234+0000] {dag.py:2941} INFO - Sync 2 DAGs
[2023-11-05T03:01:39.240+0000] {logging_mixin.py:151} INFO - [2023-11-05T03:01:39.239+0000] {dag.py:3722} INFO - Setting next_dagrun for example_subdag_operator.section-1 to None, run_after=None
[2023-11-05T03:01:39.240+0000] {logging_mixin.py:151} INFO - [2023-11-05T03:01:39.240+0000] {dag.py:3722} INFO - Setting next_dagrun for example_subdag_operator.section-2 to None, run_after=None
[2023-11-05T03:01:39.251+0000] {processor.py:179} INFO - Processing /home/airflow/.local/lib/python3.8/site-packages/airflow/example_dags/example_subdag_operator.py took 0.103 seconds
[2023-11-05T03:02:09.649+0000] {processor.py:157} INFO - Started process (PID=495) to work on /home/airflow/.local/lib/python3.8/site-packages/airflow/example_dags/example_subdag_operator.py
[2023-11-05T03:02:09.650+0000] {processor.py:829} INFO - Processing file /home/airflow/.local/lib/python3.8/site-packages/airflow/example_dags/example_subdag_operator.py for tasks to queue
[2023-11-05T03:02:09.653+0000] {logging_mixin.py:151} INFO - [2023-11-05T03:02:09.653+0000] {dagbag.py:536} INFO - Filling up the DagBag from /home/airflow/.local/lib/python3.8/site-packages/airflow/example_dags/example_subdag_operator.py
[2023-11-05T03:02:09.679+0000] {processor.py:839} INFO - DAG(s) dict_keys(['example_subdag_operator.section-1', 'example_subdag_operator.section-2', 'example_subdag_operator']) retrieved from /home/airflow/.local/lib/python3.8/site-packages/airflow/example_dags/example_subdag_operator.py
[2023-11-05T03:02:09.694+0000] {logging_mixin.py:151} INFO - [2023-11-05T03:02:09.694+0000] {dag.py:2941} INFO - Sync 3 DAGs
[2023-11-05T03:02:09.716+0000] {logging_mixin.py:151} INFO - [2023-11-05T03:02:09.716+0000] {dag.py:3722} INFO - Setting next_dagrun for example_subdag_operator to 2022-01-01T00:00:00+00:00, run_after=2022-01-01T00:00:00+00:00
[2023-11-05T03:02:09.720+0000] {logging_mixin.py:151} INFO - [2023-11-05T03:02:09.720+0000] {dag.py:3722} INFO - Setting next_dagrun for example_subdag_operator.section-1 to None, run_after=None
[2023-11-05T03:02:09.723+0000] {logging_mixin.py:151} INFO - [2023-11-05T03:02:09.722+0000] {dag.py:3722} INFO - Setting next_dagrun for example_subdag_operator.section-2 to None, run_after=None
[2023-11-05T03:02:09.730+0000] {logging_mixin.py:151} INFO - [2023-11-05T03:02:09.730+0000] {dag.py:2941} INFO - Sync 2 DAGs
[2023-11-05T03:02:09.735+0000] {logging_mixin.py:151} INFO - [2023-11-05T03:02:09.735+0000] {dag.py:3722} INFO - Setting next_dagrun for example_subdag_operator.section-1 to None, run_after=None
[2023-11-05T03:02:09.735+0000] {logging_mixin.py:151} INFO - [2023-11-05T03:02:09.735+0000] {dag.py:3722} INFO - Setting next_dagrun for example_subdag_operator.section-2 to None, run_after=None
[2023-11-05T03:02:09.749+0000] {processor.py:179} INFO - Processing /home/airflow/.local/lib/python3.8/site-packages/airflow/example_dags/example_subdag_operator.py took 0.105 seconds
[2023-11-05T03:02:39.796+0000] {processor.py:157} INFO - Started process (PID=547) to work on /home/airflow/.local/lib/python3.8/site-packages/airflow/example_dags/example_subdag_operator.py
[2023-11-05T03:02:39.796+0000] {processor.py:829} INFO - Processing file /home/airflow/.local/lib/python3.8/site-packages/airflow/example_dags/example_subdag_operator.py for tasks to queue
[2023-11-05T03:02:39.798+0000] {logging_mixin.py:151} INFO - [2023-11-05T03:02:39.798+0000] {dagbag.py:536} INFO - Filling up the DagBag from /home/airflow/.local/lib/python3.8/site-packages/airflow/example_dags/example_subdag_operator.py
[2023-11-05T03:02:39.827+0000] {processor.py:839} INFO - DAG(s) dict_keys(['example_subdag_operator.section-1', 'example_subdag_operator.section-2', 'example_subdag_operator']) retrieved from /home/airflow/.local/lib/python3.8/site-packages/airflow/example_dags/example_subdag_operator.py
[2023-11-05T03:02:39.844+0000] {logging_mixin.py:151} INFO - [2023-11-05T03:02:39.844+0000] {dag.py:2941} INFO - Sync 3 DAGs
[2023-11-05T03:02:39.867+0000] {logging_mixin.py:151} INFO - [2023-11-05T03:02:39.867+0000] {dag.py:3722} INFO - Setting next_dagrun for example_subdag_operator to 2022-01-01T00:00:00+00:00, run_after=2022-01-01T00:00:00+00:00
[2023-11-05T03:02:39.871+0000] {logging_mixin.py:151} INFO - [2023-11-05T03:02:39.871+0000] {dag.py:3722} INFO - Setting next_dagrun for example_subdag_operator.section-1 to None, run_after=None
[2023-11-05T03:02:39.873+0000] {logging_mixin.py:151} INFO - [2023-11-05T03:02:39.873+0000] {dag.py:3722} INFO - Setting next_dagrun for example_subdag_operator.section-2 to None, run_after=None
[2023-11-05T03:02:39.882+0000] {logging_mixin.py:151} INFO - [2023-11-05T03:02:39.881+0000] {dag.py:2941} INFO - Sync 2 DAGs
[2023-11-05T03:02:39.886+0000] {logging_mixin.py:151} INFO - [2023-11-05T03:02:39.886+0000] {dag.py:3722} INFO - Setting next_dagrun for example_subdag_operator.section-1 to None, run_after=None
[2023-11-05T03:02:39.887+0000] {logging_mixin.py:151} INFO - [2023-11-05T03:02:39.887+0000] {dag.py:3722} INFO - Setting next_dagrun for example_subdag_operator.section-2 to None, run_after=None
[2023-11-05T03:02:39.900+0000] {processor.py:179} INFO - Processing /home/airflow/.local/lib/python3.8/site-packages/airflow/example_dags/example_subdag_operator.py took 0.107 seconds
[2023-11-05T03:03:10.896+0000] {processor.py:157} INFO - Started process (PID=601) to work on /home/airflow/.local/lib/python3.8/site-packages/airflow/example_dags/example_subdag_operator.py
[2023-11-05T03:03:10.897+0000] {processor.py:829} INFO - Processing file /home/airflow/.local/lib/python3.8/site-packages/airflow/example_dags/example_subdag_operator.py for tasks to queue
[2023-11-05T03:03:10.900+0000] {logging_mixin.py:151} INFO - [2023-11-05T03:03:10.899+0000] {dagbag.py:536} INFO - Filling up the DagBag from /home/airflow/.local/lib/python3.8/site-packages/airflow/example_dags/example_subdag_operator.py
[2023-11-05T03:03:10.964+0000] {processor.py:839} INFO - DAG(s) dict_keys(['example_subdag_operator.section-1', 'example_subdag_operator.section-2', 'example_subdag_operator']) retrieved from /home/airflow/.local/lib/python3.8/site-packages/airflow/example_dags/example_subdag_operator.py
[2023-11-05T03:03:10.996+0000] {logging_mixin.py:151} INFO - [2023-11-05T03:03:10.996+0000] {dag.py:2941} INFO - Sync 3 DAGs
[2023-11-05T03:03:11.027+0000] {logging_mixin.py:151} INFO - [2023-11-05T03:03:11.027+0000] {dag.py:3722} INFO - Setting next_dagrun for example_subdag_operator to 2022-01-01T00:00:00+00:00, run_after=2022-01-01T00:00:00+00:00
[2023-11-05T03:03:11.032+0000] {logging_mixin.py:151} INFO - [2023-11-05T03:03:11.031+0000] {dag.py:3722} INFO - Setting next_dagrun for example_subdag_operator.section-1 to None, run_after=None
[2023-11-05T03:03:11.033+0000] {logging_mixin.py:151} INFO - [2023-11-05T03:03:11.033+0000] {dag.py:3722} INFO - Setting next_dagrun for example_subdag_operator.section-2 to None, run_after=None
[2023-11-05T03:03:11.046+0000] {logging_mixin.py:151} INFO - [2023-11-05T03:03:11.046+0000] {dag.py:2941} INFO - Sync 2 DAGs
[2023-11-05T03:03:11.051+0000] {logging_mixin.py:151} INFO - [2023-11-05T03:03:11.051+0000] {dag.py:3722} INFO - Setting next_dagrun for example_subdag_operator.section-1 to None, run_after=None
[2023-11-05T03:03:11.051+0000] {logging_mixin.py:151} INFO - [2023-11-05T03:03:11.051+0000] {dag.py:3722} INFO - Setting next_dagrun for example_subdag_operator.section-2 to None, run_after=None
[2023-11-05T03:03:11.067+0000] {processor.py:179} INFO - Processing /home/airflow/.local/lib/python3.8/site-packages/airflow/example_dags/example_subdag_operator.py took 0.176 seconds
[2023-11-05T03:03:41.950+0000] {processor.py:157} INFO - Started process (PID=655) to work on /home/airflow/.local/lib/python3.8/site-packages/airflow/example_dags/example_subdag_operator.py
[2023-11-05T03:03:41.951+0000] {processor.py:829} INFO - Processing file /home/airflow/.local/lib/python3.8/site-packages/airflow/example_dags/example_subdag_operator.py for tasks to queue
[2023-11-05T03:03:41.954+0000] {logging_mixin.py:151} INFO - [2023-11-05T03:03:41.953+0000] {dagbag.py:536} INFO - Filling up the DagBag from /home/airflow/.local/lib/python3.8/site-packages/airflow/example_dags/example_subdag_operator.py
[2023-11-05T03:03:41.984+0000] {processor.py:839} INFO - DAG(s) dict_keys(['example_subdag_operator.section-1', 'example_subdag_operator.section-2', 'example_subdag_operator']) retrieved from /home/airflow/.local/lib/python3.8/site-packages/airflow/example_dags/example_subdag_operator.py
[2023-11-05T03:03:42.009+0000] {logging_mixin.py:151} INFO - [2023-11-05T03:03:42.008+0000] {dag.py:2941} INFO - Sync 3 DAGs
[2023-11-05T03:03:42.043+0000] {logging_mixin.py:151} INFO - [2023-11-05T03:03:42.042+0000] {dag.py:3722} INFO - Setting next_dagrun for example_subdag_operator to 2022-01-01T00:00:00+00:00, run_after=2022-01-01T00:00:00+00:00
[2023-11-05T03:03:42.047+0000] {logging_mixin.py:151} INFO - [2023-11-05T03:03:42.047+0000] {dag.py:3722} INFO - Setting next_dagrun for example_subdag_operator.section-1 to None, run_after=None
[2023-11-05T03:03:42.048+0000] {logging_mixin.py:151} INFO - [2023-11-05T03:03:42.048+0000] {dag.py:3722} INFO - Setting next_dagrun for example_subdag_operator.section-2 to None, run_after=None
[2023-11-05T03:03:42.058+0000] {logging_mixin.py:151} INFO - [2023-11-05T03:03:42.058+0000] {dag.py:2941} INFO - Sync 2 DAGs
[2023-11-05T03:03:42.064+0000] {logging_mixin.py:151} INFO - [2023-11-05T03:03:42.064+0000] {dag.py:3722} INFO - Setting next_dagrun for example_subdag_operator.section-1 to None, run_after=None
[2023-11-05T03:03:42.064+0000] {logging_mixin.py:151} INFO - [2023-11-05T03:03:42.064+0000] {dag.py:3722} INFO - Setting next_dagrun for example_subdag_operator.section-2 to None, run_after=None
[2023-11-05T03:03:42.084+0000] {processor.py:179} INFO - Processing /home/airflow/.local/lib/python3.8/site-packages/airflow/example_dags/example_subdag_operator.py took 0.136 seconds
[2023-11-05T03:04:12.873+0000] {processor.py:157} INFO - Started process (PID=709) to work on /home/airflow/.local/lib/python3.8/site-packages/airflow/example_dags/example_subdag_operator.py
[2023-11-05T03:04:12.874+0000] {processor.py:829} INFO - Processing file /home/airflow/.local/lib/python3.8/site-packages/airflow/example_dags/example_subdag_operator.py for tasks to queue
[2023-11-05T03:04:12.877+0000] {logging_mixin.py:151} INFO - [2023-11-05T03:04:12.877+0000] {dagbag.py:536} INFO - Filling up the DagBag from /home/airflow/.local/lib/python3.8/site-packages/airflow/example_dags/example_subdag_operator.py
[2023-11-05T03:04:12.901+0000] {processor.py:839} INFO - DAG(s) dict_keys(['example_subdag_operator.section-1', 'example_subdag_operator.section-2', 'example_subdag_operator']) retrieved from /home/airflow/.local/lib/python3.8/site-packages/airflow/example_dags/example_subdag_operator.py
[2023-11-05T03:04:12.920+0000] {logging_mixin.py:151} INFO - [2023-11-05T03:04:12.920+0000] {dag.py:2941} INFO - Sync 3 DAGs
[2023-11-05T03:04:12.948+0000] {logging_mixin.py:151} INFO - [2023-11-05T03:04:12.948+0000] {dag.py:3722} INFO - Setting next_dagrun for example_subdag_operator to 2022-01-01T00:00:00+00:00, run_after=2022-01-01T00:00:00+00:00
[2023-11-05T03:04:12.951+0000] {logging_mixin.py:151} INFO - [2023-11-05T03:04:12.951+0000] {dag.py:3722} INFO - Setting next_dagrun for example_subdag_operator.section-1 to None, run_after=None
[2023-11-05T03:04:12.953+0000] {logging_mixin.py:151} INFO - [2023-11-05T03:04:12.952+0000] {dag.py:3722} INFO - Setting next_dagrun for example_subdag_operator.section-2 to None, run_after=None
[2023-11-05T03:04:12.965+0000] {logging_mixin.py:151} INFO - [2023-11-05T03:04:12.964+0000] {dag.py:2941} INFO - Sync 2 DAGs
[2023-11-05T03:04:12.971+0000] {logging_mixin.py:151} INFO - [2023-11-05T03:04:12.971+0000] {dag.py:3722} INFO - Setting next_dagrun for example_subdag_operator.section-1 to None, run_after=None
[2023-11-05T03:04:12.971+0000] {logging_mixin.py:151} INFO - [2023-11-05T03:04:12.971+0000] {dag.py:3722} INFO - Setting next_dagrun for example_subdag_operator.section-2 to None, run_after=None
[2023-11-05T03:04:12.983+0000] {processor.py:179} INFO - Processing /home/airflow/.local/lib/python3.8/site-packages/airflow/example_dags/example_subdag_operator.py took 0.113 seconds
[2023-11-05T03:04:43.935+0000] {processor.py:157} INFO - Started process (PID=765) to work on /home/airflow/.local/lib/python3.8/site-packages/airflow/example_dags/example_subdag_operator.py
[2023-11-05T03:04:43.936+0000] {processor.py:829} INFO - Processing file /home/airflow/.local/lib/python3.8/site-packages/airflow/example_dags/example_subdag_operator.py for tasks to queue
[2023-11-05T03:04:43.939+0000] {logging_mixin.py:151} INFO - [2023-11-05T03:04:43.939+0000] {dagbag.py:536} INFO - Filling up the DagBag from /home/airflow/.local/lib/python3.8/site-packages/airflow/example_dags/example_subdag_operator.py
[2023-11-05T03:04:43.970+0000] {processor.py:839} INFO - DAG(s) dict_keys(['example_subdag_operator.section-1', 'example_subdag_operator.section-2', 'example_subdag_operator']) retrieved from /home/airflow/.local/lib/python3.8/site-packages/airflow/example_dags/example_subdag_operator.py
[2023-11-05T03:04:43.987+0000] {logging_mixin.py:151} INFO - [2023-11-05T03:04:43.987+0000] {dag.py:2941} INFO - Sync 3 DAGs
[2023-11-05T03:04:44.011+0000] {logging_mixin.py:151} INFO - [2023-11-05T03:04:44.011+0000] {dag.py:3722} INFO - Setting next_dagrun for example_subdag_operator to 2022-01-01T00:00:00+00:00, run_after=2022-01-01T00:00:00+00:00
[2023-11-05T03:04:44.014+0000] {logging_mixin.py:151} INFO - [2023-11-05T03:04:44.014+0000] {dag.py:3722} INFO - Setting next_dagrun for example_subdag_operator.section-1 to None, run_after=None
[2023-11-05T03:04:44.016+0000] {logging_mixin.py:151} INFO - [2023-11-05T03:04:44.015+0000] {dag.py:3722} INFO - Setting next_dagrun for example_subdag_operator.section-2 to None, run_after=None
[2023-11-05T03:04:44.022+0000] {logging_mixin.py:151} INFO - [2023-11-05T03:04:44.022+0000] {dag.py:2941} INFO - Sync 2 DAGs
[2023-11-05T03:04:44.030+0000] {logging_mixin.py:151} INFO - [2023-11-05T03:04:44.030+0000] {dag.py:3722} INFO - Setting next_dagrun for example_subdag_operator.section-1 to None, run_after=None
[2023-11-05T03:04:44.030+0000] {logging_mixin.py:151} INFO - [2023-11-05T03:04:44.030+0000] {dag.py:3722} INFO - Setting next_dagrun for example_subdag_operator.section-2 to None, run_after=None
[2023-11-05T03:04:44.042+0000] {processor.py:179} INFO - Processing /home/airflow/.local/lib/python3.8/site-packages/airflow/example_dags/example_subdag_operator.py took 0.110 seconds
[2023-11-05T03:05:14.601+0000] {processor.py:157} INFO - Started process (PID=819) to work on /home/airflow/.local/lib/python3.8/site-packages/airflow/example_dags/example_subdag_operator.py
[2023-11-05T03:05:14.602+0000] {processor.py:829} INFO - Processing file /home/airflow/.local/lib/python3.8/site-packages/airflow/example_dags/example_subdag_operator.py for tasks to queue
[2023-11-05T03:05:14.604+0000] {logging_mixin.py:151} INFO - [2023-11-05T03:05:14.604+0000] {dagbag.py:536} INFO - Filling up the DagBag from /home/airflow/.local/lib/python3.8/site-packages/airflow/example_dags/example_subdag_operator.py
[2023-11-05T03:05:14.627+0000] {processor.py:839} INFO - DAG(s) dict_keys(['example_subdag_operator.section-1', 'example_subdag_operator.section-2', 'example_subdag_operator']) retrieved from /home/airflow/.local/lib/python3.8/site-packages/airflow/example_dags/example_subdag_operator.py
[2023-11-05T03:05:14.641+0000] {logging_mixin.py:151} INFO - [2023-11-05T03:05:14.641+0000] {dag.py:2941} INFO - Sync 3 DAGs
[2023-11-05T03:05:14.661+0000] {logging_mixin.py:151} INFO - [2023-11-05T03:05:14.661+0000] {dag.py:3722} INFO - Setting next_dagrun for example_subdag_operator to 2022-01-01T00:00:00+00:00, run_after=2022-01-01T00:00:00+00:00
[2023-11-05T03:05:14.664+0000] {logging_mixin.py:151} INFO - [2023-11-05T03:05:14.664+0000] {dag.py:3722} INFO - Setting next_dagrun for example_subdag_operator.section-1 to None, run_after=None
[2023-11-05T03:05:14.665+0000] {logging_mixin.py:151} INFO - [2023-11-05T03:05:14.665+0000] {dag.py:3722} INFO - Setting next_dagrun for example_subdag_operator.section-2 to None, run_after=None
[2023-11-05T03:05:14.673+0000] {logging_mixin.py:151} INFO - [2023-11-05T03:05:14.673+0000] {dag.py:2941} INFO - Sync 2 DAGs
[2023-11-05T03:05:14.678+0000] {logging_mixin.py:151} INFO - [2023-11-05T03:05:14.678+0000] {dag.py:3722} INFO - Setting next_dagrun for example_subdag_operator.section-1 to None, run_after=None
[2023-11-05T03:05:14.678+0000] {logging_mixin.py:151} INFO - [2023-11-05T03:05:14.678+0000] {dag.py:3722} INFO - Setting next_dagrun for example_subdag_operator.section-2 to None, run_after=None
[2023-11-05T03:05:14.689+0000] {processor.py:179} INFO - Processing /home/airflow/.local/lib/python3.8/site-packages/airflow/example_dags/example_subdag_operator.py took 0.092 seconds
[2023-11-05T03:05:45.395+0000] {processor.py:157} INFO - Started process (PID=873) to work on /home/airflow/.local/lib/python3.8/site-packages/airflow/example_dags/example_subdag_operator.py
[2023-11-05T03:05:45.396+0000] {processor.py:829} INFO - Processing file /home/airflow/.local/lib/python3.8/site-packages/airflow/example_dags/example_subdag_operator.py for tasks to queue
[2023-11-05T03:05:45.397+0000] {logging_mixin.py:151} INFO - [2023-11-05T03:05:45.397+0000] {dagbag.py:536} INFO - Filling up the DagBag from /home/airflow/.local/lib/python3.8/site-packages/airflow/example_dags/example_subdag_operator.py
[2023-11-05T03:05:45.420+0000] {processor.py:839} INFO - DAG(s) dict_keys(['example_subdag_operator.section-1', 'example_subdag_operator.section-2', 'example_subdag_operator']) retrieved from /home/airflow/.local/lib/python3.8/site-packages/airflow/example_dags/example_subdag_operator.py
[2023-11-05T03:05:45.435+0000] {logging_mixin.py:151} INFO - [2023-11-05T03:05:45.434+0000] {dag.py:2941} INFO - Sync 3 DAGs
[2023-11-05T03:05:45.455+0000] {logging_mixin.py:151} INFO - [2023-11-05T03:05:45.455+0000] {dag.py:3722} INFO - Setting next_dagrun for example_subdag_operator to 2022-01-01T00:00:00+00:00, run_after=2022-01-01T00:00:00+00:00
[2023-11-05T03:05:45.458+0000] {logging_mixin.py:151} INFO - [2023-11-05T03:05:45.458+0000] {dag.py:3722} INFO - Setting next_dagrun for example_subdag_operator.section-1 to None, run_after=None
[2023-11-05T03:05:45.459+0000] {logging_mixin.py:151} INFO - [2023-11-05T03:05:45.459+0000] {dag.py:3722} INFO - Setting next_dagrun for example_subdag_operator.section-2 to None, run_after=None
[2023-11-05T03:05:45.466+0000] {logging_mixin.py:151} INFO - [2023-11-05T03:05:45.466+0000] {dag.py:2941} INFO - Sync 2 DAGs
[2023-11-05T03:05:45.472+0000] {logging_mixin.py:151} INFO - [2023-11-05T03:05:45.472+0000] {dag.py:3722} INFO - Setting next_dagrun for example_subdag_operator.section-1 to None, run_after=None
[2023-11-05T03:05:45.472+0000] {logging_mixin.py:151} INFO - [2023-11-05T03:05:45.472+0000] {dag.py:3722} INFO - Setting next_dagrun for example_subdag_operator.section-2 to None, run_after=None
[2023-11-05T03:05:45.482+0000] {processor.py:179} INFO - Processing /home/airflow/.local/lib/python3.8/site-packages/airflow/example_dags/example_subdag_operator.py took 0.089 seconds
[2023-11-05T03:06:16.050+0000] {processor.py:157} INFO - Started process (PID=927) to work on /home/airflow/.local/lib/python3.8/site-packages/airflow/example_dags/example_subdag_operator.py
[2023-11-05T03:06:16.051+0000] {processor.py:829} INFO - Processing file /home/airflow/.local/lib/python3.8/site-packages/airflow/example_dags/example_subdag_operator.py for tasks to queue
[2023-11-05T03:06:16.054+0000] {logging_mixin.py:151} INFO - [2023-11-05T03:06:16.054+0000] {dagbag.py:536} INFO - Filling up the DagBag from /home/airflow/.local/lib/python3.8/site-packages/airflow/example_dags/example_subdag_operator.py
[2023-11-05T03:06:16.096+0000] {processor.py:839} INFO - DAG(s) dict_keys(['example_subdag_operator.section-1', 'example_subdag_operator.section-2', 'example_subdag_operator']) retrieved from /home/airflow/.local/lib/python3.8/site-packages/airflow/example_dags/example_subdag_operator.py
[2023-11-05T03:06:16.116+0000] {logging_mixin.py:151} INFO - [2023-11-05T03:06:16.115+0000] {dag.py:2941} INFO - Sync 3 DAGs
[2023-11-05T03:06:16.139+0000] {logging_mixin.py:151} INFO - [2023-11-05T03:06:16.139+0000] {dag.py:3722} INFO - Setting next_dagrun for example_subdag_operator to 2022-01-01T00:00:00+00:00, run_after=2022-01-01T00:00:00+00:00
[2023-11-05T03:06:16.143+0000] {logging_mixin.py:151} INFO - [2023-11-05T03:06:16.142+0000] {dag.py:3722} INFO - Setting next_dagrun for example_subdag_operator.section-1 to None, run_after=None
[2023-11-05T03:06:16.145+0000] {logging_mixin.py:151} INFO - [2023-11-05T03:06:16.144+0000] {dag.py:3722} INFO - Setting next_dagrun for example_subdag_operator.section-2 to None, run_after=None
[2023-11-05T03:06:16.152+0000] {logging_mixin.py:151} INFO - [2023-11-05T03:06:16.152+0000] {dag.py:2941} INFO - Sync 2 DAGs
[2023-11-05T03:06:16.157+0000] {logging_mixin.py:151} INFO - [2023-11-05T03:06:16.157+0000] {dag.py:3722} INFO - Setting next_dagrun for example_subdag_operator.section-1 to None, run_after=None
[2023-11-05T03:06:16.157+0000] {logging_mixin.py:151} INFO - [2023-11-05T03:06:16.157+0000] {dag.py:3722} INFO - Setting next_dagrun for example_subdag_operator.section-2 to None, run_after=None
[2023-11-05T03:06:16.169+0000] {processor.py:179} INFO - Processing /home/airflow/.local/lib/python3.8/site-packages/airflow/example_dags/example_subdag_operator.py took 0.123 seconds
[2023-11-05T03:06:46.855+0000] {processor.py:157} INFO - Started process (PID=981) to work on /home/airflow/.local/lib/python3.8/site-packages/airflow/example_dags/example_subdag_operator.py
[2023-11-05T03:06:46.855+0000] {processor.py:829} INFO - Processing file /home/airflow/.local/lib/python3.8/site-packages/airflow/example_dags/example_subdag_operator.py for tasks to queue
[2023-11-05T03:06:46.857+0000] {logging_mixin.py:151} INFO - [2023-11-05T03:06:46.857+0000] {dagbag.py:536} INFO - Filling up the DagBag from /home/airflow/.local/lib/python3.8/site-packages/airflow/example_dags/example_subdag_operator.py
[2023-11-05T03:06:46.882+0000] {processor.py:839} INFO - DAG(s) dict_keys(['example_subdag_operator.section-1', 'example_subdag_operator.section-2', 'example_subdag_operator']) retrieved from /home/airflow/.local/lib/python3.8/site-packages/airflow/example_dags/example_subdag_operator.py
[2023-11-05T03:06:46.898+0000] {logging_mixin.py:151} INFO - [2023-11-05T03:06:46.898+0000] {dag.py:2941} INFO - Sync 3 DAGs
[2023-11-05T03:06:47.069+0000] {logging_mixin.py:151} INFO - [2023-11-05T03:06:47.069+0000] {dag.py:3722} INFO - Setting next_dagrun for example_subdag_operator to 2022-01-01T00:00:00+00:00, run_after=2022-01-01T00:00:00+00:00
[2023-11-05T03:06:47.073+0000] {logging_mixin.py:151} INFO - [2023-11-05T03:06:47.072+0000] {dag.py:3722} INFO - Setting next_dagrun for example_subdag_operator.section-1 to None, run_after=None
[2023-11-05T03:06:47.074+0000] {logging_mixin.py:151} INFO - [2023-11-05T03:06:47.073+0000] {dag.py:3722} INFO - Setting next_dagrun for example_subdag_operator.section-2 to None, run_after=None
[2023-11-05T03:06:47.081+0000] {logging_mixin.py:151} INFO - [2023-11-05T03:06:47.081+0000] {dag.py:2941} INFO - Sync 2 DAGs
[2023-11-05T03:06:47.087+0000] {logging_mixin.py:151} INFO - [2023-11-05T03:06:47.087+0000] {dag.py:3722} INFO - Setting next_dagrun for example_subdag_operator.section-1 to None, run_after=None
[2023-11-05T03:06:47.088+0000] {logging_mixin.py:151} INFO - [2023-11-05T03:06:47.088+0000] {dag.py:3722} INFO - Setting next_dagrun for example_subdag_operator.section-2 to None, run_after=None
[2023-11-05T03:06:47.099+0000] {processor.py:179} INFO - Processing /home/airflow/.local/lib/python3.8/site-packages/airflow/example_dags/example_subdag_operator.py took 0.247 seconds
[2023-11-05T03:07:17.299+0000] {processor.py:157} INFO - Started process (PID=1035) to work on /home/airflow/.local/lib/python3.8/site-packages/airflow/example_dags/example_subdag_operator.py
[2023-11-05T03:07:17.301+0000] {processor.py:829} INFO - Processing file /home/airflow/.local/lib/python3.8/site-packages/airflow/example_dags/example_subdag_operator.py for tasks to queue
[2023-11-05T03:07:17.305+0000] {logging_mixin.py:151} INFO - [2023-11-05T03:07:17.305+0000] {dagbag.py:536} INFO - Filling up the DagBag from /home/airflow/.local/lib/python3.8/site-packages/airflow/example_dags/example_subdag_operator.py
[2023-11-05T03:07:17.347+0000] {processor.py:839} INFO - DAG(s) dict_keys(['example_subdag_operator.section-1', 'example_subdag_operator.section-2', 'example_subdag_operator']) retrieved from /home/airflow/.local/lib/python3.8/site-packages/airflow/example_dags/example_subdag_operator.py
[2023-11-05T03:07:17.366+0000] {logging_mixin.py:151} INFO - [2023-11-05T03:07:17.365+0000] {dag.py:2941} INFO - Sync 3 DAGs
[2023-11-05T03:07:17.394+0000] {logging_mixin.py:151} INFO - [2023-11-05T03:07:17.394+0000] {dag.py:3722} INFO - Setting next_dagrun for example_subdag_operator to 2022-01-01T00:00:00+00:00, run_after=2022-01-01T00:00:00+00:00
[2023-11-05T03:07:17.397+0000] {logging_mixin.py:151} INFO - [2023-11-05T03:07:17.397+0000] {dag.py:3722} INFO - Setting next_dagrun for example_subdag_operator.section-1 to None, run_after=None
[2023-11-05T03:07:17.398+0000] {logging_mixin.py:151} INFO - [2023-11-05T03:07:17.398+0000] {dag.py:3722} INFO - Setting next_dagrun for example_subdag_operator.section-2 to None, run_after=None
[2023-11-05T03:07:17.584+0000] {logging_mixin.py:151} INFO - [2023-11-05T03:07:17.583+0000] {dag.py:2941} INFO - Sync 2 DAGs
[2023-11-05T03:07:17.592+0000] {logging_mixin.py:151} INFO - [2023-11-05T03:07:17.592+0000] {dag.py:3722} INFO - Setting next_dagrun for example_subdag_operator.section-1 to None, run_after=None
[2023-11-05T03:07:17.592+0000] {logging_mixin.py:151} INFO - [2023-11-05T03:07:17.592+0000] {dag.py:3722} INFO - Setting next_dagrun for example_subdag_operator.section-2 to None, run_after=None
[2023-11-05T03:07:17.603+0000] {processor.py:179} INFO - Processing /home/airflow/.local/lib/python3.8/site-packages/airflow/example_dags/example_subdag_operator.py took 0.309 seconds
[2023-11-05T03:07:47.740+0000] {processor.py:157} INFO - Started process (PID=1089) to work on /home/airflow/.local/lib/python3.8/site-packages/airflow/example_dags/example_subdag_operator.py
[2023-11-05T03:07:47.740+0000] {processor.py:829} INFO - Processing file /home/airflow/.local/lib/python3.8/site-packages/airflow/example_dags/example_subdag_operator.py for tasks to queue
[2023-11-05T03:07:47.742+0000] {logging_mixin.py:151} INFO - [2023-11-05T03:07:47.742+0000] {dagbag.py:536} INFO - Filling up the DagBag from /home/airflow/.local/lib/python3.8/site-packages/airflow/example_dags/example_subdag_operator.py
[2023-11-05T03:07:47.765+0000] {processor.py:839} INFO - DAG(s) dict_keys(['example_subdag_operator.section-1', 'example_subdag_operator.section-2', 'example_subdag_operator']) retrieved from /home/airflow/.local/lib/python3.8/site-packages/airflow/example_dags/example_subdag_operator.py
[2023-11-05T03:07:47.782+0000] {logging_mixin.py:151} INFO - [2023-11-05T03:07:47.781+0000] {dag.py:2941} INFO - Sync 3 DAGs
[2023-11-05T03:07:47.805+0000] {logging_mixin.py:151} INFO - [2023-11-05T03:07:47.805+0000] {dag.py:3722} INFO - Setting next_dagrun for example_subdag_operator to 2022-01-01T00:00:00+00:00, run_after=2022-01-01T00:00:00+00:00
[2023-11-05T03:07:47.808+0000] {logging_mixin.py:151} INFO - [2023-11-05T03:07:47.808+0000] {dag.py:3722} INFO - Setting next_dagrun for example_subdag_operator.section-1 to None, run_after=None
[2023-11-05T03:07:47.809+0000] {logging_mixin.py:151} INFO - [2023-11-05T03:07:47.809+0000] {dag.py:3722} INFO - Setting next_dagrun for example_subdag_operator.section-2 to None, run_after=None
[2023-11-05T03:07:47.817+0000] {logging_mixin.py:151} INFO - [2023-11-05T03:07:47.817+0000] {dag.py:2941} INFO - Sync 2 DAGs
[2023-11-05T03:07:47.823+0000] {logging_mixin.py:151} INFO - [2023-11-05T03:07:47.823+0000] {dag.py:3722} INFO - Setting next_dagrun for example_subdag_operator.section-1 to None, run_after=None
[2023-11-05T03:07:47.823+0000] {logging_mixin.py:151} INFO - [2023-11-05T03:07:47.823+0000] {dag.py:3722} INFO - Setting next_dagrun for example_subdag_operator.section-2 to None, run_after=None
[2023-11-05T03:07:47.835+0000] {processor.py:179} INFO - Processing /home/airflow/.local/lib/python3.8/site-packages/airflow/example_dags/example_subdag_operator.py took 0.098 seconds
