[2023-11-05T02:58:02.799+0000] {processor.py:157} INFO - Started process (PID=44) to work on /home/airflow/.local/lib/python3.8/site-packages/airflow/example_dags/example_latest_only.py
[2023-11-05T02:58:02.800+0000] {processor.py:829} INFO - Processing file /home/airflow/.local/lib/python3.8/site-packages/airflow/example_dags/example_latest_only.py for tasks to queue
[2023-11-05T02:58:02.804+0000] {logging_mixin.py:151} INFO - [2023-11-05T02:58:02.804+0000] {dagbag.py:536} INFO - Filling up the DagBag from /home/airflow/.local/lib/python3.8/site-packages/airflow/example_dags/example_latest_only.py
[2023-11-05T02:58:02.813+0000] {processor.py:839} INFO - DAG(s) dict_keys(['latest_only']) retrieved from /home/airflow/.local/lib/python3.8/site-packages/airflow/example_dags/example_latest_only.py
[2023-11-05T02:58:02.825+0000] {logging_mixin.py:151} INFO - [2023-11-05T02:58:02.825+0000] {dag.py:2941} INFO - Sync 1 DAGs
[2023-11-05T02:58:02.851+0000] {logging_mixin.py:151} INFO - [2023-11-05T02:58:02.850+0000] {dag.py:3722} INFO - Setting next_dagrun for latest_only to 2023-11-04T22:58:02.850386+00:00, run_after=2023-11-05T02:58:02.850386+00:00
[2023-11-05T02:58:02.877+0000] {processor.py:179} INFO - Processing /home/airflow/.local/lib/python3.8/site-packages/airflow/example_dags/example_latest_only.py took 0.082 seconds
[2023-11-05T02:58:33.228+0000] {processor.py:157} INFO - Started process (PID=98) to work on /home/airflow/.local/lib/python3.8/site-packages/airflow/example_dags/example_latest_only.py
[2023-11-05T02:58:33.229+0000] {processor.py:829} INFO - Processing file /home/airflow/.local/lib/python3.8/site-packages/airflow/example_dags/example_latest_only.py for tasks to queue
[2023-11-05T02:58:33.231+0000] {logging_mixin.py:151} INFO - [2023-11-05T02:58:33.231+0000] {dagbag.py:536} INFO - Filling up the DagBag from /home/airflow/.local/lib/python3.8/site-packages/airflow/example_dags/example_latest_only.py
[2023-11-05T02:58:33.237+0000] {processor.py:839} INFO - DAG(s) dict_keys(['latest_only']) retrieved from /home/airflow/.local/lib/python3.8/site-packages/airflow/example_dags/example_latest_only.py
[2023-11-05T02:58:33.257+0000] {logging_mixin.py:151} INFO - [2023-11-05T02:58:33.257+0000] {dag.py:2941} INFO - Sync 1 DAGs
[2023-11-05T02:58:33.280+0000] {logging_mixin.py:151} INFO - [2023-11-05T02:58:33.279+0000] {dag.py:3722} INFO - Setting next_dagrun for latest_only to 2023-11-04T22:58:33.279666+00:00, run_after=2023-11-05T02:58:33.279666+00:00
[2023-11-05T02:58:33.299+0000] {processor.py:179} INFO - Processing /home/airflow/.local/lib/python3.8/site-packages/airflow/example_dags/example_latest_only.py took 0.074 seconds
[2023-11-05T02:59:03.776+0000] {processor.py:157} INFO - Started process (PID=153) to work on /home/airflow/.local/lib/python3.8/site-packages/airflow/example_dags/example_latest_only.py
[2023-11-05T02:59:03.778+0000] {processor.py:829} INFO - Processing file /home/airflow/.local/lib/python3.8/site-packages/airflow/example_dags/example_latest_only.py for tasks to queue
[2023-11-05T02:59:03.782+0000] {logging_mixin.py:151} INFO - [2023-11-05T02:59:03.781+0000] {dagbag.py:536} INFO - Filling up the DagBag from /home/airflow/.local/lib/python3.8/site-packages/airflow/example_dags/example_latest_only.py
[2023-11-05T02:59:03.793+0000] {processor.py:839} INFO - DAG(s) dict_keys(['latest_only']) retrieved from /home/airflow/.local/lib/python3.8/site-packages/airflow/example_dags/example_latest_only.py
[2023-11-05T02:59:03.838+0000] {logging_mixin.py:151} INFO - [2023-11-05T02:59:03.837+0000] {dag.py:2941} INFO - Sync 1 DAGs
[2023-11-05T02:59:03.885+0000] {logging_mixin.py:151} INFO - [2023-11-05T02:59:03.885+0000] {dag.py:3722} INFO - Setting next_dagrun for latest_only to 2023-11-04T22:59:03.884883+00:00, run_after=2023-11-05T02:59:03.884883+00:00
[2023-11-05T02:59:03.920+0000] {processor.py:179} INFO - Processing /home/airflow/.local/lib/python3.8/site-packages/airflow/example_dags/example_latest_only.py took 0.147 seconds
[2023-11-05T02:59:34.661+0000] {processor.py:157} INFO - Started process (PID=207) to work on /home/airflow/.local/lib/python3.8/site-packages/airflow/example_dags/example_latest_only.py
[2023-11-05T02:59:34.662+0000] {processor.py:829} INFO - Processing file /home/airflow/.local/lib/python3.8/site-packages/airflow/example_dags/example_latest_only.py for tasks to queue
[2023-11-05T02:59:34.664+0000] {logging_mixin.py:151} INFO - [2023-11-05T02:59:34.664+0000] {dagbag.py:536} INFO - Filling up the DagBag from /home/airflow/.local/lib/python3.8/site-packages/airflow/example_dags/example_latest_only.py
[2023-11-05T02:59:34.669+0000] {processor.py:839} INFO - DAG(s) dict_keys(['latest_only']) retrieved from /home/airflow/.local/lib/python3.8/site-packages/airflow/example_dags/example_latest_only.py
[2023-11-05T02:59:34.692+0000] {logging_mixin.py:151} INFO - [2023-11-05T02:59:34.691+0000] {dag.py:2941} INFO - Sync 1 DAGs
[2023-11-05T02:59:34.719+0000] {logging_mixin.py:151} INFO - [2023-11-05T02:59:34.719+0000] {dag.py:3722} INFO - Setting next_dagrun for latest_only to 2023-11-04T22:59:34.719084+00:00, run_after=2023-11-05T02:59:34.719084+00:00
[2023-11-05T02:59:34.744+0000] {processor.py:179} INFO - Processing /home/airflow/.local/lib/python3.8/site-packages/airflow/example_dags/example_latest_only.py took 0.086 seconds
[2023-11-05T03:00:05.489+0000] {processor.py:157} INFO - Started process (PID=261) to work on /home/airflow/.local/lib/python3.8/site-packages/airflow/example_dags/example_latest_only.py
[2023-11-05T03:00:05.490+0000] {processor.py:829} INFO - Processing file /home/airflow/.local/lib/python3.8/site-packages/airflow/example_dags/example_latest_only.py for tasks to queue
[2023-11-05T03:00:05.492+0000] {logging_mixin.py:151} INFO - [2023-11-05T03:00:05.492+0000] {dagbag.py:536} INFO - Filling up the DagBag from /home/airflow/.local/lib/python3.8/site-packages/airflow/example_dags/example_latest_only.py
[2023-11-05T03:00:05.496+0000] {processor.py:839} INFO - DAG(s) dict_keys(['latest_only']) retrieved from /home/airflow/.local/lib/python3.8/site-packages/airflow/example_dags/example_latest_only.py
[2023-11-05T03:00:05.520+0000] {logging_mixin.py:151} INFO - [2023-11-05T03:00:05.520+0000] {dag.py:2941} INFO - Sync 1 DAGs
[2023-11-05T03:00:05.544+0000] {logging_mixin.py:151} INFO - [2023-11-05T03:00:05.544+0000] {dag.py:3722} INFO - Setting next_dagrun for latest_only to 2023-11-04T23:00:05.544322+00:00, run_after=2023-11-05T03:00:05.544322+00:00
[2023-11-05T03:00:05.568+0000] {processor.py:179} INFO - Processing /home/airflow/.local/lib/python3.8/site-packages/airflow/example_dags/example_latest_only.py took 0.082 seconds
[2023-11-05T03:00:36.752+0000] {processor.py:157} INFO - Started process (PID=314) to work on /home/airflow/.local/lib/python3.8/site-packages/airflow/example_dags/example_latest_only.py
[2023-11-05T03:00:36.754+0000] {processor.py:829} INFO - Processing file /home/airflow/.local/lib/python3.8/site-packages/airflow/example_dags/example_latest_only.py for tasks to queue
[2023-11-05T03:00:36.757+0000] {logging_mixin.py:151} INFO - [2023-11-05T03:00:36.756+0000] {dagbag.py:536} INFO - Filling up the DagBag from /home/airflow/.local/lib/python3.8/site-packages/airflow/example_dags/example_latest_only.py
[2023-11-05T03:00:36.762+0000] {processor.py:839} INFO - DAG(s) dict_keys(['latest_only']) retrieved from /home/airflow/.local/lib/python3.8/site-packages/airflow/example_dags/example_latest_only.py
[2023-11-05T03:00:36.786+0000] {logging_mixin.py:151} INFO - [2023-11-05T03:00:36.786+0000] {dag.py:2941} INFO - Sync 1 DAGs
[2023-11-05T03:00:36.829+0000] {logging_mixin.py:151} INFO - [2023-11-05T03:00:36.828+0000] {dag.py:3722} INFO - Setting next_dagrun for latest_only to 2023-11-04T23:00:36.828511+00:00, run_after=2023-11-05T03:00:36.828511+00:00
[2023-11-05T03:00:36.866+0000] {processor.py:179} INFO - Processing /home/airflow/.local/lib/python3.8/site-packages/airflow/example_dags/example_latest_only.py took 0.116 seconds
[2023-11-05T03:01:07.164+0000] {processor.py:157} INFO - Started process (PID=369) to work on /home/airflow/.local/lib/python3.8/site-packages/airflow/example_dags/example_latest_only.py
[2023-11-05T03:01:07.166+0000] {processor.py:829} INFO - Processing file /home/airflow/.local/lib/python3.8/site-packages/airflow/example_dags/example_latest_only.py for tasks to queue
[2023-11-05T03:01:07.168+0000] {logging_mixin.py:151} INFO - [2023-11-05T03:01:07.168+0000] {dagbag.py:536} INFO - Filling up the DagBag from /home/airflow/.local/lib/python3.8/site-packages/airflow/example_dags/example_latest_only.py
[2023-11-05T03:01:07.177+0000] {processor.py:839} INFO - DAG(s) dict_keys(['latest_only']) retrieved from /home/airflow/.local/lib/python3.8/site-packages/airflow/example_dags/example_latest_only.py
[2023-11-05T03:01:07.215+0000] {logging_mixin.py:151} INFO - [2023-11-05T03:01:07.215+0000] {dag.py:2941} INFO - Sync 1 DAGs
[2023-11-05T03:01:07.269+0000] {logging_mixin.py:151} INFO - [2023-11-05T03:01:07.268+0000] {dag.py:3722} INFO - Setting next_dagrun for latest_only to 2023-11-04T23:01:07.268284+00:00, run_after=2023-11-05T03:01:07.268284+00:00
[2023-11-05T03:01:07.300+0000] {processor.py:179} INFO - Processing /home/airflow/.local/lib/python3.8/site-packages/airflow/example_dags/example_latest_only.py took 0.140 seconds
[2023-11-05T03:01:37.408+0000] {processor.py:157} INFO - Started process (PID=422) to work on /home/airflow/.local/lib/python3.8/site-packages/airflow/example_dags/example_latest_only.py
[2023-11-05T03:01:37.408+0000] {processor.py:829} INFO - Processing file /home/airflow/.local/lib/python3.8/site-packages/airflow/example_dags/example_latest_only.py for tasks to queue
[2023-11-05T03:01:37.411+0000] {logging_mixin.py:151} INFO - [2023-11-05T03:01:37.410+0000] {dagbag.py:536} INFO - Filling up the DagBag from /home/airflow/.local/lib/python3.8/site-packages/airflow/example_dags/example_latest_only.py
[2023-11-05T03:01:37.418+0000] {processor.py:839} INFO - DAG(s) dict_keys(['latest_only']) retrieved from /home/airflow/.local/lib/python3.8/site-packages/airflow/example_dags/example_latest_only.py
[2023-11-05T03:01:37.451+0000] {logging_mixin.py:151} INFO - [2023-11-05T03:01:37.450+0000] {dag.py:2941} INFO - Sync 1 DAGs
[2023-11-05T03:01:37.475+0000] {logging_mixin.py:151} INFO - [2023-11-05T03:01:37.475+0000] {dag.py:3722} INFO - Setting next_dagrun for latest_only to 2023-11-04T23:01:37.474980+00:00, run_after=2023-11-05T03:01:37.474980+00:00
[2023-11-05T03:01:37.495+0000] {processor.py:179} INFO - Processing /home/airflow/.local/lib/python3.8/site-packages/airflow/example_dags/example_latest_only.py took 0.092 seconds
[2023-11-05T03:02:08.416+0000] {processor.py:157} INFO - Started process (PID=476) to work on /home/airflow/.local/lib/python3.8/site-packages/airflow/example_dags/example_latest_only.py
[2023-11-05T03:02:08.417+0000] {processor.py:829} INFO - Processing file /home/airflow/.local/lib/python3.8/site-packages/airflow/example_dags/example_latest_only.py for tasks to queue
[2023-11-05T03:02:08.420+0000] {logging_mixin.py:151} INFO - [2023-11-05T03:02:08.419+0000] {dagbag.py:536} INFO - Filling up the DagBag from /home/airflow/.local/lib/python3.8/site-packages/airflow/example_dags/example_latest_only.py
[2023-11-05T03:02:08.427+0000] {processor.py:839} INFO - DAG(s) dict_keys(['latest_only']) retrieved from /home/airflow/.local/lib/python3.8/site-packages/airflow/example_dags/example_latest_only.py
[2023-11-05T03:02:08.464+0000] {logging_mixin.py:151} INFO - [2023-11-05T03:02:08.463+0000] {dag.py:2941} INFO - Sync 1 DAGs
[2023-11-05T03:02:08.498+0000] {logging_mixin.py:151} INFO - [2023-11-05T03:02:08.497+0000] {dag.py:3722} INFO - Setting next_dagrun for latest_only to 2023-11-04T23:02:08.497208+00:00, run_after=2023-11-05T03:02:08.497208+00:00
[2023-11-05T03:02:08.519+0000] {processor.py:179} INFO - Processing /home/airflow/.local/lib/python3.8/site-packages/airflow/example_dags/example_latest_only.py took 0.108 seconds
[2023-11-05T03:02:38.568+0000] {processor.py:157} INFO - Started process (PID=529) to work on /home/airflow/.local/lib/python3.8/site-packages/airflow/example_dags/example_latest_only.py
[2023-11-05T03:02:38.569+0000] {processor.py:829} INFO - Processing file /home/airflow/.local/lib/python3.8/site-packages/airflow/example_dags/example_latest_only.py for tasks to queue
[2023-11-05T03:02:38.571+0000] {logging_mixin.py:151} INFO - [2023-11-05T03:02:38.570+0000] {dagbag.py:536} INFO - Filling up the DagBag from /home/airflow/.local/lib/python3.8/site-packages/airflow/example_dags/example_latest_only.py
[2023-11-05T03:02:38.576+0000] {processor.py:839} INFO - DAG(s) dict_keys(['latest_only']) retrieved from /home/airflow/.local/lib/python3.8/site-packages/airflow/example_dags/example_latest_only.py
[2023-11-05T03:02:38.594+0000] {logging_mixin.py:151} INFO - [2023-11-05T03:02:38.593+0000] {dag.py:2941} INFO - Sync 1 DAGs
[2023-11-05T03:02:38.617+0000] {logging_mixin.py:151} INFO - [2023-11-05T03:02:38.617+0000] {dag.py:3722} INFO - Setting next_dagrun for latest_only to 2023-11-04T23:02:38.616901+00:00, run_after=2023-11-05T03:02:38.616901+00:00
[2023-11-05T03:02:38.636+0000] {processor.py:179} INFO - Processing /home/airflow/.local/lib/python3.8/site-packages/airflow/example_dags/example_latest_only.py took 0.071 seconds
[2023-11-05T03:03:09.268+0000] {processor.py:157} INFO - Started process (PID=583) to work on /home/airflow/.local/lib/python3.8/site-packages/airflow/example_dags/example_latest_only.py
[2023-11-05T03:03:09.269+0000] {processor.py:829} INFO - Processing file /home/airflow/.local/lib/python3.8/site-packages/airflow/example_dags/example_latest_only.py for tasks to queue
[2023-11-05T03:03:09.270+0000] {logging_mixin.py:151} INFO - [2023-11-05T03:03:09.270+0000] {dagbag.py:536} INFO - Filling up the DagBag from /home/airflow/.local/lib/python3.8/site-packages/airflow/example_dags/example_latest_only.py
[2023-11-05T03:03:09.276+0000] {processor.py:839} INFO - DAG(s) dict_keys(['latest_only']) retrieved from /home/airflow/.local/lib/python3.8/site-packages/airflow/example_dags/example_latest_only.py
[2023-11-05T03:03:09.295+0000] {logging_mixin.py:151} INFO - [2023-11-05T03:03:09.295+0000] {dag.py:2941} INFO - Sync 1 DAGs
[2023-11-05T03:03:09.319+0000] {logging_mixin.py:151} INFO - [2023-11-05T03:03:09.319+0000] {dag.py:3722} INFO - Setting next_dagrun for latest_only to 2023-11-04T23:03:09.319316+00:00, run_after=2023-11-05T03:03:09.319316+00:00
[2023-11-05T03:03:09.344+0000] {processor.py:179} INFO - Processing /home/airflow/.local/lib/python3.8/site-packages/airflow/example_dags/example_latest_only.py took 0.078 seconds
[2023-11-05T03:03:39.430+0000] {processor.py:157} INFO - Started process (PID=637) to work on /home/airflow/.local/lib/python3.8/site-packages/airflow/example_dags/example_latest_only.py
[2023-11-05T03:03:39.432+0000] {processor.py:829} INFO - Processing file /home/airflow/.local/lib/python3.8/site-packages/airflow/example_dags/example_latest_only.py for tasks to queue
[2023-11-05T03:03:39.435+0000] {logging_mixin.py:151} INFO - [2023-11-05T03:03:39.435+0000] {dagbag.py:536} INFO - Filling up the DagBag from /home/airflow/.local/lib/python3.8/site-packages/airflow/example_dags/example_latest_only.py
[2023-11-05T03:03:39.445+0000] {processor.py:839} INFO - DAG(s) dict_keys(['latest_only']) retrieved from /home/airflow/.local/lib/python3.8/site-packages/airflow/example_dags/example_latest_only.py
[2023-11-05T03:03:39.486+0000] {logging_mixin.py:151} INFO - [2023-11-05T03:03:39.486+0000] {dag.py:2941} INFO - Sync 1 DAGs
[2023-11-05T03:03:39.509+0000] {logging_mixin.py:151} INFO - [2023-11-05T03:03:39.509+0000] {dag.py:3722} INFO - Setting next_dagrun for latest_only to 2023-11-04T23:03:39.509132+00:00, run_after=2023-11-05T03:03:39.509132+00:00
[2023-11-05T03:03:39.540+0000] {processor.py:179} INFO - Processing /home/airflow/.local/lib/python3.8/site-packages/airflow/example_dags/example_latest_only.py took 0.116 seconds
[2023-11-05T03:04:10.107+0000] {processor.py:157} INFO - Started process (PID=691) to work on /home/airflow/.local/lib/python3.8/site-packages/airflow/example_dags/example_latest_only.py
[2023-11-05T03:04:10.109+0000] {processor.py:829} INFO - Processing file /home/airflow/.local/lib/python3.8/site-packages/airflow/example_dags/example_latest_only.py for tasks to queue
[2023-11-05T03:04:10.114+0000] {logging_mixin.py:151} INFO - [2023-11-05T03:04:10.113+0000] {dagbag.py:536} INFO - Filling up the DagBag from /home/airflow/.local/lib/python3.8/site-packages/airflow/example_dags/example_latest_only.py
[2023-11-05T03:04:10.120+0000] {processor.py:839} INFO - DAG(s) dict_keys(['latest_only']) retrieved from /home/airflow/.local/lib/python3.8/site-packages/airflow/example_dags/example_latest_only.py
[2023-11-05T03:04:10.146+0000] {logging_mixin.py:151} INFO - [2023-11-05T03:04:10.145+0000] {dag.py:2941} INFO - Sync 1 DAGs
[2023-11-05T03:04:10.179+0000] {logging_mixin.py:151} INFO - [2023-11-05T03:04:10.179+0000] {dag.py:3722} INFO - Setting next_dagrun for latest_only to 2023-11-04T23:04:10.178987+00:00, run_after=2023-11-05T03:04:10.178987+00:00
[2023-11-05T03:04:10.206+0000] {processor.py:179} INFO - Processing /home/airflow/.local/lib/python3.8/site-packages/airflow/example_dags/example_latest_only.py took 0.105 seconds
[2023-11-05T03:04:40.485+0000] {processor.py:157} INFO - Started process (PID=746) to work on /home/airflow/.local/lib/python3.8/site-packages/airflow/example_dags/example_latest_only.py
[2023-11-05T03:04:40.486+0000] {processor.py:829} INFO - Processing file /home/airflow/.local/lib/python3.8/site-packages/airflow/example_dags/example_latest_only.py for tasks to queue
[2023-11-05T03:04:40.489+0000] {logging_mixin.py:151} INFO - [2023-11-05T03:04:40.489+0000] {dagbag.py:536} INFO - Filling up the DagBag from /home/airflow/.local/lib/python3.8/site-packages/airflow/example_dags/example_latest_only.py
[2023-11-05T03:04:40.497+0000] {processor.py:839} INFO - DAG(s) dict_keys(['latest_only']) retrieved from /home/airflow/.local/lib/python3.8/site-packages/airflow/example_dags/example_latest_only.py
[2023-11-05T03:04:40.518+0000] {logging_mixin.py:151} INFO - [2023-11-05T03:04:40.518+0000] {dag.py:2941} INFO - Sync 1 DAGs
[2023-11-05T03:04:40.541+0000] {logging_mixin.py:151} INFO - [2023-11-05T03:04:40.540+0000] {dag.py:3722} INFO - Setting next_dagrun for latest_only to 2023-11-04T23:04:40.540477+00:00, run_after=2023-11-05T03:04:40.540477+00:00
[2023-11-05T03:04:40.563+0000] {processor.py:179} INFO - Processing /home/airflow/.local/lib/python3.8/site-packages/airflow/example_dags/example_latest_only.py took 0.085 seconds
[2023-11-05T03:05:10.760+0000] {processor.py:157} INFO - Started process (PID=800) to work on /home/airflow/.local/lib/python3.8/site-packages/airflow/example_dags/example_latest_only.py
[2023-11-05T03:05:10.762+0000] {processor.py:829} INFO - Processing file /home/airflow/.local/lib/python3.8/site-packages/airflow/example_dags/example_latest_only.py for tasks to queue
[2023-11-05T03:05:10.766+0000] {logging_mixin.py:151} INFO - [2023-11-05T03:05:10.765+0000] {dagbag.py:536} INFO - Filling up the DagBag from /home/airflow/.local/lib/python3.8/site-packages/airflow/example_dags/example_latest_only.py
[2023-11-05T03:05:10.777+0000] {processor.py:839} INFO - DAG(s) dict_keys(['latest_only']) retrieved from /home/airflow/.local/lib/python3.8/site-packages/airflow/example_dags/example_latest_only.py
[2023-11-05T03:05:10.830+0000] {logging_mixin.py:151} INFO - [2023-11-05T03:05:10.829+0000] {dag.py:2941} INFO - Sync 1 DAGs
[2023-11-05T03:05:10.890+0000] {logging_mixin.py:151} INFO - [2023-11-05T03:05:10.889+0000] {dag.py:3722} INFO - Setting next_dagrun for latest_only to 2023-11-04T23:05:10.888734+00:00, run_after=2023-11-05T03:05:10.888734+00:00
[2023-11-05T03:05:10.939+0000] {processor.py:179} INFO - Processing /home/airflow/.local/lib/python3.8/site-packages/airflow/example_dags/example_latest_only.py took 0.186 seconds
[2023-11-05T03:05:41.044+0000] {processor.py:157} INFO - Started process (PID=854) to work on /home/airflow/.local/lib/python3.8/site-packages/airflow/example_dags/example_latest_only.py
[2023-11-05T03:05:41.045+0000] {processor.py:829} INFO - Processing file /home/airflow/.local/lib/python3.8/site-packages/airflow/example_dags/example_latest_only.py for tasks to queue
[2023-11-05T03:05:41.049+0000] {logging_mixin.py:151} INFO - [2023-11-05T03:05:41.048+0000] {dagbag.py:536} INFO - Filling up the DagBag from /home/airflow/.local/lib/python3.8/site-packages/airflow/example_dags/example_latest_only.py
[2023-11-05T03:05:41.058+0000] {processor.py:839} INFO - DAG(s) dict_keys(['latest_only']) retrieved from /home/airflow/.local/lib/python3.8/site-packages/airflow/example_dags/example_latest_only.py
[2023-11-05T03:05:41.095+0000] {logging_mixin.py:151} INFO - [2023-11-05T03:05:41.095+0000] {dag.py:2941} INFO - Sync 1 DAGs
[2023-11-05T03:05:41.122+0000] {logging_mixin.py:151} INFO - [2023-11-05T03:05:41.122+0000] {dag.py:3722} INFO - Setting next_dagrun for latest_only to 2023-11-04T23:05:41.121817+00:00, run_after=2023-11-05T03:05:41.121817+00:00
[2023-11-05T03:05:41.151+0000] {processor.py:179} INFO - Processing /home/airflow/.local/lib/python3.8/site-packages/airflow/example_dags/example_latest_only.py took 0.114 seconds
[2023-11-05T03:06:11.713+0000] {processor.py:157} INFO - Started process (PID=908) to work on /home/airflow/.local/lib/python3.8/site-packages/airflow/example_dags/example_latest_only.py
[2023-11-05T03:06:11.714+0000] {processor.py:829} INFO - Processing file /home/airflow/.local/lib/python3.8/site-packages/airflow/example_dags/example_latest_only.py for tasks to queue
[2023-11-05T03:06:11.717+0000] {logging_mixin.py:151} INFO - [2023-11-05T03:06:11.717+0000] {dagbag.py:536} INFO - Filling up the DagBag from /home/airflow/.local/lib/python3.8/site-packages/airflow/example_dags/example_latest_only.py
[2023-11-05T03:06:11.726+0000] {processor.py:839} INFO - DAG(s) dict_keys(['latest_only']) retrieved from /home/airflow/.local/lib/python3.8/site-packages/airflow/example_dags/example_latest_only.py
[2023-11-05T03:06:11.764+0000] {logging_mixin.py:151} INFO - [2023-11-05T03:06:11.764+0000] {dag.py:2941} INFO - Sync 1 DAGs
[2023-11-05T03:06:11.792+0000] {logging_mixin.py:151} INFO - [2023-11-05T03:06:11.791+0000] {dag.py:3722} INFO - Setting next_dagrun for latest_only to 2023-11-04T23:06:11.791561+00:00, run_after=2023-11-05T03:06:11.791561+00:00
[2023-11-05T03:06:11.952+0000] {processor.py:179} INFO - Processing /home/airflow/.local/lib/python3.8/site-packages/airflow/example_dags/example_latest_only.py took 0.246 seconds
[2023-11-05T03:06:42.499+0000] {processor.py:157} INFO - Started process (PID=962) to work on /home/airflow/.local/lib/python3.8/site-packages/airflow/example_dags/example_latest_only.py
[2023-11-05T03:06:42.501+0000] {processor.py:829} INFO - Processing file /home/airflow/.local/lib/python3.8/site-packages/airflow/example_dags/example_latest_only.py for tasks to queue
[2023-11-05T03:06:42.506+0000] {logging_mixin.py:151} INFO - [2023-11-05T03:06:42.505+0000] {dagbag.py:536} INFO - Filling up the DagBag from /home/airflow/.local/lib/python3.8/site-packages/airflow/example_dags/example_latest_only.py
[2023-11-05T03:06:42.515+0000] {processor.py:839} INFO - DAG(s) dict_keys(['latest_only']) retrieved from /home/airflow/.local/lib/python3.8/site-packages/airflow/example_dags/example_latest_only.py
[2023-11-05T03:06:42.558+0000] {logging_mixin.py:151} INFO - [2023-11-05T03:06:42.557+0000] {dag.py:2941} INFO - Sync 1 DAGs
[2023-11-05T03:06:42.607+0000] {logging_mixin.py:151} INFO - [2023-11-05T03:06:42.607+0000] {dag.py:3722} INFO - Setting next_dagrun for latest_only to 2023-11-04T23:06:42.606665+00:00, run_after=2023-11-05T03:06:42.606665+00:00
[2023-11-05T03:06:42.649+0000] {processor.py:179} INFO - Processing /home/airflow/.local/lib/python3.8/site-packages/airflow/example_dags/example_latest_only.py took 0.156 seconds
[2023-11-05T03:07:13.038+0000] {processor.py:157} INFO - Started process (PID=1016) to work on /home/airflow/.local/lib/python3.8/site-packages/airflow/example_dags/example_latest_only.py
[2023-11-05T03:07:13.040+0000] {processor.py:829} INFO - Processing file /home/airflow/.local/lib/python3.8/site-packages/airflow/example_dags/example_latest_only.py for tasks to queue
[2023-11-05T03:07:13.044+0000] {logging_mixin.py:151} INFO - [2023-11-05T03:07:13.043+0000] {dagbag.py:536} INFO - Filling up the DagBag from /home/airflow/.local/lib/python3.8/site-packages/airflow/example_dags/example_latest_only.py
[2023-11-05T03:07:13.054+0000] {processor.py:839} INFO - DAG(s) dict_keys(['latest_only']) retrieved from /home/airflow/.local/lib/python3.8/site-packages/airflow/example_dags/example_latest_only.py
[2023-11-05T03:07:13.096+0000] {logging_mixin.py:151} INFO - [2023-11-05T03:07:13.095+0000] {dag.py:2941} INFO - Sync 1 DAGs
[2023-11-05T03:07:13.130+0000] {logging_mixin.py:151} INFO - [2023-11-05T03:07:13.130+0000] {dag.py:3722} INFO - Setting next_dagrun for latest_only to 2023-11-04T23:07:13.129844+00:00, run_after=2023-11-05T03:07:13.129844+00:00
[2023-11-05T03:07:13.150+0000] {processor.py:179} INFO - Processing /home/airflow/.local/lib/python3.8/site-packages/airflow/example_dags/example_latest_only.py took 0.120 seconds
[2023-11-05T03:07:43.538+0000] {processor.py:157} INFO - Started process (PID=1070) to work on /home/airflow/.local/lib/python3.8/site-packages/airflow/example_dags/example_latest_only.py
[2023-11-05T03:07:43.539+0000] {processor.py:829} INFO - Processing file /home/airflow/.local/lib/python3.8/site-packages/airflow/example_dags/example_latest_only.py for tasks to queue
[2023-11-05T03:07:43.543+0000] {logging_mixin.py:151} INFO - [2023-11-05T03:07:43.542+0000] {dagbag.py:536} INFO - Filling up the DagBag from /home/airflow/.local/lib/python3.8/site-packages/airflow/example_dags/example_latest_only.py
[2023-11-05T03:07:43.551+0000] {processor.py:839} INFO - DAG(s) dict_keys(['latest_only']) retrieved from /home/airflow/.local/lib/python3.8/site-packages/airflow/example_dags/example_latest_only.py
[2023-11-05T03:07:43.586+0000] {logging_mixin.py:151} INFO - [2023-11-05T03:07:43.586+0000] {dag.py:2941} INFO - Sync 1 DAGs
[2023-11-05T03:07:43.614+0000] {logging_mixin.py:151} INFO - [2023-11-05T03:07:43.614+0000] {dag.py:3722} INFO - Setting next_dagrun for latest_only to 2023-11-04T23:07:43.614377+00:00, run_after=2023-11-05T03:07:43.614377+00:00
[2023-11-05T03:07:43.634+0000] {processor.py:179} INFO - Processing /home/airflow/.local/lib/python3.8/site-packages/airflow/example_dags/example_latest_only.py took 0.102 seconds
