[2023-11-05T02:58:05.008+0000] {processor.py:157} INFO - Started process (PID=75) to work on /home/airflow/.local/lib/python3.8/site-packages/airflow/example_dags/example_external_task_marker_dag.py
[2023-11-05T02:58:05.010+0000] {processor.py:829} INFO - Processing file /home/airflow/.local/lib/python3.8/site-packages/airflow/example_dags/example_external_task_marker_dag.py for tasks to queue
[2023-11-05T02:58:05.013+0000] {logging_mixin.py:151} INFO - [2023-11-05T02:58:05.012+0000] {dagbag.py:536} INFO - Filling up the DagBag from /home/airflow/.local/lib/python3.8/site-packages/airflow/example_dags/example_external_task_marker_dag.py
[2023-11-05T02:58:05.026+0000] {processor.py:839} INFO - DAG(s) dict_keys(['example_external_task_marker_child', 'example_external_task_marker_parent']) retrieved from /home/airflow/.local/lib/python3.8/site-packages/airflow/example_dags/example_external_task_marker_dag.py
[2023-11-05T02:58:05.056+0000] {logging_mixin.py:151} INFO - [2023-11-05T02:58:05.056+0000] {dag.py:2941} INFO - Sync 2 DAGs
[2023-11-05T02:58:05.081+0000] {logging_mixin.py:151} INFO - [2023-11-05T02:58:05.081+0000] {dag.py:3722} INFO - Setting next_dagrun for example_external_task_marker_child to None, run_after=None
[2023-11-05T02:58:05.096+0000] {logging_mixin.py:151} INFO - [2023-11-05T02:58:05.096+0000] {dag.py:3722} INFO - Setting next_dagrun for example_external_task_marker_parent to None, run_after=None
[2023-11-05T02:58:05.138+0000] {processor.py:179} INFO - Processing /home/airflow/.local/lib/python3.8/site-packages/airflow/example_dags/example_external_task_marker_dag.py took 0.137 seconds
[2023-11-05T02:58:35.500+0000] {processor.py:157} INFO - Started process (PID=129) to work on /home/airflow/.local/lib/python3.8/site-packages/airflow/example_dags/example_external_task_marker_dag.py
[2023-11-05T02:58:35.502+0000] {processor.py:829} INFO - Processing file /home/airflow/.local/lib/python3.8/site-packages/airflow/example_dags/example_external_task_marker_dag.py for tasks to queue
[2023-11-05T02:58:35.506+0000] {logging_mixin.py:151} INFO - [2023-11-05T02:58:35.506+0000] {dagbag.py:536} INFO - Filling up the DagBag from /home/airflow/.local/lib/python3.8/site-packages/airflow/example_dags/example_external_task_marker_dag.py
[2023-11-05T02:58:35.519+0000] {processor.py:839} INFO - DAG(s) dict_keys(['example_external_task_marker_child', 'example_external_task_marker_parent']) retrieved from /home/airflow/.local/lib/python3.8/site-packages/airflow/example_dags/example_external_task_marker_dag.py
[2023-11-05T02:58:35.567+0000] {logging_mixin.py:151} INFO - [2023-11-05T02:58:35.567+0000] {dag.py:2941} INFO - Sync 2 DAGs
[2023-11-05T02:58:35.592+0000] {logging_mixin.py:151} INFO - [2023-11-05T02:58:35.591+0000] {dag.py:3722} INFO - Setting next_dagrun for example_external_task_marker_child to None, run_after=None
[2023-11-05T02:58:35.598+0000] {logging_mixin.py:151} INFO - [2023-11-05T02:58:35.597+0000] {dag.py:3722} INFO - Setting next_dagrun for example_external_task_marker_parent to None, run_after=None
[2023-11-05T02:58:35.635+0000] {processor.py:179} INFO - Processing /home/airflow/.local/lib/python3.8/site-packages/airflow/example_dags/example_external_task_marker_dag.py took 0.142 seconds
[2023-11-05T02:59:06.496+0000] {processor.py:157} INFO - Started process (PID=184) to work on /home/airflow/.local/lib/python3.8/site-packages/airflow/example_dags/example_external_task_marker_dag.py
[2023-11-05T02:59:06.497+0000] {processor.py:829} INFO - Processing file /home/airflow/.local/lib/python3.8/site-packages/airflow/example_dags/example_external_task_marker_dag.py for tasks to queue
[2023-11-05T02:59:06.501+0000] {logging_mixin.py:151} INFO - [2023-11-05T02:59:06.500+0000] {dagbag.py:536} INFO - Filling up the DagBag from /home/airflow/.local/lib/python3.8/site-packages/airflow/example_dags/example_external_task_marker_dag.py
[2023-11-05T02:59:06.513+0000] {processor.py:839} INFO - DAG(s) dict_keys(['example_external_task_marker_child', 'example_external_task_marker_parent']) retrieved from /home/airflow/.local/lib/python3.8/site-packages/airflow/example_dags/example_external_task_marker_dag.py
[2023-11-05T02:59:06.560+0000] {logging_mixin.py:151} INFO - [2023-11-05T02:59:06.560+0000] {dag.py:2941} INFO - Sync 2 DAGs
[2023-11-05T02:59:06.586+0000] {logging_mixin.py:151} INFO - [2023-11-05T02:59:06.585+0000] {dag.py:3722} INFO - Setting next_dagrun for example_external_task_marker_child to None, run_after=None
[2023-11-05T02:59:06.592+0000] {logging_mixin.py:151} INFO - [2023-11-05T02:59:06.592+0000] {dag.py:3722} INFO - Setting next_dagrun for example_external_task_marker_parent to None, run_after=None
[2023-11-05T02:59:06.635+0000] {processor.py:179} INFO - Processing /home/airflow/.local/lib/python3.8/site-packages/airflow/example_dags/example_external_task_marker_dag.py took 0.145 seconds
[2023-11-05T02:59:37.493+0000] {processor.py:157} INFO - Started process (PID=238) to work on /home/airflow/.local/lib/python3.8/site-packages/airflow/example_dags/example_external_task_marker_dag.py
[2023-11-05T02:59:37.494+0000] {processor.py:829} INFO - Processing file /home/airflow/.local/lib/python3.8/site-packages/airflow/example_dags/example_external_task_marker_dag.py for tasks to queue
[2023-11-05T02:59:37.496+0000] {logging_mixin.py:151} INFO - [2023-11-05T02:59:37.496+0000] {dagbag.py:536} INFO - Filling up the DagBag from /home/airflow/.local/lib/python3.8/site-packages/airflow/example_dags/example_external_task_marker_dag.py
[2023-11-05T02:59:37.502+0000] {processor.py:839} INFO - DAG(s) dict_keys(['example_external_task_marker_parent', 'example_external_task_marker_child']) retrieved from /home/airflow/.local/lib/python3.8/site-packages/airflow/example_dags/example_external_task_marker_dag.py
[2023-11-05T02:59:37.534+0000] {logging_mixin.py:151} INFO - [2023-11-05T02:59:37.534+0000] {dag.py:2941} INFO - Sync 2 DAGs
[2023-11-05T02:59:37.551+0000] {logging_mixin.py:151} INFO - [2023-11-05T02:59:37.551+0000] {dag.py:3722} INFO - Setting next_dagrun for example_external_task_marker_child to None, run_after=None
[2023-11-05T02:59:37.554+0000] {logging_mixin.py:151} INFO - [2023-11-05T02:59:37.554+0000] {dag.py:3722} INFO - Setting next_dagrun for example_external_task_marker_parent to None, run_after=None
[2023-11-05T02:59:37.574+0000] {processor.py:179} INFO - Processing /home/airflow/.local/lib/python3.8/site-packages/airflow/example_dags/example_external_task_marker_dag.py took 0.087 seconds
[2023-11-05T03:00:08.372+0000] {processor.py:157} INFO - Started process (PID=292) to work on /home/airflow/.local/lib/python3.8/site-packages/airflow/example_dags/example_external_task_marker_dag.py
[2023-11-05T03:00:08.373+0000] {processor.py:829} INFO - Processing file /home/airflow/.local/lib/python3.8/site-packages/airflow/example_dags/example_external_task_marker_dag.py for tasks to queue
[2023-11-05T03:00:08.375+0000] {logging_mixin.py:151} INFO - [2023-11-05T03:00:08.375+0000] {dagbag.py:536} INFO - Filling up the DagBag from /home/airflow/.local/lib/python3.8/site-packages/airflow/example_dags/example_external_task_marker_dag.py
[2023-11-05T03:00:08.381+0000] {processor.py:839} INFO - DAG(s) dict_keys(['example_external_task_marker_parent', 'example_external_task_marker_child']) retrieved from /home/airflow/.local/lib/python3.8/site-packages/airflow/example_dags/example_external_task_marker_dag.py
[2023-11-05T03:00:08.407+0000] {logging_mixin.py:151} INFO - [2023-11-05T03:00:08.406+0000] {dag.py:2941} INFO - Sync 2 DAGs
[2023-11-05T03:00:08.420+0000] {logging_mixin.py:151} INFO - [2023-11-05T03:00:08.420+0000] {dag.py:3722} INFO - Setting next_dagrun for example_external_task_marker_child to None, run_after=None
[2023-11-05T03:00:08.425+0000] {logging_mixin.py:151} INFO - [2023-11-05T03:00:08.424+0000] {dag.py:3722} INFO - Setting next_dagrun for example_external_task_marker_parent to None, run_after=None
[2023-11-05T03:00:08.444+0000] {processor.py:179} INFO - Processing /home/airflow/.local/lib/python3.8/site-packages/airflow/example_dags/example_external_task_marker_dag.py took 0.076 seconds
[2023-11-05T03:00:39.574+0000] {processor.py:157} INFO - Started process (PID=345) to work on /home/airflow/.local/lib/python3.8/site-packages/airflow/example_dags/example_external_task_marker_dag.py
[2023-11-05T03:00:39.575+0000] {processor.py:829} INFO - Processing file /home/airflow/.local/lib/python3.8/site-packages/airflow/example_dags/example_external_task_marker_dag.py for tasks to queue
[2023-11-05T03:00:39.579+0000] {logging_mixin.py:151} INFO - [2023-11-05T03:00:39.578+0000] {dagbag.py:536} INFO - Filling up the DagBag from /home/airflow/.local/lib/python3.8/site-packages/airflow/example_dags/example_external_task_marker_dag.py
[2023-11-05T03:00:39.591+0000] {processor.py:839} INFO - DAG(s) dict_keys(['example_external_task_marker_parent', 'example_external_task_marker_child']) retrieved from /home/airflow/.local/lib/python3.8/site-packages/airflow/example_dags/example_external_task_marker_dag.py
[2023-11-05T03:00:39.643+0000] {logging_mixin.py:151} INFO - [2023-11-05T03:00:39.642+0000] {dag.py:2941} INFO - Sync 2 DAGs
[2023-11-05T03:00:39.674+0000] {logging_mixin.py:151} INFO - [2023-11-05T03:00:39.673+0000] {dag.py:3722} INFO - Setting next_dagrun for example_external_task_marker_child to None, run_after=None
[2023-11-05T03:00:39.682+0000] {logging_mixin.py:151} INFO - [2023-11-05T03:00:39.681+0000] {dag.py:3722} INFO - Setting next_dagrun for example_external_task_marker_parent to None, run_after=None
[2023-11-05T03:00:39.716+0000] {processor.py:179} INFO - Processing /home/airflow/.local/lib/python3.8/site-packages/airflow/example_dags/example_external_task_marker_dag.py took 0.150 seconds
[2023-11-05T03:01:09.980+0000] {processor.py:157} INFO - Started process (PID=400) to work on /home/airflow/.local/lib/python3.8/site-packages/airflow/example_dags/example_external_task_marker_dag.py
[2023-11-05T03:01:09.981+0000] {processor.py:829} INFO - Processing file /home/airflow/.local/lib/python3.8/site-packages/airflow/example_dags/example_external_task_marker_dag.py for tasks to queue
[2023-11-05T03:01:09.983+0000] {logging_mixin.py:151} INFO - [2023-11-05T03:01:09.982+0000] {dagbag.py:536} INFO - Filling up the DagBag from /home/airflow/.local/lib/python3.8/site-packages/airflow/example_dags/example_external_task_marker_dag.py
[2023-11-05T03:01:09.992+0000] {processor.py:839} INFO - DAG(s) dict_keys(['example_external_task_marker_child', 'example_external_task_marker_parent']) retrieved from /home/airflow/.local/lib/python3.8/site-packages/airflow/example_dags/example_external_task_marker_dag.py
[2023-11-05T03:01:10.027+0000] {logging_mixin.py:151} INFO - [2023-11-05T03:01:10.027+0000] {dag.py:2941} INFO - Sync 2 DAGs
[2023-11-05T03:01:10.043+0000] {logging_mixin.py:151} INFO - [2023-11-05T03:01:10.042+0000] {dag.py:3722} INFO - Setting next_dagrun for example_external_task_marker_child to None, run_after=None
[2023-11-05T03:01:10.047+0000] {logging_mixin.py:151} INFO - [2023-11-05T03:01:10.047+0000] {dag.py:3722} INFO - Setting next_dagrun for example_external_task_marker_parent to None, run_after=None
[2023-11-05T03:01:10.068+0000] {processor.py:179} INFO - Processing /home/airflow/.local/lib/python3.8/site-packages/airflow/example_dags/example_external_task_marker_dag.py took 0.094 seconds
[2023-11-05T03:01:40.232+0000] {processor.py:157} INFO - Started process (PID=453) to work on /home/airflow/.local/lib/python3.8/site-packages/airflow/example_dags/example_external_task_marker_dag.py
[2023-11-05T03:01:40.232+0000] {processor.py:829} INFO - Processing file /home/airflow/.local/lib/python3.8/site-packages/airflow/example_dags/example_external_task_marker_dag.py for tasks to queue
[2023-11-05T03:01:40.234+0000] {logging_mixin.py:151} INFO - [2023-11-05T03:01:40.234+0000] {dagbag.py:536} INFO - Filling up the DagBag from /home/airflow/.local/lib/python3.8/site-packages/airflow/example_dags/example_external_task_marker_dag.py
[2023-11-05T03:01:40.247+0000] {processor.py:839} INFO - DAG(s) dict_keys(['example_external_task_marker_parent', 'example_external_task_marker_child']) retrieved from /home/airflow/.local/lib/python3.8/site-packages/airflow/example_dags/example_external_task_marker_dag.py
[2023-11-05T03:01:40.310+0000] {logging_mixin.py:151} INFO - [2023-11-05T03:01:40.309+0000] {dag.py:2941} INFO - Sync 2 DAGs
[2023-11-05T03:01:40.339+0000] {logging_mixin.py:151} INFO - [2023-11-05T03:01:40.338+0000] {dag.py:3722} INFO - Setting next_dagrun for example_external_task_marker_child to None, run_after=None
[2023-11-05T03:01:40.343+0000] {logging_mixin.py:151} INFO - [2023-11-05T03:01:40.343+0000] {dag.py:3722} INFO - Setting next_dagrun for example_external_task_marker_parent to None, run_after=None
[2023-11-05T03:01:40.372+0000] {processor.py:179} INFO - Processing /home/airflow/.local/lib/python3.8/site-packages/airflow/example_dags/example_external_task_marker_dag.py took 0.144 seconds
[2023-11-05T03:02:11.166+0000] {processor.py:157} INFO - Started process (PID=507) to work on /home/airflow/.local/lib/python3.8/site-packages/airflow/example_dags/example_external_task_marker_dag.py
[2023-11-05T03:02:11.167+0000] {processor.py:829} INFO - Processing file /home/airflow/.local/lib/python3.8/site-packages/airflow/example_dags/example_external_task_marker_dag.py for tasks to queue
[2023-11-05T03:02:11.171+0000] {logging_mixin.py:151} INFO - [2023-11-05T03:02:11.170+0000] {dagbag.py:536} INFO - Filling up the DagBag from /home/airflow/.local/lib/python3.8/site-packages/airflow/example_dags/example_external_task_marker_dag.py
[2023-11-05T03:02:11.181+0000] {processor.py:839} INFO - DAG(s) dict_keys(['example_external_task_marker_parent', 'example_external_task_marker_child']) retrieved from /home/airflow/.local/lib/python3.8/site-packages/airflow/example_dags/example_external_task_marker_dag.py
[2023-11-05T03:02:11.246+0000] {logging_mixin.py:151} INFO - [2023-11-05T03:02:11.245+0000] {dag.py:2941} INFO - Sync 2 DAGs
[2023-11-05T03:02:11.284+0000] {logging_mixin.py:151} INFO - [2023-11-05T03:02:11.283+0000] {dag.py:3722} INFO - Setting next_dagrun for example_external_task_marker_child to None, run_after=None
[2023-11-05T03:02:11.295+0000] {logging_mixin.py:151} INFO - [2023-11-05T03:02:11.294+0000] {dag.py:3722} INFO - Setting next_dagrun for example_external_task_marker_parent to None, run_after=None
[2023-11-05T03:02:11.339+0000] {processor.py:179} INFO - Processing /home/airflow/.local/lib/python3.8/site-packages/airflow/example_dags/example_external_task_marker_dag.py took 0.178 seconds
[2023-11-05T03:02:42.155+0000] {processor.py:157} INFO - Started process (PID=560) to work on /home/airflow/.local/lib/python3.8/site-packages/airflow/example_dags/example_external_task_marker_dag.py
[2023-11-05T03:02:42.156+0000] {processor.py:829} INFO - Processing file /home/airflow/.local/lib/python3.8/site-packages/airflow/example_dags/example_external_task_marker_dag.py for tasks to queue
[2023-11-05T03:02:42.159+0000] {logging_mixin.py:151} INFO - [2023-11-05T03:02:42.159+0000] {dagbag.py:536} INFO - Filling up the DagBag from /home/airflow/.local/lib/python3.8/site-packages/airflow/example_dags/example_external_task_marker_dag.py
[2023-11-05T03:02:42.164+0000] {processor.py:839} INFO - DAG(s) dict_keys(['example_external_task_marker_parent', 'example_external_task_marker_child']) retrieved from /home/airflow/.local/lib/python3.8/site-packages/airflow/example_dags/example_external_task_marker_dag.py
[2023-11-05T03:02:42.193+0000] {logging_mixin.py:151} INFO - [2023-11-05T03:02:42.193+0000] {dag.py:2941} INFO - Sync 2 DAGs
[2023-11-05T03:02:42.220+0000] {logging_mixin.py:151} INFO - [2023-11-05T03:02:42.219+0000] {dag.py:3722} INFO - Setting next_dagrun for example_external_task_marker_child to None, run_after=None
[2023-11-05T03:02:42.229+0000] {logging_mixin.py:151} INFO - [2023-11-05T03:02:42.228+0000] {dag.py:3722} INFO - Setting next_dagrun for example_external_task_marker_parent to None, run_after=None
[2023-11-05T03:02:42.250+0000] {processor.py:179} INFO - Processing /home/airflow/.local/lib/python3.8/site-packages/airflow/example_dags/example_external_task_marker_dag.py took 0.098 seconds
[2023-11-05T03:03:12.924+0000] {processor.py:157} INFO - Started process (PID=614) to work on /home/airflow/.local/lib/python3.8/site-packages/airflow/example_dags/example_external_task_marker_dag.py
[2023-11-05T03:03:12.925+0000] {processor.py:829} INFO - Processing file /home/airflow/.local/lib/python3.8/site-packages/airflow/example_dags/example_external_task_marker_dag.py for tasks to queue
[2023-11-05T03:03:12.927+0000] {logging_mixin.py:151} INFO - [2023-11-05T03:03:12.926+0000] {dagbag.py:536} INFO - Filling up the DagBag from /home/airflow/.local/lib/python3.8/site-packages/airflow/example_dags/example_external_task_marker_dag.py
[2023-11-05T03:03:12.932+0000] {processor.py:839} INFO - DAG(s) dict_keys(['example_external_task_marker_child', 'example_external_task_marker_parent']) retrieved from /home/airflow/.local/lib/python3.8/site-packages/airflow/example_dags/example_external_task_marker_dag.py
[2023-11-05T03:03:12.964+0000] {logging_mixin.py:151} INFO - [2023-11-05T03:03:12.963+0000] {dag.py:2941} INFO - Sync 2 DAGs
[2023-11-05T03:03:12.982+0000] {logging_mixin.py:151} INFO - [2023-11-05T03:03:12.982+0000] {dag.py:3722} INFO - Setting next_dagrun for example_external_task_marker_child to None, run_after=None
[2023-11-05T03:03:12.986+0000] {logging_mixin.py:151} INFO - [2023-11-05T03:03:12.986+0000] {dag.py:3722} INFO - Setting next_dagrun for example_external_task_marker_parent to None, run_after=None
[2023-11-05T03:03:13.004+0000] {processor.py:179} INFO - Processing /home/airflow/.local/lib/python3.8/site-packages/airflow/example_dags/example_external_task_marker_dag.py took 0.084 seconds
[2023-11-05T03:03:43.357+0000] {processor.py:157} INFO - Started process (PID=668) to work on /home/airflow/.local/lib/python3.8/site-packages/airflow/example_dags/example_external_task_marker_dag.py
[2023-11-05T03:03:43.359+0000] {processor.py:829} INFO - Processing file /home/airflow/.local/lib/python3.8/site-packages/airflow/example_dags/example_external_task_marker_dag.py for tasks to queue
[2023-11-05T03:03:43.361+0000] {logging_mixin.py:151} INFO - [2023-11-05T03:03:43.361+0000] {dagbag.py:536} INFO - Filling up the DagBag from /home/airflow/.local/lib/python3.8/site-packages/airflow/example_dags/example_external_task_marker_dag.py
[2023-11-05T03:03:43.369+0000] {processor.py:839} INFO - DAG(s) dict_keys(['example_external_task_marker_child', 'example_external_task_marker_parent']) retrieved from /home/airflow/.local/lib/python3.8/site-packages/airflow/example_dags/example_external_task_marker_dag.py
[2023-11-05T03:03:43.415+0000] {logging_mixin.py:151} INFO - [2023-11-05T03:03:43.415+0000] {dag.py:2941} INFO - Sync 2 DAGs
[2023-11-05T03:03:43.444+0000] {logging_mixin.py:151} INFO - [2023-11-05T03:03:43.443+0000] {dag.py:3722} INFO - Setting next_dagrun for example_external_task_marker_child to None, run_after=None
[2023-11-05T03:03:43.450+0000] {logging_mixin.py:151} INFO - [2023-11-05T03:03:43.450+0000] {dag.py:3722} INFO - Setting next_dagrun for example_external_task_marker_parent to None, run_after=None
[2023-11-05T03:03:43.487+0000] {processor.py:179} INFO - Processing /home/airflow/.local/lib/python3.8/site-packages/airflow/example_dags/example_external_task_marker_dag.py took 0.135 seconds
[2023-11-05T03:04:13.800+0000] {processor.py:157} INFO - Started process (PID=722) to work on /home/airflow/.local/lib/python3.8/site-packages/airflow/example_dags/example_external_task_marker_dag.py
[2023-11-05T03:04:13.801+0000] {processor.py:829} INFO - Processing file /home/airflow/.local/lib/python3.8/site-packages/airflow/example_dags/example_external_task_marker_dag.py for tasks to queue
[2023-11-05T03:04:13.804+0000] {logging_mixin.py:151} INFO - [2023-11-05T03:04:13.803+0000] {dagbag.py:536} INFO - Filling up the DagBag from /home/airflow/.local/lib/python3.8/site-packages/airflow/example_dags/example_external_task_marker_dag.py
[2023-11-05T03:04:13.812+0000] {processor.py:839} INFO - DAG(s) dict_keys(['example_external_task_marker_parent', 'example_external_task_marker_child']) retrieved from /home/airflow/.local/lib/python3.8/site-packages/airflow/example_dags/example_external_task_marker_dag.py
[2023-11-05T03:04:13.836+0000] {logging_mixin.py:151} INFO - [2023-11-05T03:04:13.836+0000] {dag.py:2941} INFO - Sync 2 DAGs
[2023-11-05T03:04:13.852+0000] {logging_mixin.py:151} INFO - [2023-11-05T03:04:13.852+0000] {dag.py:3722} INFO - Setting next_dagrun for example_external_task_marker_child to None, run_after=None
[2023-11-05T03:04:13.856+0000] {logging_mixin.py:151} INFO - [2023-11-05T03:04:13.856+0000] {dag.py:3722} INFO - Setting next_dagrun for example_external_task_marker_parent to None, run_after=None
[2023-11-05T03:04:13.875+0000] {processor.py:179} INFO - Processing /home/airflow/.local/lib/python3.8/site-packages/airflow/example_dags/example_external_task_marker_dag.py took 0.078 seconds
[2023-11-05T03:04:44.711+0000] {processor.py:157} INFO - Started process (PID=777) to work on /home/airflow/.local/lib/python3.8/site-packages/airflow/example_dags/example_external_task_marker_dag.py
[2023-11-05T03:04:44.711+0000] {processor.py:829} INFO - Processing file /home/airflow/.local/lib/python3.8/site-packages/airflow/example_dags/example_external_task_marker_dag.py for tasks to queue
[2023-11-05T03:04:44.713+0000] {logging_mixin.py:151} INFO - [2023-11-05T03:04:44.713+0000] {dagbag.py:536} INFO - Filling up the DagBag from /home/airflow/.local/lib/python3.8/site-packages/airflow/example_dags/example_external_task_marker_dag.py
[2023-11-05T03:04:44.718+0000] {processor.py:839} INFO - DAG(s) dict_keys(['example_external_task_marker_child', 'example_external_task_marker_parent']) retrieved from /home/airflow/.local/lib/python3.8/site-packages/airflow/example_dags/example_external_task_marker_dag.py
[2023-11-05T03:04:44.750+0000] {logging_mixin.py:151} INFO - [2023-11-05T03:04:44.749+0000] {dag.py:2941} INFO - Sync 2 DAGs
[2023-11-05T03:04:44.767+0000] {logging_mixin.py:151} INFO - [2023-11-05T03:04:44.767+0000] {dag.py:3722} INFO - Setting next_dagrun for example_external_task_marker_child to None, run_after=None
[2023-11-05T03:04:44.771+0000] {logging_mixin.py:151} INFO - [2023-11-05T03:04:44.771+0000] {dag.py:3722} INFO - Setting next_dagrun for example_external_task_marker_parent to None, run_after=None
[2023-11-05T03:04:44.794+0000] {processor.py:179} INFO - Processing /home/airflow/.local/lib/python3.8/site-packages/airflow/example_dags/example_external_task_marker_dag.py took 0.087 seconds
[2023-11-05T03:05:15.388+0000] {processor.py:157} INFO - Started process (PID=831) to work on /home/airflow/.local/lib/python3.8/site-packages/airflow/example_dags/example_external_task_marker_dag.py
[2023-11-05T03:05:15.389+0000] {processor.py:829} INFO - Processing file /home/airflow/.local/lib/python3.8/site-packages/airflow/example_dags/example_external_task_marker_dag.py for tasks to queue
[2023-11-05T03:05:15.391+0000] {logging_mixin.py:151} INFO - [2023-11-05T03:05:15.391+0000] {dagbag.py:536} INFO - Filling up the DagBag from /home/airflow/.local/lib/python3.8/site-packages/airflow/example_dags/example_external_task_marker_dag.py
[2023-11-05T03:05:15.398+0000] {processor.py:839} INFO - DAG(s) dict_keys(['example_external_task_marker_parent', 'example_external_task_marker_child']) retrieved from /home/airflow/.local/lib/python3.8/site-packages/airflow/example_dags/example_external_task_marker_dag.py
[2023-11-05T03:05:15.427+0000] {logging_mixin.py:151} INFO - [2023-11-05T03:05:15.427+0000] {dag.py:2941} INFO - Sync 2 DAGs
[2023-11-05T03:05:15.440+0000] {logging_mixin.py:151} INFO - [2023-11-05T03:05:15.439+0000] {dag.py:3722} INFO - Setting next_dagrun for example_external_task_marker_child to None, run_after=None
[2023-11-05T03:05:15.443+0000] {logging_mixin.py:151} INFO - [2023-11-05T03:05:15.442+0000] {dag.py:3722} INFO - Setting next_dagrun for example_external_task_marker_parent to None, run_after=None
[2023-11-05T03:05:15.459+0000] {processor.py:179} INFO - Processing /home/airflow/.local/lib/python3.8/site-packages/airflow/example_dags/example_external_task_marker_dag.py took 0.074 seconds
[2023-11-05T03:05:46.217+0000] {processor.py:157} INFO - Started process (PID=885) to work on /home/airflow/.local/lib/python3.8/site-packages/airflow/example_dags/example_external_task_marker_dag.py
[2023-11-05T03:05:46.218+0000] {processor.py:829} INFO - Processing file /home/airflow/.local/lib/python3.8/site-packages/airflow/example_dags/example_external_task_marker_dag.py for tasks to queue
[2023-11-05T03:05:46.222+0000] {logging_mixin.py:151} INFO - [2023-11-05T03:05:46.221+0000] {dagbag.py:536} INFO - Filling up the DagBag from /home/airflow/.local/lib/python3.8/site-packages/airflow/example_dags/example_external_task_marker_dag.py
[2023-11-05T03:05:46.233+0000] {processor.py:839} INFO - DAG(s) dict_keys(['example_external_task_marker_parent', 'example_external_task_marker_child']) retrieved from /home/airflow/.local/lib/python3.8/site-packages/airflow/example_dags/example_external_task_marker_dag.py
[2023-11-05T03:05:46.287+0000] {logging_mixin.py:151} INFO - [2023-11-05T03:05:46.286+0000] {dag.py:2941} INFO - Sync 2 DAGs
[2023-11-05T03:05:46.314+0000] {logging_mixin.py:151} INFO - [2023-11-05T03:05:46.313+0000] {dag.py:3722} INFO - Setting next_dagrun for example_external_task_marker_child to None, run_after=None
[2023-11-05T03:05:46.321+0000] {logging_mixin.py:151} INFO - [2023-11-05T03:05:46.320+0000] {dag.py:3722} INFO - Setting next_dagrun for example_external_task_marker_parent to None, run_after=None
[2023-11-05T03:05:46.354+0000] {processor.py:179} INFO - Processing /home/airflow/.local/lib/python3.8/site-packages/airflow/example_dags/example_external_task_marker_dag.py took 0.143 seconds
[2023-11-05T03:06:17.030+0000] {processor.py:157} INFO - Started process (PID=939) to work on /home/airflow/.local/lib/python3.8/site-packages/airflow/example_dags/example_external_task_marker_dag.py
[2023-11-05T03:06:17.031+0000] {processor.py:829} INFO - Processing file /home/airflow/.local/lib/python3.8/site-packages/airflow/example_dags/example_external_task_marker_dag.py for tasks to queue
[2023-11-05T03:06:17.035+0000] {logging_mixin.py:151} INFO - [2023-11-05T03:06:17.034+0000] {dagbag.py:536} INFO - Filling up the DagBag from /home/airflow/.local/lib/python3.8/site-packages/airflow/example_dags/example_external_task_marker_dag.py
[2023-11-05T03:06:17.047+0000] {processor.py:839} INFO - DAG(s) dict_keys(['example_external_task_marker_child', 'example_external_task_marker_parent']) retrieved from /home/airflow/.local/lib/python3.8/site-packages/airflow/example_dags/example_external_task_marker_dag.py
[2023-11-05T03:06:17.078+0000] {logging_mixin.py:151} INFO - [2023-11-05T03:06:17.078+0000] {dag.py:2941} INFO - Sync 2 DAGs
[2023-11-05T03:06:17.091+0000] {logging_mixin.py:151} INFO - [2023-11-05T03:06:17.091+0000] {dag.py:3722} INFO - Setting next_dagrun for example_external_task_marker_child to None, run_after=None
[2023-11-05T03:06:17.096+0000] {logging_mixin.py:151} INFO - [2023-11-05T03:06:17.095+0000] {dag.py:3722} INFO - Setting next_dagrun for example_external_task_marker_parent to None, run_after=None
[2023-11-05T03:06:17.113+0000] {processor.py:179} INFO - Processing /home/airflow/.local/lib/python3.8/site-packages/airflow/example_dags/example_external_task_marker_dag.py took 0.089 seconds
[2023-11-05T03:06:47.818+0000] {processor.py:157} INFO - Started process (PID=993) to work on /home/airflow/.local/lib/python3.8/site-packages/airflow/example_dags/example_external_task_marker_dag.py
[2023-11-05T03:06:47.820+0000] {processor.py:829} INFO - Processing file /home/airflow/.local/lib/python3.8/site-packages/airflow/example_dags/example_external_task_marker_dag.py for tasks to queue
[2023-11-05T03:06:47.824+0000] {logging_mixin.py:151} INFO - [2023-11-05T03:06:47.824+0000] {dagbag.py:536} INFO - Filling up the DagBag from /home/airflow/.local/lib/python3.8/site-packages/airflow/example_dags/example_external_task_marker_dag.py
[2023-11-05T03:06:47.834+0000] {processor.py:839} INFO - DAG(s) dict_keys(['example_external_task_marker_child', 'example_external_task_marker_parent']) retrieved from /home/airflow/.local/lib/python3.8/site-packages/airflow/example_dags/example_external_task_marker_dag.py
[2023-11-05T03:06:47.877+0000] {logging_mixin.py:151} INFO - [2023-11-05T03:06:47.877+0000] {dag.py:2941} INFO - Sync 2 DAGs
[2023-11-05T03:06:47.897+0000] {logging_mixin.py:151} INFO - [2023-11-05T03:06:47.896+0000] {dag.py:3722} INFO - Setting next_dagrun for example_external_task_marker_child to None, run_after=None
[2023-11-05T03:06:47.901+0000] {logging_mixin.py:151} INFO - [2023-11-05T03:06:47.901+0000] {dag.py:3722} INFO - Setting next_dagrun for example_external_task_marker_parent to None, run_after=None
[2023-11-05T03:06:47.938+0000] {processor.py:179} INFO - Processing /home/airflow/.local/lib/python3.8/site-packages/airflow/example_dags/example_external_task_marker_dag.py took 0.127 seconds
[2023-11-05T03:07:19.800+0000] {processor.py:157} INFO - Started process (PID=1054) to work on /home/airflow/.local/lib/python3.8/site-packages/airflow/example_dags/example_external_task_marker_dag.py
[2023-11-05T03:07:19.802+0000] {processor.py:829} INFO - Processing file /home/airflow/.local/lib/python3.8/site-packages/airflow/example_dags/example_external_task_marker_dag.py for tasks to queue
[2023-11-05T03:07:19.805+0000] {logging_mixin.py:151} INFO - [2023-11-05T03:07:19.805+0000] {dagbag.py:536} INFO - Filling up the DagBag from /home/airflow/.local/lib/python3.8/site-packages/airflow/example_dags/example_external_task_marker_dag.py
[2023-11-05T03:07:19.813+0000] {processor.py:839} INFO - DAG(s) dict_keys(['example_external_task_marker_child', 'example_external_task_marker_parent']) retrieved from /home/airflow/.local/lib/python3.8/site-packages/airflow/example_dags/example_external_task_marker_dag.py
[2023-11-05T03:07:19.848+0000] {logging_mixin.py:151} INFO - [2023-11-05T03:07:19.847+0000] {dag.py:2941} INFO - Sync 2 DAGs
[2023-11-05T03:07:20.116+0000] {logging_mixin.py:151} INFO - [2023-11-05T03:07:20.116+0000] {dag.py:3722} INFO - Setting next_dagrun for example_external_task_marker_child to None, run_after=None
[2023-11-05T03:07:20.124+0000] {logging_mixin.py:151} INFO - [2023-11-05T03:07:20.124+0000] {dag.py:3722} INFO - Setting next_dagrun for example_external_task_marker_parent to None, run_after=None
[2023-11-05T03:07:20.163+0000] {processor.py:179} INFO - Processing /home/airflow/.local/lib/python3.8/site-packages/airflow/example_dags/example_external_task_marker_dag.py took 0.367 seconds
[2023-11-05T03:07:50.280+0000] {processor.py:157} INFO - Started process (PID=1109) to work on /home/airflow/.local/lib/python3.8/site-packages/airflow/example_dags/example_external_task_marker_dag.py
[2023-11-05T03:07:50.281+0000] {processor.py:829} INFO - Processing file /home/airflow/.local/lib/python3.8/site-packages/airflow/example_dags/example_external_task_marker_dag.py for tasks to queue
[2023-11-05T03:07:50.282+0000] {logging_mixin.py:151} INFO - [2023-11-05T03:07:50.282+0000] {dagbag.py:536} INFO - Filling up the DagBag from /home/airflow/.local/lib/python3.8/site-packages/airflow/example_dags/example_external_task_marker_dag.py
[2023-11-05T03:07:50.288+0000] {processor.py:839} INFO - DAG(s) dict_keys(['example_external_task_marker_parent', 'example_external_task_marker_child']) retrieved from /home/airflow/.local/lib/python3.8/site-packages/airflow/example_dags/example_external_task_marker_dag.py
[2023-11-05T03:07:50.312+0000] {logging_mixin.py:151} INFO - [2023-11-05T03:07:50.312+0000] {dag.py:2941} INFO - Sync 2 DAGs
[2023-11-05T03:07:50.328+0000] {logging_mixin.py:151} INFO - [2023-11-05T03:07:50.328+0000] {dag.py:3722} INFO - Setting next_dagrun for example_external_task_marker_child to None, run_after=None
[2023-11-05T03:07:50.334+0000] {logging_mixin.py:151} INFO - [2023-11-05T03:07:50.334+0000] {dag.py:3722} INFO - Setting next_dagrun for example_external_task_marker_parent to None, run_after=None
[2023-11-05T03:07:50.496+0000] {processor.py:179} INFO - Processing /home/airflow/.local/lib/python3.8/site-packages/airflow/example_dags/example_external_task_marker_dag.py took 0.221 seconds
