[2023-11-05T02:58:04.930+0000] {processor.py:157} INFO - Started process (PID=74) to work on /home/airflow/.local/lib/python3.8/site-packages/airflow/example_dags/example_nested_branch_dag.py
[2023-11-05T02:58:04.931+0000] {processor.py:829} INFO - Processing file /home/airflow/.local/lib/python3.8/site-packages/airflow/example_dags/example_nested_branch_dag.py for tasks to queue
[2023-11-05T02:58:04.935+0000] {logging_mixin.py:151} INFO - [2023-11-05T02:58:04.935+0000] {dagbag.py:536} INFO - Filling up the DagBag from /home/airflow/.local/lib/python3.8/site-packages/airflow/example_dags/example_nested_branch_dag.py
[2023-11-05T02:58:04.954+0000] {processor.py:839} INFO - DAG(s) dict_keys(['example_nested_branch_dag']) retrieved from /home/airflow/.local/lib/python3.8/site-packages/airflow/example_dags/example_nested_branch_dag.py
[2023-11-05T02:58:04.973+0000] {logging_mixin.py:151} INFO - [2023-11-05T02:58:04.973+0000] {dag.py:2941} INFO - Sync 1 DAGs
[2023-11-05T02:58:05.017+0000] {logging_mixin.py:151} INFO - [2023-11-05T02:58:05.016+0000] {dag.py:3722} INFO - Setting next_dagrun for example_nested_branch_dag to 2023-11-04T00:00:00+00:00, run_after=2023-11-05T00:00:00+00:00
[2023-11-05T02:58:05.057+0000] {processor.py:179} INFO - Processing /home/airflow/.local/lib/python3.8/site-packages/airflow/example_dags/example_nested_branch_dag.py took 0.133 seconds
[2023-11-05T02:58:35.443+0000] {processor.py:157} INFO - Started process (PID=128) to work on /home/airflow/.local/lib/python3.8/site-packages/airflow/example_dags/example_nested_branch_dag.py
[2023-11-05T02:58:35.444+0000] {processor.py:829} INFO - Processing file /home/airflow/.local/lib/python3.8/site-packages/airflow/example_dags/example_nested_branch_dag.py for tasks to queue
[2023-11-05T02:58:35.446+0000] {logging_mixin.py:151} INFO - [2023-11-05T02:58:35.446+0000] {dagbag.py:536} INFO - Filling up the DagBag from /home/airflow/.local/lib/python3.8/site-packages/airflow/example_dags/example_nested_branch_dag.py
[2023-11-05T02:58:35.464+0000] {processor.py:839} INFO - DAG(s) dict_keys(['example_nested_branch_dag']) retrieved from /home/airflow/.local/lib/python3.8/site-packages/airflow/example_dags/example_nested_branch_dag.py
[2023-11-05T02:58:35.508+0000] {logging_mixin.py:151} INFO - [2023-11-05T02:58:35.508+0000] {dag.py:2941} INFO - Sync 1 DAGs
[2023-11-05T02:58:35.559+0000] {logging_mixin.py:151} INFO - [2023-11-05T02:58:35.558+0000] {dag.py:3722} INFO - Setting next_dagrun for example_nested_branch_dag to 2023-11-04T00:00:00+00:00, run_after=2023-11-05T00:00:00+00:00
[2023-11-05T02:58:35.593+0000] {processor.py:179} INFO - Processing /home/airflow/.local/lib/python3.8/site-packages/airflow/example_dags/example_nested_branch_dag.py took 0.154 seconds
[2023-11-05T02:59:06.472+0000] {processor.py:157} INFO - Started process (PID=183) to work on /home/airflow/.local/lib/python3.8/site-packages/airflow/example_dags/example_nested_branch_dag.py
[2023-11-05T02:59:06.473+0000] {processor.py:829} INFO - Processing file /home/airflow/.local/lib/python3.8/site-packages/airflow/example_dags/example_nested_branch_dag.py for tasks to queue
[2023-11-05T02:59:06.476+0000] {logging_mixin.py:151} INFO - [2023-11-05T02:59:06.476+0000] {dagbag.py:536} INFO - Filling up the DagBag from /home/airflow/.local/lib/python3.8/site-packages/airflow/example_dags/example_nested_branch_dag.py
[2023-11-05T02:59:06.497+0000] {processor.py:839} INFO - DAG(s) dict_keys(['example_nested_branch_dag']) retrieved from /home/airflow/.local/lib/python3.8/site-packages/airflow/example_dags/example_nested_branch_dag.py
[2023-11-05T02:59:06.542+0000] {logging_mixin.py:151} INFO - [2023-11-05T02:59:06.542+0000] {dag.py:2941} INFO - Sync 1 DAGs
[2023-11-05T02:59:06.587+0000] {logging_mixin.py:151} INFO - [2023-11-05T02:59:06.587+0000] {dag.py:3722} INFO - Setting next_dagrun for example_nested_branch_dag to 2023-11-04T00:00:00+00:00, run_after=2023-11-05T00:00:00+00:00
[2023-11-05T02:59:06.633+0000] {processor.py:179} INFO - Processing /home/airflow/.local/lib/python3.8/site-packages/airflow/example_dags/example_nested_branch_dag.py took 0.167 seconds
[2023-11-05T02:59:37.482+0000] {processor.py:157} INFO - Started process (PID=237) to work on /home/airflow/.local/lib/python3.8/site-packages/airflow/example_dags/example_nested_branch_dag.py
[2023-11-05T02:59:37.483+0000] {processor.py:829} INFO - Processing file /home/airflow/.local/lib/python3.8/site-packages/airflow/example_dags/example_nested_branch_dag.py for tasks to queue
[2023-11-05T02:59:37.486+0000] {logging_mixin.py:151} INFO - [2023-11-05T02:59:37.485+0000] {dagbag.py:536} INFO - Filling up the DagBag from /home/airflow/.local/lib/python3.8/site-packages/airflow/example_dags/example_nested_branch_dag.py
[2023-11-05T02:59:37.499+0000] {processor.py:839} INFO - DAG(s) dict_keys(['example_nested_branch_dag']) retrieved from /home/airflow/.local/lib/python3.8/site-packages/airflow/example_dags/example_nested_branch_dag.py
[2023-11-05T02:59:37.527+0000] {logging_mixin.py:151} INFO - [2023-11-05T02:59:37.527+0000] {dag.py:2941} INFO - Sync 1 DAGs
[2023-11-05T02:59:37.559+0000] {logging_mixin.py:151} INFO - [2023-11-05T02:59:37.559+0000] {dag.py:3722} INFO - Setting next_dagrun for example_nested_branch_dag to 2023-11-04T00:00:00+00:00, run_after=2023-11-05T00:00:00+00:00
[2023-11-05T02:59:37.584+0000] {processor.py:179} INFO - Processing /home/airflow/.local/lib/python3.8/site-packages/airflow/example_dags/example_nested_branch_dag.py took 0.108 seconds
[2023-11-05T03:00:08.267+0000] {processor.py:157} INFO - Started process (PID=291) to work on /home/airflow/.local/lib/python3.8/site-packages/airflow/example_dags/example_nested_branch_dag.py
[2023-11-05T03:00:08.267+0000] {processor.py:829} INFO - Processing file /home/airflow/.local/lib/python3.8/site-packages/airflow/example_dags/example_nested_branch_dag.py for tasks to queue
[2023-11-05T03:00:08.270+0000] {logging_mixin.py:151} INFO - [2023-11-05T03:00:08.270+0000] {dagbag.py:536} INFO - Filling up the DagBag from /home/airflow/.local/lib/python3.8/site-packages/airflow/example_dags/example_nested_branch_dag.py
[2023-11-05T03:00:08.282+0000] {processor.py:839} INFO - DAG(s) dict_keys(['example_nested_branch_dag']) retrieved from /home/airflow/.local/lib/python3.8/site-packages/airflow/example_dags/example_nested_branch_dag.py
[2023-11-05T03:00:08.315+0000] {logging_mixin.py:151} INFO - [2023-11-05T03:00:08.315+0000] {dag.py:2941} INFO - Sync 1 DAGs
[2023-11-05T03:00:08.347+0000] {logging_mixin.py:151} INFO - [2023-11-05T03:00:08.347+0000] {dag.py:3722} INFO - Setting next_dagrun for example_nested_branch_dag to 2023-11-04T00:00:00+00:00, run_after=2023-11-05T00:00:00+00:00
[2023-11-05T03:00:08.368+0000] {processor.py:179} INFO - Processing /home/airflow/.local/lib/python3.8/site-packages/airflow/example_dags/example_nested_branch_dag.py took 0.105 seconds
[2023-11-05T03:00:39.505+0000] {processor.py:157} INFO - Started process (PID=344) to work on /home/airflow/.local/lib/python3.8/site-packages/airflow/example_dags/example_nested_branch_dag.py
[2023-11-05T03:00:39.507+0000] {processor.py:829} INFO - Processing file /home/airflow/.local/lib/python3.8/site-packages/airflow/example_dags/example_nested_branch_dag.py for tasks to queue
[2023-11-05T03:00:39.511+0000] {logging_mixin.py:151} INFO - [2023-11-05T03:00:39.510+0000] {dagbag.py:536} INFO - Filling up the DagBag from /home/airflow/.local/lib/python3.8/site-packages/airflow/example_dags/example_nested_branch_dag.py
[2023-11-05T03:00:39.534+0000] {processor.py:839} INFO - DAG(s) dict_keys(['example_nested_branch_dag']) retrieved from /home/airflow/.local/lib/python3.8/site-packages/airflow/example_dags/example_nested_branch_dag.py
[2023-11-05T03:00:39.580+0000] {logging_mixin.py:151} INFO - [2023-11-05T03:00:39.580+0000] {dag.py:2941} INFO - Sync 1 DAGs
[2023-11-05T03:00:39.634+0000] {logging_mixin.py:151} INFO - [2023-11-05T03:00:39.633+0000] {dag.py:3722} INFO - Setting next_dagrun for example_nested_branch_dag to 2023-11-04T00:00:00+00:00, run_after=2023-11-05T00:00:00+00:00
[2023-11-05T03:00:39.675+0000] {processor.py:179} INFO - Processing /home/airflow/.local/lib/python3.8/site-packages/airflow/example_dags/example_nested_branch_dag.py took 0.177 seconds
[2023-11-05T03:01:09.939+0000] {processor.py:157} INFO - Started process (PID=399) to work on /home/airflow/.local/lib/python3.8/site-packages/airflow/example_dags/example_nested_branch_dag.py
[2023-11-05T03:01:09.941+0000] {processor.py:829} INFO - Processing file /home/airflow/.local/lib/python3.8/site-packages/airflow/example_dags/example_nested_branch_dag.py for tasks to queue
[2023-11-05T03:01:09.946+0000] {logging_mixin.py:151} INFO - [2023-11-05T03:01:09.945+0000] {dagbag.py:536} INFO - Filling up the DagBag from /home/airflow/.local/lib/python3.8/site-packages/airflow/example_dags/example_nested_branch_dag.py
[2023-11-05T03:01:09.966+0000] {processor.py:839} INFO - DAG(s) dict_keys(['example_nested_branch_dag']) retrieved from /home/airflow/.local/lib/python3.8/site-packages/airflow/example_dags/example_nested_branch_dag.py
[2023-11-05T03:01:09.999+0000] {logging_mixin.py:151} INFO - [2023-11-05T03:01:09.998+0000] {dag.py:2941} INFO - Sync 1 DAGs
[2023-11-05T03:01:10.045+0000] {logging_mixin.py:151} INFO - [2023-11-05T03:01:10.045+0000] {dag.py:3722} INFO - Setting next_dagrun for example_nested_branch_dag to 2023-11-04T00:00:00+00:00, run_after=2023-11-05T00:00:00+00:00
[2023-11-05T03:01:10.069+0000] {processor.py:179} INFO - Processing /home/airflow/.local/lib/python3.8/site-packages/airflow/example_dags/example_nested_branch_dag.py took 0.138 seconds
[2023-11-05T03:01:40.219+0000] {processor.py:157} INFO - Started process (PID=452) to work on /home/airflow/.local/lib/python3.8/site-packages/airflow/example_dags/example_nested_branch_dag.py
[2023-11-05T03:01:40.220+0000] {processor.py:829} INFO - Processing file /home/airflow/.local/lib/python3.8/site-packages/airflow/example_dags/example_nested_branch_dag.py for tasks to queue
[2023-11-05T03:01:40.223+0000] {logging_mixin.py:151} INFO - [2023-11-05T03:01:40.223+0000] {dagbag.py:536} INFO - Filling up the DagBag from /home/airflow/.local/lib/python3.8/site-packages/airflow/example_dags/example_nested_branch_dag.py
[2023-11-05T03:01:40.236+0000] {processor.py:839} INFO - DAG(s) dict_keys(['example_nested_branch_dag']) retrieved from /home/airflow/.local/lib/python3.8/site-packages/airflow/example_dags/example_nested_branch_dag.py
[2023-11-05T03:01:40.294+0000] {logging_mixin.py:151} INFO - [2023-11-05T03:01:40.294+0000] {dag.py:2941} INFO - Sync 1 DAGs
[2023-11-05T03:01:40.345+0000] {logging_mixin.py:151} INFO - [2023-11-05T03:01:40.345+0000] {dag.py:3722} INFO - Setting next_dagrun for example_nested_branch_dag to 2023-11-04T00:00:00+00:00, run_after=2023-11-05T00:00:00+00:00
[2023-11-05T03:01:40.372+0000] {processor.py:179} INFO - Processing /home/airflow/.local/lib/python3.8/site-packages/airflow/example_dags/example_nested_branch_dag.py took 0.157 seconds
[2023-11-05T03:02:10.985+0000] {processor.py:157} INFO - Started process (PID=506) to work on /home/airflow/.local/lib/python3.8/site-packages/airflow/example_dags/example_nested_branch_dag.py
[2023-11-05T03:02:10.987+0000] {processor.py:829} INFO - Processing file /home/airflow/.local/lib/python3.8/site-packages/airflow/example_dags/example_nested_branch_dag.py for tasks to queue
[2023-11-05T03:02:10.993+0000] {logging_mixin.py:151} INFO - [2023-11-05T03:02:10.992+0000] {dagbag.py:536} INFO - Filling up the DagBag from /home/airflow/.local/lib/python3.8/site-packages/airflow/example_dags/example_nested_branch_dag.py
[2023-11-05T03:02:11.019+0000] {processor.py:839} INFO - DAG(s) dict_keys(['example_nested_branch_dag']) retrieved from /home/airflow/.local/lib/python3.8/site-packages/airflow/example_dags/example_nested_branch_dag.py
[2023-11-05T03:02:11.076+0000] {logging_mixin.py:151} INFO - [2023-11-05T03:02:11.076+0000] {dag.py:2941} INFO - Sync 1 DAGs
[2023-11-05T03:02:11.106+0000] {logging_mixin.py:151} INFO - [2023-11-05T03:02:11.106+0000] {dag.py:3722} INFO - Setting next_dagrun for example_nested_branch_dag to 2023-11-04T00:00:00+00:00, run_after=2023-11-05T00:00:00+00:00
[2023-11-05T03:02:11.135+0000] {processor.py:179} INFO - Processing /home/airflow/.local/lib/python3.8/site-packages/airflow/example_dags/example_nested_branch_dag.py took 0.157 seconds
[2023-11-05T03:02:42.053+0000] {processor.py:157} INFO - Started process (PID=559) to work on /home/airflow/.local/lib/python3.8/site-packages/airflow/example_dags/example_nested_branch_dag.py
[2023-11-05T03:02:42.054+0000] {processor.py:829} INFO - Processing file /home/airflow/.local/lib/python3.8/site-packages/airflow/example_dags/example_nested_branch_dag.py for tasks to queue
[2023-11-05T03:02:42.056+0000] {logging_mixin.py:151} INFO - [2023-11-05T03:02:42.056+0000] {dagbag.py:536} INFO - Filling up the DagBag from /home/airflow/.local/lib/python3.8/site-packages/airflow/example_dags/example_nested_branch_dag.py
[2023-11-05T03:02:42.066+0000] {processor.py:839} INFO - DAG(s) dict_keys(['example_nested_branch_dag']) retrieved from /home/airflow/.local/lib/python3.8/site-packages/airflow/example_dags/example_nested_branch_dag.py
[2023-11-05T03:02:42.087+0000] {logging_mixin.py:151} INFO - [2023-11-05T03:02:42.086+0000] {dag.py:2941} INFO - Sync 1 DAGs
[2023-11-05T03:02:42.113+0000] {logging_mixin.py:151} INFO - [2023-11-05T03:02:42.112+0000] {dag.py:3722} INFO - Setting next_dagrun for example_nested_branch_dag to 2023-11-04T00:00:00+00:00, run_after=2023-11-05T00:00:00+00:00
[2023-11-05T03:02:42.132+0000] {processor.py:179} INFO - Processing /home/airflow/.local/lib/python3.8/site-packages/airflow/example_dags/example_nested_branch_dag.py took 0.082 seconds
[2023-11-05T03:03:12.823+0000] {processor.py:157} INFO - Started process (PID=613) to work on /home/airflow/.local/lib/python3.8/site-packages/airflow/example_dags/example_nested_branch_dag.py
[2023-11-05T03:03:12.824+0000] {processor.py:829} INFO - Processing file /home/airflow/.local/lib/python3.8/site-packages/airflow/example_dags/example_nested_branch_dag.py for tasks to queue
[2023-11-05T03:03:12.826+0000] {logging_mixin.py:151} INFO - [2023-11-05T03:03:12.826+0000] {dagbag.py:536} INFO - Filling up the DagBag from /home/airflow/.local/lib/python3.8/site-packages/airflow/example_dags/example_nested_branch_dag.py
[2023-11-05T03:03:12.835+0000] {processor.py:839} INFO - DAG(s) dict_keys(['example_nested_branch_dag']) retrieved from /home/airflow/.local/lib/python3.8/site-packages/airflow/example_dags/example_nested_branch_dag.py
[2023-11-05T03:03:12.857+0000] {logging_mixin.py:151} INFO - [2023-11-05T03:03:12.857+0000] {dag.py:2941} INFO - Sync 1 DAGs
[2023-11-05T03:03:12.880+0000] {logging_mixin.py:151} INFO - [2023-11-05T03:03:12.880+0000] {dag.py:3722} INFO - Setting next_dagrun for example_nested_branch_dag to 2023-11-04T00:00:00+00:00, run_after=2023-11-05T00:00:00+00:00
[2023-11-05T03:03:12.899+0000] {processor.py:179} INFO - Processing /home/airflow/.local/lib/python3.8/site-packages/airflow/example_dags/example_nested_branch_dag.py took 0.078 seconds
[2023-11-05T03:03:43.277+0000] {processor.py:157} INFO - Started process (PID=667) to work on /home/airflow/.local/lib/python3.8/site-packages/airflow/example_dags/example_nested_branch_dag.py
[2023-11-05T03:03:43.279+0000] {processor.py:829} INFO - Processing file /home/airflow/.local/lib/python3.8/site-packages/airflow/example_dags/example_nested_branch_dag.py for tasks to queue
[2023-11-05T03:03:43.282+0000] {logging_mixin.py:151} INFO - [2023-11-05T03:03:43.282+0000] {dagbag.py:536} INFO - Filling up the DagBag from /home/airflow/.local/lib/python3.8/site-packages/airflow/example_dags/example_nested_branch_dag.py
[2023-11-05T03:03:43.305+0000] {processor.py:839} INFO - DAG(s) dict_keys(['example_nested_branch_dag']) retrieved from /home/airflow/.local/lib/python3.8/site-packages/airflow/example_dags/example_nested_branch_dag.py
[2023-11-05T03:03:43.341+0000] {logging_mixin.py:151} INFO - [2023-11-05T03:03:43.341+0000] {dag.py:2941} INFO - Sync 1 DAGs
[2023-11-05T03:03:43.383+0000] {logging_mixin.py:151} INFO - [2023-11-05T03:03:43.383+0000] {dag.py:3722} INFO - Setting next_dagrun for example_nested_branch_dag to 2023-11-04T00:00:00+00:00, run_after=2023-11-05T00:00:00+00:00
[2023-11-05T03:03:43.419+0000] {processor.py:179} INFO - Processing /home/airflow/.local/lib/python3.8/site-packages/airflow/example_dags/example_nested_branch_dag.py took 0.150 seconds
[2023-11-05T03:04:13.789+0000] {processor.py:157} INFO - Started process (PID=721) to work on /home/airflow/.local/lib/python3.8/site-packages/airflow/example_dags/example_nested_branch_dag.py
[2023-11-05T03:04:13.790+0000] {processor.py:829} INFO - Processing file /home/airflow/.local/lib/python3.8/site-packages/airflow/example_dags/example_nested_branch_dag.py for tasks to queue
[2023-11-05T03:04:13.793+0000] {logging_mixin.py:151} INFO - [2023-11-05T03:04:13.793+0000] {dagbag.py:536} INFO - Filling up the DagBag from /home/airflow/.local/lib/python3.8/site-packages/airflow/example_dags/example_nested_branch_dag.py
[2023-11-05T03:04:13.804+0000] {processor.py:839} INFO - DAG(s) dict_keys(['example_nested_branch_dag']) retrieved from /home/airflow/.local/lib/python3.8/site-packages/airflow/example_dags/example_nested_branch_dag.py
[2023-11-05T03:04:13.829+0000] {logging_mixin.py:151} INFO - [2023-11-05T03:04:13.829+0000] {dag.py:2941} INFO - Sync 1 DAGs
[2023-11-05T03:04:13.854+0000] {logging_mixin.py:151} INFO - [2023-11-05T03:04:13.854+0000] {dag.py:3722} INFO - Setting next_dagrun for example_nested_branch_dag to 2023-11-04T00:00:00+00:00, run_after=2023-11-05T00:00:00+00:00
[2023-11-05T03:04:13.873+0000] {processor.py:179} INFO - Processing /home/airflow/.local/lib/python3.8/site-packages/airflow/example_dags/example_nested_branch_dag.py took 0.086 seconds
[2023-11-05T03:04:44.687+0000] {processor.py:157} INFO - Started process (PID=776) to work on /home/airflow/.local/lib/python3.8/site-packages/airflow/example_dags/example_nested_branch_dag.py
[2023-11-05T03:04:44.688+0000] {processor.py:829} INFO - Processing file /home/airflow/.local/lib/python3.8/site-packages/airflow/example_dags/example_nested_branch_dag.py for tasks to queue
[2023-11-05T03:04:44.690+0000] {logging_mixin.py:151} INFO - [2023-11-05T03:04:44.689+0000] {dagbag.py:536} INFO - Filling up the DagBag from /home/airflow/.local/lib/python3.8/site-packages/airflow/example_dags/example_nested_branch_dag.py
[2023-11-05T03:04:44.701+0000] {processor.py:839} INFO - DAG(s) dict_keys(['example_nested_branch_dag']) retrieved from /home/airflow/.local/lib/python3.8/site-packages/airflow/example_dags/example_nested_branch_dag.py
[2023-11-05T03:04:44.728+0000] {logging_mixin.py:151} INFO - [2023-11-05T03:04:44.728+0000] {dag.py:2941} INFO - Sync 1 DAGs
[2023-11-05T03:04:44.764+0000] {logging_mixin.py:151} INFO - [2023-11-05T03:04:44.763+0000] {dag.py:3722} INFO - Setting next_dagrun for example_nested_branch_dag to 2023-11-04T00:00:00+00:00, run_after=2023-11-05T00:00:00+00:00
[2023-11-05T03:04:44.787+0000] {processor.py:179} INFO - Processing /home/airflow/.local/lib/python3.8/site-packages/airflow/example_dags/example_nested_branch_dag.py took 0.103 seconds
[2023-11-05T03:05:15.370+0000] {processor.py:157} INFO - Started process (PID=830) to work on /home/airflow/.local/lib/python3.8/site-packages/airflow/example_dags/example_nested_branch_dag.py
[2023-11-05T03:05:15.371+0000] {processor.py:829} INFO - Processing file /home/airflow/.local/lib/python3.8/site-packages/airflow/example_dags/example_nested_branch_dag.py for tasks to queue
[2023-11-05T03:05:15.373+0000] {logging_mixin.py:151} INFO - [2023-11-05T03:05:15.373+0000] {dagbag.py:536} INFO - Filling up the DagBag from /home/airflow/.local/lib/python3.8/site-packages/airflow/example_dags/example_nested_branch_dag.py
[2023-11-05T03:05:15.384+0000] {processor.py:839} INFO - DAG(s) dict_keys(['example_nested_branch_dag']) retrieved from /home/airflow/.local/lib/python3.8/site-packages/airflow/example_dags/example_nested_branch_dag.py
[2023-11-05T03:05:15.411+0000] {logging_mixin.py:151} INFO - [2023-11-05T03:05:15.411+0000] {dag.py:2941} INFO - Sync 1 DAGs
[2023-11-05T03:05:15.436+0000] {logging_mixin.py:151} INFO - [2023-11-05T03:05:15.435+0000] {dag.py:3722} INFO - Setting next_dagrun for example_nested_branch_dag to 2023-11-04T00:00:00+00:00, run_after=2023-11-05T00:00:00+00:00
[2023-11-05T03:05:15.456+0000] {processor.py:179} INFO - Processing /home/airflow/.local/lib/python3.8/site-packages/airflow/example_dags/example_nested_branch_dag.py took 0.089 seconds
[2023-11-05T03:05:46.179+0000] {processor.py:157} INFO - Started process (PID=884) to work on /home/airflow/.local/lib/python3.8/site-packages/airflow/example_dags/example_nested_branch_dag.py
[2023-11-05T03:05:46.180+0000] {processor.py:829} INFO - Processing file /home/airflow/.local/lib/python3.8/site-packages/airflow/example_dags/example_nested_branch_dag.py for tasks to queue
[2023-11-05T03:05:46.182+0000] {logging_mixin.py:151} INFO - [2023-11-05T03:05:46.182+0000] {dagbag.py:536} INFO - Filling up the DagBag from /home/airflow/.local/lib/python3.8/site-packages/airflow/example_dags/example_nested_branch_dag.py
[2023-11-05T03:05:46.193+0000] {processor.py:839} INFO - DAG(s) dict_keys(['example_nested_branch_dag']) retrieved from /home/airflow/.local/lib/python3.8/site-packages/airflow/example_dags/example_nested_branch_dag.py
[2023-11-05T03:05:46.233+0000] {logging_mixin.py:151} INFO - [2023-11-05T03:05:46.232+0000] {dag.py:2941} INFO - Sync 1 DAGs
[2023-11-05T03:05:46.290+0000] {logging_mixin.py:151} INFO - [2023-11-05T03:05:46.290+0000] {dag.py:3722} INFO - Setting next_dagrun for example_nested_branch_dag to 2023-11-04T00:00:00+00:00, run_after=2023-11-05T00:00:00+00:00
[2023-11-05T03:05:46.329+0000] {processor.py:179} INFO - Processing /home/airflow/.local/lib/python3.8/site-packages/airflow/example_dags/example_nested_branch_dag.py took 0.154 seconds
[2023-11-05T03:06:17.016+0000] {processor.py:157} INFO - Started process (PID=938) to work on /home/airflow/.local/lib/python3.8/site-packages/airflow/example_dags/example_nested_branch_dag.py
[2023-11-05T03:06:17.017+0000] {processor.py:829} INFO - Processing file /home/airflow/.local/lib/python3.8/site-packages/airflow/example_dags/example_nested_branch_dag.py for tasks to queue
[2023-11-05T03:06:17.021+0000] {logging_mixin.py:151} INFO - [2023-11-05T03:06:17.021+0000] {dagbag.py:536} INFO - Filling up the DagBag from /home/airflow/.local/lib/python3.8/site-packages/airflow/example_dags/example_nested_branch_dag.py
[2023-11-05T03:06:17.041+0000] {processor.py:839} INFO - DAG(s) dict_keys(['example_nested_branch_dag']) retrieved from /home/airflow/.local/lib/python3.8/site-packages/airflow/example_dags/example_nested_branch_dag.py
[2023-11-05T03:06:17.072+0000] {logging_mixin.py:151} INFO - [2023-11-05T03:06:17.072+0000] {dag.py:2941} INFO - Sync 1 DAGs
[2023-11-05T03:06:17.097+0000] {logging_mixin.py:151} INFO - [2023-11-05T03:06:17.097+0000] {dag.py:3722} INFO - Setting next_dagrun for example_nested_branch_dag to 2023-11-04T00:00:00+00:00, run_after=2023-11-05T00:00:00+00:00
[2023-11-05T03:06:17.118+0000] {processor.py:179} INFO - Processing /home/airflow/.local/lib/python3.8/site-packages/airflow/example_dags/example_nested_branch_dag.py took 0.109 seconds
[2023-11-05T03:06:47.781+0000] {processor.py:157} INFO - Started process (PID=992) to work on /home/airflow/.local/lib/python3.8/site-packages/airflow/example_dags/example_nested_branch_dag.py
[2023-11-05T03:06:47.783+0000] {processor.py:829} INFO - Processing file /home/airflow/.local/lib/python3.8/site-packages/airflow/example_dags/example_nested_branch_dag.py for tasks to queue
[2023-11-05T03:06:47.787+0000] {logging_mixin.py:151} INFO - [2023-11-05T03:06:47.787+0000] {dagbag.py:536} INFO - Filling up the DagBag from /home/airflow/.local/lib/python3.8/site-packages/airflow/example_dags/example_nested_branch_dag.py
[2023-11-05T03:06:47.810+0000] {processor.py:839} INFO - DAG(s) dict_keys(['example_nested_branch_dag']) retrieved from /home/airflow/.local/lib/python3.8/site-packages/airflow/example_dags/example_nested_branch_dag.py
[2023-11-05T03:06:47.848+0000] {logging_mixin.py:151} INFO - [2023-11-05T03:06:47.847+0000] {dag.py:2941} INFO - Sync 1 DAGs
[2023-11-05T03:06:47.891+0000] {logging_mixin.py:151} INFO - [2023-11-05T03:06:47.891+0000] {dag.py:3722} INFO - Setting next_dagrun for example_nested_branch_dag to 2023-11-04T00:00:00+00:00, run_after=2023-11-05T00:00:00+00:00
[2023-11-05T03:06:47.924+0000] {processor.py:179} INFO - Processing /home/airflow/.local/lib/python3.8/site-packages/airflow/example_dags/example_nested_branch_dag.py took 0.149 seconds
[2023-11-05T03:07:19.469+0000] {processor.py:157} INFO - Started process (PID=1053) to work on /home/airflow/.local/lib/python3.8/site-packages/airflow/example_dags/example_nested_branch_dag.py
[2023-11-05T03:07:19.471+0000] {processor.py:829} INFO - Processing file /home/airflow/.local/lib/python3.8/site-packages/airflow/example_dags/example_nested_branch_dag.py for tasks to queue
[2023-11-05T03:07:19.474+0000] {logging_mixin.py:151} INFO - [2023-11-05T03:07:19.474+0000] {dagbag.py:536} INFO - Filling up the DagBag from /home/airflow/.local/lib/python3.8/site-packages/airflow/example_dags/example_nested_branch_dag.py
[2023-11-05T03:07:19.489+0000] {processor.py:839} INFO - DAG(s) dict_keys(['example_nested_branch_dag']) retrieved from /home/airflow/.local/lib/python3.8/site-packages/airflow/example_dags/example_nested_branch_dag.py
[2023-11-05T03:07:19.517+0000] {logging_mixin.py:151} INFO - [2023-11-05T03:07:19.517+0000] {dag.py:2941} INFO - Sync 1 DAGs
[2023-11-05T03:07:19.742+0000] {logging_mixin.py:151} INFO - [2023-11-05T03:07:19.742+0000] {dag.py:3722} INFO - Setting next_dagrun for example_nested_branch_dag to 2023-11-04T00:00:00+00:00, run_after=2023-11-05T00:00:00+00:00
[2023-11-05T03:07:19.771+0000] {processor.py:179} INFO - Processing /home/airflow/.local/lib/python3.8/site-packages/airflow/example_dags/example_nested_branch_dag.py took 0.306 seconds
[2023-11-05T03:07:50.074+0000] {processor.py:157} INFO - Started process (PID=1107) to work on /home/airflow/.local/lib/python3.8/site-packages/airflow/example_dags/example_nested_branch_dag.py
[2023-11-05T03:07:50.075+0000] {processor.py:829} INFO - Processing file /home/airflow/.local/lib/python3.8/site-packages/airflow/example_dags/example_nested_branch_dag.py for tasks to queue
[2023-11-05T03:07:50.076+0000] {logging_mixin.py:151} INFO - [2023-11-05T03:07:50.076+0000] {dagbag.py:536} INFO - Filling up the DagBag from /home/airflow/.local/lib/python3.8/site-packages/airflow/example_dags/example_nested_branch_dag.py
[2023-11-05T03:07:50.089+0000] {processor.py:839} INFO - DAG(s) dict_keys(['example_nested_branch_dag']) retrieved from /home/airflow/.local/lib/python3.8/site-packages/airflow/example_dags/example_nested_branch_dag.py
[2023-11-05T03:07:50.115+0000] {logging_mixin.py:151} INFO - [2023-11-05T03:07:50.115+0000] {dag.py:2941} INFO - Sync 1 DAGs
[2023-11-05T03:07:50.142+0000] {logging_mixin.py:151} INFO - [2023-11-05T03:07:50.141+0000] {dag.py:3722} INFO - Setting next_dagrun for example_nested_branch_dag to 2023-11-04T00:00:00+00:00, run_after=2023-11-05T00:00:00+00:00
[2023-11-05T03:07:50.314+0000] {processor.py:179} INFO - Processing /home/airflow/.local/lib/python3.8/site-packages/airflow/example_dags/example_nested_branch_dag.py took 0.243 seconds
