[2023-11-05T02:58:03.315+0000] {processor.py:157} INFO - Started process (PID=52) to work on /home/airflow/.local/lib/python3.8/site-packages/airflow/example_dags/example_datasets.py
[2023-11-05T02:58:03.315+0000] {processor.py:829} INFO - Processing file /home/airflow/.local/lib/python3.8/site-packages/airflow/example_dags/example_datasets.py for tasks to queue
[2023-11-05T02:58:03.318+0000] {logging_mixin.py:151} INFO - [2023-11-05T02:58:03.317+0000] {dagbag.py:536} INFO - Filling up the DagBag from /home/airflow/.local/lib/python3.8/site-packages/airflow/example_dags/example_datasets.py
[2023-11-05T02:58:03.330+0000] {processor.py:839} INFO - DAG(s) dict_keys(['dataset_produces_1', 'dataset_consumes_1_and_2', 'dataset_consumes_unknown_never_scheduled', 'dataset_consumes_1_never_scheduled', 'dataset_produces_2', 'dataset_consumes_1']) retrieved from /home/airflow/.local/lib/python3.8/site-packages/airflow/example_dags/example_datasets.py
[2023-11-05T02:58:03.352+0000] {logging_mixin.py:151} INFO - [2023-11-05T02:58:03.351+0000] {dag.py:2941} INFO - Sync 6 DAGs
[2023-11-05T02:58:03.384+0000] {logging_mixin.py:151} INFO - [2023-11-05T02:58:03.384+0000] {dag.py:3722} INFO - Setting next_dagrun for dataset_consumes_1 to None, run_after=None
[2023-11-05T02:58:03.387+0000] {logging_mixin.py:151} INFO - [2023-11-05T02:58:03.387+0000] {dag.py:3722} INFO - Setting next_dagrun for dataset_consumes_1_and_2 to None, run_after=None
[2023-11-05T02:58:03.389+0000] {logging_mixin.py:151} INFO - [2023-11-05T02:58:03.388+0000] {dag.py:3722} INFO - Setting next_dagrun for dataset_consumes_1_never_scheduled to None, run_after=None
[2023-11-05T02:58:03.390+0000] {logging_mixin.py:151} INFO - [2023-11-05T02:58:03.390+0000] {dag.py:3722} INFO - Setting next_dagrun for dataset_consumes_unknown_never_scheduled to None, run_after=None
[2023-11-05T02:58:03.393+0000] {logging_mixin.py:151} INFO - [2023-11-05T02:58:03.392+0000] {dag.py:3722} INFO - Setting next_dagrun for dataset_produces_1 to 2023-11-04T00:00:00+00:00, run_after=2023-11-05T00:00:00+00:00
[2023-11-05T02:58:03.394+0000] {logging_mixin.py:151} INFO - [2023-11-05T02:58:03.394+0000] {dag.py:3722} INFO - Setting next_dagrun for dataset_produces_2 to None, run_after=None
[2023-11-05T02:58:03.426+0000] {processor.py:179} INFO - Processing /home/airflow/.local/lib/python3.8/site-packages/airflow/example_dags/example_datasets.py took 0.115 seconds
[2023-11-05T02:58:33.669+0000] {processor.py:157} INFO - Started process (PID=106) to work on /home/airflow/.local/lib/python3.8/site-packages/airflow/example_dags/example_datasets.py
[2023-11-05T02:58:33.670+0000] {processor.py:829} INFO - Processing file /home/airflow/.local/lib/python3.8/site-packages/airflow/example_dags/example_datasets.py for tasks to queue
[2023-11-05T02:58:33.671+0000] {logging_mixin.py:151} INFO - [2023-11-05T02:58:33.671+0000] {dagbag.py:536} INFO - Filling up the DagBag from /home/airflow/.local/lib/python3.8/site-packages/airflow/example_dags/example_datasets.py
[2023-11-05T02:58:33.679+0000] {processor.py:839} INFO - DAG(s) dict_keys(['dataset_produces_1', 'dataset_consumes_1_never_scheduled', 'dataset_consumes_unknown_never_scheduled', 'dataset_consumes_1', 'dataset_produces_2', 'dataset_consumes_1_and_2']) retrieved from /home/airflow/.local/lib/python3.8/site-packages/airflow/example_dags/example_datasets.py
[2023-11-05T02:58:33.714+0000] {logging_mixin.py:151} INFO - [2023-11-05T02:58:33.713+0000] {dag.py:2941} INFO - Sync 6 DAGs
[2023-11-05T02:58:33.735+0000] {logging_mixin.py:151} INFO - [2023-11-05T02:58:33.735+0000] {dag.py:3722} INFO - Setting next_dagrun for dataset_consumes_1 to None, run_after=None
[2023-11-05T02:58:33.739+0000] {logging_mixin.py:151} INFO - [2023-11-05T02:58:33.738+0000] {dag.py:3722} INFO - Setting next_dagrun for dataset_consumes_1_and_2 to None, run_after=None
[2023-11-05T02:58:33.740+0000] {logging_mixin.py:151} INFO - [2023-11-05T02:58:33.739+0000] {dag.py:3722} INFO - Setting next_dagrun for dataset_consumes_1_never_scheduled to None, run_after=None
[2023-11-05T02:58:33.741+0000] {logging_mixin.py:151} INFO - [2023-11-05T02:58:33.741+0000] {dag.py:3722} INFO - Setting next_dagrun for dataset_consumes_unknown_never_scheduled to None, run_after=None
[2023-11-05T02:58:33.743+0000] {logging_mixin.py:151} INFO - [2023-11-05T02:58:33.743+0000] {dag.py:3722} INFO - Setting next_dagrun for dataset_produces_1 to 2023-11-04T00:00:00+00:00, run_after=2023-11-05T00:00:00+00:00
[2023-11-05T02:58:33.744+0000] {logging_mixin.py:151} INFO - [2023-11-05T02:58:33.744+0000] {dag.py:3722} INFO - Setting next_dagrun for dataset_produces_2 to None, run_after=None
[2023-11-05T02:58:33.776+0000] {processor.py:179} INFO - Processing /home/airflow/.local/lib/python3.8/site-packages/airflow/example_dags/example_datasets.py took 0.110 seconds
[2023-11-05T02:59:04.462+0000] {processor.py:157} INFO - Started process (PID=161) to work on /home/airflow/.local/lib/python3.8/site-packages/airflow/example_dags/example_datasets.py
[2023-11-05T02:59:04.464+0000] {processor.py:829} INFO - Processing file /home/airflow/.local/lib/python3.8/site-packages/airflow/example_dags/example_datasets.py for tasks to queue
[2023-11-05T02:59:04.468+0000] {logging_mixin.py:151} INFO - [2023-11-05T02:59:04.468+0000] {dagbag.py:536} INFO - Filling up the DagBag from /home/airflow/.local/lib/python3.8/site-packages/airflow/example_dags/example_datasets.py
[2023-11-05T02:59:04.484+0000] {processor.py:839} INFO - DAG(s) dict_keys(['dataset_consumes_1_and_2', 'dataset_consumes_1', 'dataset_consumes_unknown_never_scheduled', 'dataset_produces_2', 'dataset_consumes_1_never_scheduled', 'dataset_produces_1']) retrieved from /home/airflow/.local/lib/python3.8/site-packages/airflow/example_dags/example_datasets.py
[2023-11-05T02:59:04.529+0000] {logging_mixin.py:151} INFO - [2023-11-05T02:59:04.529+0000] {dag.py:2941} INFO - Sync 6 DAGs
[2023-11-05T02:59:04.552+0000] {logging_mixin.py:151} INFO - [2023-11-05T02:59:04.551+0000] {dag.py:3722} INFO - Setting next_dagrun for dataset_consumes_1 to None, run_after=None
[2023-11-05T02:59:04.555+0000] {logging_mixin.py:151} INFO - [2023-11-05T02:59:04.555+0000] {dag.py:3722} INFO - Setting next_dagrun for dataset_consumes_1_and_2 to None, run_after=None
[2023-11-05T02:59:04.556+0000] {logging_mixin.py:151} INFO - [2023-11-05T02:59:04.556+0000] {dag.py:3722} INFO - Setting next_dagrun for dataset_consumes_1_never_scheduled to None, run_after=None
[2023-11-05T02:59:04.557+0000] {logging_mixin.py:151} INFO - [2023-11-05T02:59:04.557+0000] {dag.py:3722} INFO - Setting next_dagrun for dataset_consumes_unknown_never_scheduled to None, run_after=None
[2023-11-05T02:59:04.559+0000] {logging_mixin.py:151} INFO - [2023-11-05T02:59:04.559+0000] {dag.py:3722} INFO - Setting next_dagrun for dataset_produces_1 to 2023-11-04T00:00:00+00:00, run_after=2023-11-05T00:00:00+00:00
[2023-11-05T02:59:04.561+0000] {logging_mixin.py:151} INFO - [2023-11-05T02:59:04.560+0000] {dag.py:3722} INFO - Setting next_dagrun for dataset_produces_2 to None, run_after=None
[2023-11-05T02:59:04.623+0000] {processor.py:179} INFO - Processing /home/airflow/.local/lib/python3.8/site-packages/airflow/example_dags/example_datasets.py took 0.168 seconds
[2023-11-05T02:59:35.279+0000] {processor.py:157} INFO - Started process (PID=215) to work on /home/airflow/.local/lib/python3.8/site-packages/airflow/example_dags/example_datasets.py
[2023-11-05T02:59:35.280+0000] {processor.py:829} INFO - Processing file /home/airflow/.local/lib/python3.8/site-packages/airflow/example_dags/example_datasets.py for tasks to queue
[2023-11-05T02:59:35.281+0000] {logging_mixin.py:151} INFO - [2023-11-05T02:59:35.281+0000] {dagbag.py:536} INFO - Filling up the DagBag from /home/airflow/.local/lib/python3.8/site-packages/airflow/example_dags/example_datasets.py
[2023-11-05T02:59:35.294+0000] {processor.py:839} INFO - DAG(s) dict_keys(['dataset_consumes_unknown_never_scheduled', 'dataset_consumes_1_never_scheduled', 'dataset_consumes_1', 'dataset_consumes_1_and_2', 'dataset_produces_1', 'dataset_produces_2']) retrieved from /home/airflow/.local/lib/python3.8/site-packages/airflow/example_dags/example_datasets.py
[2023-11-05T02:59:35.343+0000] {logging_mixin.py:151} INFO - [2023-11-05T02:59:35.343+0000] {dag.py:2941} INFO - Sync 6 DAGs
[2023-11-05T02:59:35.371+0000] {logging_mixin.py:151} INFO - [2023-11-05T02:59:35.371+0000] {dag.py:3722} INFO - Setting next_dagrun for dataset_consumes_1 to None, run_after=None
[2023-11-05T02:59:35.377+0000] {logging_mixin.py:151} INFO - [2023-11-05T02:59:35.377+0000] {dag.py:3722} INFO - Setting next_dagrun for dataset_consumes_1_and_2 to None, run_after=None
[2023-11-05T02:59:35.378+0000] {logging_mixin.py:151} INFO - [2023-11-05T02:59:35.378+0000] {dag.py:3722} INFO - Setting next_dagrun for dataset_consumes_1_never_scheduled to None, run_after=None
[2023-11-05T02:59:35.379+0000] {logging_mixin.py:151} INFO - [2023-11-05T02:59:35.379+0000] {dag.py:3722} INFO - Setting next_dagrun for dataset_consumes_unknown_never_scheduled to None, run_after=None
[2023-11-05T02:59:35.382+0000] {logging_mixin.py:151} INFO - [2023-11-05T02:59:35.382+0000] {dag.py:3722} INFO - Setting next_dagrun for dataset_produces_1 to 2023-11-04T00:00:00+00:00, run_after=2023-11-05T00:00:00+00:00
[2023-11-05T02:59:35.384+0000] {logging_mixin.py:151} INFO - [2023-11-05T02:59:35.384+0000] {dag.py:3722} INFO - Setting next_dagrun for dataset_produces_2 to None, run_after=None
[2023-11-05T02:59:35.425+0000] {processor.py:179} INFO - Processing /home/airflow/.local/lib/python3.8/site-packages/airflow/example_dags/example_datasets.py took 0.149 seconds
[2023-11-05T03:00:06.301+0000] {processor.py:157} INFO - Started process (PID=269) to work on /home/airflow/.local/lib/python3.8/site-packages/airflow/example_dags/example_datasets.py
[2023-11-05T03:00:06.302+0000] {processor.py:829} INFO - Processing file /home/airflow/.local/lib/python3.8/site-packages/airflow/example_dags/example_datasets.py for tasks to queue
[2023-11-05T03:00:06.306+0000] {logging_mixin.py:151} INFO - [2023-11-05T03:00:06.305+0000] {dagbag.py:536} INFO - Filling up the DagBag from /home/airflow/.local/lib/python3.8/site-packages/airflow/example_dags/example_datasets.py
[2023-11-05T03:00:06.332+0000] {processor.py:839} INFO - DAG(s) dict_keys(['dataset_consumes_1_never_scheduled', 'dataset_consumes_1_and_2', 'dataset_produces_2', 'dataset_produces_1', 'dataset_consumes_1', 'dataset_consumes_unknown_never_scheduled']) retrieved from /home/airflow/.local/lib/python3.8/site-packages/airflow/example_dags/example_datasets.py
[2023-11-05T03:00:06.380+0000] {logging_mixin.py:151} INFO - [2023-11-05T03:00:06.379+0000] {dag.py:2941} INFO - Sync 6 DAGs
[2023-11-05T03:00:06.407+0000] {logging_mixin.py:151} INFO - [2023-11-05T03:00:06.407+0000] {dag.py:3722} INFO - Setting next_dagrun for dataset_consumes_1 to None, run_after=None
[2023-11-05T03:00:06.411+0000] {logging_mixin.py:151} INFO - [2023-11-05T03:00:06.411+0000] {dag.py:3722} INFO - Setting next_dagrun for dataset_consumes_1_and_2 to None, run_after=None
[2023-11-05T03:00:06.412+0000] {logging_mixin.py:151} INFO - [2023-11-05T03:00:06.412+0000] {dag.py:3722} INFO - Setting next_dagrun for dataset_consumes_1_never_scheduled to None, run_after=None
[2023-11-05T03:00:06.413+0000] {logging_mixin.py:151} INFO - [2023-11-05T03:00:06.413+0000] {dag.py:3722} INFO - Setting next_dagrun for dataset_consumes_unknown_never_scheduled to None, run_after=None
[2023-11-05T03:00:06.416+0000] {logging_mixin.py:151} INFO - [2023-11-05T03:00:06.416+0000] {dag.py:3722} INFO - Setting next_dagrun for dataset_produces_1 to 2023-11-04T00:00:00+00:00, run_after=2023-11-05T00:00:00+00:00
[2023-11-05T03:00:06.417+0000] {logging_mixin.py:151} INFO - [2023-11-05T03:00:06.417+0000] {dag.py:3722} INFO - Setting next_dagrun for dataset_produces_2 to None, run_after=None
[2023-11-05T03:00:06.454+0000] {processor.py:179} INFO - Processing /home/airflow/.local/lib/python3.8/site-packages/airflow/example_dags/example_datasets.py took 0.157 seconds
[2023-11-05T03:00:37.524+0000] {processor.py:157} INFO - Started process (PID=322) to work on /home/airflow/.local/lib/python3.8/site-packages/airflow/example_dags/example_datasets.py
[2023-11-05T03:00:37.526+0000] {processor.py:829} INFO - Processing file /home/airflow/.local/lib/python3.8/site-packages/airflow/example_dags/example_datasets.py for tasks to queue
[2023-11-05T03:00:37.530+0000] {logging_mixin.py:151} INFO - [2023-11-05T03:00:37.530+0000] {dagbag.py:536} INFO - Filling up the DagBag from /home/airflow/.local/lib/python3.8/site-packages/airflow/example_dags/example_datasets.py
[2023-11-05T03:00:37.550+0000] {processor.py:839} INFO - DAG(s) dict_keys(['dataset_consumes_1_never_scheduled', 'dataset_produces_2', 'dataset_produces_1', 'dataset_consumes_unknown_never_scheduled', 'dataset_consumes_1_and_2', 'dataset_consumes_1']) retrieved from /home/airflow/.local/lib/python3.8/site-packages/airflow/example_dags/example_datasets.py
[2023-11-05T03:00:37.596+0000] {logging_mixin.py:151} INFO - [2023-11-05T03:00:37.596+0000] {dag.py:2941} INFO - Sync 6 DAGs
[2023-11-05T03:00:37.625+0000] {logging_mixin.py:151} INFO - [2023-11-05T03:00:37.625+0000] {dag.py:3722} INFO - Setting next_dagrun for dataset_consumes_1 to None, run_after=None
[2023-11-05T03:00:37.629+0000] {logging_mixin.py:151} INFO - [2023-11-05T03:00:37.629+0000] {dag.py:3722} INFO - Setting next_dagrun for dataset_consumes_1_and_2 to None, run_after=None
[2023-11-05T03:00:37.630+0000] {logging_mixin.py:151} INFO - [2023-11-05T03:00:37.630+0000] {dag.py:3722} INFO - Setting next_dagrun for dataset_consumes_1_never_scheduled to None, run_after=None
[2023-11-05T03:00:37.631+0000] {logging_mixin.py:151} INFO - [2023-11-05T03:00:37.631+0000] {dag.py:3722} INFO - Setting next_dagrun for dataset_consumes_unknown_never_scheduled to None, run_after=None
[2023-11-05T03:00:37.634+0000] {logging_mixin.py:151} INFO - [2023-11-05T03:00:37.634+0000] {dag.py:3722} INFO - Setting next_dagrun for dataset_produces_1 to 2023-11-04T00:00:00+00:00, run_after=2023-11-05T00:00:00+00:00
[2023-11-05T03:00:37.636+0000] {logging_mixin.py:151} INFO - [2023-11-05T03:00:37.636+0000] {dag.py:3722} INFO - Setting next_dagrun for dataset_produces_2 to None, run_after=None
[2023-11-05T03:00:37.681+0000] {processor.py:179} INFO - Processing /home/airflow/.local/lib/python3.8/site-packages/airflow/example_dags/example_datasets.py took 0.163 seconds
[2023-11-05T03:01:07.900+0000] {processor.py:157} INFO - Started process (PID=377) to work on /home/airflow/.local/lib/python3.8/site-packages/airflow/example_dags/example_datasets.py
[2023-11-05T03:01:07.901+0000] {processor.py:829} INFO - Processing file /home/airflow/.local/lib/python3.8/site-packages/airflow/example_dags/example_datasets.py for tasks to queue
[2023-11-05T03:01:07.904+0000] {logging_mixin.py:151} INFO - [2023-11-05T03:01:07.903+0000] {dagbag.py:536} INFO - Filling up the DagBag from /home/airflow/.local/lib/python3.8/site-packages/airflow/example_dags/example_datasets.py
[2023-11-05T03:01:07.915+0000] {processor.py:839} INFO - DAG(s) dict_keys(['dataset_produces_1', 'dataset_consumes_unknown_never_scheduled', 'dataset_consumes_1_and_2', 'dataset_produces_2', 'dataset_consumes_1_never_scheduled', 'dataset_consumes_1']) retrieved from /home/airflow/.local/lib/python3.8/site-packages/airflow/example_dags/example_datasets.py
[2023-11-05T03:01:07.960+0000] {logging_mixin.py:151} INFO - [2023-11-05T03:01:07.960+0000] {dag.py:2941} INFO - Sync 6 DAGs
[2023-11-05T03:01:07.993+0000] {logging_mixin.py:151} INFO - [2023-11-05T03:01:07.993+0000] {dag.py:3722} INFO - Setting next_dagrun for dataset_consumes_1 to None, run_after=None
[2023-11-05T03:01:07.997+0000] {logging_mixin.py:151} INFO - [2023-11-05T03:01:07.996+0000] {dag.py:3722} INFO - Setting next_dagrun for dataset_consumes_1_and_2 to None, run_after=None
[2023-11-05T03:01:07.998+0000] {logging_mixin.py:151} INFO - [2023-11-05T03:01:07.998+0000] {dag.py:3722} INFO - Setting next_dagrun for dataset_consumes_1_never_scheduled to None, run_after=None
[2023-11-05T03:01:07.999+0000] {logging_mixin.py:151} INFO - [2023-11-05T03:01:07.999+0000] {dag.py:3722} INFO - Setting next_dagrun for dataset_consumes_unknown_never_scheduled to None, run_after=None
[2023-11-05T03:01:08.002+0000] {logging_mixin.py:151} INFO - [2023-11-05T03:01:08.002+0000] {dag.py:3722} INFO - Setting next_dagrun for dataset_produces_1 to 2023-11-04T00:00:00+00:00, run_after=2023-11-05T00:00:00+00:00
[2023-11-05T03:01:08.004+0000] {logging_mixin.py:151} INFO - [2023-11-05T03:01:08.004+0000] {dag.py:3722} INFO - Setting next_dagrun for dataset_produces_2 to None, run_after=None
[2023-11-05T03:01:08.045+0000] {processor.py:179} INFO - Processing /home/airflow/.local/lib/python3.8/site-packages/airflow/example_dags/example_datasets.py took 0.147 seconds
[2023-11-05T03:01:38.116+0000] {processor.py:157} INFO - Started process (PID=430) to work on /home/airflow/.local/lib/python3.8/site-packages/airflow/example_dags/example_datasets.py
[2023-11-05T03:01:38.117+0000] {processor.py:829} INFO - Processing file /home/airflow/.local/lib/python3.8/site-packages/airflow/example_dags/example_datasets.py for tasks to queue
[2023-11-05T03:01:38.120+0000] {logging_mixin.py:151} INFO - [2023-11-05T03:01:38.119+0000] {dagbag.py:536} INFO - Filling up the DagBag from /home/airflow/.local/lib/python3.8/site-packages/airflow/example_dags/example_datasets.py
[2023-11-05T03:01:38.132+0000] {processor.py:839} INFO - DAG(s) dict_keys(['dataset_consumes_1', 'dataset_consumes_unknown_never_scheduled', 'dataset_consumes_1_never_scheduled', 'dataset_consumes_1_and_2', 'dataset_produces_2', 'dataset_produces_1']) retrieved from /home/airflow/.local/lib/python3.8/site-packages/airflow/example_dags/example_datasets.py
[2023-11-05T03:01:38.168+0000] {logging_mixin.py:151} INFO - [2023-11-05T03:01:38.168+0000] {dag.py:2941} INFO - Sync 6 DAGs
[2023-11-05T03:01:38.194+0000] {logging_mixin.py:151} INFO - [2023-11-05T03:01:38.194+0000] {dag.py:3722} INFO - Setting next_dagrun for dataset_consumes_1 to None, run_after=None
[2023-11-05T03:01:38.197+0000] {logging_mixin.py:151} INFO - [2023-11-05T03:01:38.197+0000] {dag.py:3722} INFO - Setting next_dagrun for dataset_consumes_1_and_2 to None, run_after=None
[2023-11-05T03:01:38.199+0000] {logging_mixin.py:151} INFO - [2023-11-05T03:01:38.199+0000] {dag.py:3722} INFO - Setting next_dagrun for dataset_consumes_1_never_scheduled to None, run_after=None
[2023-11-05T03:01:38.200+0000] {logging_mixin.py:151} INFO - [2023-11-05T03:01:38.200+0000] {dag.py:3722} INFO - Setting next_dagrun for dataset_consumes_unknown_never_scheduled to None, run_after=None
[2023-11-05T03:01:38.203+0000] {logging_mixin.py:151} INFO - [2023-11-05T03:01:38.203+0000] {dag.py:3722} INFO - Setting next_dagrun for dataset_produces_1 to 2023-11-04T00:00:00+00:00, run_after=2023-11-05T00:00:00+00:00
[2023-11-05T03:01:38.205+0000] {logging_mixin.py:151} INFO - [2023-11-05T03:01:38.205+0000] {dag.py:3722} INFO - Setting next_dagrun for dataset_produces_2 to None, run_after=None
[2023-11-05T03:01:38.238+0000] {processor.py:179} INFO - Processing /home/airflow/.local/lib/python3.8/site-packages/airflow/example_dags/example_datasets.py took 0.125 seconds
[2023-11-05T03:02:08.975+0000] {processor.py:157} INFO - Started process (PID=484) to work on /home/airflow/.local/lib/python3.8/site-packages/airflow/example_dags/example_datasets.py
[2023-11-05T03:02:08.975+0000] {processor.py:829} INFO - Processing file /home/airflow/.local/lib/python3.8/site-packages/airflow/example_dags/example_datasets.py for tasks to queue
[2023-11-05T03:02:08.977+0000] {logging_mixin.py:151} INFO - [2023-11-05T03:02:08.977+0000] {dagbag.py:536} INFO - Filling up the DagBag from /home/airflow/.local/lib/python3.8/site-packages/airflow/example_dags/example_datasets.py
[2023-11-05T03:02:08.986+0000] {processor.py:839} INFO - DAG(s) dict_keys(['dataset_consumes_unknown_never_scheduled', 'dataset_produces_1', 'dataset_consumes_1_never_scheduled', 'dataset_produces_2', 'dataset_consumes_1_and_2', 'dataset_consumes_1']) retrieved from /home/airflow/.local/lib/python3.8/site-packages/airflow/example_dags/example_datasets.py
[2023-11-05T03:02:09.050+0000] {logging_mixin.py:151} INFO - [2023-11-05T03:02:09.050+0000] {dag.py:2941} INFO - Sync 6 DAGs
[2023-11-05T03:02:09.082+0000] {logging_mixin.py:151} INFO - [2023-11-05T03:02:09.082+0000] {dag.py:3722} INFO - Setting next_dagrun for dataset_consumes_1 to None, run_after=None
[2023-11-05T03:02:09.085+0000] {logging_mixin.py:151} INFO - [2023-11-05T03:02:09.085+0000] {dag.py:3722} INFO - Setting next_dagrun for dataset_consumes_1_and_2 to None, run_after=None
[2023-11-05T03:02:09.086+0000] {logging_mixin.py:151} INFO - [2023-11-05T03:02:09.086+0000] {dag.py:3722} INFO - Setting next_dagrun for dataset_consumes_1_never_scheduled to None, run_after=None
[2023-11-05T03:02:09.088+0000] {logging_mixin.py:151} INFO - [2023-11-05T03:02:09.088+0000] {dag.py:3722} INFO - Setting next_dagrun for dataset_consumes_unknown_never_scheduled to None, run_after=None
[2023-11-05T03:02:09.092+0000] {logging_mixin.py:151} INFO - [2023-11-05T03:02:09.092+0000] {dag.py:3722} INFO - Setting next_dagrun for dataset_produces_1 to 2023-11-04T00:00:00+00:00, run_after=2023-11-05T00:00:00+00:00
[2023-11-05T03:02:09.093+0000] {logging_mixin.py:151} INFO - [2023-11-05T03:02:09.093+0000] {dag.py:3722} INFO - Setting next_dagrun for dataset_produces_2 to None, run_after=None
[2023-11-05T03:02:09.135+0000] {processor.py:179} INFO - Processing /home/airflow/.local/lib/python3.8/site-packages/airflow/example_dags/example_datasets.py took 0.165 seconds
[2023-11-05T03:02:39.249+0000] {processor.py:157} INFO - Started process (PID=537) to work on /home/airflow/.local/lib/python3.8/site-packages/airflow/example_dags/example_datasets.py
[2023-11-05T03:02:39.250+0000] {processor.py:829} INFO - Processing file /home/airflow/.local/lib/python3.8/site-packages/airflow/example_dags/example_datasets.py for tasks to queue
[2023-11-05T03:02:39.251+0000] {logging_mixin.py:151} INFO - [2023-11-05T03:02:39.251+0000] {dagbag.py:536} INFO - Filling up the DagBag from /home/airflow/.local/lib/python3.8/site-packages/airflow/example_dags/example_datasets.py
[2023-11-05T03:02:39.261+0000] {processor.py:839} INFO - DAG(s) dict_keys(['dataset_consumes_1_never_scheduled', 'dataset_consumes_unknown_never_scheduled', 'dataset_consumes_1_and_2', 'dataset_produces_1', 'dataset_produces_2', 'dataset_consumes_1']) retrieved from /home/airflow/.local/lib/python3.8/site-packages/airflow/example_dags/example_datasets.py
[2023-11-05T03:02:39.300+0000] {logging_mixin.py:151} INFO - [2023-11-05T03:02:39.300+0000] {dag.py:2941} INFO - Sync 6 DAGs
[2023-11-05T03:02:39.329+0000] {logging_mixin.py:151} INFO - [2023-11-05T03:02:39.329+0000] {dag.py:3722} INFO - Setting next_dagrun for dataset_consumes_1 to None, run_after=None
[2023-11-05T03:02:39.333+0000] {logging_mixin.py:151} INFO - [2023-11-05T03:02:39.333+0000] {dag.py:3722} INFO - Setting next_dagrun for dataset_consumes_1_and_2 to None, run_after=None
[2023-11-05T03:02:39.334+0000] {logging_mixin.py:151} INFO - [2023-11-05T03:02:39.334+0000] {dag.py:3722} INFO - Setting next_dagrun for dataset_consumes_1_never_scheduled to None, run_after=None
[2023-11-05T03:02:39.335+0000] {logging_mixin.py:151} INFO - [2023-11-05T03:02:39.335+0000] {dag.py:3722} INFO - Setting next_dagrun for dataset_consumes_unknown_never_scheduled to None, run_after=None
[2023-11-05T03:02:39.338+0000] {logging_mixin.py:151} INFO - [2023-11-05T03:02:39.338+0000] {dag.py:3722} INFO - Setting next_dagrun for dataset_produces_1 to 2023-11-04T00:00:00+00:00, run_after=2023-11-05T00:00:00+00:00
[2023-11-05T03:02:39.340+0000] {logging_mixin.py:151} INFO - [2023-11-05T03:02:39.340+0000] {dag.py:3722} INFO - Setting next_dagrun for dataset_produces_2 to None, run_after=None
[2023-11-05T03:02:39.371+0000] {processor.py:179} INFO - Processing /home/airflow/.local/lib/python3.8/site-packages/airflow/example_dags/example_datasets.py took 0.124 seconds
[2023-11-05T03:03:09.929+0000] {processor.py:157} INFO - Started process (PID=591) to work on /home/airflow/.local/lib/python3.8/site-packages/airflow/example_dags/example_datasets.py
[2023-11-05T03:03:09.930+0000] {processor.py:829} INFO - Processing file /home/airflow/.local/lib/python3.8/site-packages/airflow/example_dags/example_datasets.py for tasks to queue
[2023-11-05T03:03:09.933+0000] {logging_mixin.py:151} INFO - [2023-11-05T03:03:09.933+0000] {dagbag.py:536} INFO - Filling up the DagBag from /home/airflow/.local/lib/python3.8/site-packages/airflow/example_dags/example_datasets.py
[2023-11-05T03:03:09.947+0000] {processor.py:839} INFO - DAG(s) dict_keys(['dataset_produces_2', 'dataset_consumes_1_never_scheduled', 'dataset_produces_1', 'dataset_consumes_1', 'dataset_consumes_unknown_never_scheduled', 'dataset_consumes_1_and_2']) retrieved from /home/airflow/.local/lib/python3.8/site-packages/airflow/example_dags/example_datasets.py
[2023-11-05T03:03:10.000+0000] {logging_mixin.py:151} INFO - [2023-11-05T03:03:10.000+0000] {dag.py:2941} INFO - Sync 6 DAGs
[2023-11-05T03:03:10.042+0000] {logging_mixin.py:151} INFO - [2023-11-05T03:03:10.042+0000] {dag.py:3722} INFO - Setting next_dagrun for dataset_consumes_1 to None, run_after=None
[2023-11-05T03:03:10.049+0000] {logging_mixin.py:151} INFO - [2023-11-05T03:03:10.049+0000] {dag.py:3722} INFO - Setting next_dagrun for dataset_consumes_1_and_2 to None, run_after=None
[2023-11-05T03:03:10.051+0000] {logging_mixin.py:151} INFO - [2023-11-05T03:03:10.051+0000] {dag.py:3722} INFO - Setting next_dagrun for dataset_consumes_1_never_scheduled to None, run_after=None
[2023-11-05T03:03:10.053+0000] {logging_mixin.py:151} INFO - [2023-11-05T03:03:10.052+0000] {dag.py:3722} INFO - Setting next_dagrun for dataset_consumes_unknown_never_scheduled to None, run_after=None
[2023-11-05T03:03:10.058+0000] {logging_mixin.py:151} INFO - [2023-11-05T03:03:10.057+0000] {dag.py:3722} INFO - Setting next_dagrun for dataset_produces_1 to 2023-11-04T00:00:00+00:00, run_after=2023-11-05T00:00:00+00:00
[2023-11-05T03:03:10.060+0000] {logging_mixin.py:151} INFO - [2023-11-05T03:03:10.059+0000] {dag.py:3722} INFO - Setting next_dagrun for dataset_produces_2 to None, run_after=None
[2023-11-05T03:03:10.116+0000] {processor.py:179} INFO - Processing /home/airflow/.local/lib/python3.8/site-packages/airflow/example_dags/example_datasets.py took 0.192 seconds
[2023-11-05T03:03:40.238+0000] {processor.py:157} INFO - Started process (PID=646) to work on /home/airflow/.local/lib/python3.8/site-packages/airflow/example_dags/example_datasets.py
[2023-11-05T03:03:40.239+0000] {processor.py:829} INFO - Processing file /home/airflow/.local/lib/python3.8/site-packages/airflow/example_dags/example_datasets.py for tasks to queue
[2023-11-05T03:03:40.241+0000] {logging_mixin.py:151} INFO - [2023-11-05T03:03:40.241+0000] {dagbag.py:536} INFO - Filling up the DagBag from /home/airflow/.local/lib/python3.8/site-packages/airflow/example_dags/example_datasets.py
[2023-11-05T03:03:40.251+0000] {processor.py:839} INFO - DAG(s) dict_keys(['dataset_consumes_1_and_2', 'dataset_consumes_1', 'dataset_consumes_unknown_never_scheduled', 'dataset_produces_2', 'dataset_consumes_1_never_scheduled', 'dataset_produces_1']) retrieved from /home/airflow/.local/lib/python3.8/site-packages/airflow/example_dags/example_datasets.py
[2023-11-05T03:03:40.300+0000] {logging_mixin.py:151} INFO - [2023-11-05T03:03:40.300+0000] {dag.py:2941} INFO - Sync 6 DAGs
[2023-11-05T03:03:40.331+0000] {logging_mixin.py:151} INFO - [2023-11-05T03:03:40.331+0000] {dag.py:3722} INFO - Setting next_dagrun for dataset_consumes_1 to None, run_after=None
[2023-11-05T03:03:40.335+0000] {logging_mixin.py:151} INFO - [2023-11-05T03:03:40.334+0000] {dag.py:3722} INFO - Setting next_dagrun for dataset_consumes_1_and_2 to None, run_after=None
[2023-11-05T03:03:40.336+0000] {logging_mixin.py:151} INFO - [2023-11-05T03:03:40.336+0000] {dag.py:3722} INFO - Setting next_dagrun for dataset_consumes_1_never_scheduled to None, run_after=None
[2023-11-05T03:03:40.337+0000] {logging_mixin.py:151} INFO - [2023-11-05T03:03:40.337+0000] {dag.py:3722} INFO - Setting next_dagrun for dataset_consumes_unknown_never_scheduled to None, run_after=None
[2023-11-05T03:03:40.341+0000] {logging_mixin.py:151} INFO - [2023-11-05T03:03:40.341+0000] {dag.py:3722} INFO - Setting next_dagrun for dataset_produces_1 to 2023-11-04T00:00:00+00:00, run_after=2023-11-05T00:00:00+00:00
[2023-11-05T03:03:40.342+0000] {logging_mixin.py:151} INFO - [2023-11-05T03:03:40.342+0000] {dag.py:3722} INFO - Setting next_dagrun for dataset_produces_2 to None, run_after=None
[2023-11-05T03:03:40.378+0000] {processor.py:179} INFO - Processing /home/airflow/.local/lib/python3.8/site-packages/airflow/example_dags/example_datasets.py took 0.143 seconds
[2023-11-05T03:04:10.998+0000] {processor.py:157} INFO - Started process (PID=699) to work on /home/airflow/.local/lib/python3.8/site-packages/airflow/example_dags/example_datasets.py
[2023-11-05T03:04:10.999+0000] {processor.py:829} INFO - Processing file /home/airflow/.local/lib/python3.8/site-packages/airflow/example_dags/example_datasets.py for tasks to queue
[2023-11-05T03:04:11.004+0000] {logging_mixin.py:151} INFO - [2023-11-05T03:04:11.003+0000] {dagbag.py:536} INFO - Filling up the DagBag from /home/airflow/.local/lib/python3.8/site-packages/airflow/example_dags/example_datasets.py
[2023-11-05T03:04:11.030+0000] {processor.py:839} INFO - DAG(s) dict_keys(['dataset_produces_1', 'dataset_consumes_1', 'dataset_consumes_1_and_2', 'dataset_consumes_1_never_scheduled', 'dataset_consumes_unknown_never_scheduled', 'dataset_produces_2']) retrieved from /home/airflow/.local/lib/python3.8/site-packages/airflow/example_dags/example_datasets.py
[2023-11-05T03:04:11.113+0000] {logging_mixin.py:151} INFO - [2023-11-05T03:04:11.113+0000] {dag.py:2941} INFO - Sync 6 DAGs
[2023-11-05T03:04:11.146+0000] {logging_mixin.py:151} INFO - [2023-11-05T03:04:11.145+0000] {dag.py:3722} INFO - Setting next_dagrun for dataset_consumes_1 to None, run_after=None
[2023-11-05T03:04:11.151+0000] {logging_mixin.py:151} INFO - [2023-11-05T03:04:11.151+0000] {dag.py:3722} INFO - Setting next_dagrun for dataset_consumes_1_and_2 to None, run_after=None
[2023-11-05T03:04:11.153+0000] {logging_mixin.py:151} INFO - [2023-11-05T03:04:11.152+0000] {dag.py:3722} INFO - Setting next_dagrun for dataset_consumes_1_never_scheduled to None, run_after=None
[2023-11-05T03:04:11.154+0000] {logging_mixin.py:151} INFO - [2023-11-05T03:04:11.154+0000] {dag.py:3722} INFO - Setting next_dagrun for dataset_consumes_unknown_never_scheduled to None, run_after=None
[2023-11-05T03:04:11.158+0000] {logging_mixin.py:151} INFO - [2023-11-05T03:04:11.158+0000] {dag.py:3722} INFO - Setting next_dagrun for dataset_produces_1 to 2023-11-04T00:00:00+00:00, run_after=2023-11-05T00:00:00+00:00
[2023-11-05T03:04:11.160+0000] {logging_mixin.py:151} INFO - [2023-11-05T03:04:11.160+0000] {dag.py:3722} INFO - Setting next_dagrun for dataset_produces_2 to None, run_after=None
[2023-11-05T03:04:11.204+0000] {processor.py:179} INFO - Processing /home/airflow/.local/lib/python3.8/site-packages/airflow/example_dags/example_datasets.py took 0.215 seconds
[2023-11-05T03:04:42.081+0000] {processor.py:157} INFO - Started process (PID=754) to work on /home/airflow/.local/lib/python3.8/site-packages/airflow/example_dags/example_datasets.py
[2023-11-05T03:04:42.081+0000] {processor.py:829} INFO - Processing file /home/airflow/.local/lib/python3.8/site-packages/airflow/example_dags/example_datasets.py for tasks to queue
[2023-11-05T03:04:42.083+0000] {logging_mixin.py:151} INFO - [2023-11-05T03:04:42.083+0000] {dagbag.py:536} INFO - Filling up the DagBag from /home/airflow/.local/lib/python3.8/site-packages/airflow/example_dags/example_datasets.py
[2023-11-05T03:04:42.092+0000] {processor.py:839} INFO - DAG(s) dict_keys(['dataset_consumes_unknown_never_scheduled', 'dataset_consumes_1_and_2', 'dataset_consumes_1', 'dataset_consumes_1_never_scheduled', 'dataset_produces_1', 'dataset_produces_2']) retrieved from /home/airflow/.local/lib/python3.8/site-packages/airflow/example_dags/example_datasets.py
[2023-11-05T03:04:42.132+0000] {logging_mixin.py:151} INFO - [2023-11-05T03:04:42.132+0000] {dag.py:2941} INFO - Sync 6 DAGs
[2023-11-05T03:04:42.156+0000] {logging_mixin.py:151} INFO - [2023-11-05T03:04:42.156+0000] {dag.py:3722} INFO - Setting next_dagrun for dataset_consumes_1 to None, run_after=None
[2023-11-05T03:04:42.161+0000] {logging_mixin.py:151} INFO - [2023-11-05T03:04:42.161+0000] {dag.py:3722} INFO - Setting next_dagrun for dataset_consumes_1_and_2 to None, run_after=None
[2023-11-05T03:04:42.162+0000] {logging_mixin.py:151} INFO - [2023-11-05T03:04:42.162+0000] {dag.py:3722} INFO - Setting next_dagrun for dataset_consumes_1_never_scheduled to None, run_after=None
[2023-11-05T03:04:42.163+0000] {logging_mixin.py:151} INFO - [2023-11-05T03:04:42.163+0000] {dag.py:3722} INFO - Setting next_dagrun for dataset_consumes_unknown_never_scheduled to None, run_after=None
[2023-11-05T03:04:42.166+0000] {logging_mixin.py:151} INFO - [2023-11-05T03:04:42.166+0000] {dag.py:3722} INFO - Setting next_dagrun for dataset_produces_1 to 2023-11-04T00:00:00+00:00, run_after=2023-11-05T00:00:00+00:00
[2023-11-05T03:04:42.167+0000] {logging_mixin.py:151} INFO - [2023-11-05T03:04:42.167+0000] {dag.py:3722} INFO - Setting next_dagrun for dataset_produces_2 to None, run_after=None
[2023-11-05T03:04:42.198+0000] {processor.py:179} INFO - Processing /home/airflow/.local/lib/python3.8/site-packages/airflow/example_dags/example_datasets.py took 0.120 seconds
[2023-11-05T03:05:12.637+0000] {processor.py:157} INFO - Started process (PID=808) to work on /home/airflow/.local/lib/python3.8/site-packages/airflow/example_dags/example_datasets.py
[2023-11-05T03:05:12.637+0000] {processor.py:829} INFO - Processing file /home/airflow/.local/lib/python3.8/site-packages/airflow/example_dags/example_datasets.py for tasks to queue
[2023-11-05T03:05:12.639+0000] {logging_mixin.py:151} INFO - [2023-11-05T03:05:12.639+0000] {dagbag.py:536} INFO - Filling up the DagBag from /home/airflow/.local/lib/python3.8/site-packages/airflow/example_dags/example_datasets.py
[2023-11-05T03:05:12.648+0000] {processor.py:839} INFO - DAG(s) dict_keys(['dataset_consumes_1', 'dataset_produces_1', 'dataset_consumes_1_never_scheduled', 'dataset_consumes_unknown_never_scheduled', 'dataset_consumes_1_and_2', 'dataset_produces_2']) retrieved from /home/airflow/.local/lib/python3.8/site-packages/airflow/example_dags/example_datasets.py
[2023-11-05T03:05:12.682+0000] {logging_mixin.py:151} INFO - [2023-11-05T03:05:12.682+0000] {dag.py:2941} INFO - Sync 6 DAGs
[2023-11-05T03:05:12.706+0000] {logging_mixin.py:151} INFO - [2023-11-05T03:05:12.706+0000] {dag.py:3722} INFO - Setting next_dagrun for dataset_consumes_1 to None, run_after=None
[2023-11-05T03:05:12.710+0000] {logging_mixin.py:151} INFO - [2023-11-05T03:05:12.710+0000] {dag.py:3722} INFO - Setting next_dagrun for dataset_consumes_1_and_2 to None, run_after=None
[2023-11-05T03:05:12.711+0000] {logging_mixin.py:151} INFO - [2023-11-05T03:05:12.711+0000] {dag.py:3722} INFO - Setting next_dagrun for dataset_consumes_1_never_scheduled to None, run_after=None
[2023-11-05T03:05:12.712+0000] {logging_mixin.py:151} INFO - [2023-11-05T03:05:12.712+0000] {dag.py:3722} INFO - Setting next_dagrun for dataset_consumes_unknown_never_scheduled to None, run_after=None
[2023-11-05T03:05:12.715+0000] {logging_mixin.py:151} INFO - [2023-11-05T03:05:12.715+0000] {dag.py:3722} INFO - Setting next_dagrun for dataset_produces_1 to 2023-11-04T00:00:00+00:00, run_after=2023-11-05T00:00:00+00:00
[2023-11-05T03:05:12.716+0000] {logging_mixin.py:151} INFO - [2023-11-05T03:05:12.716+0000] {dag.py:3722} INFO - Setting next_dagrun for dataset_produces_2 to None, run_after=None
[2023-11-05T03:05:12.749+0000] {processor.py:179} INFO - Processing /home/airflow/.local/lib/python3.8/site-packages/airflow/example_dags/example_datasets.py took 0.115 seconds
[2023-11-05T03:05:43.603+0000] {processor.py:157} INFO - Started process (PID=862) to work on /home/airflow/.local/lib/python3.8/site-packages/airflow/example_dags/example_datasets.py
[2023-11-05T03:05:43.604+0000] {processor.py:829} INFO - Processing file /home/airflow/.local/lib/python3.8/site-packages/airflow/example_dags/example_datasets.py for tasks to queue
[2023-11-05T03:05:43.606+0000] {logging_mixin.py:151} INFO - [2023-11-05T03:05:43.605+0000] {dagbag.py:536} INFO - Filling up the DagBag from /home/airflow/.local/lib/python3.8/site-packages/airflow/example_dags/example_datasets.py
[2023-11-05T03:05:43.615+0000] {processor.py:839} INFO - DAG(s) dict_keys(['dataset_produces_2', 'dataset_consumes_1', 'dataset_produces_1', 'dataset_consumes_1_never_scheduled', 'dataset_consumes_1_and_2', 'dataset_consumes_unknown_never_scheduled']) retrieved from /home/airflow/.local/lib/python3.8/site-packages/airflow/example_dags/example_datasets.py
[2023-11-05T03:05:43.657+0000] {logging_mixin.py:151} INFO - [2023-11-05T03:05:43.657+0000] {dag.py:2941} INFO - Sync 6 DAGs
[2023-11-05T03:05:43.696+0000] {logging_mixin.py:151} INFO - [2023-11-05T03:05:43.695+0000] {dag.py:3722} INFO - Setting next_dagrun for dataset_consumes_1 to None, run_after=None
[2023-11-05T03:05:43.701+0000] {logging_mixin.py:151} INFO - [2023-11-05T03:05:43.701+0000] {dag.py:3722} INFO - Setting next_dagrun for dataset_consumes_1_and_2 to None, run_after=None
[2023-11-05T03:05:43.703+0000] {logging_mixin.py:151} INFO - [2023-11-05T03:05:43.703+0000] {dag.py:3722} INFO - Setting next_dagrun for dataset_consumes_1_never_scheduled to None, run_after=None
[2023-11-05T03:05:43.705+0000] {logging_mixin.py:151} INFO - [2023-11-05T03:05:43.705+0000] {dag.py:3722} INFO - Setting next_dagrun for dataset_consumes_unknown_never_scheduled to None, run_after=None
[2023-11-05T03:05:43.710+0000] {logging_mixin.py:151} INFO - [2023-11-05T03:05:43.709+0000] {dag.py:3722} INFO - Setting next_dagrun for dataset_produces_1 to 2023-11-04T00:00:00+00:00, run_after=2023-11-05T00:00:00+00:00
[2023-11-05T03:05:43.711+0000] {logging_mixin.py:151} INFO - [2023-11-05T03:05:43.711+0000] {dag.py:3722} INFO - Setting next_dagrun for dataset_produces_2 to None, run_after=None
[2023-11-05T03:05:43.745+0000] {processor.py:179} INFO - Processing /home/airflow/.local/lib/python3.8/site-packages/airflow/example_dags/example_datasets.py took 0.145 seconds
[2023-11-05T03:06:14.367+0000] {processor.py:157} INFO - Started process (PID=916) to work on /home/airflow/.local/lib/python3.8/site-packages/airflow/example_dags/example_datasets.py
[2023-11-05T03:06:14.367+0000] {processor.py:829} INFO - Processing file /home/airflow/.local/lib/python3.8/site-packages/airflow/example_dags/example_datasets.py for tasks to queue
[2023-11-05T03:06:14.369+0000] {logging_mixin.py:151} INFO - [2023-11-05T03:06:14.369+0000] {dagbag.py:536} INFO - Filling up the DagBag from /home/airflow/.local/lib/python3.8/site-packages/airflow/example_dags/example_datasets.py
[2023-11-05T03:06:14.377+0000] {processor.py:839} INFO - DAG(s) dict_keys(['dataset_consumes_1_and_2', 'dataset_consumes_unknown_never_scheduled', 'dataset_consumes_1_never_scheduled', 'dataset_produces_1', 'dataset_produces_2', 'dataset_consumes_1']) retrieved from /home/airflow/.local/lib/python3.8/site-packages/airflow/example_dags/example_datasets.py
[2023-11-05T03:06:14.410+0000] {logging_mixin.py:151} INFO - [2023-11-05T03:06:14.410+0000] {dag.py:2941} INFO - Sync 6 DAGs
[2023-11-05T03:06:14.438+0000] {logging_mixin.py:151} INFO - [2023-11-05T03:06:14.438+0000] {dag.py:3722} INFO - Setting next_dagrun for dataset_consumes_1 to None, run_after=None
[2023-11-05T03:06:14.442+0000] {logging_mixin.py:151} INFO - [2023-11-05T03:06:14.442+0000] {dag.py:3722} INFO - Setting next_dagrun for dataset_consumes_1_and_2 to None, run_after=None
[2023-11-05T03:06:14.444+0000] {logging_mixin.py:151} INFO - [2023-11-05T03:06:14.443+0000] {dag.py:3722} INFO - Setting next_dagrun for dataset_consumes_1_never_scheduled to None, run_after=None
[2023-11-05T03:06:14.445+0000] {logging_mixin.py:151} INFO - [2023-11-05T03:06:14.444+0000] {dag.py:3722} INFO - Setting next_dagrun for dataset_consumes_unknown_never_scheduled to None, run_after=None
[2023-11-05T03:06:14.448+0000] {logging_mixin.py:151} INFO - [2023-11-05T03:06:14.448+0000] {dag.py:3722} INFO - Setting next_dagrun for dataset_produces_1 to 2023-11-04T00:00:00+00:00, run_after=2023-11-05T00:00:00+00:00
[2023-11-05T03:06:14.449+0000] {logging_mixin.py:151} INFO - [2023-11-05T03:06:14.449+0000] {dag.py:3722} INFO - Setting next_dagrun for dataset_produces_2 to None, run_after=None
[2023-11-05T03:06:14.481+0000] {processor.py:179} INFO - Processing /home/airflow/.local/lib/python3.8/site-packages/airflow/example_dags/example_datasets.py took 0.117 seconds
[2023-11-05T03:06:45.554+0000] {processor.py:157} INFO - Started process (PID=970) to work on /home/airflow/.local/lib/python3.8/site-packages/airflow/example_dags/example_datasets.py
[2023-11-05T03:06:45.555+0000] {processor.py:829} INFO - Processing file /home/airflow/.local/lib/python3.8/site-packages/airflow/example_dags/example_datasets.py for tasks to queue
[2023-11-05T03:06:45.557+0000] {logging_mixin.py:151} INFO - [2023-11-05T03:06:45.557+0000] {dagbag.py:536} INFO - Filling up the DagBag from /home/airflow/.local/lib/python3.8/site-packages/airflow/example_dags/example_datasets.py
[2023-11-05T03:06:45.566+0000] {processor.py:839} INFO - DAG(s) dict_keys(['dataset_produces_2', 'dataset_produces_1', 'dataset_consumes_unknown_never_scheduled', 'dataset_consumes_1_and_2', 'dataset_consumes_1_never_scheduled', 'dataset_consumes_1']) retrieved from /home/airflow/.local/lib/python3.8/site-packages/airflow/example_dags/example_datasets.py
[2023-11-05T03:06:45.600+0000] {logging_mixin.py:151} INFO - [2023-11-05T03:06:45.600+0000] {dag.py:2941} INFO - Sync 6 DAGs
[2023-11-05T03:06:45.754+0000] {logging_mixin.py:151} INFO - [2023-11-05T03:06:45.754+0000] {dag.py:3722} INFO - Setting next_dagrun for dataset_consumes_1 to None, run_after=None
[2023-11-05T03:06:45.757+0000] {logging_mixin.py:151} INFO - [2023-11-05T03:06:45.757+0000] {dag.py:3722} INFO - Setting next_dagrun for dataset_consumes_1_and_2 to None, run_after=None
[2023-11-05T03:06:45.759+0000] {logging_mixin.py:151} INFO - [2023-11-05T03:06:45.758+0000] {dag.py:3722} INFO - Setting next_dagrun for dataset_consumes_1_never_scheduled to None, run_after=None
[2023-11-05T03:06:45.760+0000] {logging_mixin.py:151} INFO - [2023-11-05T03:06:45.760+0000] {dag.py:3722} INFO - Setting next_dagrun for dataset_consumes_unknown_never_scheduled to None, run_after=None
[2023-11-05T03:06:45.762+0000] {logging_mixin.py:151} INFO - [2023-11-05T03:06:45.762+0000] {dag.py:3722} INFO - Setting next_dagrun for dataset_produces_1 to 2023-11-04T00:00:00+00:00, run_after=2023-11-05T00:00:00+00:00
[2023-11-05T03:06:45.764+0000] {logging_mixin.py:151} INFO - [2023-11-05T03:06:45.763+0000] {dag.py:3722} INFO - Setting next_dagrun for dataset_produces_2 to None, run_after=None
[2023-11-05T03:06:45.793+0000] {processor.py:179} INFO - Processing /home/airflow/.local/lib/python3.8/site-packages/airflow/example_dags/example_datasets.py took 0.242 seconds
[2023-11-05T03:07:15.841+0000] {processor.py:157} INFO - Started process (PID=1025) to work on /home/airflow/.local/lib/python3.8/site-packages/airflow/example_dags/example_datasets.py
[2023-11-05T03:07:15.842+0000] {processor.py:829} INFO - Processing file /home/airflow/.local/lib/python3.8/site-packages/airflow/example_dags/example_datasets.py for tasks to queue
[2023-11-05T03:07:15.843+0000] {logging_mixin.py:151} INFO - [2023-11-05T03:07:15.843+0000] {dagbag.py:536} INFO - Filling up the DagBag from /home/airflow/.local/lib/python3.8/site-packages/airflow/example_dags/example_datasets.py
[2023-11-05T03:07:15.852+0000] {processor.py:839} INFO - DAG(s) dict_keys(['dataset_produces_1', 'dataset_consumes_1_and_2', 'dataset_consumes_unknown_never_scheduled', 'dataset_consumes_1', 'dataset_consumes_1_never_scheduled', 'dataset_produces_2']) retrieved from /home/airflow/.local/lib/python3.8/site-packages/airflow/example_dags/example_datasets.py
[2023-11-05T03:07:15.888+0000] {logging_mixin.py:151} INFO - [2023-11-05T03:07:15.888+0000] {dag.py:2941} INFO - Sync 6 DAGs
[2023-11-05T03:07:15.913+0000] {logging_mixin.py:151} INFO - [2023-11-05T03:07:15.913+0000] {dag.py:3722} INFO - Setting next_dagrun for dataset_consumes_1 to None, run_after=None
[2023-11-05T03:07:15.918+0000] {logging_mixin.py:151} INFO - [2023-11-05T03:07:15.917+0000] {dag.py:3722} INFO - Setting next_dagrun for dataset_consumes_1_and_2 to None, run_after=None
[2023-11-05T03:07:15.920+0000] {logging_mixin.py:151} INFO - [2023-11-05T03:07:15.920+0000] {dag.py:3722} INFO - Setting next_dagrun for dataset_consumes_1_never_scheduled to None, run_after=None
[2023-11-05T03:07:15.922+0000] {logging_mixin.py:151} INFO - [2023-11-05T03:07:15.922+0000] {dag.py:3722} INFO - Setting next_dagrun for dataset_consumes_unknown_never_scheduled to None, run_after=None
[2023-11-05T03:07:15.925+0000] {logging_mixin.py:151} INFO - [2023-11-05T03:07:15.925+0000] {dag.py:3722} INFO - Setting next_dagrun for dataset_produces_1 to 2023-11-04T00:00:00+00:00, run_after=2023-11-05T00:00:00+00:00
[2023-11-05T03:07:15.926+0000] {logging_mixin.py:151} INFO - [2023-11-05T03:07:15.926+0000] {dag.py:3722} INFO - Setting next_dagrun for dataset_produces_2 to None, run_after=None
[2023-11-05T03:07:16.108+0000] {processor.py:179} INFO - Processing /home/airflow/.local/lib/python3.8/site-packages/airflow/example_dags/example_datasets.py took 0.269 seconds
[2023-11-05T03:07:47.094+0000] {processor.py:157} INFO - Started process (PID=1079) to work on /home/airflow/.local/lib/python3.8/site-packages/airflow/example_dags/example_datasets.py
[2023-11-05T03:07:47.096+0000] {processor.py:829} INFO - Processing file /home/airflow/.local/lib/python3.8/site-packages/airflow/example_dags/example_datasets.py for tasks to queue
[2023-11-05T03:07:47.099+0000] {logging_mixin.py:151} INFO - [2023-11-05T03:07:47.099+0000] {dagbag.py:536} INFO - Filling up the DagBag from /home/airflow/.local/lib/python3.8/site-packages/airflow/example_dags/example_datasets.py
[2023-11-05T03:07:47.122+0000] {processor.py:839} INFO - DAG(s) dict_keys(['dataset_produces_2', 'dataset_consumes_1_never_scheduled', 'dataset_consumes_1', 'dataset_produces_1', 'dataset_consumes_1_and_2', 'dataset_consumes_unknown_never_scheduled']) retrieved from /home/airflow/.local/lib/python3.8/site-packages/airflow/example_dags/example_datasets.py
[2023-11-05T03:07:47.187+0000] {logging_mixin.py:151} INFO - [2023-11-05T03:07:47.187+0000] {dag.py:2941} INFO - Sync 6 DAGs
[2023-11-05T03:07:47.212+0000] {logging_mixin.py:151} INFO - [2023-11-05T03:07:47.212+0000] {dag.py:3722} INFO - Setting next_dagrun for dataset_consumes_1 to None, run_after=None
[2023-11-05T03:07:47.216+0000] {logging_mixin.py:151} INFO - [2023-11-05T03:07:47.216+0000] {dag.py:3722} INFO - Setting next_dagrun for dataset_consumes_1_and_2 to None, run_after=None
[2023-11-05T03:07:47.219+0000] {logging_mixin.py:151} INFO - [2023-11-05T03:07:47.218+0000] {dag.py:3722} INFO - Setting next_dagrun for dataset_consumes_1_never_scheduled to None, run_after=None
[2023-11-05T03:07:47.220+0000] {logging_mixin.py:151} INFO - [2023-11-05T03:07:47.220+0000] {dag.py:3722} INFO - Setting next_dagrun for dataset_consumes_unknown_never_scheduled to None, run_after=None
[2023-11-05T03:07:47.223+0000] {logging_mixin.py:151} INFO - [2023-11-05T03:07:47.223+0000] {dag.py:3722} INFO - Setting next_dagrun for dataset_produces_1 to 2023-11-04T00:00:00+00:00, run_after=2023-11-05T00:00:00+00:00
[2023-11-05T03:07:47.224+0000] {logging_mixin.py:151} INFO - [2023-11-05T03:07:47.224+0000] {dag.py:3722} INFO - Setting next_dagrun for dataset_produces_2 to None, run_after=None
[2023-11-05T03:07:47.257+0000] {processor.py:179} INFO - Processing /home/airflow/.local/lib/python3.8/site-packages/airflow/example_dags/example_datasets.py took 0.169 seconds
