[2023-11-05T02:58:04.005+0000] {processor.py:157} INFO - Started process (PID=59) to work on /home/airflow/.local/lib/python3.8/site-packages/airflow/example_dags/example_python_operator.py
[2023-11-05T02:58:04.006+0000] {processor.py:829} INFO - Processing file /home/airflow/.local/lib/python3.8/site-packages/airflow/example_dags/example_python_operator.py for tasks to queue
[2023-11-05T02:58:04.008+0000] {logging_mixin.py:151} INFO - [2023-11-05T02:58:04.008+0000] {dagbag.py:536} INFO - Filling up the DagBag from /home/airflow/.local/lib/python3.8/site-packages/airflow/example_dags/example_python_operator.py
[2023-11-05T02:58:04.024+0000] {processor.py:839} INFO - DAG(s) dict_keys(['example_python_operator']) retrieved from /home/airflow/.local/lib/python3.8/site-packages/airflow/example_dags/example_python_operator.py
[2023-11-05T02:58:04.039+0000] {logging_mixin.py:151} INFO - [2023-11-05T02:58:04.038+0000] {dag.py:2941} INFO - Sync 1 DAGs
[2023-11-05T02:58:04.056+0000] {logging_mixin.py:151} INFO - [2023-11-05T02:58:04.056+0000] {dag.py:3722} INFO - Setting next_dagrun for example_python_operator to None, run_after=None
[2023-11-05T02:58:04.083+0000] {processor.py:179} INFO - Processing /home/airflow/.local/lib/python3.8/site-packages/airflow/example_dags/example_python_operator.py took 0.082 seconds
[2023-11-05T02:58:34.292+0000] {processor.py:157} INFO - Started process (PID=113) to work on /home/airflow/.local/lib/python3.8/site-packages/airflow/example_dags/example_python_operator.py
[2023-11-05T02:58:34.293+0000] {processor.py:829} INFO - Processing file /home/airflow/.local/lib/python3.8/site-packages/airflow/example_dags/example_python_operator.py for tasks to queue
[2023-11-05T02:58:34.295+0000] {logging_mixin.py:151} INFO - [2023-11-05T02:58:34.294+0000] {dagbag.py:536} INFO - Filling up the DagBag from /home/airflow/.local/lib/python3.8/site-packages/airflow/example_dags/example_python_operator.py
[2023-11-05T02:58:34.309+0000] {processor.py:839} INFO - DAG(s) dict_keys(['example_python_operator']) retrieved from /home/airflow/.local/lib/python3.8/site-packages/airflow/example_dags/example_python_operator.py
[2023-11-05T02:58:34.466+0000] {logging_mixin.py:151} INFO - [2023-11-05T02:58:34.466+0000] {dag.py:2941} INFO - Sync 1 DAGs
[2023-11-05T02:58:34.476+0000] {logging_mixin.py:151} INFO - [2023-11-05T02:58:34.476+0000] {dag.py:3722} INFO - Setting next_dagrun for example_python_operator to None, run_after=None
[2023-11-05T02:58:34.494+0000] {processor.py:179} INFO - Processing /home/airflow/.local/lib/python3.8/site-packages/airflow/example_dags/example_python_operator.py took 0.205 seconds
[2023-11-05T02:59:05.096+0000] {processor.py:157} INFO - Started process (PID=168) to work on /home/airflow/.local/lib/python3.8/site-packages/airflow/example_dags/example_python_operator.py
[2023-11-05T02:59:05.097+0000] {processor.py:829} INFO - Processing file /home/airflow/.local/lib/python3.8/site-packages/airflow/example_dags/example_python_operator.py for tasks to queue
[2023-11-05T02:59:05.098+0000] {logging_mixin.py:151} INFO - [2023-11-05T02:59:05.098+0000] {dagbag.py:536} INFO - Filling up the DagBag from /home/airflow/.local/lib/python3.8/site-packages/airflow/example_dags/example_python_operator.py
[2023-11-05T02:59:05.115+0000] {processor.py:839} INFO - DAG(s) dict_keys(['example_python_operator']) retrieved from /home/airflow/.local/lib/python3.8/site-packages/airflow/example_dags/example_python_operator.py
[2023-11-05T02:59:05.152+0000] {logging_mixin.py:151} INFO - [2023-11-05T02:59:05.151+0000] {dag.py:2941} INFO - Sync 1 DAGs
[2023-11-05T02:59:05.175+0000] {logging_mixin.py:151} INFO - [2023-11-05T02:59:05.175+0000] {dag.py:3722} INFO - Setting next_dagrun for example_python_operator to None, run_after=None
[2023-11-05T02:59:05.211+0000] {processor.py:179} INFO - Processing /home/airflow/.local/lib/python3.8/site-packages/airflow/example_dags/example_python_operator.py took 0.119 seconds
[2023-11-05T02:59:35.827+0000] {processor.py:157} INFO - Started process (PID=222) to work on /home/airflow/.local/lib/python3.8/site-packages/airflow/example_dags/example_python_operator.py
[2023-11-05T02:59:35.828+0000] {processor.py:829} INFO - Processing file /home/airflow/.local/lib/python3.8/site-packages/airflow/example_dags/example_python_operator.py for tasks to queue
[2023-11-05T02:59:35.829+0000] {logging_mixin.py:151} INFO - [2023-11-05T02:59:35.829+0000] {dagbag.py:536} INFO - Filling up the DagBag from /home/airflow/.local/lib/python3.8/site-packages/airflow/example_dags/example_python_operator.py
[2023-11-05T02:59:35.840+0000] {processor.py:839} INFO - DAG(s) dict_keys(['example_python_operator']) retrieved from /home/airflow/.local/lib/python3.8/site-packages/airflow/example_dags/example_python_operator.py
[2023-11-05T02:59:35.865+0000] {logging_mixin.py:151} INFO - [2023-11-05T02:59:35.865+0000] {dag.py:2941} INFO - Sync 1 DAGs
[2023-11-05T02:59:35.881+0000] {logging_mixin.py:151} INFO - [2023-11-05T02:59:35.881+0000] {dag.py:3722} INFO - Setting next_dagrun for example_python_operator to None, run_after=None
[2023-11-05T02:59:35.906+0000] {processor.py:179} INFO - Processing /home/airflow/.local/lib/python3.8/site-packages/airflow/example_dags/example_python_operator.py took 0.082 seconds
[2023-11-05T03:00:06.811+0000] {processor.py:157} INFO - Started process (PID=275) to work on /home/airflow/.local/lib/python3.8/site-packages/airflow/example_dags/example_python_operator.py
[2023-11-05T03:00:06.812+0000] {processor.py:829} INFO - Processing file /home/airflow/.local/lib/python3.8/site-packages/airflow/example_dags/example_python_operator.py for tasks to queue
[2023-11-05T03:00:06.815+0000] {logging_mixin.py:151} INFO - [2023-11-05T03:00:06.815+0000] {dagbag.py:536} INFO - Filling up the DagBag from /home/airflow/.local/lib/python3.8/site-packages/airflow/example_dags/example_python_operator.py
[2023-11-05T03:00:06.830+0000] {processor.py:839} INFO - DAG(s) dict_keys(['example_python_operator']) retrieved from /home/airflow/.local/lib/python3.8/site-packages/airflow/example_dags/example_python_operator.py
[2023-11-05T03:00:06.857+0000] {logging_mixin.py:151} INFO - [2023-11-05T03:00:06.856+0000] {dag.py:2941} INFO - Sync 1 DAGs
[2023-11-05T03:00:06.871+0000] {logging_mixin.py:151} INFO - [2023-11-05T03:00:06.870+0000] {dag.py:3722} INFO - Setting next_dagrun for example_python_operator to None, run_after=None
[2023-11-05T03:00:06.894+0000] {processor.py:179} INFO - Processing /home/airflow/.local/lib/python3.8/site-packages/airflow/example_dags/example_python_operator.py took 0.087 seconds
[2023-11-05T03:00:38.155+0000] {processor.py:157} INFO - Started process (PID=328) to work on /home/airflow/.local/lib/python3.8/site-packages/airflow/example_dags/example_python_operator.py
[2023-11-05T03:00:38.156+0000] {processor.py:829} INFO - Processing file /home/airflow/.local/lib/python3.8/site-packages/airflow/example_dags/example_python_operator.py for tasks to queue
[2023-11-05T03:00:38.159+0000] {logging_mixin.py:151} INFO - [2023-11-05T03:00:38.159+0000] {dagbag.py:536} INFO - Filling up the DagBag from /home/airflow/.local/lib/python3.8/site-packages/airflow/example_dags/example_python_operator.py
[2023-11-05T03:00:38.181+0000] {processor.py:839} INFO - DAG(s) dict_keys(['example_python_operator']) retrieved from /home/airflow/.local/lib/python3.8/site-packages/airflow/example_dags/example_python_operator.py
[2023-11-05T03:00:38.235+0000] {logging_mixin.py:151} INFO - [2023-11-05T03:00:38.235+0000] {dag.py:2941} INFO - Sync 1 DAGs
[2023-11-05T03:00:38.263+0000] {logging_mixin.py:151} INFO - [2023-11-05T03:00:38.263+0000] {dag.py:3722} INFO - Setting next_dagrun for example_python_operator to None, run_after=None
[2023-11-05T03:00:38.285+0000] {processor.py:179} INFO - Processing /home/airflow/.local/lib/python3.8/site-packages/airflow/example_dags/example_python_operator.py took 0.135 seconds
[2023-11-05T03:01:08.458+0000] {processor.py:157} INFO - Started process (PID=383) to work on /home/airflow/.local/lib/python3.8/site-packages/airflow/example_dags/example_python_operator.py
[2023-11-05T03:01:08.459+0000] {processor.py:829} INFO - Processing file /home/airflow/.local/lib/python3.8/site-packages/airflow/example_dags/example_python_operator.py for tasks to queue
[2023-11-05T03:01:08.461+0000] {logging_mixin.py:151} INFO - [2023-11-05T03:01:08.460+0000] {dagbag.py:536} INFO - Filling up the DagBag from /home/airflow/.local/lib/python3.8/site-packages/airflow/example_dags/example_python_operator.py
[2023-11-05T03:01:08.469+0000] {processor.py:839} INFO - DAG(s) dict_keys(['example_python_operator']) retrieved from /home/airflow/.local/lib/python3.8/site-packages/airflow/example_dags/example_python_operator.py
[2023-11-05T03:01:08.503+0000] {logging_mixin.py:151} INFO - [2023-11-05T03:01:08.503+0000] {dag.py:2941} INFO - Sync 1 DAGs
[2023-11-05T03:01:08.517+0000] {logging_mixin.py:151} INFO - [2023-11-05T03:01:08.517+0000] {dag.py:3722} INFO - Setting next_dagrun for example_python_operator to None, run_after=None
[2023-11-05T03:01:08.538+0000] {processor.py:179} INFO - Processing /home/airflow/.local/lib/python3.8/site-packages/airflow/example_dags/example_python_operator.py took 0.083 seconds
[2023-11-05T03:01:38.666+0000] {processor.py:157} INFO - Started process (PID=436) to work on /home/airflow/.local/lib/python3.8/site-packages/airflow/example_dags/example_python_operator.py
[2023-11-05T03:01:38.667+0000] {processor.py:829} INFO - Processing file /home/airflow/.local/lib/python3.8/site-packages/airflow/example_dags/example_python_operator.py for tasks to queue
[2023-11-05T03:01:38.669+0000] {logging_mixin.py:151} INFO - [2023-11-05T03:01:38.669+0000] {dagbag.py:536} INFO - Filling up the DagBag from /home/airflow/.local/lib/python3.8/site-packages/airflow/example_dags/example_python_operator.py
[2023-11-05T03:01:38.678+0000] {processor.py:839} INFO - DAG(s) dict_keys(['example_python_operator']) retrieved from /home/airflow/.local/lib/python3.8/site-packages/airflow/example_dags/example_python_operator.py
[2023-11-05T03:01:38.705+0000] {logging_mixin.py:151} INFO - [2023-11-05T03:01:38.704+0000] {dag.py:2941} INFO - Sync 1 DAGs
[2023-11-05T03:01:38.720+0000] {logging_mixin.py:151} INFO - [2023-11-05T03:01:38.720+0000] {dag.py:3722} INFO - Setting next_dagrun for example_python_operator to None, run_after=None
[2023-11-05T03:01:38.741+0000] {processor.py:179} INFO - Processing /home/airflow/.local/lib/python3.8/site-packages/airflow/example_dags/example_python_operator.py took 0.078 seconds
[2023-11-05T03:02:09.407+0000] {processor.py:157} INFO - Started process (PID=490) to work on /home/airflow/.local/lib/python3.8/site-packages/airflow/example_dags/example_python_operator.py
[2023-11-05T03:02:09.408+0000] {processor.py:829} INFO - Processing file /home/airflow/.local/lib/python3.8/site-packages/airflow/example_dags/example_python_operator.py for tasks to queue
[2023-11-05T03:02:09.410+0000] {logging_mixin.py:151} INFO - [2023-11-05T03:02:09.410+0000] {dagbag.py:536} INFO - Filling up the DagBag from /home/airflow/.local/lib/python3.8/site-packages/airflow/example_dags/example_python_operator.py
[2023-11-05T03:02:09.419+0000] {processor.py:839} INFO - DAG(s) dict_keys(['example_python_operator']) retrieved from /home/airflow/.local/lib/python3.8/site-packages/airflow/example_dags/example_python_operator.py
[2023-11-05T03:02:09.441+0000] {logging_mixin.py:151} INFO - [2023-11-05T03:02:09.441+0000] {dag.py:2941} INFO - Sync 1 DAGs
[2023-11-05T03:02:09.453+0000] {logging_mixin.py:151} INFO - [2023-11-05T03:02:09.453+0000] {dag.py:3722} INFO - Setting next_dagrun for example_python_operator to None, run_after=None
[2023-11-05T03:02:09.470+0000] {processor.py:179} INFO - Processing /home/airflow/.local/lib/python3.8/site-packages/airflow/example_dags/example_python_operator.py took 0.066 seconds
[2023-11-05T03:02:39.543+0000] {processor.py:157} INFO - Started process (PID=543) to work on /home/airflow/.local/lib/python3.8/site-packages/airflow/example_dags/example_python_operator.py
[2023-11-05T03:02:39.544+0000] {processor.py:829} INFO - Processing file /home/airflow/.local/lib/python3.8/site-packages/airflow/example_dags/example_python_operator.py for tasks to queue
[2023-11-05T03:02:39.546+0000] {logging_mixin.py:151} INFO - [2023-11-05T03:02:39.545+0000] {dagbag.py:536} INFO - Filling up the DagBag from /home/airflow/.local/lib/python3.8/site-packages/airflow/example_dags/example_python_operator.py
[2023-11-05T03:02:39.555+0000] {processor.py:839} INFO - DAG(s) dict_keys(['example_python_operator']) retrieved from /home/airflow/.local/lib/python3.8/site-packages/airflow/example_dags/example_python_operator.py
[2023-11-05T03:02:39.584+0000] {logging_mixin.py:151} INFO - [2023-11-05T03:02:39.583+0000] {dag.py:2941} INFO - Sync 1 DAGs
[2023-11-05T03:02:39.596+0000] {logging_mixin.py:151} INFO - [2023-11-05T03:02:39.595+0000] {dag.py:3722} INFO - Setting next_dagrun for example_python_operator to None, run_after=None
[2023-11-05T03:02:39.613+0000] {processor.py:179} INFO - Processing /home/airflow/.local/lib/python3.8/site-packages/airflow/example_dags/example_python_operator.py took 0.073 seconds
[2023-11-05T03:03:10.439+0000] {processor.py:157} INFO - Started process (PID=597) to work on /home/airflow/.local/lib/python3.8/site-packages/airflow/example_dags/example_python_operator.py
[2023-11-05T03:03:10.441+0000] {processor.py:829} INFO - Processing file /home/airflow/.local/lib/python3.8/site-packages/airflow/example_dags/example_python_operator.py for tasks to queue
[2023-11-05T03:03:10.444+0000] {logging_mixin.py:151} INFO - [2023-11-05T03:03:10.444+0000] {dagbag.py:536} INFO - Filling up the DagBag from /home/airflow/.local/lib/python3.8/site-packages/airflow/example_dags/example_python_operator.py
[2023-11-05T03:03:10.463+0000] {processor.py:839} INFO - DAG(s) dict_keys(['example_python_operator']) retrieved from /home/airflow/.local/lib/python3.8/site-packages/airflow/example_dags/example_python_operator.py
[2023-11-05T03:03:10.518+0000] {logging_mixin.py:151} INFO - [2023-11-05T03:03:10.517+0000] {dag.py:2941} INFO - Sync 1 DAGs
[2023-11-05T03:03:10.545+0000] {logging_mixin.py:151} INFO - [2023-11-05T03:03:10.545+0000] {dag.py:3722} INFO - Setting next_dagrun for example_python_operator to None, run_after=None
[2023-11-05T03:03:10.589+0000] {processor.py:179} INFO - Processing /home/airflow/.local/lib/python3.8/site-packages/airflow/example_dags/example_python_operator.py took 0.156 seconds
[2023-11-05T03:03:40.634+0000] {processor.py:157} INFO - Started process (PID=651) to work on /home/airflow/.local/lib/python3.8/site-packages/airflow/example_dags/example_python_operator.py
[2023-11-05T03:03:40.634+0000] {processor.py:829} INFO - Processing file /home/airflow/.local/lib/python3.8/site-packages/airflow/example_dags/example_python_operator.py for tasks to queue
[2023-11-05T03:03:40.637+0000] {logging_mixin.py:151} INFO - [2023-11-05T03:03:40.636+0000] {dagbag.py:536} INFO - Filling up the DagBag from /home/airflow/.local/lib/python3.8/site-packages/airflow/example_dags/example_python_operator.py
[2023-11-05T03:03:40.648+0000] {processor.py:839} INFO - DAG(s) dict_keys(['example_python_operator']) retrieved from /home/airflow/.local/lib/python3.8/site-packages/airflow/example_dags/example_python_operator.py
[2023-11-05T03:03:40.680+0000] {logging_mixin.py:151} INFO - [2023-11-05T03:03:40.679+0000] {dag.py:2941} INFO - Sync 1 DAGs
[2023-11-05T03:03:40.694+0000] {logging_mixin.py:151} INFO - [2023-11-05T03:03:40.694+0000] {dag.py:3722} INFO - Setting next_dagrun for example_python_operator to None, run_after=None
[2023-11-05T03:03:40.715+0000] {processor.py:179} INFO - Processing /home/airflow/.local/lib/python3.8/site-packages/airflow/example_dags/example_python_operator.py took 0.084 seconds
[2023-11-05T03:04:11.619+0000] {processor.py:157} INFO - Started process (PID=705) to work on /home/airflow/.local/lib/python3.8/site-packages/airflow/example_dags/example_python_operator.py
[2023-11-05T03:04:11.621+0000] {processor.py:829} INFO - Processing file /home/airflow/.local/lib/python3.8/site-packages/airflow/example_dags/example_python_operator.py for tasks to queue
[2023-11-05T03:04:11.625+0000] {logging_mixin.py:151} INFO - [2023-11-05T03:04:11.625+0000] {dagbag.py:536} INFO - Filling up the DagBag from /home/airflow/.local/lib/python3.8/site-packages/airflow/example_dags/example_python_operator.py
[2023-11-05T03:04:11.644+0000] {processor.py:839} INFO - DAG(s) dict_keys(['example_python_operator']) retrieved from /home/airflow/.local/lib/python3.8/site-packages/airflow/example_dags/example_python_operator.py
[2023-11-05T03:04:11.686+0000] {logging_mixin.py:151} INFO - [2023-11-05T03:04:11.685+0000] {dag.py:2941} INFO - Sync 1 DAGs
[2023-11-05T03:04:11.705+0000] {logging_mixin.py:151} INFO - [2023-11-05T03:04:11.705+0000] {dag.py:3722} INFO - Setting next_dagrun for example_python_operator to None, run_after=None
[2023-11-05T03:04:11.733+0000] {processor.py:179} INFO - Processing /home/airflow/.local/lib/python3.8/site-packages/airflow/example_dags/example_python_operator.py took 0.120 seconds
[2023-11-05T03:04:42.569+0000] {processor.py:157} INFO - Started process (PID=760) to work on /home/airflow/.local/lib/python3.8/site-packages/airflow/example_dags/example_python_operator.py
[2023-11-05T03:04:42.570+0000] {processor.py:829} INFO - Processing file /home/airflow/.local/lib/python3.8/site-packages/airflow/example_dags/example_python_operator.py for tasks to queue
[2023-11-05T03:04:42.572+0000] {logging_mixin.py:151} INFO - [2023-11-05T03:04:42.572+0000] {dagbag.py:536} INFO - Filling up the DagBag from /home/airflow/.local/lib/python3.8/site-packages/airflow/example_dags/example_python_operator.py
[2023-11-05T03:04:42.586+0000] {processor.py:839} INFO - DAG(s) dict_keys(['example_python_operator']) retrieved from /home/airflow/.local/lib/python3.8/site-packages/airflow/example_dags/example_python_operator.py
[2023-11-05T03:04:42.609+0000] {logging_mixin.py:151} INFO - [2023-11-05T03:04:42.609+0000] {dag.py:2941} INFO - Sync 1 DAGs
[2023-11-05T03:04:42.621+0000] {logging_mixin.py:151} INFO - [2023-11-05T03:04:42.621+0000] {dag.py:3722} INFO - Setting next_dagrun for example_python_operator to None, run_after=None
[2023-11-05T03:04:42.641+0000] {processor.py:179} INFO - Processing /home/airflow/.local/lib/python3.8/site-packages/airflow/example_dags/example_python_operator.py took 0.075 seconds
[2023-11-05T03:05:13.165+0000] {processor.py:157} INFO - Started process (PID=814) to work on /home/airflow/.local/lib/python3.8/site-packages/airflow/example_dags/example_python_operator.py
[2023-11-05T03:05:13.166+0000] {processor.py:829} INFO - Processing file /home/airflow/.local/lib/python3.8/site-packages/airflow/example_dags/example_python_operator.py for tasks to queue
[2023-11-05T03:05:13.170+0000] {logging_mixin.py:151} INFO - [2023-11-05T03:05:13.169+0000] {dagbag.py:536} INFO - Filling up the DagBag from /home/airflow/.local/lib/python3.8/site-packages/airflow/example_dags/example_python_operator.py
[2023-11-05T03:05:13.191+0000] {processor.py:839} INFO - DAG(s) dict_keys(['example_python_operator']) retrieved from /home/airflow/.local/lib/python3.8/site-packages/airflow/example_dags/example_python_operator.py
[2023-11-05T03:05:13.245+0000] {logging_mixin.py:151} INFO - [2023-11-05T03:05:13.244+0000] {dag.py:2941} INFO - Sync 1 DAGs
[2023-11-05T03:05:13.265+0000] {logging_mixin.py:151} INFO - [2023-11-05T03:05:13.265+0000] {dag.py:3722} INFO - Setting next_dagrun for example_python_operator to None, run_after=None
[2023-11-05T03:05:13.292+0000] {processor.py:179} INFO - Processing /home/airflow/.local/lib/python3.8/site-packages/airflow/example_dags/example_python_operator.py took 0.134 seconds
[2023-11-05T03:05:44.053+0000] {processor.py:157} INFO - Started process (PID=868) to work on /home/airflow/.local/lib/python3.8/site-packages/airflow/example_dags/example_python_operator.py
[2023-11-05T03:05:44.054+0000] {processor.py:829} INFO - Processing file /home/airflow/.local/lib/python3.8/site-packages/airflow/example_dags/example_python_operator.py for tasks to queue
[2023-11-05T03:05:44.057+0000] {logging_mixin.py:151} INFO - [2023-11-05T03:05:44.056+0000] {dagbag.py:536} INFO - Filling up the DagBag from /home/airflow/.local/lib/python3.8/site-packages/airflow/example_dags/example_python_operator.py
[2023-11-05T03:05:44.068+0000] {processor.py:839} INFO - DAG(s) dict_keys(['example_python_operator']) retrieved from /home/airflow/.local/lib/python3.8/site-packages/airflow/example_dags/example_python_operator.py
[2023-11-05T03:05:44.091+0000] {logging_mixin.py:151} INFO - [2023-11-05T03:05:44.091+0000] {dag.py:2941} INFO - Sync 1 DAGs
[2023-11-05T03:05:44.104+0000] {logging_mixin.py:151} INFO - [2023-11-05T03:05:44.104+0000] {dag.py:3722} INFO - Setting next_dagrun for example_python_operator to None, run_after=None
[2023-11-05T03:05:44.124+0000] {processor.py:179} INFO - Processing /home/airflow/.local/lib/python3.8/site-packages/airflow/example_dags/example_python_operator.py took 0.074 seconds
[2023-11-05T03:06:14.687+0000] {processor.py:157} INFO - Started process (PID=922) to work on /home/airflow/.local/lib/python3.8/site-packages/airflow/example_dags/example_python_operator.py
[2023-11-05T03:06:14.688+0000] {processor.py:829} INFO - Processing file /home/airflow/.local/lib/python3.8/site-packages/airflow/example_dags/example_python_operator.py for tasks to queue
[2023-11-05T03:06:14.690+0000] {logging_mixin.py:151} INFO - [2023-11-05T03:06:14.690+0000] {dagbag.py:536} INFO - Filling up the DagBag from /home/airflow/.local/lib/python3.8/site-packages/airflow/example_dags/example_python_operator.py
[2023-11-05T03:06:14.699+0000] {processor.py:839} INFO - DAG(s) dict_keys(['example_python_operator']) retrieved from /home/airflow/.local/lib/python3.8/site-packages/airflow/example_dags/example_python_operator.py
[2023-11-05T03:06:14.722+0000] {logging_mixin.py:151} INFO - [2023-11-05T03:06:14.722+0000] {dag.py:2941} INFO - Sync 1 DAGs
[2023-11-05T03:06:14.738+0000] {logging_mixin.py:151} INFO - [2023-11-05T03:06:14.738+0000] {dag.py:3722} INFO - Setting next_dagrun for example_python_operator to None, run_after=None
[2023-11-05T03:06:14.757+0000] {processor.py:179} INFO - Processing /home/airflow/.local/lib/python3.8/site-packages/airflow/example_dags/example_python_operator.py took 0.074 seconds
[2023-11-05T03:06:46.241+0000] {processor.py:157} INFO - Started process (PID=976) to work on /home/airflow/.local/lib/python3.8/site-packages/airflow/example_dags/example_python_operator.py
[2023-11-05T03:06:46.242+0000] {processor.py:829} INFO - Processing file /home/airflow/.local/lib/python3.8/site-packages/airflow/example_dags/example_python_operator.py for tasks to queue
[2023-11-05T03:06:46.243+0000] {logging_mixin.py:151} INFO - [2023-11-05T03:06:46.243+0000] {dagbag.py:536} INFO - Filling up the DagBag from /home/airflow/.local/lib/python3.8/site-packages/airflow/example_dags/example_python_operator.py
[2023-11-05T03:06:46.253+0000] {processor.py:839} INFO - DAG(s) dict_keys(['example_python_operator']) retrieved from /home/airflow/.local/lib/python3.8/site-packages/airflow/example_dags/example_python_operator.py
[2023-11-05T03:06:46.276+0000] {logging_mixin.py:151} INFO - [2023-11-05T03:06:46.276+0000] {dag.py:2941} INFO - Sync 1 DAGs
[2023-11-05T03:06:46.290+0000] {logging_mixin.py:151} INFO - [2023-11-05T03:06:46.289+0000] {dag.py:3722} INFO - Setting next_dagrun for example_python_operator to None, run_after=None
[2023-11-05T03:06:46.459+0000] {processor.py:179} INFO - Processing /home/airflow/.local/lib/python3.8/site-packages/airflow/example_dags/example_python_operator.py took 0.221 seconds
[2023-11-05T03:07:16.489+0000] {processor.py:157} INFO - Started process (PID=1030) to work on /home/airflow/.local/lib/python3.8/site-packages/airflow/example_dags/example_python_operator.py
[2023-11-05T03:07:16.490+0000] {processor.py:829} INFO - Processing file /home/airflow/.local/lib/python3.8/site-packages/airflow/example_dags/example_python_operator.py for tasks to queue
[2023-11-05T03:07:16.493+0000] {logging_mixin.py:151} INFO - [2023-11-05T03:07:16.493+0000] {dagbag.py:536} INFO - Filling up the DagBag from /home/airflow/.local/lib/python3.8/site-packages/airflow/example_dags/example_python_operator.py
[2023-11-05T03:07:16.513+0000] {processor.py:839} INFO - DAG(s) dict_keys(['example_python_operator']) retrieved from /home/airflow/.local/lib/python3.8/site-packages/airflow/example_dags/example_python_operator.py
[2023-11-05T03:07:16.546+0000] {logging_mixin.py:151} INFO - [2023-11-05T03:07:16.545+0000] {dag.py:2941} INFO - Sync 1 DAGs
[2023-11-05T03:07:16.557+0000] {logging_mixin.py:151} INFO - [2023-11-05T03:07:16.557+0000] {dag.py:3722} INFO - Setting next_dagrun for example_python_operator to None, run_after=None
[2023-11-05T03:07:16.574+0000] {processor.py:179} INFO - Processing /home/airflow/.local/lib/python3.8/site-packages/airflow/example_dags/example_python_operator.py took 0.088 seconds
[2023-11-05T03:07:47.392+0000] {processor.py:157} INFO - Started process (PID=1084) to work on /home/airflow/.local/lib/python3.8/site-packages/airflow/example_dags/example_python_operator.py
[2023-11-05T03:07:47.393+0000] {processor.py:829} INFO - Processing file /home/airflow/.local/lib/python3.8/site-packages/airflow/example_dags/example_python_operator.py for tasks to queue
[2023-11-05T03:07:47.395+0000] {logging_mixin.py:151} INFO - [2023-11-05T03:07:47.394+0000] {dagbag.py:536} INFO - Filling up the DagBag from /home/airflow/.local/lib/python3.8/site-packages/airflow/example_dags/example_python_operator.py
[2023-11-05T03:07:47.406+0000] {processor.py:839} INFO - DAG(s) dict_keys(['example_python_operator']) retrieved from /home/airflow/.local/lib/python3.8/site-packages/airflow/example_dags/example_python_operator.py
[2023-11-05T03:07:47.438+0000] {logging_mixin.py:151} INFO - [2023-11-05T03:07:47.438+0000] {dag.py:2941} INFO - Sync 1 DAGs
[2023-11-05T03:07:47.451+0000] {logging_mixin.py:151} INFO - [2023-11-05T03:07:47.451+0000] {dag.py:3722} INFO - Setting next_dagrun for example_python_operator to None, run_after=None
[2023-11-05T03:07:47.469+0000] {processor.py:179} INFO - Processing /home/airflow/.local/lib/python3.8/site-packages/airflow/example_dags/example_python_operator.py took 0.080 seconds
