[2023-11-05T02:58:02.826+0000] {processor.py:157} INFO - Started process (PID=45) to work on /home/airflow/.local/lib/python3.8/site-packages/airflow/example_dags/example_complex.py
[2023-11-05T02:58:02.827+0000] {processor.py:829} INFO - Processing file /home/airflow/.local/lib/python3.8/site-packages/airflow/example_dags/example_complex.py for tasks to queue
[2023-11-05T02:58:02.829+0000] {logging_mixin.py:151} INFO - [2023-11-05T02:58:02.829+0000] {dagbag.py:536} INFO - Filling up the DagBag from /home/airflow/.local/lib/python3.8/site-packages/airflow/example_dags/example_complex.py
[2023-11-05T02:58:02.851+0000] {processor.py:839} INFO - DAG(s) dict_keys(['example_complex']) retrieved from /home/airflow/.local/lib/python3.8/site-packages/airflow/example_dags/example_complex.py
[2023-11-05T02:58:02.867+0000] {logging_mixin.py:151} INFO - [2023-11-05T02:58:02.867+0000] {dag.py:2941} INFO - Sync 1 DAGs
[2023-11-05T02:58:02.887+0000] {logging_mixin.py:151} INFO - [2023-11-05T02:58:02.886+0000] {dag.py:3722} INFO - Setting next_dagrun for example_complex to None, run_after=None
[2023-11-05T02:58:02.920+0000] {processor.py:179} INFO - Processing /home/airflow/.local/lib/python3.8/site-packages/airflow/example_dags/example_complex.py took 0.098 seconds
[2023-11-05T02:58:33.248+0000] {processor.py:157} INFO - Started process (PID=99) to work on /home/airflow/.local/lib/python3.8/site-packages/airflow/example_dags/example_complex.py
[2023-11-05T02:58:33.249+0000] {processor.py:829} INFO - Processing file /home/airflow/.local/lib/python3.8/site-packages/airflow/example_dags/example_complex.py for tasks to queue
[2023-11-05T02:58:33.251+0000] {logging_mixin.py:151} INFO - [2023-11-05T02:58:33.250+0000] {dagbag.py:536} INFO - Filling up the DagBag from /home/airflow/.local/lib/python3.8/site-packages/airflow/example_dags/example_complex.py
[2023-11-05T02:58:33.264+0000] {processor.py:839} INFO - DAG(s) dict_keys(['example_complex']) retrieved from /home/airflow/.local/lib/python3.8/site-packages/airflow/example_dags/example_complex.py
[2023-11-05T02:58:33.295+0000] {logging_mixin.py:151} INFO - [2023-11-05T02:58:33.295+0000] {dag.py:2941} INFO - Sync 1 DAGs
[2023-11-05T02:58:33.311+0000] {logging_mixin.py:151} INFO - [2023-11-05T02:58:33.310+0000] {dag.py:3722} INFO - Setting next_dagrun for example_complex to None, run_after=None
[2023-11-05T02:58:33.333+0000] {processor.py:179} INFO - Processing /home/airflow/.local/lib/python3.8/site-packages/airflow/example_dags/example_complex.py took 0.088 seconds
[2023-11-05T02:59:03.833+0000] {processor.py:157} INFO - Started process (PID=154) to work on /home/airflow/.local/lib/python3.8/site-packages/airflow/example_dags/example_complex.py
[2023-11-05T02:59:03.835+0000] {processor.py:829} INFO - Processing file /home/airflow/.local/lib/python3.8/site-packages/airflow/example_dags/example_complex.py for tasks to queue
[2023-11-05T02:59:03.839+0000] {logging_mixin.py:151} INFO - [2023-11-05T02:59:03.838+0000] {dagbag.py:536} INFO - Filling up the DagBag from /home/airflow/.local/lib/python3.8/site-packages/airflow/example_dags/example_complex.py
[2023-11-05T02:59:03.864+0000] {processor.py:839} INFO - DAG(s) dict_keys(['example_complex']) retrieved from /home/airflow/.local/lib/python3.8/site-packages/airflow/example_dags/example_complex.py
[2023-11-05T02:59:03.931+0000] {logging_mixin.py:151} INFO - [2023-11-05T02:59:03.931+0000] {dag.py:2941} INFO - Sync 1 DAGs
[2023-11-05T02:59:03.958+0000] {logging_mixin.py:151} INFO - [2023-11-05T02:59:03.957+0000] {dag.py:3722} INFO - Setting next_dagrun for example_complex to None, run_after=None
[2023-11-05T02:59:03.997+0000] {processor.py:179} INFO - Processing /home/airflow/.local/lib/python3.8/site-packages/airflow/example_dags/example_complex.py took 0.170 seconds
[2023-11-05T02:59:34.715+0000] {processor.py:157} INFO - Started process (PID=208) to work on /home/airflow/.local/lib/python3.8/site-packages/airflow/example_dags/example_complex.py
[2023-11-05T02:59:34.716+0000] {processor.py:829} INFO - Processing file /home/airflow/.local/lib/python3.8/site-packages/airflow/example_dags/example_complex.py for tasks to queue
[2023-11-05T02:59:34.718+0000] {logging_mixin.py:151} INFO - [2023-11-05T02:59:34.717+0000] {dagbag.py:536} INFO - Filling up the DagBag from /home/airflow/.local/lib/python3.8/site-packages/airflow/example_dags/example_complex.py
[2023-11-05T02:59:34.733+0000] {processor.py:839} INFO - DAG(s) dict_keys(['example_complex']) retrieved from /home/airflow/.local/lib/python3.8/site-packages/airflow/example_dags/example_complex.py
[2023-11-05T02:59:34.779+0000] {logging_mixin.py:151} INFO - [2023-11-05T02:59:34.778+0000] {dag.py:2941} INFO - Sync 1 DAGs
[2023-11-05T02:59:34.810+0000] {logging_mixin.py:151} INFO - [2023-11-05T02:59:34.809+0000] {dag.py:3722} INFO - Setting next_dagrun for example_complex to None, run_after=None
[2023-11-05T02:59:34.856+0000] {processor.py:179} INFO - Processing /home/airflow/.local/lib/python3.8/site-packages/airflow/example_dags/example_complex.py took 0.144 seconds
[2023-11-05T03:00:05.617+0000] {processor.py:157} INFO - Started process (PID=262) to work on /home/airflow/.local/lib/python3.8/site-packages/airflow/example_dags/example_complex.py
[2023-11-05T03:00:05.618+0000] {processor.py:829} INFO - Processing file /home/airflow/.local/lib/python3.8/site-packages/airflow/example_dags/example_complex.py for tasks to queue
[2023-11-05T03:00:05.622+0000] {logging_mixin.py:151} INFO - [2023-11-05T03:00:05.621+0000] {dagbag.py:536} INFO - Filling up the DagBag from /home/airflow/.local/lib/python3.8/site-packages/airflow/example_dags/example_complex.py
[2023-11-05T03:00:05.646+0000] {processor.py:839} INFO - DAG(s) dict_keys(['example_complex']) retrieved from /home/airflow/.local/lib/python3.8/site-packages/airflow/example_dags/example_complex.py
[2023-11-05T03:00:05.706+0000] {logging_mixin.py:151} INFO - [2023-11-05T03:00:05.705+0000] {dag.py:2941} INFO - Sync 1 DAGs
[2023-11-05T03:00:05.725+0000] {logging_mixin.py:151} INFO - [2023-11-05T03:00:05.725+0000] {dag.py:3722} INFO - Setting next_dagrun for example_complex to None, run_after=None
[2023-11-05T03:00:05.748+0000] {processor.py:179} INFO - Processing /home/airflow/.local/lib/python3.8/site-packages/airflow/example_dags/example_complex.py took 0.135 seconds
[2023-11-05T03:00:36.772+0000] {processor.py:157} INFO - Started process (PID=315) to work on /home/airflow/.local/lib/python3.8/site-packages/airflow/example_dags/example_complex.py
[2023-11-05T03:00:36.774+0000] {processor.py:829} INFO - Processing file /home/airflow/.local/lib/python3.8/site-packages/airflow/example_dags/example_complex.py for tasks to queue
[2023-11-05T03:00:36.777+0000] {logging_mixin.py:151} INFO - [2023-11-05T03:00:36.777+0000] {dagbag.py:536} INFO - Filling up the DagBag from /home/airflow/.local/lib/python3.8/site-packages/airflow/example_dags/example_complex.py
[2023-11-05T03:00:36.796+0000] {processor.py:839} INFO - DAG(s) dict_keys(['example_complex']) retrieved from /home/airflow/.local/lib/python3.8/site-packages/airflow/example_dags/example_complex.py
[2023-11-05T03:00:36.857+0000] {logging_mixin.py:151} INFO - [2023-11-05T03:00:36.857+0000] {dag.py:2941} INFO - Sync 1 DAGs
[2023-11-05T03:00:36.885+0000] {logging_mixin.py:151} INFO - [2023-11-05T03:00:36.885+0000] {dag.py:3722} INFO - Setting next_dagrun for example_complex to None, run_after=None
[2023-11-05T03:00:36.934+0000] {processor.py:179} INFO - Processing /home/airflow/.local/lib/python3.8/site-packages/airflow/example_dags/example_complex.py took 0.168 seconds
[2023-11-05T03:01:07.179+0000] {processor.py:157} INFO - Started process (PID=370) to work on /home/airflow/.local/lib/python3.8/site-packages/airflow/example_dags/example_complex.py
[2023-11-05T03:01:07.180+0000] {processor.py:829} INFO - Processing file /home/airflow/.local/lib/python3.8/site-packages/airflow/example_dags/example_complex.py for tasks to queue
[2023-11-05T03:01:07.184+0000] {logging_mixin.py:151} INFO - [2023-11-05T03:01:07.183+0000] {dagbag.py:536} INFO - Filling up the DagBag from /home/airflow/.local/lib/python3.8/site-packages/airflow/example_dags/example_complex.py
[2023-11-05T03:01:07.214+0000] {processor.py:839} INFO - DAG(s) dict_keys(['example_complex']) retrieved from /home/airflow/.local/lib/python3.8/site-packages/airflow/example_dags/example_complex.py
[2023-11-05T03:01:07.286+0000] {logging_mixin.py:151} INFO - [2023-11-05T03:01:07.285+0000] {dag.py:2941} INFO - Sync 1 DAGs
[2023-11-05T03:01:07.306+0000] {logging_mixin.py:151} INFO - [2023-11-05T03:01:07.305+0000] {dag.py:3722} INFO - Setting next_dagrun for example_complex to None, run_after=None
[2023-11-05T03:01:07.330+0000] {processor.py:179} INFO - Processing /home/airflow/.local/lib/python3.8/site-packages/airflow/example_dags/example_complex.py took 0.156 seconds
[2023-11-05T03:01:37.518+0000] {processor.py:157} INFO - Started process (PID=423) to work on /home/airflow/.local/lib/python3.8/site-packages/airflow/example_dags/example_complex.py
[2023-11-05T03:01:37.518+0000] {processor.py:829} INFO - Processing file /home/airflow/.local/lib/python3.8/site-packages/airflow/example_dags/example_complex.py for tasks to queue
[2023-11-05T03:01:37.520+0000] {logging_mixin.py:151} INFO - [2023-11-05T03:01:37.520+0000] {dagbag.py:536} INFO - Filling up the DagBag from /home/airflow/.local/lib/python3.8/site-packages/airflow/example_dags/example_complex.py
[2023-11-05T03:01:37.533+0000] {processor.py:839} INFO - DAG(s) dict_keys(['example_complex']) retrieved from /home/airflow/.local/lib/python3.8/site-packages/airflow/example_dags/example_complex.py
[2023-11-05T03:01:37.591+0000] {logging_mixin.py:151} INFO - [2023-11-05T03:01:37.591+0000] {dag.py:2941} INFO - Sync 1 DAGs
[2023-11-05T03:01:37.604+0000] {logging_mixin.py:151} INFO - [2023-11-05T03:01:37.604+0000] {dag.py:3722} INFO - Setting next_dagrun for example_complex to None, run_after=None
[2023-11-05T03:01:37.621+0000] {processor.py:179} INFO - Processing /home/airflow/.local/lib/python3.8/site-packages/airflow/example_dags/example_complex.py took 0.106 seconds
[2023-11-05T03:02:08.541+0000] {processor.py:157} INFO - Started process (PID=477) to work on /home/airflow/.local/lib/python3.8/site-packages/airflow/example_dags/example_complex.py
[2023-11-05T03:02:08.542+0000] {processor.py:829} INFO - Processing file /home/airflow/.local/lib/python3.8/site-packages/airflow/example_dags/example_complex.py for tasks to queue
[2023-11-05T03:02:08.544+0000] {logging_mixin.py:151} INFO - [2023-11-05T03:02:08.544+0000] {dagbag.py:536} INFO - Filling up the DagBag from /home/airflow/.local/lib/python3.8/site-packages/airflow/example_dags/example_complex.py
[2023-11-05T03:02:08.557+0000] {processor.py:839} INFO - DAG(s) dict_keys(['example_complex']) retrieved from /home/airflow/.local/lib/python3.8/site-packages/airflow/example_dags/example_complex.py
[2023-11-05T03:02:08.587+0000] {logging_mixin.py:151} INFO - [2023-11-05T03:02:08.586+0000] {dag.py:2941} INFO - Sync 1 DAGs
[2023-11-05T03:02:08.598+0000] {logging_mixin.py:151} INFO - [2023-11-05T03:02:08.598+0000] {dag.py:3722} INFO - Setting next_dagrun for example_complex to None, run_after=None
[2023-11-05T03:02:08.617+0000] {processor.py:179} INFO - Processing /home/airflow/.local/lib/python3.8/site-packages/airflow/example_dags/example_complex.py took 0.080 seconds
[2023-11-05T03:02:38.663+0000] {processor.py:157} INFO - Started process (PID=530) to work on /home/airflow/.local/lib/python3.8/site-packages/airflow/example_dags/example_complex.py
[2023-11-05T03:02:38.663+0000] {processor.py:829} INFO - Processing file /home/airflow/.local/lib/python3.8/site-packages/airflow/example_dags/example_complex.py for tasks to queue
[2023-11-05T03:02:38.665+0000] {logging_mixin.py:151} INFO - [2023-11-05T03:02:38.665+0000] {dagbag.py:536} INFO - Filling up the DagBag from /home/airflow/.local/lib/python3.8/site-packages/airflow/example_dags/example_complex.py
[2023-11-05T03:02:38.675+0000] {processor.py:839} INFO - DAG(s) dict_keys(['example_complex']) retrieved from /home/airflow/.local/lib/python3.8/site-packages/airflow/example_dags/example_complex.py
[2023-11-05T03:02:38.707+0000] {logging_mixin.py:151} INFO - [2023-11-05T03:02:38.706+0000] {dag.py:2941} INFO - Sync 1 DAGs
[2023-11-05T03:02:38.719+0000] {logging_mixin.py:151} INFO - [2023-11-05T03:02:38.719+0000] {dag.py:3722} INFO - Setting next_dagrun for example_complex to None, run_after=None
[2023-11-05T03:02:38.740+0000] {processor.py:179} INFO - Processing /home/airflow/.local/lib/python3.8/site-packages/airflow/example_dags/example_complex.py took 0.080 seconds
[2023-11-05T03:03:09.373+0000] {processor.py:157} INFO - Started process (PID=584) to work on /home/airflow/.local/lib/python3.8/site-packages/airflow/example_dags/example_complex.py
[2023-11-05T03:03:09.373+0000] {processor.py:829} INFO - Processing file /home/airflow/.local/lib/python3.8/site-packages/airflow/example_dags/example_complex.py for tasks to queue
[2023-11-05T03:03:09.375+0000] {logging_mixin.py:151} INFO - [2023-11-05T03:03:09.375+0000] {dagbag.py:536} INFO - Filling up the DagBag from /home/airflow/.local/lib/python3.8/site-packages/airflow/example_dags/example_complex.py
[2023-11-05T03:03:09.385+0000] {processor.py:839} INFO - DAG(s) dict_keys(['example_complex']) retrieved from /home/airflow/.local/lib/python3.8/site-packages/airflow/example_dags/example_complex.py
[2023-11-05T03:03:09.415+0000] {logging_mixin.py:151} INFO - [2023-11-05T03:03:09.415+0000] {dag.py:2941} INFO - Sync 1 DAGs
[2023-11-05T03:03:09.428+0000] {logging_mixin.py:151} INFO - [2023-11-05T03:03:09.428+0000] {dag.py:3722} INFO - Setting next_dagrun for example_complex to None, run_after=None
[2023-11-05T03:03:09.446+0000] {processor.py:179} INFO - Processing /home/airflow/.local/lib/python3.8/site-packages/airflow/example_dags/example_complex.py took 0.076 seconds
[2023-11-05T03:03:39.568+0000] {processor.py:157} INFO - Started process (PID=638) to work on /home/airflow/.local/lib/python3.8/site-packages/airflow/example_dags/example_complex.py
[2023-11-05T03:03:39.569+0000] {processor.py:829} INFO - Processing file /home/airflow/.local/lib/python3.8/site-packages/airflow/example_dags/example_complex.py for tasks to queue
[2023-11-05T03:03:39.571+0000] {logging_mixin.py:151} INFO - [2023-11-05T03:03:39.571+0000] {dagbag.py:536} INFO - Filling up the DagBag from /home/airflow/.local/lib/python3.8/site-packages/airflow/example_dags/example_complex.py
[2023-11-05T03:03:39.581+0000] {processor.py:839} INFO - DAG(s) dict_keys(['example_complex']) retrieved from /home/airflow/.local/lib/python3.8/site-packages/airflow/example_dags/example_complex.py
[2023-11-05T03:03:39.627+0000] {logging_mixin.py:151} INFO - [2023-11-05T03:03:39.627+0000] {dag.py:2941} INFO - Sync 1 DAGs
[2023-11-05T03:03:39.646+0000] {logging_mixin.py:151} INFO - [2023-11-05T03:03:39.645+0000] {dag.py:3722} INFO - Setting next_dagrun for example_complex to None, run_after=None
[2023-11-05T03:03:39.667+0000] {processor.py:179} INFO - Processing /home/airflow/.local/lib/python3.8/site-packages/airflow/example_dags/example_complex.py took 0.102 seconds
[2023-11-05T03:04:10.240+0000] {processor.py:157} INFO - Started process (PID=692) to work on /home/airflow/.local/lib/python3.8/site-packages/airflow/example_dags/example_complex.py
[2023-11-05T03:04:10.242+0000] {processor.py:829} INFO - Processing file /home/airflow/.local/lib/python3.8/site-packages/airflow/example_dags/example_complex.py for tasks to queue
[2023-11-05T03:04:10.246+0000] {logging_mixin.py:151} INFO - [2023-11-05T03:04:10.246+0000] {dagbag.py:536} INFO - Filling up the DagBag from /home/airflow/.local/lib/python3.8/site-packages/airflow/example_dags/example_complex.py
[2023-11-05T03:04:10.267+0000] {processor.py:839} INFO - DAG(s) dict_keys(['example_complex']) retrieved from /home/airflow/.local/lib/python3.8/site-packages/airflow/example_dags/example_complex.py
[2023-11-05T03:04:10.300+0000] {logging_mixin.py:151} INFO - [2023-11-05T03:04:10.300+0000] {dag.py:2941} INFO - Sync 1 DAGs
[2023-11-05T03:04:10.315+0000] {logging_mixin.py:151} INFO - [2023-11-05T03:04:10.315+0000] {dag.py:3722} INFO - Setting next_dagrun for example_complex to None, run_after=None
[2023-11-05T03:04:10.340+0000] {processor.py:179} INFO - Processing /home/airflow/.local/lib/python3.8/site-packages/airflow/example_dags/example_complex.py took 0.107 seconds
[2023-11-05T03:04:40.588+0000] {processor.py:157} INFO - Started process (PID=747) to work on /home/airflow/.local/lib/python3.8/site-packages/airflow/example_dags/example_complex.py
[2023-11-05T03:04:40.589+0000] {processor.py:829} INFO - Processing file /home/airflow/.local/lib/python3.8/site-packages/airflow/example_dags/example_complex.py for tasks to queue
[2023-11-05T03:04:40.591+0000] {logging_mixin.py:151} INFO - [2023-11-05T03:04:40.591+0000] {dagbag.py:536} INFO - Filling up the DagBag from /home/airflow/.local/lib/python3.8/site-packages/airflow/example_dags/example_complex.py
[2023-11-05T03:04:40.602+0000] {processor.py:839} INFO - DAG(s) dict_keys(['example_complex']) retrieved from /home/airflow/.local/lib/python3.8/site-packages/airflow/example_dags/example_complex.py
[2023-11-05T03:04:40.634+0000] {logging_mixin.py:151} INFO - [2023-11-05T03:04:40.633+0000] {dag.py:2941} INFO - Sync 1 DAGs
[2023-11-05T03:04:40.646+0000] {logging_mixin.py:151} INFO - [2023-11-05T03:04:40.646+0000] {dag.py:3722} INFO - Setting next_dagrun for example_complex to None, run_after=None
[2023-11-05T03:04:40.665+0000] {processor.py:179} INFO - Processing /home/airflow/.local/lib/python3.8/site-packages/airflow/example_dags/example_complex.py took 0.081 seconds
[2023-11-05T03:05:10.991+0000] {processor.py:157} INFO - Started process (PID=801) to work on /home/airflow/.local/lib/python3.8/site-packages/airflow/example_dags/example_complex.py
[2023-11-05T03:05:10.993+0000] {processor.py:829} INFO - Processing file /home/airflow/.local/lib/python3.8/site-packages/airflow/example_dags/example_complex.py for tasks to queue
[2023-11-05T03:05:10.997+0000] {logging_mixin.py:151} INFO - [2023-11-05T03:05:10.997+0000] {dagbag.py:536} INFO - Filling up the DagBag from /home/airflow/.local/lib/python3.8/site-packages/airflow/example_dags/example_complex.py
[2023-11-05T03:05:11.025+0000] {processor.py:839} INFO - DAG(s) dict_keys(['example_complex']) retrieved from /home/airflow/.local/lib/python3.8/site-packages/airflow/example_dags/example_complex.py
[2023-11-05T03:05:11.090+0000] {logging_mixin.py:151} INFO - [2023-11-05T03:05:11.089+0000] {dag.py:2941} INFO - Sync 1 DAGs
[2023-11-05T03:05:11.108+0000] {logging_mixin.py:151} INFO - [2023-11-05T03:05:11.108+0000] {dag.py:3722} INFO - Setting next_dagrun for example_complex to None, run_after=None
[2023-11-05T03:05:11.140+0000] {processor.py:179} INFO - Processing /home/airflow/.local/lib/python3.8/site-packages/airflow/example_dags/example_complex.py took 0.155 seconds
[2023-11-05T03:05:41.178+0000] {processor.py:157} INFO - Started process (PID=855) to work on /home/airflow/.local/lib/python3.8/site-packages/airflow/example_dags/example_complex.py
[2023-11-05T03:05:41.179+0000] {processor.py:829} INFO - Processing file /home/airflow/.local/lib/python3.8/site-packages/airflow/example_dags/example_complex.py for tasks to queue
[2023-11-05T03:05:41.181+0000] {logging_mixin.py:151} INFO - [2023-11-05T03:05:41.181+0000] {dagbag.py:536} INFO - Filling up the DagBag from /home/airflow/.local/lib/python3.8/site-packages/airflow/example_dags/example_complex.py
[2023-11-05T03:05:41.197+0000] {processor.py:839} INFO - DAG(s) dict_keys(['example_complex']) retrieved from /home/airflow/.local/lib/python3.8/site-packages/airflow/example_dags/example_complex.py
[2023-11-05T03:05:41.229+0000] {logging_mixin.py:151} INFO - [2023-11-05T03:05:41.229+0000] {dag.py:2941} INFO - Sync 1 DAGs
[2023-11-05T03:05:41.241+0000] {logging_mixin.py:151} INFO - [2023-11-05T03:05:41.241+0000] {dag.py:3722} INFO - Setting next_dagrun for example_complex to None, run_after=None
[2023-11-05T03:05:41.259+0000] {processor.py:179} INFO - Processing /home/airflow/.local/lib/python3.8/site-packages/airflow/example_dags/example_complex.py took 0.086 seconds
[2023-11-05T03:06:11.838+0000] {processor.py:157} INFO - Started process (PID=909) to work on /home/airflow/.local/lib/python3.8/site-packages/airflow/example_dags/example_complex.py
[2023-11-05T03:06:11.839+0000] {processor.py:829} INFO - Processing file /home/airflow/.local/lib/python3.8/site-packages/airflow/example_dags/example_complex.py for tasks to queue
[2023-11-05T03:06:11.841+0000] {logging_mixin.py:151} INFO - [2023-11-05T03:06:11.840+0000] {dagbag.py:536} INFO - Filling up the DagBag from /home/airflow/.local/lib/python3.8/site-packages/airflow/example_dags/example_complex.py
[2023-11-05T03:06:11.851+0000] {processor.py:839} INFO - DAG(s) dict_keys(['example_complex']) retrieved from /home/airflow/.local/lib/python3.8/site-packages/airflow/example_dags/example_complex.py
[2023-11-05T03:06:11.884+0000] {logging_mixin.py:151} INFO - [2023-11-05T03:06:11.884+0000] {dag.py:2941} INFO - Sync 1 DAGs
[2023-11-05T03:06:11.897+0000] {logging_mixin.py:151} INFO - [2023-11-05T03:06:11.897+0000] {dag.py:3722} INFO - Setting next_dagrun for example_complex to None, run_after=None
[2023-11-05T03:06:11.918+0000] {processor.py:179} INFO - Processing /home/airflow/.local/lib/python3.8/site-packages/airflow/example_dags/example_complex.py took 0.083 seconds
[2023-11-05T03:06:42.690+0000] {processor.py:157} INFO - Started process (PID=963) to work on /home/airflow/.local/lib/python3.8/site-packages/airflow/example_dags/example_complex.py
[2023-11-05T03:06:42.691+0000] {processor.py:829} INFO - Processing file /home/airflow/.local/lib/python3.8/site-packages/airflow/example_dags/example_complex.py for tasks to queue
[2023-11-05T03:06:42.694+0000] {logging_mixin.py:151} INFO - [2023-11-05T03:06:42.693+0000] {dagbag.py:536} INFO - Filling up the DagBag from /home/airflow/.local/lib/python3.8/site-packages/airflow/example_dags/example_complex.py
[2023-11-05T03:06:42.706+0000] {processor.py:839} INFO - DAG(s) dict_keys(['example_complex']) retrieved from /home/airflow/.local/lib/python3.8/site-packages/airflow/example_dags/example_complex.py
[2023-11-05T03:06:42.743+0000] {logging_mixin.py:151} INFO - [2023-11-05T03:06:42.743+0000] {dag.py:2941} INFO - Sync 1 DAGs
[2023-11-05T03:06:42.757+0000] {logging_mixin.py:151} INFO - [2023-11-05T03:06:42.757+0000] {dag.py:3722} INFO - Setting next_dagrun for example_complex to None, run_after=None
[2023-11-05T03:06:42.781+0000] {processor.py:179} INFO - Processing /home/airflow/.local/lib/python3.8/site-packages/airflow/example_dags/example_complex.py took 0.096 seconds
[2023-11-05T03:07:13.188+0000] {processor.py:157} INFO - Started process (PID=1017) to work on /home/airflow/.local/lib/python3.8/site-packages/airflow/example_dags/example_complex.py
[2023-11-05T03:07:13.189+0000] {processor.py:829} INFO - Processing file /home/airflow/.local/lib/python3.8/site-packages/airflow/example_dags/example_complex.py for tasks to queue
[2023-11-05T03:07:13.193+0000] {logging_mixin.py:151} INFO - [2023-11-05T03:07:13.192+0000] {dagbag.py:536} INFO - Filling up the DagBag from /home/airflow/.local/lib/python3.8/site-packages/airflow/example_dags/example_complex.py
[2023-11-05T03:07:13.220+0000] {processor.py:839} INFO - DAG(s) dict_keys(['example_complex']) retrieved from /home/airflow/.local/lib/python3.8/site-packages/airflow/example_dags/example_complex.py
[2023-11-05T03:07:13.272+0000] {logging_mixin.py:151} INFO - [2023-11-05T03:07:13.272+0000] {dag.py:2941} INFO - Sync 1 DAGs
[2023-11-05T03:07:13.285+0000] {logging_mixin.py:151} INFO - [2023-11-05T03:07:13.285+0000] {dag.py:3722} INFO - Setting next_dagrun for example_complex to None, run_after=None
[2023-11-05T03:07:13.306+0000] {processor.py:179} INFO - Processing /home/airflow/.local/lib/python3.8/site-packages/airflow/example_dags/example_complex.py took 0.123 seconds
[2023-11-05T03:07:43.657+0000] {processor.py:157} INFO - Started process (PID=1071) to work on /home/airflow/.local/lib/python3.8/site-packages/airflow/example_dags/example_complex.py
[2023-11-05T03:07:43.658+0000] {processor.py:829} INFO - Processing file /home/airflow/.local/lib/python3.8/site-packages/airflow/example_dags/example_complex.py for tasks to queue
[2023-11-05T03:07:43.660+0000] {logging_mixin.py:151} INFO - [2023-11-05T03:07:43.660+0000] {dagbag.py:536} INFO - Filling up the DagBag from /home/airflow/.local/lib/python3.8/site-packages/airflow/example_dags/example_complex.py
[2023-11-05T03:07:43.674+0000] {processor.py:839} INFO - DAG(s) dict_keys(['example_complex']) retrieved from /home/airflow/.local/lib/python3.8/site-packages/airflow/example_dags/example_complex.py
[2023-11-05T03:07:43.727+0000] {logging_mixin.py:151} INFO - [2023-11-05T03:07:43.727+0000] {dag.py:2941} INFO - Sync 1 DAGs
[2023-11-05T03:07:43.740+0000] {logging_mixin.py:151} INFO - [2023-11-05T03:07:43.739+0000] {dag.py:3722} INFO - Setting next_dagrun for example_complex to None, run_after=None
[2023-11-05T03:07:43.769+0000] {processor.py:179} INFO - Processing /home/airflow/.local/lib/python3.8/site-packages/airflow/example_dags/example_complex.py took 0.115 seconds
