[2023-11-05T02:58:03.175+0000] {processor.py:157} INFO - Started process (PID=49) to work on /home/airflow/.local/lib/python3.8/site-packages/airflow/example_dags/example_trigger_target_dag.py
[2023-11-05T02:58:03.175+0000] {processor.py:829} INFO - Processing file /home/airflow/.local/lib/python3.8/site-packages/airflow/example_dags/example_trigger_target_dag.py for tasks to queue
[2023-11-05T02:58:03.178+0000] {logging_mixin.py:151} INFO - [2023-11-05T02:58:03.177+0000] {dagbag.py:536} INFO - Filling up the DagBag from /home/airflow/.local/lib/python3.8/site-packages/airflow/example_dags/example_trigger_target_dag.py
[2023-11-05T02:58:03.190+0000] {processor.py:839} INFO - DAG(s) dict_keys(['example_trigger_target_dag']) retrieved from /home/airflow/.local/lib/python3.8/site-packages/airflow/example_dags/example_trigger_target_dag.py
[2023-11-05T02:58:03.208+0000] {logging_mixin.py:151} INFO - [2023-11-05T02:58:03.208+0000] {dag.py:2941} INFO - Sync 1 DAGs
[2023-11-05T02:58:03.227+0000] {logging_mixin.py:151} INFO - [2023-11-05T02:58:03.227+0000] {dag.py:3722} INFO - Setting next_dagrun for example_trigger_target_dag to None, run_after=None
[2023-11-05T02:58:03.249+0000] {processor.py:179} INFO - Processing /home/airflow/.local/lib/python3.8/site-packages/airflow/example_dags/example_trigger_target_dag.py took 0.078 seconds
[2023-11-05T02:58:33.540+0000] {processor.py:157} INFO - Started process (PID=103) to work on /home/airflow/.local/lib/python3.8/site-packages/airflow/example_dags/example_trigger_target_dag.py
[2023-11-05T02:58:33.541+0000] {processor.py:829} INFO - Processing file /home/airflow/.local/lib/python3.8/site-packages/airflow/example_dags/example_trigger_target_dag.py for tasks to queue
[2023-11-05T02:58:33.544+0000] {logging_mixin.py:151} INFO - [2023-11-05T02:58:33.544+0000] {dagbag.py:536} INFO - Filling up the DagBag from /home/airflow/.local/lib/python3.8/site-packages/airflow/example_dags/example_trigger_target_dag.py
[2023-11-05T02:58:33.552+0000] {processor.py:839} INFO - DAG(s) dict_keys(['example_trigger_target_dag']) retrieved from /home/airflow/.local/lib/python3.8/site-packages/airflow/example_dags/example_trigger_target_dag.py
[2023-11-05T02:58:33.587+0000] {logging_mixin.py:151} INFO - [2023-11-05T02:58:33.586+0000] {dag.py:2941} INFO - Sync 1 DAGs
[2023-11-05T02:58:33.602+0000] {logging_mixin.py:151} INFO - [2023-11-05T02:58:33.602+0000] {dag.py:3722} INFO - Setting next_dagrun for example_trigger_target_dag to None, run_after=None
[2023-11-05T02:58:33.622+0000] {processor.py:179} INFO - Processing /home/airflow/.local/lib/python3.8/site-packages/airflow/example_dags/example_trigger_target_dag.py took 0.086 seconds
[2023-11-05T02:59:04.220+0000] {processor.py:157} INFO - Started process (PID=158) to work on /home/airflow/.local/lib/python3.8/site-packages/airflow/example_dags/example_trigger_target_dag.py
[2023-11-05T02:59:04.225+0000] {processor.py:829} INFO - Processing file /home/airflow/.local/lib/python3.8/site-packages/airflow/example_dags/example_trigger_target_dag.py for tasks to queue
[2023-11-05T02:59:04.229+0000] {logging_mixin.py:151} INFO - [2023-11-05T02:59:04.228+0000] {dagbag.py:536} INFO - Filling up the DagBag from /home/airflow/.local/lib/python3.8/site-packages/airflow/example_dags/example_trigger_target_dag.py
[2023-11-05T02:59:04.261+0000] {processor.py:839} INFO - DAG(s) dict_keys(['example_trigger_target_dag']) retrieved from /home/airflow/.local/lib/python3.8/site-packages/airflow/example_dags/example_trigger_target_dag.py
[2023-11-05T02:59:04.314+0000] {logging_mixin.py:151} INFO - [2023-11-05T02:59:04.314+0000] {dag.py:2941} INFO - Sync 1 DAGs
[2023-11-05T02:59:04.334+0000] {logging_mixin.py:151} INFO - [2023-11-05T02:59:04.334+0000] {dag.py:3722} INFO - Setting next_dagrun for example_trigger_target_dag to None, run_after=None
[2023-11-05T02:59:04.356+0000] {processor.py:179} INFO - Processing /home/airflow/.local/lib/python3.8/site-packages/airflow/example_dags/example_trigger_target_dag.py took 0.143 seconds
[2023-11-05T02:59:35.047+0000] {processor.py:157} INFO - Started process (PID=212) to work on /home/airflow/.local/lib/python3.8/site-packages/airflow/example_dags/example_trigger_target_dag.py
[2023-11-05T02:59:35.048+0000] {processor.py:829} INFO - Processing file /home/airflow/.local/lib/python3.8/site-packages/airflow/example_dags/example_trigger_target_dag.py for tasks to queue
[2023-11-05T02:59:35.050+0000] {logging_mixin.py:151} INFO - [2023-11-05T02:59:35.049+0000] {dagbag.py:536} INFO - Filling up the DagBag from /home/airflow/.local/lib/python3.8/site-packages/airflow/example_dags/example_trigger_target_dag.py
[2023-11-05T02:59:35.059+0000] {processor.py:839} INFO - DAG(s) dict_keys(['example_trigger_target_dag']) retrieved from /home/airflow/.local/lib/python3.8/site-packages/airflow/example_dags/example_trigger_target_dag.py
[2023-11-05T02:59:35.087+0000] {logging_mixin.py:151} INFO - [2023-11-05T02:59:35.087+0000] {dag.py:2941} INFO - Sync 1 DAGs
[2023-11-05T02:59:35.106+0000] {logging_mixin.py:151} INFO - [2023-11-05T02:59:35.105+0000] {dag.py:3722} INFO - Setting next_dagrun for example_trigger_target_dag to None, run_after=None
[2023-11-05T02:59:35.134+0000] {processor.py:179} INFO - Processing /home/airflow/.local/lib/python3.8/site-packages/airflow/example_dags/example_trigger_target_dag.py took 0.089 seconds
[2023-11-05T03:00:05.895+0000] {processor.py:157} INFO - Started process (PID=266) to work on /home/airflow/.local/lib/python3.8/site-packages/airflow/example_dags/example_trigger_target_dag.py
[2023-11-05T03:00:05.897+0000] {processor.py:829} INFO - Processing file /home/airflow/.local/lib/python3.8/site-packages/airflow/example_dags/example_trigger_target_dag.py for tasks to queue
[2023-11-05T03:00:05.900+0000] {logging_mixin.py:151} INFO - [2023-11-05T03:00:05.900+0000] {dagbag.py:536} INFO - Filling up the DagBag from /home/airflow/.local/lib/python3.8/site-packages/airflow/example_dags/example_trigger_target_dag.py
[2023-11-05T03:00:05.913+0000] {processor.py:839} INFO - DAG(s) dict_keys(['example_trigger_target_dag']) retrieved from /home/airflow/.local/lib/python3.8/site-packages/airflow/example_dags/example_trigger_target_dag.py
[2023-11-05T03:00:05.960+0000] {logging_mixin.py:151} INFO - [2023-11-05T03:00:05.960+0000] {dag.py:2941} INFO - Sync 1 DAGs
[2023-11-05T03:00:05.991+0000] {logging_mixin.py:151} INFO - [2023-11-05T03:00:05.990+0000] {dag.py:3722} INFO - Setting next_dagrun for example_trigger_target_dag to None, run_after=None
[2023-11-05T03:00:06.045+0000] {processor.py:179} INFO - Processing /home/airflow/.local/lib/python3.8/site-packages/airflow/example_dags/example_trigger_target_dag.py took 0.155 seconds
[2023-11-05T03:00:37.112+0000] {processor.py:157} INFO - Started process (PID=319) to work on /home/airflow/.local/lib/python3.8/site-packages/airflow/example_dags/example_trigger_target_dag.py
[2023-11-05T03:00:37.113+0000] {processor.py:829} INFO - Processing file /home/airflow/.local/lib/python3.8/site-packages/airflow/example_dags/example_trigger_target_dag.py for tasks to queue
[2023-11-05T03:00:37.116+0000] {logging_mixin.py:151} INFO - [2023-11-05T03:00:37.116+0000] {dagbag.py:536} INFO - Filling up the DagBag from /home/airflow/.local/lib/python3.8/site-packages/airflow/example_dags/example_trigger_target_dag.py
[2023-11-05T03:00:37.130+0000] {processor.py:839} INFO - DAG(s) dict_keys(['example_trigger_target_dag']) retrieved from /home/airflow/.local/lib/python3.8/site-packages/airflow/example_dags/example_trigger_target_dag.py
[2023-11-05T03:00:37.173+0000] {logging_mixin.py:151} INFO - [2023-11-05T03:00:37.172+0000] {dag.py:2941} INFO - Sync 1 DAGs
[2023-11-05T03:00:37.206+0000] {logging_mixin.py:151} INFO - [2023-11-05T03:00:37.205+0000] {dag.py:3722} INFO - Setting next_dagrun for example_trigger_target_dag to None, run_after=None
[2023-11-05T03:00:37.260+0000] {processor.py:179} INFO - Processing /home/airflow/.local/lib/python3.8/site-packages/airflow/example_dags/example_trigger_target_dag.py took 0.156 seconds
[2023-11-05T03:01:07.652+0000] {processor.py:157} INFO - Started process (PID=374) to work on /home/airflow/.local/lib/python3.8/site-packages/airflow/example_dags/example_trigger_target_dag.py
[2023-11-05T03:01:07.653+0000] {processor.py:829} INFO - Processing file /home/airflow/.local/lib/python3.8/site-packages/airflow/example_dags/example_trigger_target_dag.py for tasks to queue
[2023-11-05T03:01:07.656+0000] {logging_mixin.py:151} INFO - [2023-11-05T03:01:07.655+0000] {dagbag.py:536} INFO - Filling up the DagBag from /home/airflow/.local/lib/python3.8/site-packages/airflow/example_dags/example_trigger_target_dag.py
[2023-11-05T03:01:07.662+0000] {processor.py:839} INFO - DAG(s) dict_keys(['example_trigger_target_dag']) retrieved from /home/airflow/.local/lib/python3.8/site-packages/airflow/example_dags/example_trigger_target_dag.py
[2023-11-05T03:01:07.684+0000] {logging_mixin.py:151} INFO - [2023-11-05T03:01:07.684+0000] {dag.py:2941} INFO - Sync 1 DAGs
[2023-11-05T03:01:07.709+0000] {logging_mixin.py:151} INFO - [2023-11-05T03:01:07.709+0000] {dag.py:3722} INFO - Setting next_dagrun for example_trigger_target_dag to None, run_after=None
[2023-11-05T03:01:07.733+0000] {processor.py:179} INFO - Processing /home/airflow/.local/lib/python3.8/site-packages/airflow/example_dags/example_trigger_target_dag.py took 0.085 seconds
[2023-11-05T03:01:37.850+0000] {processor.py:157} INFO - Started process (PID=427) to work on /home/airflow/.local/lib/python3.8/site-packages/airflow/example_dags/example_trigger_target_dag.py
[2023-11-05T03:01:37.850+0000] {processor.py:829} INFO - Processing file /home/airflow/.local/lib/python3.8/site-packages/airflow/example_dags/example_trigger_target_dag.py for tasks to queue
[2023-11-05T03:01:37.852+0000] {logging_mixin.py:151} INFO - [2023-11-05T03:01:37.852+0000] {dagbag.py:536} INFO - Filling up the DagBag from /home/airflow/.local/lib/python3.8/site-packages/airflow/example_dags/example_trigger_target_dag.py
[2023-11-05T03:01:37.861+0000] {processor.py:839} INFO - DAG(s) dict_keys(['example_trigger_target_dag']) retrieved from /home/airflow/.local/lib/python3.8/site-packages/airflow/example_dags/example_trigger_target_dag.py
[2023-11-05T03:01:37.900+0000] {logging_mixin.py:151} INFO - [2023-11-05T03:01:37.900+0000] {dag.py:2941} INFO - Sync 1 DAGs
[2023-11-05T03:01:37.923+0000] {logging_mixin.py:151} INFO - [2023-11-05T03:01:37.922+0000] {dag.py:3722} INFO - Setting next_dagrun for example_trigger_target_dag to None, run_after=None
[2023-11-05T03:01:37.948+0000] {processor.py:179} INFO - Processing /home/airflow/.local/lib/python3.8/site-packages/airflow/example_dags/example_trigger_target_dag.py took 0.101 seconds
[2023-11-05T03:02:08.767+0000] {processor.py:157} INFO - Started process (PID=481) to work on /home/airflow/.local/lib/python3.8/site-packages/airflow/example_dags/example_trigger_target_dag.py
[2023-11-05T03:02:08.768+0000] {processor.py:829} INFO - Processing file /home/airflow/.local/lib/python3.8/site-packages/airflow/example_dags/example_trigger_target_dag.py for tasks to queue
[2023-11-05T03:02:08.770+0000] {logging_mixin.py:151} INFO - [2023-11-05T03:02:08.770+0000] {dagbag.py:536} INFO - Filling up the DagBag from /home/airflow/.local/lib/python3.8/site-packages/airflow/example_dags/example_trigger_target_dag.py
[2023-11-05T03:02:08.777+0000] {processor.py:839} INFO - DAG(s) dict_keys(['example_trigger_target_dag']) retrieved from /home/airflow/.local/lib/python3.8/site-packages/airflow/example_dags/example_trigger_target_dag.py
[2023-11-05T03:02:08.795+0000] {logging_mixin.py:151} INFO - [2023-11-05T03:02:08.795+0000] {dag.py:2941} INFO - Sync 1 DAGs
[2023-11-05T03:02:08.809+0000] {logging_mixin.py:151} INFO - [2023-11-05T03:02:08.809+0000] {dag.py:3722} INFO - Setting next_dagrun for example_trigger_target_dag to None, run_after=None
[2023-11-05T03:02:08.828+0000] {processor.py:179} INFO - Processing /home/airflow/.local/lib/python3.8/site-packages/airflow/example_dags/example_trigger_target_dag.py took 0.064 seconds
[2023-11-05T03:02:38.884+0000] {processor.py:157} INFO - Started process (PID=534) to work on /home/airflow/.local/lib/python3.8/site-packages/airflow/example_dags/example_trigger_target_dag.py
[2023-11-05T03:02:38.884+0000] {processor.py:829} INFO - Processing file /home/airflow/.local/lib/python3.8/site-packages/airflow/example_dags/example_trigger_target_dag.py for tasks to queue
[2023-11-05T03:02:38.886+0000] {logging_mixin.py:151} INFO - [2023-11-05T03:02:38.886+0000] {dagbag.py:536} INFO - Filling up the DagBag from /home/airflow/.local/lib/python3.8/site-packages/airflow/example_dags/example_trigger_target_dag.py
[2023-11-05T03:02:38.893+0000] {processor.py:839} INFO - DAG(s) dict_keys(['example_trigger_target_dag']) retrieved from /home/airflow/.local/lib/python3.8/site-packages/airflow/example_dags/example_trigger_target_dag.py
[2023-11-05T03:02:38.913+0000] {logging_mixin.py:151} INFO - [2023-11-05T03:02:38.913+0000] {dag.py:2941} INFO - Sync 1 DAGs
[2023-11-05T03:02:38.928+0000] {logging_mixin.py:151} INFO - [2023-11-05T03:02:38.927+0000] {dag.py:3722} INFO - Setting next_dagrun for example_trigger_target_dag to None, run_after=None
[2023-11-05T03:02:38.951+0000] {processor.py:179} INFO - Processing /home/airflow/.local/lib/python3.8/site-packages/airflow/example_dags/example_trigger_target_dag.py took 0.070 seconds
[2023-11-05T03:03:09.570+0000] {processor.py:157} INFO - Started process (PID=588) to work on /home/airflow/.local/lib/python3.8/site-packages/airflow/example_dags/example_trigger_target_dag.py
[2023-11-05T03:03:09.571+0000] {processor.py:829} INFO - Processing file /home/airflow/.local/lib/python3.8/site-packages/airflow/example_dags/example_trigger_target_dag.py for tasks to queue
[2023-11-05T03:03:09.573+0000] {logging_mixin.py:151} INFO - [2023-11-05T03:03:09.573+0000] {dagbag.py:536} INFO - Filling up the DagBag from /home/airflow/.local/lib/python3.8/site-packages/airflow/example_dags/example_trigger_target_dag.py
[2023-11-05T03:03:09.578+0000] {processor.py:839} INFO - DAG(s) dict_keys(['example_trigger_target_dag']) retrieved from /home/airflow/.local/lib/python3.8/site-packages/airflow/example_dags/example_trigger_target_dag.py
[2023-11-05T03:03:09.599+0000] {logging_mixin.py:151} INFO - [2023-11-05T03:03:09.598+0000] {dag.py:2941} INFO - Sync 1 DAGs
[2023-11-05T03:03:09.616+0000] {logging_mixin.py:151} INFO - [2023-11-05T03:03:09.615+0000] {dag.py:3722} INFO - Setting next_dagrun for example_trigger_target_dag to None, run_after=None
[2023-11-05T03:03:09.638+0000] {processor.py:179} INFO - Processing /home/airflow/.local/lib/python3.8/site-packages/airflow/example_dags/example_trigger_target_dag.py took 0.071 seconds
[2023-11-05T03:03:39.838+0000] {processor.py:157} INFO - Started process (PID=642) to work on /home/airflow/.local/lib/python3.8/site-packages/airflow/example_dags/example_trigger_target_dag.py
[2023-11-05T03:03:39.839+0000] {processor.py:829} INFO - Processing file /home/airflow/.local/lib/python3.8/site-packages/airflow/example_dags/example_trigger_target_dag.py for tasks to queue
[2023-11-05T03:03:39.842+0000] {logging_mixin.py:151} INFO - [2023-11-05T03:03:39.842+0000] {dagbag.py:536} INFO - Filling up the DagBag from /home/airflow/.local/lib/python3.8/site-packages/airflow/example_dags/example_trigger_target_dag.py
[2023-11-05T03:03:39.848+0000] {processor.py:839} INFO - DAG(s) dict_keys(['example_trigger_target_dag']) retrieved from /home/airflow/.local/lib/python3.8/site-packages/airflow/example_dags/example_trigger_target_dag.py
[2023-11-05T03:03:39.871+0000] {logging_mixin.py:151} INFO - [2023-11-05T03:03:39.871+0000] {dag.py:2941} INFO - Sync 1 DAGs
[2023-11-05T03:03:39.893+0000] {logging_mixin.py:151} INFO - [2023-11-05T03:03:39.893+0000] {dag.py:3722} INFO - Setting next_dagrun for example_trigger_target_dag to None, run_after=None
[2023-11-05T03:03:39.918+0000] {processor.py:179} INFO - Processing /home/airflow/.local/lib/python3.8/site-packages/airflow/example_dags/example_trigger_target_dag.py took 0.083 seconds
[2023-11-05T03:04:10.559+0000] {processor.py:157} INFO - Started process (PID=696) to work on /home/airflow/.local/lib/python3.8/site-packages/airflow/example_dags/example_trigger_target_dag.py
[2023-11-05T03:04:10.561+0000] {processor.py:829} INFO - Processing file /home/airflow/.local/lib/python3.8/site-packages/airflow/example_dags/example_trigger_target_dag.py for tasks to queue
[2023-11-05T03:04:10.565+0000] {logging_mixin.py:151} INFO - [2023-11-05T03:04:10.564+0000] {dagbag.py:536} INFO - Filling up the DagBag from /home/airflow/.local/lib/python3.8/site-packages/airflow/example_dags/example_trigger_target_dag.py
[2023-11-05T03:04:10.578+0000] {processor.py:839} INFO - DAG(s) dict_keys(['example_trigger_target_dag']) retrieved from /home/airflow/.local/lib/python3.8/site-packages/airflow/example_dags/example_trigger_target_dag.py
[2023-11-05T03:04:10.625+0000] {logging_mixin.py:151} INFO - [2023-11-05T03:04:10.624+0000] {dag.py:2941} INFO - Sync 1 DAGs
[2023-11-05T03:04:10.656+0000] {logging_mixin.py:151} INFO - [2023-11-05T03:04:10.655+0000] {dag.py:3722} INFO - Setting next_dagrun for example_trigger_target_dag to None, run_after=None
[2023-11-05T03:04:10.713+0000] {processor.py:179} INFO - Processing /home/airflow/.local/lib/python3.8/site-packages/airflow/example_dags/example_trigger_target_dag.py took 0.163 seconds
[2023-11-05T03:04:40.816+0000] {processor.py:157} INFO - Started process (PID=751) to work on /home/airflow/.local/lib/python3.8/site-packages/airflow/example_dags/example_trigger_target_dag.py
[2023-11-05T03:04:40.817+0000] {processor.py:829} INFO - Processing file /home/airflow/.local/lib/python3.8/site-packages/airflow/example_dags/example_trigger_target_dag.py for tasks to queue
[2023-11-05T03:04:40.819+0000] {logging_mixin.py:151} INFO - [2023-11-05T03:04:40.818+0000] {dagbag.py:536} INFO - Filling up the DagBag from /home/airflow/.local/lib/python3.8/site-packages/airflow/example_dags/example_trigger_target_dag.py
[2023-11-05T03:04:40.826+0000] {processor.py:839} INFO - DAG(s) dict_keys(['example_trigger_target_dag']) retrieved from /home/airflow/.local/lib/python3.8/site-packages/airflow/example_dags/example_trigger_target_dag.py
[2023-11-05T03:04:40.848+0000] {logging_mixin.py:151} INFO - [2023-11-05T03:04:40.848+0000] {dag.py:2941} INFO - Sync 1 DAGs
[2023-11-05T03:04:40.862+0000] {logging_mixin.py:151} INFO - [2023-11-05T03:04:40.862+0000] {dag.py:3722} INFO - Setting next_dagrun for example_trigger_target_dag to None, run_after=None
[2023-11-05T03:04:40.881+0000] {processor.py:179} INFO - Processing /home/airflow/.local/lib/python3.8/site-packages/airflow/example_dags/example_trigger_target_dag.py took 0.068 seconds
[2023-11-05T03:05:11.345+0000] {processor.py:157} INFO - Started process (PID=805) to work on /home/airflow/.local/lib/python3.8/site-packages/airflow/example_dags/example_trigger_target_dag.py
[2023-11-05T03:05:11.346+0000] {processor.py:829} INFO - Processing file /home/airflow/.local/lib/python3.8/site-packages/airflow/example_dags/example_trigger_target_dag.py for tasks to queue
[2023-11-05T03:05:11.349+0000] {logging_mixin.py:151} INFO - [2023-11-05T03:05:11.349+0000] {dagbag.py:536} INFO - Filling up the DagBag from /home/airflow/.local/lib/python3.8/site-packages/airflow/example_dags/example_trigger_target_dag.py
[2023-11-05T03:05:11.360+0000] {processor.py:839} INFO - DAG(s) dict_keys(['example_trigger_target_dag']) retrieved from /home/airflow/.local/lib/python3.8/site-packages/airflow/example_dags/example_trigger_target_dag.py
[2023-11-05T03:05:11.397+0000] {logging_mixin.py:151} INFO - [2023-11-05T03:05:11.396+0000] {dag.py:2941} INFO - Sync 1 DAGs
[2023-11-05T03:05:11.417+0000] {logging_mixin.py:151} INFO - [2023-11-05T03:05:11.417+0000] {dag.py:3722} INFO - Setting next_dagrun for example_trigger_target_dag to None, run_after=None
[2023-11-05T03:05:11.451+0000] {processor.py:179} INFO - Processing /home/airflow/.local/lib/python3.8/site-packages/airflow/example_dags/example_trigger_target_dag.py took 0.109 seconds
[2023-11-05T03:05:42.436+0000] {processor.py:157} INFO - Started process (PID=859) to work on /home/airflow/.local/lib/python3.8/site-packages/airflow/example_dags/example_trigger_target_dag.py
[2023-11-05T03:05:42.437+0000] {processor.py:829} INFO - Processing file /home/airflow/.local/lib/python3.8/site-packages/airflow/example_dags/example_trigger_target_dag.py for tasks to queue
[2023-11-05T03:05:42.439+0000] {logging_mixin.py:151} INFO - [2023-11-05T03:05:42.439+0000] {dagbag.py:536} INFO - Filling up the DagBag from /home/airflow/.local/lib/python3.8/site-packages/airflow/example_dags/example_trigger_target_dag.py
[2023-11-05T03:05:42.444+0000] {processor.py:839} INFO - DAG(s) dict_keys(['example_trigger_target_dag']) retrieved from /home/airflow/.local/lib/python3.8/site-packages/airflow/example_dags/example_trigger_target_dag.py
[2023-11-05T03:05:42.462+0000] {logging_mixin.py:151} INFO - [2023-11-05T03:05:42.461+0000] {dag.py:2941} INFO - Sync 1 DAGs
[2023-11-05T03:05:42.474+0000] {logging_mixin.py:151} INFO - [2023-11-05T03:05:42.474+0000] {dag.py:3722} INFO - Setting next_dagrun for example_trigger_target_dag to None, run_after=None
[2023-11-05T03:05:42.491+0000] {processor.py:179} INFO - Processing /home/airflow/.local/lib/python3.8/site-packages/airflow/example_dags/example_trigger_target_dag.py took 0.058 seconds
[2023-11-05T03:06:13.198+0000] {processor.py:157} INFO - Started process (PID=913) to work on /home/airflow/.local/lib/python3.8/site-packages/airflow/example_dags/example_trigger_target_dag.py
[2023-11-05T03:06:13.199+0000] {processor.py:829} INFO - Processing file /home/airflow/.local/lib/python3.8/site-packages/airflow/example_dags/example_trigger_target_dag.py for tasks to queue
[2023-11-05T03:06:13.200+0000] {logging_mixin.py:151} INFO - [2023-11-05T03:06:13.200+0000] {dagbag.py:536} INFO - Filling up the DagBag from /home/airflow/.local/lib/python3.8/site-packages/airflow/example_dags/example_trigger_target_dag.py
[2023-11-05T03:06:13.205+0000] {processor.py:839} INFO - DAG(s) dict_keys(['example_trigger_target_dag']) retrieved from /home/airflow/.local/lib/python3.8/site-packages/airflow/example_dags/example_trigger_target_dag.py
[2023-11-05T03:06:13.223+0000] {logging_mixin.py:151} INFO - [2023-11-05T03:06:13.223+0000] {dag.py:2941} INFO - Sync 1 DAGs
[2023-11-05T03:06:13.236+0000] {logging_mixin.py:151} INFO - [2023-11-05T03:06:13.236+0000] {dag.py:3722} INFO - Setting next_dagrun for example_trigger_target_dag to None, run_after=None
[2023-11-05T03:06:13.255+0000] {processor.py:179} INFO - Processing /home/airflow/.local/lib/python3.8/site-packages/airflow/example_dags/example_trigger_target_dag.py took 0.061 seconds
[2023-11-05T03:06:44.222+0000] {processor.py:157} INFO - Started process (PID=967) to work on /home/airflow/.local/lib/python3.8/site-packages/airflow/example_dags/example_trigger_target_dag.py
[2023-11-05T03:06:44.223+0000] {processor.py:829} INFO - Processing file /home/airflow/.local/lib/python3.8/site-packages/airflow/example_dags/example_trigger_target_dag.py for tasks to queue
[2023-11-05T03:06:44.226+0000] {logging_mixin.py:151} INFO - [2023-11-05T03:06:44.226+0000] {dagbag.py:536} INFO - Filling up the DagBag from /home/airflow/.local/lib/python3.8/site-packages/airflow/example_dags/example_trigger_target_dag.py
[2023-11-05T03:06:44.233+0000] {processor.py:839} INFO - DAG(s) dict_keys(['example_trigger_target_dag']) retrieved from /home/airflow/.local/lib/python3.8/site-packages/airflow/example_dags/example_trigger_target_dag.py
[2023-11-05T03:06:44.262+0000] {logging_mixin.py:151} INFO - [2023-11-05T03:06:44.262+0000] {dag.py:2941} INFO - Sync 1 DAGs
[2023-11-05T03:06:44.283+0000] {logging_mixin.py:151} INFO - [2023-11-05T03:06:44.283+0000] {dag.py:3722} INFO - Setting next_dagrun for example_trigger_target_dag to None, run_after=None
[2023-11-05T03:06:44.308+0000] {processor.py:179} INFO - Processing /home/airflow/.local/lib/python3.8/site-packages/airflow/example_dags/example_trigger_target_dag.py took 0.092 seconds
[2023-11-05T03:07:14.505+0000] {processor.py:157} INFO - Started process (PID=1021) to work on /home/airflow/.local/lib/python3.8/site-packages/airflow/example_dags/example_trigger_target_dag.py
[2023-11-05T03:07:14.507+0000] {processor.py:829} INFO - Processing file /home/airflow/.local/lib/python3.8/site-packages/airflow/example_dags/example_trigger_target_dag.py for tasks to queue
[2023-11-05T03:07:14.511+0000] {logging_mixin.py:151} INFO - [2023-11-05T03:07:14.510+0000] {dagbag.py:536} INFO - Filling up the DagBag from /home/airflow/.local/lib/python3.8/site-packages/airflow/example_dags/example_trigger_target_dag.py
[2023-11-05T03:07:14.524+0000] {processor.py:839} INFO - DAG(s) dict_keys(['example_trigger_target_dag']) retrieved from /home/airflow/.local/lib/python3.8/site-packages/airflow/example_dags/example_trigger_target_dag.py
[2023-11-05T03:07:14.555+0000] {logging_mixin.py:151} INFO - [2023-11-05T03:07:14.555+0000] {dag.py:2941} INFO - Sync 1 DAGs
[2023-11-05T03:07:14.568+0000] {logging_mixin.py:151} INFO - [2023-11-05T03:07:14.567+0000] {dag.py:3722} INFO - Setting next_dagrun for example_trigger_target_dag to None, run_after=None
[2023-11-05T03:07:14.587+0000] {processor.py:179} INFO - Processing /home/airflow/.local/lib/python3.8/site-packages/airflow/example_dags/example_trigger_target_dag.py took 0.089 seconds
[2023-11-05T03:07:44.831+0000] {processor.py:157} INFO - Started process (PID=1075) to work on /home/airflow/.local/lib/python3.8/site-packages/airflow/example_dags/example_trigger_target_dag.py
[2023-11-05T03:07:44.831+0000] {processor.py:829} INFO - Processing file /home/airflow/.local/lib/python3.8/site-packages/airflow/example_dags/example_trigger_target_dag.py for tasks to queue
[2023-11-05T03:07:44.833+0000] {logging_mixin.py:151} INFO - [2023-11-05T03:07:44.833+0000] {dagbag.py:536} INFO - Filling up the DagBag from /home/airflow/.local/lib/python3.8/site-packages/airflow/example_dags/example_trigger_target_dag.py
[2023-11-05T03:07:44.838+0000] {processor.py:839} INFO - DAG(s) dict_keys(['example_trigger_target_dag']) retrieved from /home/airflow/.local/lib/python3.8/site-packages/airflow/example_dags/example_trigger_target_dag.py
[2023-11-05T03:07:44.857+0000] {logging_mixin.py:151} INFO - [2023-11-05T03:07:44.857+0000] {dag.py:2941} INFO - Sync 1 DAGs
[2023-11-05T03:07:44.871+0000] {logging_mixin.py:151} INFO - [2023-11-05T03:07:44.871+0000] {dag.py:3722} INFO - Setting next_dagrun for example_trigger_target_dag to None, run_after=None
[2023-11-05T03:07:44.893+0000] {processor.py:179} INFO - Processing /home/airflow/.local/lib/python3.8/site-packages/airflow/example_dags/example_trigger_target_dag.py took 0.066 seconds
