[2023-11-05T02:58:02.404+0000] {processor.py:157} INFO - Started process (PID=37) to work on /home/airflow/.local/lib/python3.8/site-packages/airflow/example_dags/example_xcomargs.py
[2023-11-05T02:58:02.405+0000] {processor.py:829} INFO - Processing file /home/airflow/.local/lib/python3.8/site-packages/airflow/example_dags/example_xcomargs.py for tasks to queue
[2023-11-05T02:58:02.407+0000] {logging_mixin.py:151} INFO - [2023-11-05T02:58:02.407+0000] {dagbag.py:536} INFO - Filling up the DagBag from /home/airflow/.local/lib/python3.8/site-packages/airflow/example_dags/example_xcomargs.py
[2023-11-05T02:58:02.421+0000] {processor.py:839} INFO - DAG(s) dict_keys(['example_xcom_args', 'example_xcom_args_with_operators']) retrieved from /home/airflow/.local/lib/python3.8/site-packages/airflow/example_dags/example_xcomargs.py
[2023-11-05T02:58:02.435+0000] {logging_mixin.py:151} INFO - [2023-11-05T02:58:02.435+0000] {dag.py:2941} INFO - Sync 2 DAGs
[2023-11-05T02:58:02.451+0000] {logging_mixin.py:151} INFO - [2023-11-05T02:58:02.451+0000] {dag.py:3722} INFO - Setting next_dagrun for example_xcom_args to None, run_after=None
[2023-11-05T02:58:02.455+0000] {logging_mixin.py:151} INFO - [2023-11-05T02:58:02.454+0000] {dag.py:3722} INFO - Setting next_dagrun for example_xcom_args_with_operators to None, run_after=None
[2023-11-05T02:58:02.472+0000] {processor.py:179} INFO - Processing /home/airflow/.local/lib/python3.8/site-packages/airflow/example_dags/example_xcomargs.py took 0.072 seconds
[2023-11-05T02:58:32.669+0000] {processor.py:157} INFO - Started process (PID=91) to work on /home/airflow/.local/lib/python3.8/site-packages/airflow/example_dags/example_xcomargs.py
[2023-11-05T02:58:32.669+0000] {processor.py:829} INFO - Processing file /home/airflow/.local/lib/python3.8/site-packages/airflow/example_dags/example_xcomargs.py for tasks to queue
[2023-11-05T02:58:32.671+0000] {logging_mixin.py:151} INFO - [2023-11-05T02:58:32.671+0000] {dagbag.py:536} INFO - Filling up the DagBag from /home/airflow/.local/lib/python3.8/site-packages/airflow/example_dags/example_xcomargs.py
[2023-11-05T02:58:32.678+0000] {processor.py:839} INFO - DAG(s) dict_keys(['example_xcom_args_with_operators', 'example_xcom_args']) retrieved from /home/airflow/.local/lib/python3.8/site-packages/airflow/example_dags/example_xcomargs.py
[2023-11-05T02:58:32.700+0000] {logging_mixin.py:151} INFO - [2023-11-05T02:58:32.700+0000] {dag.py:2941} INFO - Sync 2 DAGs
[2023-11-05T02:58:32.714+0000] {logging_mixin.py:151} INFO - [2023-11-05T02:58:32.714+0000] {dag.py:3722} INFO - Setting next_dagrun for example_xcom_args to None, run_after=None
[2023-11-05T02:58:32.717+0000] {logging_mixin.py:151} INFO - [2023-11-05T02:58:32.717+0000] {dag.py:3722} INFO - Setting next_dagrun for example_xcom_args_with_operators to None, run_after=None
[2023-11-05T02:58:32.735+0000] {processor.py:179} INFO - Processing /home/airflow/.local/lib/python3.8/site-packages/airflow/example_dags/example_xcomargs.py took 0.069 seconds
[2023-11-05T02:59:03.082+0000] {processor.py:157} INFO - Started process (PID=146) to work on /home/airflow/.local/lib/python3.8/site-packages/airflow/example_dags/example_xcomargs.py
[2023-11-05T02:59:03.083+0000] {processor.py:829} INFO - Processing file /home/airflow/.local/lib/python3.8/site-packages/airflow/example_dags/example_xcomargs.py for tasks to queue
[2023-11-05T02:59:03.086+0000] {logging_mixin.py:151} INFO - [2023-11-05T02:59:03.085+0000] {dagbag.py:536} INFO - Filling up the DagBag from /home/airflow/.local/lib/python3.8/site-packages/airflow/example_dags/example_xcomargs.py
[2023-11-05T02:59:03.095+0000] {processor.py:839} INFO - DAG(s) dict_keys(['example_xcom_args_with_operators', 'example_xcom_args']) retrieved from /home/airflow/.local/lib/python3.8/site-packages/airflow/example_dags/example_xcomargs.py
[2023-11-05T02:59:03.142+0000] {logging_mixin.py:151} INFO - [2023-11-05T02:59:03.141+0000] {dag.py:2941} INFO - Sync 2 DAGs
[2023-11-05T02:59:03.168+0000] {logging_mixin.py:151} INFO - [2023-11-05T02:59:03.167+0000] {dag.py:3722} INFO - Setting next_dagrun for example_xcom_args to None, run_after=None
[2023-11-05T02:59:03.176+0000] {logging_mixin.py:151} INFO - [2023-11-05T02:59:03.176+0000] {dag.py:3722} INFO - Setting next_dagrun for example_xcom_args_with_operators to None, run_after=None
[2023-11-05T02:59:03.210+0000] {processor.py:179} INFO - Processing /home/airflow/.local/lib/python3.8/site-packages/airflow/example_dags/example_xcomargs.py took 0.132 seconds
[2023-11-05T02:59:33.972+0000] {processor.py:157} INFO - Started process (PID=200) to work on /home/airflow/.local/lib/python3.8/site-packages/airflow/example_dags/example_xcomargs.py
[2023-11-05T02:59:33.974+0000] {processor.py:829} INFO - Processing file /home/airflow/.local/lib/python3.8/site-packages/airflow/example_dags/example_xcomargs.py for tasks to queue
[2023-11-05T02:59:33.978+0000] {logging_mixin.py:151} INFO - [2023-11-05T02:59:33.978+0000] {dagbag.py:536} INFO - Filling up the DagBag from /home/airflow/.local/lib/python3.8/site-packages/airflow/example_dags/example_xcomargs.py
[2023-11-05T02:59:33.999+0000] {processor.py:839} INFO - DAG(s) dict_keys(['example_xcom_args', 'example_xcom_args_with_operators']) retrieved from /home/airflow/.local/lib/python3.8/site-packages/airflow/example_dags/example_xcomargs.py
[2023-11-05T02:59:34.047+0000] {logging_mixin.py:151} INFO - [2023-11-05T02:59:34.046+0000] {dag.py:2941} INFO - Sync 2 DAGs
[2023-11-05T02:59:34.075+0000] {logging_mixin.py:151} INFO - [2023-11-05T02:59:34.075+0000] {dag.py:3722} INFO - Setting next_dagrun for example_xcom_args to None, run_after=None
[2023-11-05T02:59:34.083+0000] {logging_mixin.py:151} INFO - [2023-11-05T02:59:34.082+0000] {dag.py:3722} INFO - Setting next_dagrun for example_xcom_args_with_operators to None, run_after=None
[2023-11-05T02:59:34.123+0000] {processor.py:179} INFO - Processing /home/airflow/.local/lib/python3.8/site-packages/airflow/example_dags/example_xcomargs.py took 0.158 seconds
[2023-11-05T03:00:04.732+0000] {processor.py:157} INFO - Started process (PID=254) to work on /home/airflow/.local/lib/python3.8/site-packages/airflow/example_dags/example_xcomargs.py
[2023-11-05T03:00:04.733+0000] {processor.py:829} INFO - Processing file /home/airflow/.local/lib/python3.8/site-packages/airflow/example_dags/example_xcomargs.py for tasks to queue
[2023-11-05T03:00:04.736+0000] {logging_mixin.py:151} INFO - [2023-11-05T03:00:04.735+0000] {dagbag.py:536} INFO - Filling up the DagBag from /home/airflow/.local/lib/python3.8/site-packages/airflow/example_dags/example_xcomargs.py
[2023-11-05T03:00:04.753+0000] {processor.py:839} INFO - DAG(s) dict_keys(['example_xcom_args_with_operators', 'example_xcom_args']) retrieved from /home/airflow/.local/lib/python3.8/site-packages/airflow/example_dags/example_xcomargs.py
[2023-11-05T03:00:04.809+0000] {logging_mixin.py:151} INFO - [2023-11-05T03:00:04.808+0000] {dag.py:2941} INFO - Sync 2 DAGs
[2023-11-05T03:00:04.840+0000] {logging_mixin.py:151} INFO - [2023-11-05T03:00:04.840+0000] {dag.py:3722} INFO - Setting next_dagrun for example_xcom_args to None, run_after=None
[2023-11-05T03:00:04.847+0000] {logging_mixin.py:151} INFO - [2023-11-05T03:00:04.847+0000] {dag.py:3722} INFO - Setting next_dagrun for example_xcom_args_with_operators to None, run_after=None
[2023-11-05T03:00:04.874+0000] {processor.py:179} INFO - Processing /home/airflow/.local/lib/python3.8/site-packages/airflow/example_dags/example_xcomargs.py took 0.146 seconds
[2023-11-05T03:00:35.891+0000] {processor.py:157} INFO - Started process (PID=307) to work on /home/airflow/.local/lib/python3.8/site-packages/airflow/example_dags/example_xcomargs.py
[2023-11-05T03:00:35.893+0000] {processor.py:829} INFO - Processing file /home/airflow/.local/lib/python3.8/site-packages/airflow/example_dags/example_xcomargs.py for tasks to queue
[2023-11-05T03:00:35.897+0000] {logging_mixin.py:151} INFO - [2023-11-05T03:00:35.897+0000] {dagbag.py:536} INFO - Filling up the DagBag from /home/airflow/.local/lib/python3.8/site-packages/airflow/example_dags/example_xcomargs.py
[2023-11-05T03:00:35.918+0000] {processor.py:839} INFO - DAG(s) dict_keys(['example_xcom_args_with_operators', 'example_xcom_args']) retrieved from /home/airflow/.local/lib/python3.8/site-packages/airflow/example_dags/example_xcomargs.py
[2023-11-05T03:00:35.976+0000] {logging_mixin.py:151} INFO - [2023-11-05T03:00:35.975+0000] {dag.py:2941} INFO - Sync 2 DAGs
[2023-11-05T03:00:36.000+0000] {logging_mixin.py:151} INFO - [2023-11-05T03:00:35.999+0000] {dag.py:3722} INFO - Setting next_dagrun for example_xcom_args to None, run_after=None
[2023-11-05T03:00:36.008+0000] {logging_mixin.py:151} INFO - [2023-11-05T03:00:36.007+0000] {dag.py:3722} INFO - Setting next_dagrun for example_xcom_args_with_operators to None, run_after=None
[2023-11-05T03:00:36.036+0000] {processor.py:179} INFO - Processing /home/airflow/.local/lib/python3.8/site-packages/airflow/example_dags/example_xcomargs.py took 0.154 seconds
[2023-11-05T03:01:06.259+0000] {processor.py:157} INFO - Started process (PID=362) to work on /home/airflow/.local/lib/python3.8/site-packages/airflow/example_dags/example_xcomargs.py
[2023-11-05T03:01:06.261+0000] {processor.py:829} INFO - Processing file /home/airflow/.local/lib/python3.8/site-packages/airflow/example_dags/example_xcomargs.py for tasks to queue
[2023-11-05T03:01:06.264+0000] {logging_mixin.py:151} INFO - [2023-11-05T03:01:06.263+0000] {dagbag.py:536} INFO - Filling up the DagBag from /home/airflow/.local/lib/python3.8/site-packages/airflow/example_dags/example_xcomargs.py
[2023-11-05T03:01:06.282+0000] {processor.py:839} INFO - DAG(s) dict_keys(['example_xcom_args_with_operators', 'example_xcom_args']) retrieved from /home/airflow/.local/lib/python3.8/site-packages/airflow/example_dags/example_xcomargs.py
[2023-11-05T03:01:06.334+0000] {logging_mixin.py:151} INFO - [2023-11-05T03:01:06.333+0000] {dag.py:2941} INFO - Sync 2 DAGs
[2023-11-05T03:01:06.378+0000] {logging_mixin.py:151} INFO - [2023-11-05T03:01:06.378+0000] {dag.py:3722} INFO - Setting next_dagrun for example_xcom_args to None, run_after=None
[2023-11-05T03:01:06.387+0000] {logging_mixin.py:151} INFO - [2023-11-05T03:01:06.386+0000] {dag.py:3722} INFO - Setting next_dagrun for example_xcom_args_with_operators to None, run_after=None
[2023-11-05T03:01:06.430+0000] {processor.py:179} INFO - Processing /home/airflow/.local/lib/python3.8/site-packages/airflow/example_dags/example_xcomargs.py took 0.178 seconds
[2023-11-05T03:01:36.575+0000] {processor.py:157} INFO - Started process (PID=415) to work on /home/airflow/.local/lib/python3.8/site-packages/airflow/example_dags/example_xcomargs.py
[2023-11-05T03:01:36.576+0000] {processor.py:829} INFO - Processing file /home/airflow/.local/lib/python3.8/site-packages/airflow/example_dags/example_xcomargs.py for tasks to queue
[2023-11-05T03:01:36.579+0000] {logging_mixin.py:151} INFO - [2023-11-05T03:01:36.579+0000] {dagbag.py:536} INFO - Filling up the DagBag from /home/airflow/.local/lib/python3.8/site-packages/airflow/example_dags/example_xcomargs.py
[2023-11-05T03:01:36.594+0000] {processor.py:839} INFO - DAG(s) dict_keys(['example_xcom_args', 'example_xcom_args_with_operators']) retrieved from /home/airflow/.local/lib/python3.8/site-packages/airflow/example_dags/example_xcomargs.py
[2023-11-05T03:01:36.635+0000] {logging_mixin.py:151} INFO - [2023-11-05T03:01:36.634+0000] {dag.py:2941} INFO - Sync 2 DAGs
[2023-11-05T03:01:36.649+0000] {logging_mixin.py:151} INFO - [2023-11-05T03:01:36.649+0000] {dag.py:3722} INFO - Setting next_dagrun for example_xcom_args to None, run_after=None
[2023-11-05T03:01:36.653+0000] {logging_mixin.py:151} INFO - [2023-11-05T03:01:36.653+0000] {dag.py:3722} INFO - Setting next_dagrun for example_xcom_args_with_operators to None, run_after=None
[2023-11-05T03:01:36.687+0000] {processor.py:179} INFO - Processing /home/airflow/.local/lib/python3.8/site-packages/airflow/example_dags/example_xcomargs.py took 0.118 seconds
[2023-11-05T03:02:06.926+0000] {processor.py:157} INFO - Started process (PID=469) to work on /home/airflow/.local/lib/python3.8/site-packages/airflow/example_dags/example_xcomargs.py
[2023-11-05T03:02:06.926+0000] {processor.py:829} INFO - Processing file /home/airflow/.local/lib/python3.8/site-packages/airflow/example_dags/example_xcomargs.py for tasks to queue
[2023-11-05T03:02:06.928+0000] {logging_mixin.py:151} INFO - [2023-11-05T03:02:06.928+0000] {dagbag.py:536} INFO - Filling up the DagBag from /home/airflow/.local/lib/python3.8/site-packages/airflow/example_dags/example_xcomargs.py
[2023-11-05T03:02:06.937+0000] {processor.py:839} INFO - DAG(s) dict_keys(['example_xcom_args', 'example_xcom_args_with_operators']) retrieved from /home/airflow/.local/lib/python3.8/site-packages/airflow/example_dags/example_xcomargs.py
[2023-11-05T03:02:06.970+0000] {logging_mixin.py:151} INFO - [2023-11-05T03:02:06.969+0000] {dag.py:2941} INFO - Sync 2 DAGs
[2023-11-05T03:02:06.988+0000] {logging_mixin.py:151} INFO - [2023-11-05T03:02:06.987+0000] {dag.py:3722} INFO - Setting next_dagrun for example_xcom_args to None, run_after=None
[2023-11-05T03:02:06.992+0000] {logging_mixin.py:151} INFO - [2023-11-05T03:02:06.992+0000] {dag.py:3722} INFO - Setting next_dagrun for example_xcom_args_with_operators to None, run_after=None
[2023-11-05T03:02:07.016+0000] {processor.py:179} INFO - Processing /home/airflow/.local/lib/python3.8/site-packages/airflow/example_dags/example_xcomargs.py took 0.095 seconds
[2023-11-05T03:02:37.100+0000] {processor.py:157} INFO - Started process (PID=522) to work on /home/airflow/.local/lib/python3.8/site-packages/airflow/example_dags/example_xcomargs.py
[2023-11-05T03:02:37.101+0000] {processor.py:829} INFO - Processing file /home/airflow/.local/lib/python3.8/site-packages/airflow/example_dags/example_xcomargs.py for tasks to queue
[2023-11-05T03:02:37.103+0000] {logging_mixin.py:151} INFO - [2023-11-05T03:02:37.102+0000] {dagbag.py:536} INFO - Filling up the DagBag from /home/airflow/.local/lib/python3.8/site-packages/airflow/example_dags/example_xcomargs.py
[2023-11-05T03:02:37.113+0000] {processor.py:839} INFO - DAG(s) dict_keys(['example_xcom_args_with_operators', 'example_xcom_args']) retrieved from /home/airflow/.local/lib/python3.8/site-packages/airflow/example_dags/example_xcomargs.py
[2023-11-05T03:02:37.137+0000] {logging_mixin.py:151} INFO - [2023-11-05T03:02:37.136+0000] {dag.py:2941} INFO - Sync 2 DAGs
[2023-11-05T03:02:37.151+0000] {logging_mixin.py:151} INFO - [2023-11-05T03:02:37.151+0000] {dag.py:3722} INFO - Setting next_dagrun for example_xcom_args to None, run_after=None
[2023-11-05T03:02:37.154+0000] {logging_mixin.py:151} INFO - [2023-11-05T03:02:37.154+0000] {dag.py:3722} INFO - Setting next_dagrun for example_xcom_args_with_operators to None, run_after=None
[2023-11-05T03:02:37.183+0000] {processor.py:179} INFO - Processing /home/airflow/.local/lib/python3.8/site-packages/airflow/example_dags/example_xcomargs.py took 0.086 seconds
[2023-11-05T03:03:07.752+0000] {processor.py:157} INFO - Started process (PID=576) to work on /home/airflow/.local/lib/python3.8/site-packages/airflow/example_dags/example_xcomargs.py
[2023-11-05T03:03:07.753+0000] {processor.py:829} INFO - Processing file /home/airflow/.local/lib/python3.8/site-packages/airflow/example_dags/example_xcomargs.py for tasks to queue
[2023-11-05T03:03:07.755+0000] {logging_mixin.py:151} INFO - [2023-11-05T03:03:07.755+0000] {dagbag.py:536} INFO - Filling up the DagBag from /home/airflow/.local/lib/python3.8/site-packages/airflow/example_dags/example_xcomargs.py
[2023-11-05T03:03:07.764+0000] {processor.py:839} INFO - DAG(s) dict_keys(['example_xcom_args', 'example_xcom_args_with_operators']) retrieved from /home/airflow/.local/lib/python3.8/site-packages/airflow/example_dags/example_xcomargs.py
[2023-11-05T03:03:07.796+0000] {logging_mixin.py:151} INFO - [2023-11-05T03:03:07.796+0000] {dag.py:2941} INFO - Sync 2 DAGs
[2023-11-05T03:03:07.813+0000] {logging_mixin.py:151} INFO - [2023-11-05T03:03:07.812+0000] {dag.py:3722} INFO - Setting next_dagrun for example_xcom_args to None, run_after=None
[2023-11-05T03:03:07.816+0000] {logging_mixin.py:151} INFO - [2023-11-05T03:03:07.816+0000] {dag.py:3722} INFO - Setting next_dagrun for example_xcom_args_with_operators to None, run_after=None
[2023-11-05T03:03:07.835+0000] {processor.py:179} INFO - Processing /home/airflow/.local/lib/python3.8/site-packages/airflow/example_dags/example_xcomargs.py took 0.085 seconds
[2023-11-05T03:03:37.961+0000] {processor.py:157} INFO - Started process (PID=630) to work on /home/airflow/.local/lib/python3.8/site-packages/airflow/example_dags/example_xcomargs.py
[2023-11-05T03:03:37.962+0000] {processor.py:829} INFO - Processing file /home/airflow/.local/lib/python3.8/site-packages/airflow/example_dags/example_xcomargs.py for tasks to queue
[2023-11-05T03:03:37.964+0000] {logging_mixin.py:151} INFO - [2023-11-05T03:03:37.964+0000] {dagbag.py:536} INFO - Filling up the DagBag from /home/airflow/.local/lib/python3.8/site-packages/airflow/example_dags/example_xcomargs.py
[2023-11-05T03:03:37.970+0000] {processor.py:839} INFO - DAG(s) dict_keys(['example_xcom_args', 'example_xcom_args_with_operators']) retrieved from /home/airflow/.local/lib/python3.8/site-packages/airflow/example_dags/example_xcomargs.py
[2023-11-05T03:03:37.995+0000] {logging_mixin.py:151} INFO - [2023-11-05T03:03:37.995+0000] {dag.py:2941} INFO - Sync 2 DAGs
[2023-11-05T03:03:38.011+0000] {logging_mixin.py:151} INFO - [2023-11-05T03:03:38.011+0000] {dag.py:3722} INFO - Setting next_dagrun for example_xcom_args to None, run_after=None
[2023-11-05T03:03:38.014+0000] {logging_mixin.py:151} INFO - [2023-11-05T03:03:38.014+0000] {dag.py:3722} INFO - Setting next_dagrun for example_xcom_args_with_operators to None, run_after=None
[2023-11-05T03:03:38.031+0000] {processor.py:179} INFO - Processing /home/airflow/.local/lib/python3.8/site-packages/airflow/example_dags/example_xcomargs.py took 0.075 seconds
[2023-11-05T03:04:08.578+0000] {processor.py:157} INFO - Started process (PID=684) to work on /home/airflow/.local/lib/python3.8/site-packages/airflow/example_dags/example_xcomargs.py
[2023-11-05T03:04:08.579+0000] {processor.py:829} INFO - Processing file /home/airflow/.local/lib/python3.8/site-packages/airflow/example_dags/example_xcomargs.py for tasks to queue
[2023-11-05T03:04:08.583+0000] {logging_mixin.py:151} INFO - [2023-11-05T03:04:08.583+0000] {dagbag.py:536} INFO - Filling up the DagBag from /home/airflow/.local/lib/python3.8/site-packages/airflow/example_dags/example_xcomargs.py
[2023-11-05T03:04:08.597+0000] {processor.py:839} INFO - DAG(s) dict_keys(['example_xcom_args', 'example_xcom_args_with_operators']) retrieved from /home/airflow/.local/lib/python3.8/site-packages/airflow/example_dags/example_xcomargs.py
[2023-11-05T03:04:08.638+0000] {logging_mixin.py:151} INFO - [2023-11-05T03:04:08.638+0000] {dag.py:2941} INFO - Sync 2 DAGs
[2023-11-05T03:04:08.651+0000] {logging_mixin.py:151} INFO - [2023-11-05T03:04:08.650+0000] {dag.py:3722} INFO - Setting next_dagrun for example_xcom_args to None, run_after=None
[2023-11-05T03:04:08.654+0000] {logging_mixin.py:151} INFO - [2023-11-05T03:04:08.654+0000] {dag.py:3722} INFO - Setting next_dagrun for example_xcom_args_with_operators to None, run_after=None
[2023-11-05T03:04:08.670+0000] {processor.py:179} INFO - Processing /home/airflow/.local/lib/python3.8/site-packages/airflow/example_dags/example_xcomargs.py took 0.097 seconds
[2023-11-05T03:04:38.829+0000] {processor.py:157} INFO - Started process (PID=739) to work on /home/airflow/.local/lib/python3.8/site-packages/airflow/example_dags/example_xcomargs.py
[2023-11-05T03:04:38.831+0000] {processor.py:829} INFO - Processing file /home/airflow/.local/lib/python3.8/site-packages/airflow/example_dags/example_xcomargs.py for tasks to queue
[2023-11-05T03:04:38.835+0000] {logging_mixin.py:151} INFO - [2023-11-05T03:04:38.834+0000] {dagbag.py:536} INFO - Filling up the DagBag from /home/airflow/.local/lib/python3.8/site-packages/airflow/example_dags/example_xcomargs.py
[2023-11-05T03:04:38.851+0000] {processor.py:839} INFO - DAG(s) dict_keys(['example_xcom_args', 'example_xcom_args_with_operators']) retrieved from /home/airflow/.local/lib/python3.8/site-packages/airflow/example_dags/example_xcomargs.py
[2023-11-05T03:04:38.900+0000] {logging_mixin.py:151} INFO - [2023-11-05T03:04:38.899+0000] {dag.py:2941} INFO - Sync 2 DAGs
[2023-11-05T03:04:38.924+0000] {logging_mixin.py:151} INFO - [2023-11-05T03:04:38.923+0000] {dag.py:3722} INFO - Setting next_dagrun for example_xcom_args to None, run_after=None
[2023-11-05T03:04:38.931+0000] {logging_mixin.py:151} INFO - [2023-11-05T03:04:38.931+0000] {dag.py:3722} INFO - Setting next_dagrun for example_xcom_args_with_operators to None, run_after=None
[2023-11-05T03:04:38.975+0000] {processor.py:179} INFO - Processing /home/airflow/.local/lib/python3.8/site-packages/airflow/example_dags/example_xcomargs.py took 0.152 seconds
[2023-11-05T03:05:09.269+0000] {processor.py:157} INFO - Started process (PID=793) to work on /home/airflow/.local/lib/python3.8/site-packages/airflow/example_dags/example_xcomargs.py
[2023-11-05T03:05:09.270+0000] {processor.py:829} INFO - Processing file /home/airflow/.local/lib/python3.8/site-packages/airflow/example_dags/example_xcomargs.py for tasks to queue
[2023-11-05T03:05:09.274+0000] {logging_mixin.py:151} INFO - [2023-11-05T03:05:09.274+0000] {dagbag.py:536} INFO - Filling up the DagBag from /home/airflow/.local/lib/python3.8/site-packages/airflow/example_dags/example_xcomargs.py
[2023-11-05T03:05:09.289+0000] {processor.py:839} INFO - DAG(s) dict_keys(['example_xcom_args_with_operators', 'example_xcom_args']) retrieved from /home/airflow/.local/lib/python3.8/site-packages/airflow/example_dags/example_xcomargs.py
[2023-11-05T03:05:09.332+0000] {logging_mixin.py:151} INFO - [2023-11-05T03:05:09.332+0000] {dag.py:2941} INFO - Sync 2 DAGs
[2023-11-05T03:05:09.346+0000] {logging_mixin.py:151} INFO - [2023-11-05T03:05:09.346+0000] {dag.py:3722} INFO - Setting next_dagrun for example_xcom_args to None, run_after=None
[2023-11-05T03:05:09.349+0000] {logging_mixin.py:151} INFO - [2023-11-05T03:05:09.349+0000] {dag.py:3722} INFO - Setting next_dagrun for example_xcom_args_with_operators to None, run_after=None
[2023-11-05T03:05:09.366+0000] {processor.py:179} INFO - Processing /home/airflow/.local/lib/python3.8/site-packages/airflow/example_dags/example_xcomargs.py took 0.104 seconds
[2023-11-05T03:05:39.520+0000] {processor.py:157} INFO - Started process (PID=847) to work on /home/airflow/.local/lib/python3.8/site-packages/airflow/example_dags/example_xcomargs.py
[2023-11-05T03:05:39.521+0000] {processor.py:829} INFO - Processing file /home/airflow/.local/lib/python3.8/site-packages/airflow/example_dags/example_xcomargs.py for tasks to queue
[2023-11-05T03:05:39.527+0000] {logging_mixin.py:151} INFO - [2023-11-05T03:05:39.526+0000] {dagbag.py:536} INFO - Filling up the DagBag from /home/airflow/.local/lib/python3.8/site-packages/airflow/example_dags/example_xcomargs.py
[2023-11-05T03:05:39.543+0000] {processor.py:839} INFO - DAG(s) dict_keys(['example_xcom_args', 'example_xcom_args_with_operators']) retrieved from /home/airflow/.local/lib/python3.8/site-packages/airflow/example_dags/example_xcomargs.py
[2023-11-05T03:05:39.582+0000] {logging_mixin.py:151} INFO - [2023-11-05T03:05:39.582+0000] {dag.py:2941} INFO - Sync 2 DAGs
[2023-11-05T03:05:39.596+0000] {logging_mixin.py:151} INFO - [2023-11-05T03:05:39.596+0000] {dag.py:3722} INFO - Setting next_dagrun for example_xcom_args to None, run_after=None
[2023-11-05T03:05:39.600+0000] {logging_mixin.py:151} INFO - [2023-11-05T03:05:39.600+0000] {dag.py:3722} INFO - Setting next_dagrun for example_xcom_args_with_operators to None, run_after=None
[2023-11-05T03:05:39.633+0000] {processor.py:179} INFO - Processing /home/airflow/.local/lib/python3.8/site-packages/airflow/example_dags/example_xcomargs.py took 0.120 seconds
[2023-11-05T03:06:09.803+0000] {processor.py:157} INFO - Started process (PID=901) to work on /home/airflow/.local/lib/python3.8/site-packages/airflow/example_dags/example_xcomargs.py
[2023-11-05T03:06:09.805+0000] {processor.py:829} INFO - Processing file /home/airflow/.local/lib/python3.8/site-packages/airflow/example_dags/example_xcomargs.py for tasks to queue
[2023-11-05T03:06:09.810+0000] {logging_mixin.py:151} INFO - [2023-11-05T03:06:09.809+0000] {dagbag.py:536} INFO - Filling up the DagBag from /home/airflow/.local/lib/python3.8/site-packages/airflow/example_dags/example_xcomargs.py
[2023-11-05T03:06:09.828+0000] {processor.py:839} INFO - DAG(s) dict_keys(['example_xcom_args', 'example_xcom_args_with_operators']) retrieved from /home/airflow/.local/lib/python3.8/site-packages/airflow/example_dags/example_xcomargs.py
[2023-11-05T03:06:09.871+0000] {logging_mixin.py:151} INFO - [2023-11-05T03:06:09.871+0000] {dag.py:2941} INFO - Sync 2 DAGs
[2023-11-05T03:06:09.888+0000] {logging_mixin.py:151} INFO - [2023-11-05T03:06:09.888+0000] {dag.py:3722} INFO - Setting next_dagrun for example_xcom_args to None, run_after=None
[2023-11-05T03:06:09.894+0000] {logging_mixin.py:151} INFO - [2023-11-05T03:06:09.893+0000] {dag.py:3722} INFO - Setting next_dagrun for example_xcom_args_with_operators to None, run_after=None
[2023-11-05T03:06:09.940+0000] {processor.py:179} INFO - Processing /home/airflow/.local/lib/python3.8/site-packages/airflow/example_dags/example_xcomargs.py took 0.143 seconds
[2023-11-05T03:06:40.042+0000] {processor.py:157} INFO - Started process (PID=954) to work on /home/airflow/.local/lib/python3.8/site-packages/airflow/example_dags/example_xcomargs.py
[2023-11-05T03:06:40.043+0000] {processor.py:829} INFO - Processing file /home/airflow/.local/lib/python3.8/site-packages/airflow/example_dags/example_xcomargs.py for tasks to queue
[2023-11-05T03:06:40.046+0000] {logging_mixin.py:151} INFO - [2023-11-05T03:06:40.045+0000] {dagbag.py:536} INFO - Filling up the DagBag from /home/airflow/.local/lib/python3.8/site-packages/airflow/example_dags/example_xcomargs.py
[2023-11-05T03:06:40.053+0000] {processor.py:839} INFO - DAG(s) dict_keys(['example_xcom_args', 'example_xcom_args_with_operators']) retrieved from /home/airflow/.local/lib/python3.8/site-packages/airflow/example_dags/example_xcomargs.py
[2023-11-05T03:06:40.078+0000] {logging_mixin.py:151} INFO - [2023-11-05T03:06:40.078+0000] {dag.py:2941} INFO - Sync 2 DAGs
[2023-11-05T03:06:40.091+0000] {logging_mixin.py:151} INFO - [2023-11-05T03:06:40.091+0000] {dag.py:3722} INFO - Setting next_dagrun for example_xcom_args to None, run_after=None
[2023-11-05T03:06:40.095+0000] {logging_mixin.py:151} INFO - [2023-11-05T03:06:40.095+0000] {dag.py:3722} INFO - Setting next_dagrun for example_xcom_args_with_operators to None, run_after=None
[2023-11-05T03:06:40.112+0000] {processor.py:179} INFO - Processing /home/airflow/.local/lib/python3.8/site-packages/airflow/example_dags/example_xcomargs.py took 0.073 seconds
[2023-11-05T03:07:10.489+0000] {processor.py:157} INFO - Started process (PID=1008) to work on /home/airflow/.local/lib/python3.8/site-packages/airflow/example_dags/example_xcomargs.py
[2023-11-05T03:07:10.499+0000] {processor.py:829} INFO - Processing file /home/airflow/.local/lib/python3.8/site-packages/airflow/example_dags/example_xcomargs.py for tasks to queue
[2023-11-05T03:07:10.503+0000] {logging_mixin.py:151} INFO - [2023-11-05T03:07:10.503+0000] {dagbag.py:536} INFO - Filling up the DagBag from /home/airflow/.local/lib/python3.8/site-packages/airflow/example_dags/example_xcomargs.py
[2023-11-05T03:07:10.519+0000] {processor.py:839} INFO - DAG(s) dict_keys(['example_xcom_args_with_operators', 'example_xcom_args']) retrieved from /home/airflow/.local/lib/python3.8/site-packages/airflow/example_dags/example_xcomargs.py
[2023-11-05T03:07:10.566+0000] {logging_mixin.py:151} INFO - [2023-11-05T03:07:10.566+0000] {dag.py:2941} INFO - Sync 2 DAGs
[2023-11-05T03:07:10.587+0000] {logging_mixin.py:151} INFO - [2023-11-05T03:07:10.587+0000] {dag.py:3722} INFO - Setting next_dagrun for example_xcom_args to None, run_after=None
[2023-11-05T03:07:10.591+0000] {logging_mixin.py:151} INFO - [2023-11-05T03:07:10.591+0000] {dag.py:3722} INFO - Setting next_dagrun for example_xcom_args_with_operators to None, run_after=None
[2023-11-05T03:07:10.616+0000] {processor.py:179} INFO - Processing /home/airflow/.local/lib/python3.8/site-packages/airflow/example_dags/example_xcomargs.py took 0.132 seconds
[2023-11-05T03:07:40.913+0000] {processor.py:157} INFO - Started process (PID=1062) to work on /home/airflow/.local/lib/python3.8/site-packages/airflow/example_dags/example_xcomargs.py
[2023-11-05T03:07:40.915+0000] {processor.py:829} INFO - Processing file /home/airflow/.local/lib/python3.8/site-packages/airflow/example_dags/example_xcomargs.py for tasks to queue
[2023-11-05T03:07:40.920+0000] {logging_mixin.py:151} INFO - [2023-11-05T03:07:40.920+0000] {dagbag.py:536} INFO - Filling up the DagBag from /home/airflow/.local/lib/python3.8/site-packages/airflow/example_dags/example_xcomargs.py
[2023-11-05T03:07:40.937+0000] {processor.py:839} INFO - DAG(s) dict_keys(['example_xcom_args', 'example_xcom_args_with_operators']) retrieved from /home/airflow/.local/lib/python3.8/site-packages/airflow/example_dags/example_xcomargs.py
[2023-11-05T03:07:40.965+0000] {logging_mixin.py:151} INFO - [2023-11-05T03:07:40.965+0000] {dag.py:2941} INFO - Sync 2 DAGs
[2023-11-05T03:07:40.980+0000] {logging_mixin.py:151} INFO - [2023-11-05T03:07:40.979+0000] {dag.py:3722} INFO - Setting next_dagrun for example_xcom_args to None, run_after=None
[2023-11-05T03:07:40.983+0000] {logging_mixin.py:151} INFO - [2023-11-05T03:07:40.983+0000] {dag.py:3722} INFO - Setting next_dagrun for example_xcom_args_with_operators to None, run_after=None
[2023-11-05T03:07:41.008+0000] {processor.py:179} INFO - Processing /home/airflow/.local/lib/python3.8/site-packages/airflow/example_dags/example_xcomargs.py took 0.102 seconds
