[2023-11-05T02:58:04.337+0000] {processor.py:157} INFO - Started process (PID=64) to work on /home/airflow/.local/lib/python3.8/site-packages/airflow/example_dags/example_bash_operator.py
[2023-11-05T02:58:04.338+0000] {processor.py:829} INFO - Processing file /home/airflow/.local/lib/python3.8/site-packages/airflow/example_dags/example_bash_operator.py for tasks to queue
[2023-11-05T02:58:04.342+0000] {logging_mixin.py:151} INFO - [2023-11-05T02:58:04.341+0000] {dagbag.py:536} INFO - Filling up the DagBag from /home/airflow/.local/lib/python3.8/site-packages/airflow/example_dags/example_bash_operator.py
[2023-11-05T02:58:04.355+0000] {processor.py:839} INFO - DAG(s) dict_keys(['example_bash_operator']) retrieved from /home/airflow/.local/lib/python3.8/site-packages/airflow/example_dags/example_bash_operator.py
[2023-11-05T02:58:04.369+0000] {logging_mixin.py:151} INFO - [2023-11-05T02:58:04.368+0000] {dag.py:2941} INFO - Sync 1 DAGs
[2023-11-05T02:58:04.396+0000] {logging_mixin.py:151} INFO - [2023-11-05T02:58:04.395+0000] {dag.py:3722} INFO - Setting next_dagrun for example_bash_operator to 2023-11-04T00:00:00+00:00, run_after=2023-11-05T00:00:00+00:00
[2023-11-05T02:58:04.422+0000] {processor.py:179} INFO - Processing /home/airflow/.local/lib/python3.8/site-packages/airflow/example_dags/example_bash_operator.py took 0.088 seconds
[2023-11-05T02:58:34.676+0000] {processor.py:157} INFO - Started process (PID=118) to work on /home/airflow/.local/lib/python3.8/site-packages/airflow/example_dags/example_bash_operator.py
[2023-11-05T02:58:34.677+0000] {processor.py:829} INFO - Processing file /home/airflow/.local/lib/python3.8/site-packages/airflow/example_dags/example_bash_operator.py for tasks to queue
[2023-11-05T02:58:34.679+0000] {logging_mixin.py:151} INFO - [2023-11-05T02:58:34.679+0000] {dagbag.py:536} INFO - Filling up the DagBag from /home/airflow/.local/lib/python3.8/site-packages/airflow/example_dags/example_bash_operator.py
[2023-11-05T02:58:34.691+0000] {processor.py:839} INFO - DAG(s) dict_keys(['example_bash_operator']) retrieved from /home/airflow/.local/lib/python3.8/site-packages/airflow/example_dags/example_bash_operator.py
[2023-11-05T02:58:34.726+0000] {logging_mixin.py:151} INFO - [2023-11-05T02:58:34.726+0000] {dag.py:2941} INFO - Sync 1 DAGs
[2023-11-05T02:58:34.751+0000] {logging_mixin.py:151} INFO - [2023-11-05T02:58:34.751+0000] {dag.py:3722} INFO - Setting next_dagrun for example_bash_operator to 2023-11-04T00:00:00+00:00, run_after=2023-11-05T00:00:00+00:00
[2023-11-05T02:58:34.772+0000] {processor.py:179} INFO - Processing /home/airflow/.local/lib/python3.8/site-packages/airflow/example_dags/example_bash_operator.py took 0.099 seconds
[2023-11-05T02:59:05.585+0000] {processor.py:157} INFO - Started process (PID=173) to work on /home/airflow/.local/lib/python3.8/site-packages/airflow/example_dags/example_bash_operator.py
[2023-11-05T02:59:05.588+0000] {processor.py:829} INFO - Processing file /home/airflow/.local/lib/python3.8/site-packages/airflow/example_dags/example_bash_operator.py for tasks to queue
[2023-11-05T02:59:05.592+0000] {logging_mixin.py:151} INFO - [2023-11-05T02:59:05.591+0000] {dagbag.py:536} INFO - Filling up the DagBag from /home/airflow/.local/lib/python3.8/site-packages/airflow/example_dags/example_bash_operator.py
[2023-11-05T02:59:05.619+0000] {processor.py:839} INFO - DAG(s) dict_keys(['example_bash_operator']) retrieved from /home/airflow/.local/lib/python3.8/site-packages/airflow/example_dags/example_bash_operator.py
[2023-11-05T02:59:05.678+0000] {logging_mixin.py:151} INFO - [2023-11-05T02:59:05.678+0000] {dag.py:2941} INFO - Sync 1 DAGs
[2023-11-05T02:59:05.709+0000] {logging_mixin.py:151} INFO - [2023-11-05T02:59:05.708+0000] {dag.py:3722} INFO - Setting next_dagrun for example_bash_operator to 2023-11-04T00:00:00+00:00, run_after=2023-11-05T00:00:00+00:00
[2023-11-05T02:59:05.730+0000] {processor.py:179} INFO - Processing /home/airflow/.local/lib/python3.8/site-packages/airflow/example_dags/example_bash_operator.py took 0.150 seconds
[2023-11-05T02:59:36.420+0000] {processor.py:157} INFO - Started process (PID=227) to work on /home/airflow/.local/lib/python3.8/site-packages/airflow/example_dags/example_bash_operator.py
[2023-11-05T02:59:36.421+0000] {processor.py:829} INFO - Processing file /home/airflow/.local/lib/python3.8/site-packages/airflow/example_dags/example_bash_operator.py for tasks to queue
[2023-11-05T02:59:36.425+0000] {logging_mixin.py:151} INFO - [2023-11-05T02:59:36.424+0000] {dagbag.py:536} INFO - Filling up the DagBag from /home/airflow/.local/lib/python3.8/site-packages/airflow/example_dags/example_bash_operator.py
[2023-11-05T02:59:36.449+0000] {processor.py:839} INFO - DAG(s) dict_keys(['example_bash_operator']) retrieved from /home/airflow/.local/lib/python3.8/site-packages/airflow/example_dags/example_bash_operator.py
[2023-11-05T02:59:36.489+0000] {logging_mixin.py:151} INFO - [2023-11-05T02:59:36.489+0000] {dag.py:2941} INFO - Sync 1 DAGs
[2023-11-05T02:59:36.526+0000] {logging_mixin.py:151} INFO - [2023-11-05T02:59:36.525+0000] {dag.py:3722} INFO - Setting next_dagrun for example_bash_operator to 2023-11-04T00:00:00+00:00, run_after=2023-11-05T00:00:00+00:00
[2023-11-05T02:59:36.558+0000] {processor.py:179} INFO - Processing /home/airflow/.local/lib/python3.8/site-packages/airflow/example_dags/example_bash_operator.py took 0.145 seconds
[2023-11-05T03:00:07.450+0000] {processor.py:157} INFO - Started process (PID=281) to work on /home/airflow/.local/lib/python3.8/site-packages/airflow/example_dags/example_bash_operator.py
[2023-11-05T03:00:07.451+0000] {processor.py:829} INFO - Processing file /home/airflow/.local/lib/python3.8/site-packages/airflow/example_dags/example_bash_operator.py for tasks to queue
[2023-11-05T03:00:07.453+0000] {logging_mixin.py:151} INFO - [2023-11-05T03:00:07.452+0000] {dagbag.py:536} INFO - Filling up the DagBag from /home/airflow/.local/lib/python3.8/site-packages/airflow/example_dags/example_bash_operator.py
[2023-11-05T03:00:07.465+0000] {processor.py:839} INFO - DAG(s) dict_keys(['example_bash_operator']) retrieved from /home/airflow/.local/lib/python3.8/site-packages/airflow/example_dags/example_bash_operator.py
[2023-11-05T03:00:07.496+0000] {logging_mixin.py:151} INFO - [2023-11-05T03:00:07.495+0000] {dag.py:2941} INFO - Sync 1 DAGs
[2023-11-05T03:00:07.539+0000] {logging_mixin.py:151} INFO - [2023-11-05T03:00:07.538+0000] {dag.py:3722} INFO - Setting next_dagrun for example_bash_operator to 2023-11-04T00:00:00+00:00, run_after=2023-11-05T00:00:00+00:00
[2023-11-05T03:00:07.574+0000] {processor.py:179} INFO - Processing /home/airflow/.local/lib/python3.8/site-packages/airflow/example_dags/example_bash_operator.py took 0.127 seconds
[2023-11-05T03:00:38.628+0000] {processor.py:157} INFO - Started process (PID=334) to work on /home/airflow/.local/lib/python3.8/site-packages/airflow/example_dags/example_bash_operator.py
[2023-11-05T03:00:38.629+0000] {processor.py:829} INFO - Processing file /home/airflow/.local/lib/python3.8/site-packages/airflow/example_dags/example_bash_operator.py for tasks to queue
[2023-11-05T03:00:38.633+0000] {logging_mixin.py:151} INFO - [2023-11-05T03:00:38.632+0000] {dagbag.py:536} INFO - Filling up the DagBag from /home/airflow/.local/lib/python3.8/site-packages/airflow/example_dags/example_bash_operator.py
[2023-11-05T03:00:38.658+0000] {processor.py:839} INFO - DAG(s) dict_keys(['example_bash_operator']) retrieved from /home/airflow/.local/lib/python3.8/site-packages/airflow/example_dags/example_bash_operator.py
[2023-11-05T03:00:38.719+0000] {logging_mixin.py:151} INFO - [2023-11-05T03:00:38.719+0000] {dag.py:2941} INFO - Sync 1 DAGs
[2023-11-05T03:00:38.760+0000] {logging_mixin.py:151} INFO - [2023-11-05T03:00:38.760+0000] {dag.py:3722} INFO - Setting next_dagrun for example_bash_operator to 2023-11-04T00:00:00+00:00, run_after=2023-11-05T00:00:00+00:00
[2023-11-05T03:00:38.780+0000] {processor.py:179} INFO - Processing /home/airflow/.local/lib/python3.8/site-packages/airflow/example_dags/example_bash_operator.py took 0.159 seconds
[2023-11-05T03:01:09.013+0000] {processor.py:157} INFO - Started process (PID=389) to work on /home/airflow/.local/lib/python3.8/site-packages/airflow/example_dags/example_bash_operator.py
[2023-11-05T03:01:09.014+0000] {processor.py:829} INFO - Processing file /home/airflow/.local/lib/python3.8/site-packages/airflow/example_dags/example_bash_operator.py for tasks to queue
[2023-11-05T03:01:09.016+0000] {logging_mixin.py:151} INFO - [2023-11-05T03:01:09.016+0000] {dagbag.py:536} INFO - Filling up the DagBag from /home/airflow/.local/lib/python3.8/site-packages/airflow/example_dags/example_bash_operator.py
[2023-11-05T03:01:09.032+0000] {processor.py:839} INFO - DAG(s) dict_keys(['example_bash_operator']) retrieved from /home/airflow/.local/lib/python3.8/site-packages/airflow/example_dags/example_bash_operator.py
[2023-11-05T03:01:09.065+0000] {logging_mixin.py:151} INFO - [2023-11-05T03:01:09.065+0000] {dag.py:2941} INFO - Sync 1 DAGs
[2023-11-05T03:01:09.095+0000] {logging_mixin.py:151} INFO - [2023-11-05T03:01:09.095+0000] {dag.py:3722} INFO - Setting next_dagrun for example_bash_operator to 2023-11-04T00:00:00+00:00, run_after=2023-11-05T00:00:00+00:00
[2023-11-05T03:01:09.129+0000] {processor.py:179} INFO - Processing /home/airflow/.local/lib/python3.8/site-packages/airflow/example_dags/example_bash_operator.py took 0.120 seconds
[2023-11-05T03:01:39.282+0000] {processor.py:157} INFO - Started process (PID=442) to work on /home/airflow/.local/lib/python3.8/site-packages/airflow/example_dags/example_bash_operator.py
[2023-11-05T03:01:39.283+0000] {processor.py:829} INFO - Processing file /home/airflow/.local/lib/python3.8/site-packages/airflow/example_dags/example_bash_operator.py for tasks to queue
[2023-11-05T03:01:39.285+0000] {logging_mixin.py:151} INFO - [2023-11-05T03:01:39.285+0000] {dagbag.py:536} INFO - Filling up the DagBag from /home/airflow/.local/lib/python3.8/site-packages/airflow/example_dags/example_bash_operator.py
[2023-11-05T03:01:39.298+0000] {processor.py:839} INFO - DAG(s) dict_keys(['example_bash_operator']) retrieved from /home/airflow/.local/lib/python3.8/site-packages/airflow/example_dags/example_bash_operator.py
[2023-11-05T03:01:39.329+0000] {logging_mixin.py:151} INFO - [2023-11-05T03:01:39.329+0000] {dag.py:2941} INFO - Sync 1 DAGs
[2023-11-05T03:01:39.352+0000] {logging_mixin.py:151} INFO - [2023-11-05T03:01:39.352+0000] {dag.py:3722} INFO - Setting next_dagrun for example_bash_operator to 2023-11-04T00:00:00+00:00, run_after=2023-11-05T00:00:00+00:00
[2023-11-05T03:01:39.370+0000] {processor.py:179} INFO - Processing /home/airflow/.local/lib/python3.8/site-packages/airflow/example_dags/example_bash_operator.py took 0.091 seconds
[2023-11-05T03:02:09.777+0000] {processor.py:157} INFO - Started process (PID=496) to work on /home/airflow/.local/lib/python3.8/site-packages/airflow/example_dags/example_bash_operator.py
[2023-11-05T03:02:09.777+0000] {processor.py:829} INFO - Processing file /home/airflow/.local/lib/python3.8/site-packages/airflow/example_dags/example_bash_operator.py for tasks to queue
[2023-11-05T03:02:09.779+0000] {logging_mixin.py:151} INFO - [2023-11-05T03:02:09.779+0000] {dagbag.py:536} INFO - Filling up the DagBag from /home/airflow/.local/lib/python3.8/site-packages/airflow/example_dags/example_bash_operator.py
[2023-11-05T03:02:09.790+0000] {processor.py:839} INFO - DAG(s) dict_keys(['example_bash_operator']) retrieved from /home/airflow/.local/lib/python3.8/site-packages/airflow/example_dags/example_bash_operator.py
[2023-11-05T03:02:09.824+0000] {logging_mixin.py:151} INFO - [2023-11-05T03:02:09.824+0000] {dag.py:2941} INFO - Sync 1 DAGs
[2023-11-05T03:02:09.852+0000] {logging_mixin.py:151} INFO - [2023-11-05T03:02:09.852+0000] {dag.py:3722} INFO - Setting next_dagrun for example_bash_operator to 2023-11-04T00:00:00+00:00, run_after=2023-11-05T00:00:00+00:00
[2023-11-05T03:02:09.883+0000] {processor.py:179} INFO - Processing /home/airflow/.local/lib/python3.8/site-packages/airflow/example_dags/example_bash_operator.py took 0.109 seconds
[2023-11-05T03:02:39.936+0000] {processor.py:157} INFO - Started process (PID=548) to work on /home/airflow/.local/lib/python3.8/site-packages/airflow/example_dags/example_bash_operator.py
[2023-11-05T03:02:39.938+0000] {processor.py:829} INFO - Processing file /home/airflow/.local/lib/python3.8/site-packages/airflow/example_dags/example_bash_operator.py for tasks to queue
[2023-11-05T03:02:39.940+0000] {logging_mixin.py:151} INFO - [2023-11-05T03:02:39.940+0000] {dagbag.py:536} INFO - Filling up the DagBag from /home/airflow/.local/lib/python3.8/site-packages/airflow/example_dags/example_bash_operator.py
[2023-11-05T03:02:39.961+0000] {processor.py:839} INFO - DAG(s) dict_keys(['example_bash_operator']) retrieved from /home/airflow/.local/lib/python3.8/site-packages/airflow/example_dags/example_bash_operator.py
[2023-11-05T03:02:39.999+0000] {logging_mixin.py:151} INFO - [2023-11-05T03:02:39.999+0000] {dag.py:2941} INFO - Sync 1 DAGs
[2023-11-05T03:02:40.033+0000] {logging_mixin.py:151} INFO - [2023-11-05T03:02:40.033+0000] {dag.py:3722} INFO - Setting next_dagrun for example_bash_operator to 2023-11-04T00:00:00+00:00, run_after=2023-11-05T00:00:00+00:00
[2023-11-05T03:02:40.067+0000] {processor.py:179} INFO - Processing /home/airflow/.local/lib/python3.8/site-packages/airflow/example_dags/example_bash_operator.py took 0.134 seconds
[2023-11-05T03:03:10.967+0000] {processor.py:157} INFO - Started process (PID=602) to work on /home/airflow/.local/lib/python3.8/site-packages/airflow/example_dags/example_bash_operator.py
[2023-11-05T03:03:10.968+0000] {processor.py:829} INFO - Processing file /home/airflow/.local/lib/python3.8/site-packages/airflow/example_dags/example_bash_operator.py for tasks to queue
[2023-11-05T03:03:10.972+0000] {logging_mixin.py:151} INFO - [2023-11-05T03:03:10.971+0000] {dagbag.py:536} INFO - Filling up the DagBag from /home/airflow/.local/lib/python3.8/site-packages/airflow/example_dags/example_bash_operator.py
[2023-11-05T03:03:10.994+0000] {processor.py:839} INFO - DAG(s) dict_keys(['example_bash_operator']) retrieved from /home/airflow/.local/lib/python3.8/site-packages/airflow/example_dags/example_bash_operator.py
[2023-11-05T03:03:11.034+0000] {logging_mixin.py:151} INFO - [2023-11-05T03:03:11.034+0000] {dag.py:2941} INFO - Sync 1 DAGs
[2023-11-05T03:03:11.069+0000] {logging_mixin.py:151} INFO - [2023-11-05T03:03:11.068+0000] {dag.py:3722} INFO - Setting next_dagrun for example_bash_operator to 2023-11-04T00:00:00+00:00, run_after=2023-11-05T00:00:00+00:00
[2023-11-05T03:03:11.097+0000] {processor.py:179} INFO - Processing /home/airflow/.local/lib/python3.8/site-packages/airflow/example_dags/example_bash_operator.py took 0.136 seconds
[2023-11-05T03:03:42.113+0000] {processor.py:157} INFO - Started process (PID=656) to work on /home/airflow/.local/lib/python3.8/site-packages/airflow/example_dags/example_bash_operator.py
[2023-11-05T03:03:42.113+0000] {processor.py:829} INFO - Processing file /home/airflow/.local/lib/python3.8/site-packages/airflow/example_dags/example_bash_operator.py for tasks to queue
[2023-11-05T03:03:42.115+0000] {logging_mixin.py:151} INFO - [2023-11-05T03:03:42.115+0000] {dagbag.py:536} INFO - Filling up the DagBag from /home/airflow/.local/lib/python3.8/site-packages/airflow/example_dags/example_bash_operator.py
[2023-11-05T03:03:42.129+0000] {processor.py:839} INFO - DAG(s) dict_keys(['example_bash_operator']) retrieved from /home/airflow/.local/lib/python3.8/site-packages/airflow/example_dags/example_bash_operator.py
[2023-11-05T03:03:42.160+0000] {logging_mixin.py:151} INFO - [2023-11-05T03:03:42.159+0000] {dag.py:2941} INFO - Sync 1 DAGs
[2023-11-05T03:03:42.185+0000] {logging_mixin.py:151} INFO - [2023-11-05T03:03:42.185+0000] {dag.py:3722} INFO - Setting next_dagrun for example_bash_operator to 2023-11-04T00:00:00+00:00, run_after=2023-11-05T00:00:00+00:00
[2023-11-05T03:03:42.208+0000] {processor.py:179} INFO - Processing /home/airflow/.local/lib/python3.8/site-packages/airflow/example_dags/example_bash_operator.py took 0.099 seconds
[2023-11-05T03:04:12.887+0000] {processor.py:157} INFO - Started process (PID=710) to work on /home/airflow/.local/lib/python3.8/site-packages/airflow/example_dags/example_bash_operator.py
[2023-11-05T03:04:12.888+0000] {processor.py:829} INFO - Processing file /home/airflow/.local/lib/python3.8/site-packages/airflow/example_dags/example_bash_operator.py for tasks to queue
[2023-11-05T03:04:12.890+0000] {logging_mixin.py:151} INFO - [2023-11-05T03:04:12.890+0000] {dagbag.py:536} INFO - Filling up the DagBag from /home/airflow/.local/lib/python3.8/site-packages/airflow/example_dags/example_bash_operator.py
[2023-11-05T03:04:12.902+0000] {processor.py:839} INFO - DAG(s) dict_keys(['example_bash_operator']) retrieved from /home/airflow/.local/lib/python3.8/site-packages/airflow/example_dags/example_bash_operator.py
[2023-11-05T03:04:12.936+0000] {logging_mixin.py:151} INFO - [2023-11-05T03:04:12.936+0000] {dag.py:2941} INFO - Sync 1 DAGs
[2023-11-05T03:04:12.968+0000] {logging_mixin.py:151} INFO - [2023-11-05T03:04:12.968+0000] {dag.py:3722} INFO - Setting next_dagrun for example_bash_operator to 2023-11-04T00:00:00+00:00, run_after=2023-11-05T00:00:00+00:00
[2023-11-05T03:04:12.988+0000] {processor.py:179} INFO - Processing /home/airflow/.local/lib/python3.8/site-packages/airflow/example_dags/example_bash_operator.py took 0.104 seconds
[2023-11-05T03:04:44.066+0000] {processor.py:157} INFO - Started process (PID=766) to work on /home/airflow/.local/lib/python3.8/site-packages/airflow/example_dags/example_bash_operator.py
[2023-11-05T03:04:44.067+0000] {processor.py:829} INFO - Processing file /home/airflow/.local/lib/python3.8/site-packages/airflow/example_dags/example_bash_operator.py for tasks to queue
[2023-11-05T03:04:44.068+0000] {logging_mixin.py:151} INFO - [2023-11-05T03:04:44.068+0000] {dagbag.py:536} INFO - Filling up the DagBag from /home/airflow/.local/lib/python3.8/site-packages/airflow/example_dags/example_bash_operator.py
[2023-11-05T03:04:44.080+0000] {processor.py:839} INFO - DAG(s) dict_keys(['example_bash_operator']) retrieved from /home/airflow/.local/lib/python3.8/site-packages/airflow/example_dags/example_bash_operator.py
[2023-11-05T03:04:44.114+0000] {logging_mixin.py:151} INFO - [2023-11-05T03:04:44.114+0000] {dag.py:2941} INFO - Sync 1 DAGs
[2023-11-05T03:04:44.138+0000] {logging_mixin.py:151} INFO - [2023-11-05T03:04:44.138+0000] {dag.py:3722} INFO - Setting next_dagrun for example_bash_operator to 2023-11-04T00:00:00+00:00, run_after=2023-11-05T00:00:00+00:00
[2023-11-05T03:04:44.159+0000] {processor.py:179} INFO - Processing /home/airflow/.local/lib/python3.8/site-packages/airflow/example_dags/example_bash_operator.py took 0.096 seconds
[2023-11-05T03:05:14.713+0000] {processor.py:157} INFO - Started process (PID=820) to work on /home/airflow/.local/lib/python3.8/site-packages/airflow/example_dags/example_bash_operator.py
[2023-11-05T03:05:14.714+0000] {processor.py:829} INFO - Processing file /home/airflow/.local/lib/python3.8/site-packages/airflow/example_dags/example_bash_operator.py for tasks to queue
[2023-11-05T03:05:14.716+0000] {logging_mixin.py:151} INFO - [2023-11-05T03:05:14.715+0000] {dagbag.py:536} INFO - Filling up the DagBag from /home/airflow/.local/lib/python3.8/site-packages/airflow/example_dags/example_bash_operator.py
[2023-11-05T03:05:14.728+0000] {processor.py:839} INFO - DAG(s) dict_keys(['example_bash_operator']) retrieved from /home/airflow/.local/lib/python3.8/site-packages/airflow/example_dags/example_bash_operator.py
[2023-11-05T03:05:14.756+0000] {logging_mixin.py:151} INFO - [2023-11-05T03:05:14.756+0000] {dag.py:2941} INFO - Sync 1 DAGs
[2023-11-05T03:05:14.780+0000] {logging_mixin.py:151} INFO - [2023-11-05T03:05:14.780+0000] {dag.py:3722} INFO - Setting next_dagrun for example_bash_operator to 2023-11-04T00:00:00+00:00, run_after=2023-11-05T00:00:00+00:00
[2023-11-05T03:05:14.799+0000] {processor.py:179} INFO - Processing /home/airflow/.local/lib/python3.8/site-packages/airflow/example_dags/example_bash_operator.py took 0.089 seconds
[2023-11-05T03:05:45.507+0000] {processor.py:157} INFO - Started process (PID=874) to work on /home/airflow/.local/lib/python3.8/site-packages/airflow/example_dags/example_bash_operator.py
[2023-11-05T03:05:45.508+0000] {processor.py:829} INFO - Processing file /home/airflow/.local/lib/python3.8/site-packages/airflow/example_dags/example_bash_operator.py for tasks to queue
[2023-11-05T03:05:45.510+0000] {logging_mixin.py:151} INFO - [2023-11-05T03:05:45.509+0000] {dagbag.py:536} INFO - Filling up the DagBag from /home/airflow/.local/lib/python3.8/site-packages/airflow/example_dags/example_bash_operator.py
[2023-11-05T03:05:45.520+0000] {processor.py:839} INFO - DAG(s) dict_keys(['example_bash_operator']) retrieved from /home/airflow/.local/lib/python3.8/site-packages/airflow/example_dags/example_bash_operator.py
[2023-11-05T03:05:45.549+0000] {logging_mixin.py:151} INFO - [2023-11-05T03:05:45.549+0000] {dag.py:2941} INFO - Sync 1 DAGs
[2023-11-05T03:05:45.571+0000] {logging_mixin.py:151} INFO - [2023-11-05T03:05:45.571+0000] {dag.py:3722} INFO - Setting next_dagrun for example_bash_operator to 2023-11-04T00:00:00+00:00, run_after=2023-11-05T00:00:00+00:00
[2023-11-05T03:05:45.588+0000] {processor.py:179} INFO - Processing /home/airflow/.local/lib/python3.8/site-packages/airflow/example_dags/example_bash_operator.py took 0.084 seconds
[2023-11-05T03:06:16.194+0000] {processor.py:157} INFO - Started process (PID=928) to work on /home/airflow/.local/lib/python3.8/site-packages/airflow/example_dags/example_bash_operator.py
[2023-11-05T03:06:16.195+0000] {processor.py:829} INFO - Processing file /home/airflow/.local/lib/python3.8/site-packages/airflow/example_dags/example_bash_operator.py for tasks to queue
[2023-11-05T03:06:16.197+0000] {logging_mixin.py:151} INFO - [2023-11-05T03:06:16.197+0000] {dagbag.py:536} INFO - Filling up the DagBag from /home/airflow/.local/lib/python3.8/site-packages/airflow/example_dags/example_bash_operator.py
[2023-11-05T03:06:16.209+0000] {processor.py:839} INFO - DAG(s) dict_keys(['example_bash_operator']) retrieved from /home/airflow/.local/lib/python3.8/site-packages/airflow/example_dags/example_bash_operator.py
[2023-11-05T03:06:16.237+0000] {logging_mixin.py:151} INFO - [2023-11-05T03:06:16.237+0000] {dag.py:2941} INFO - Sync 1 DAGs
[2023-11-05T03:06:16.262+0000] {logging_mixin.py:151} INFO - [2023-11-05T03:06:16.262+0000] {dag.py:3722} INFO - Setting next_dagrun for example_bash_operator to 2023-11-04T00:00:00+00:00, run_after=2023-11-05T00:00:00+00:00
[2023-11-05T03:06:16.283+0000] {processor.py:179} INFO - Processing /home/airflow/.local/lib/python3.8/site-packages/airflow/example_dags/example_bash_operator.py took 0.092 seconds
[2023-11-05T03:06:47.064+0000] {processor.py:157} INFO - Started process (PID=982) to work on /home/airflow/.local/lib/python3.8/site-packages/airflow/example_dags/example_bash_operator.py
[2023-11-05T03:06:47.065+0000] {processor.py:829} INFO - Processing file /home/airflow/.local/lib/python3.8/site-packages/airflow/example_dags/example_bash_operator.py for tasks to queue
[2023-11-05T03:06:47.067+0000] {logging_mixin.py:151} INFO - [2023-11-05T03:06:47.067+0000] {dagbag.py:536} INFO - Filling up the DagBag from /home/airflow/.local/lib/python3.8/site-packages/airflow/example_dags/example_bash_operator.py
[2023-11-05T03:06:47.079+0000] {processor.py:839} INFO - DAG(s) dict_keys(['example_bash_operator']) retrieved from /home/airflow/.local/lib/python3.8/site-packages/airflow/example_dags/example_bash_operator.py
[2023-11-05T03:06:47.112+0000] {logging_mixin.py:151} INFO - [2023-11-05T03:06:47.112+0000] {dag.py:2941} INFO - Sync 1 DAGs
[2023-11-05T03:06:47.286+0000] {logging_mixin.py:151} INFO - [2023-11-05T03:06:47.285+0000] {dag.py:3722} INFO - Setting next_dagrun for example_bash_operator to 2023-11-04T00:00:00+00:00, run_after=2023-11-05T00:00:00+00:00
[2023-11-05T03:06:47.311+0000] {processor.py:179} INFO - Processing /home/airflow/.local/lib/python3.8/site-packages/airflow/example_dags/example_bash_operator.py took 0.250 seconds
[2023-11-05T03:07:17.500+0000] {processor.py:157} INFO - Started process (PID=1036) to work on /home/airflow/.local/lib/python3.8/site-packages/airflow/example_dags/example_bash_operator.py
[2023-11-05T03:07:17.501+0000] {processor.py:829} INFO - Processing file /home/airflow/.local/lib/python3.8/site-packages/airflow/example_dags/example_bash_operator.py for tasks to queue
[2023-11-05T03:07:17.505+0000] {logging_mixin.py:151} INFO - [2023-11-05T03:07:17.504+0000] {dagbag.py:536} INFO - Filling up the DagBag from /home/airflow/.local/lib/python3.8/site-packages/airflow/example_dags/example_bash_operator.py
[2023-11-05T03:07:17.523+0000] {processor.py:839} INFO - DAG(s) dict_keys(['example_bash_operator']) retrieved from /home/airflow/.local/lib/python3.8/site-packages/airflow/example_dags/example_bash_operator.py
[2023-11-05T03:07:17.556+0000] {logging_mixin.py:151} INFO - [2023-11-05T03:07:17.556+0000] {dag.py:2941} INFO - Sync 1 DAGs
[2023-11-05T03:07:17.581+0000] {logging_mixin.py:151} INFO - [2023-11-05T03:07:17.581+0000] {dag.py:3722} INFO - Setting next_dagrun for example_bash_operator to 2023-11-04T00:00:00+00:00, run_after=2023-11-05T00:00:00+00:00
[2023-11-05T03:07:17.775+0000] {processor.py:179} INFO - Processing /home/airflow/.local/lib/python3.8/site-packages/airflow/example_dags/example_bash_operator.py took 0.280 seconds
[2023-11-05T03:07:47.859+0000] {processor.py:157} INFO - Started process (PID=1090) to work on /home/airflow/.local/lib/python3.8/site-packages/airflow/example_dags/example_bash_operator.py
[2023-11-05T03:07:47.860+0000] {processor.py:829} INFO - Processing file /home/airflow/.local/lib/python3.8/site-packages/airflow/example_dags/example_bash_operator.py for tasks to queue
[2023-11-05T03:07:47.863+0000] {logging_mixin.py:151} INFO - [2023-11-05T03:07:47.862+0000] {dagbag.py:536} INFO - Filling up the DagBag from /home/airflow/.local/lib/python3.8/site-packages/airflow/example_dags/example_bash_operator.py
[2023-11-05T03:07:47.875+0000] {processor.py:839} INFO - DAG(s) dict_keys(['example_bash_operator']) retrieved from /home/airflow/.local/lib/python3.8/site-packages/airflow/example_dags/example_bash_operator.py
[2023-11-05T03:07:47.907+0000] {logging_mixin.py:151} INFO - [2023-11-05T03:07:47.907+0000] {dag.py:2941} INFO - Sync 1 DAGs
[2023-11-05T03:07:47.933+0000] {logging_mixin.py:151} INFO - [2023-11-05T03:07:47.933+0000] {dag.py:3722} INFO - Setting next_dagrun for example_bash_operator to 2023-11-04T00:00:00+00:00, run_after=2023-11-05T00:00:00+00:00
[2023-11-05T03:07:47.953+0000] {processor.py:179} INFO - Processing /home/airflow/.local/lib/python3.8/site-packages/airflow/example_dags/example_bash_operator.py took 0.097 seconds
