[2023-11-05T02:58:04.794+0000] {processor.py:157} INFO - Started process (PID=72) to work on /home/airflow/.local/lib/python3.8/site-packages/airflow/example_dags/example_skip_dag.py
[2023-11-05T02:58:04.795+0000] {processor.py:829} INFO - Processing file /home/airflow/.local/lib/python3.8/site-packages/airflow/example_dags/example_skip_dag.py for tasks to queue
[2023-11-05T02:58:04.796+0000] {logging_mixin.py:151} INFO - [2023-11-05T02:58:04.796+0000] {dagbag.py:536} INFO - Filling up the DagBag from /home/airflow/.local/lib/python3.8/site-packages/airflow/example_dags/example_skip_dag.py
[2023-11-05T02:58:04.809+0000] {processor.py:839} INFO - DAG(s) dict_keys(['example_skip_dag']) retrieved from /home/airflow/.local/lib/python3.8/site-packages/airflow/example_dags/example_skip_dag.py
[2023-11-05T02:58:04.823+0000] {logging_mixin.py:151} INFO - [2023-11-05T02:58:04.823+0000] {dag.py:2941} INFO - Sync 1 DAGs
[2023-11-05T02:58:04.857+0000] {logging_mixin.py:151} INFO - [2023-11-05T02:58:04.856+0000] {dag.py:3722} INFO - Setting next_dagrun for example_skip_dag to 2023-11-04T02:58:04.856412+00:00, run_after=2023-11-05T02:58:04.856412+00:00
[2023-11-05T02:58:04.890+0000] {processor.py:179} INFO - Processing /home/airflow/.local/lib/python3.8/site-packages/airflow/example_dags/example_skip_dag.py took 0.099 seconds
[2023-11-05T02:58:35.267+0000] {processor.py:157} INFO - Started process (PID=126) to work on /home/airflow/.local/lib/python3.8/site-packages/airflow/example_dags/example_skip_dag.py
[2023-11-05T02:58:35.269+0000] {processor.py:829} INFO - Processing file /home/airflow/.local/lib/python3.8/site-packages/airflow/example_dags/example_skip_dag.py for tasks to queue
[2023-11-05T02:58:35.272+0000] {logging_mixin.py:151} INFO - [2023-11-05T02:58:35.272+0000] {dagbag.py:536} INFO - Filling up the DagBag from /home/airflow/.local/lib/python3.8/site-packages/airflow/example_dags/example_skip_dag.py
[2023-11-05T02:58:35.281+0000] {processor.py:839} INFO - DAG(s) dict_keys(['example_skip_dag']) retrieved from /home/airflow/.local/lib/python3.8/site-packages/airflow/example_dags/example_skip_dag.py
[2023-11-05T02:58:35.323+0000] {logging_mixin.py:151} INFO - [2023-11-05T02:58:35.323+0000] {dag.py:2941} INFO - Sync 1 DAGs
[2023-11-05T02:58:35.370+0000] {logging_mixin.py:151} INFO - [2023-11-05T02:58:35.370+0000] {dag.py:3722} INFO - Setting next_dagrun for example_skip_dag to 2023-11-04T02:58:35.369969+00:00, run_after=2023-11-05T02:58:35.369969+00:00
[2023-11-05T02:58:35.407+0000] {processor.py:179} INFO - Processing /home/airflow/.local/lib/python3.8/site-packages/airflow/example_dags/example_skip_dag.py took 0.143 seconds
[2023-11-05T02:59:06.327+0000] {processor.py:157} INFO - Started process (PID=181) to work on /home/airflow/.local/lib/python3.8/site-packages/airflow/example_dags/example_skip_dag.py
[2023-11-05T02:59:06.328+0000] {processor.py:829} INFO - Processing file /home/airflow/.local/lib/python3.8/site-packages/airflow/example_dags/example_skip_dag.py for tasks to queue
[2023-11-05T02:59:06.330+0000] {logging_mixin.py:151} INFO - [2023-11-05T02:59:06.329+0000] {dagbag.py:536} INFO - Filling up the DagBag from /home/airflow/.local/lib/python3.8/site-packages/airflow/example_dags/example_skip_dag.py
[2023-11-05T02:59:06.338+0000] {processor.py:839} INFO - DAG(s) dict_keys(['example_skip_dag']) retrieved from /home/airflow/.local/lib/python3.8/site-packages/airflow/example_dags/example_skip_dag.py
[2023-11-05T02:59:06.367+0000] {logging_mixin.py:151} INFO - [2023-11-05T02:59:06.367+0000] {dag.py:2941} INFO - Sync 1 DAGs
[2023-11-05T02:59:06.399+0000] {logging_mixin.py:151} INFO - [2023-11-05T02:59:06.399+0000] {dag.py:3722} INFO - Setting next_dagrun for example_skip_dag to 2023-11-04T02:59:06.398795+00:00, run_after=2023-11-05T02:59:06.398795+00:00
[2023-11-05T02:59:06.431+0000] {processor.py:179} INFO - Processing /home/airflow/.local/lib/python3.8/site-packages/airflow/example_dags/example_skip_dag.py took 0.107 seconds
[2023-11-05T02:59:37.212+0000] {processor.py:157} INFO - Started process (PID=235) to work on /home/airflow/.local/lib/python3.8/site-packages/airflow/example_dags/example_skip_dag.py
[2023-11-05T02:59:37.213+0000] {processor.py:829} INFO - Processing file /home/airflow/.local/lib/python3.8/site-packages/airflow/example_dags/example_skip_dag.py for tasks to queue
[2023-11-05T02:59:37.215+0000] {logging_mixin.py:151} INFO - [2023-11-05T02:59:37.215+0000] {dagbag.py:536} INFO - Filling up the DagBag from /home/airflow/.local/lib/python3.8/site-packages/airflow/example_dags/example_skip_dag.py
[2023-11-05T02:59:37.223+0000] {processor.py:839} INFO - DAG(s) dict_keys(['example_skip_dag']) retrieved from /home/airflow/.local/lib/python3.8/site-packages/airflow/example_dags/example_skip_dag.py
[2023-11-05T02:59:37.248+0000] {logging_mixin.py:151} INFO - [2023-11-05T02:59:37.248+0000] {dag.py:2941} INFO - Sync 1 DAGs
[2023-11-05T02:59:37.274+0000] {logging_mixin.py:151} INFO - [2023-11-05T02:59:37.273+0000] {dag.py:3722} INFO - Setting next_dagrun for example_skip_dag to 2023-11-04T02:59:37.273672+00:00, run_after=2023-11-05T02:59:37.273672+00:00
[2023-11-05T02:59:37.296+0000] {processor.py:179} INFO - Processing /home/airflow/.local/lib/python3.8/site-packages/airflow/example_dags/example_skip_dag.py took 0.087 seconds
[2023-11-05T03:00:08.139+0000] {processor.py:157} INFO - Started process (PID=289) to work on /home/airflow/.local/lib/python3.8/site-packages/airflow/example_dags/example_skip_dag.py
[2023-11-05T03:00:08.140+0000] {processor.py:829} INFO - Processing file /home/airflow/.local/lib/python3.8/site-packages/airflow/example_dags/example_skip_dag.py for tasks to queue
[2023-11-05T03:00:08.142+0000] {logging_mixin.py:151} INFO - [2023-11-05T03:00:08.142+0000] {dagbag.py:536} INFO - Filling up the DagBag from /home/airflow/.local/lib/python3.8/site-packages/airflow/example_dags/example_skip_dag.py
[2023-11-05T03:00:08.148+0000] {processor.py:839} INFO - DAG(s) dict_keys(['example_skip_dag']) retrieved from /home/airflow/.local/lib/python3.8/site-packages/airflow/example_dags/example_skip_dag.py
[2023-11-05T03:00:08.173+0000] {logging_mixin.py:151} INFO - [2023-11-05T03:00:08.173+0000] {dag.py:2941} INFO - Sync 1 DAGs
[2023-11-05T03:00:08.206+0000] {logging_mixin.py:151} INFO - [2023-11-05T03:00:08.206+0000] {dag.py:3722} INFO - Setting next_dagrun for example_skip_dag to 2023-11-04T03:00:08.206130+00:00, run_after=2023-11-05T03:00:08.206130+00:00
[2023-11-05T03:00:08.229+0000] {processor.py:179} INFO - Processing /home/airflow/.local/lib/python3.8/site-packages/airflow/example_dags/example_skip_dag.py took 0.095 seconds
[2023-11-05T03:00:39.360+0000] {processor.py:157} INFO - Started process (PID=342) to work on /home/airflow/.local/lib/python3.8/site-packages/airflow/example_dags/example_skip_dag.py
[2023-11-05T03:00:39.361+0000] {processor.py:829} INFO - Processing file /home/airflow/.local/lib/python3.8/site-packages/airflow/example_dags/example_skip_dag.py for tasks to queue
[2023-11-05T03:00:39.364+0000] {logging_mixin.py:151} INFO - [2023-11-05T03:00:39.364+0000] {dagbag.py:536} INFO - Filling up the DagBag from /home/airflow/.local/lib/python3.8/site-packages/airflow/example_dags/example_skip_dag.py
[2023-11-05T03:00:39.376+0000] {processor.py:839} INFO - DAG(s) dict_keys(['example_skip_dag']) retrieved from /home/airflow/.local/lib/python3.8/site-packages/airflow/example_dags/example_skip_dag.py
[2023-11-05T03:00:39.413+0000] {logging_mixin.py:151} INFO - [2023-11-05T03:00:39.413+0000] {dag.py:2941} INFO - Sync 1 DAGs
[2023-11-05T03:00:39.449+0000] {logging_mixin.py:151} INFO - [2023-11-05T03:00:39.449+0000] {dag.py:3722} INFO - Setting next_dagrun for example_skip_dag to 2023-11-04T03:00:39.449309+00:00, run_after=2023-11-05T03:00:39.449309+00:00
[2023-11-05T03:00:39.468+0000] {processor.py:179} INFO - Processing /home/airflow/.local/lib/python3.8/site-packages/airflow/example_dags/example_skip_dag.py took 0.114 seconds
[2023-11-05T03:01:09.731+0000] {processor.py:157} INFO - Started process (PID=397) to work on /home/airflow/.local/lib/python3.8/site-packages/airflow/example_dags/example_skip_dag.py
[2023-11-05T03:01:09.732+0000] {processor.py:829} INFO - Processing file /home/airflow/.local/lib/python3.8/site-packages/airflow/example_dags/example_skip_dag.py for tasks to queue
[2023-11-05T03:01:09.734+0000] {logging_mixin.py:151} INFO - [2023-11-05T03:01:09.734+0000] {dagbag.py:536} INFO - Filling up the DagBag from /home/airflow/.local/lib/python3.8/site-packages/airflow/example_dags/example_skip_dag.py
[2023-11-05T03:01:09.743+0000] {processor.py:839} INFO - DAG(s) dict_keys(['example_skip_dag']) retrieved from /home/airflow/.local/lib/python3.8/site-packages/airflow/example_dags/example_skip_dag.py
[2023-11-05T03:01:09.780+0000] {logging_mixin.py:151} INFO - [2023-11-05T03:01:09.780+0000] {dag.py:2941} INFO - Sync 1 DAGs
[2023-11-05T03:01:09.834+0000] {logging_mixin.py:151} INFO - [2023-11-05T03:01:09.833+0000] {dag.py:3722} INFO - Setting next_dagrun for example_skip_dag to 2023-11-04T03:01:09.833383+00:00, run_after=2023-11-05T03:01:09.833383+00:00
[2023-11-05T03:01:09.883+0000] {processor.py:179} INFO - Processing /home/airflow/.local/lib/python3.8/site-packages/airflow/example_dags/example_skip_dag.py took 0.156 seconds
[2023-11-05T03:01:39.951+0000] {processor.py:157} INFO - Started process (PID=450) to work on /home/airflow/.local/lib/python3.8/site-packages/airflow/example_dags/example_skip_dag.py
[2023-11-05T03:01:39.952+0000] {processor.py:829} INFO - Processing file /home/airflow/.local/lib/python3.8/site-packages/airflow/example_dags/example_skip_dag.py for tasks to queue
[2023-11-05T03:01:39.956+0000] {logging_mixin.py:151} INFO - [2023-11-05T03:01:39.955+0000] {dagbag.py:536} INFO - Filling up the DagBag from /home/airflow/.local/lib/python3.8/site-packages/airflow/example_dags/example_skip_dag.py
[2023-11-05T03:01:39.967+0000] {processor.py:839} INFO - DAG(s) dict_keys(['example_skip_dag']) retrieved from /home/airflow/.local/lib/python3.8/site-packages/airflow/example_dags/example_skip_dag.py
[2023-11-05T03:01:40.011+0000] {logging_mixin.py:151} INFO - [2023-11-05T03:01:40.010+0000] {dag.py:2941} INFO - Sync 1 DAGs
[2023-11-05T03:01:40.051+0000] {logging_mixin.py:151} INFO - [2023-11-05T03:01:40.051+0000] {dag.py:3722} INFO - Setting next_dagrun for example_skip_dag to 2023-11-04T03:01:40.051432+00:00, run_after=2023-11-05T03:01:40.051432+00:00
[2023-11-05T03:01:40.082+0000] {processor.py:179} INFO - Processing /home/airflow/.local/lib/python3.8/site-packages/airflow/example_dags/example_skip_dag.py took 0.137 seconds
[2023-11-05T03:02:10.747+0000] {processor.py:157} INFO - Started process (PID=504) to work on /home/airflow/.local/lib/python3.8/site-packages/airflow/example_dags/example_skip_dag.py
[2023-11-05T03:02:10.747+0000] {processor.py:829} INFO - Processing file /home/airflow/.local/lib/python3.8/site-packages/airflow/example_dags/example_skip_dag.py for tasks to queue
[2023-11-05T03:02:10.751+0000] {logging_mixin.py:151} INFO - [2023-11-05T03:02:10.750+0000] {dagbag.py:536} INFO - Filling up the DagBag from /home/airflow/.local/lib/python3.8/site-packages/airflow/example_dags/example_skip_dag.py
[2023-11-05T03:02:10.766+0000] {processor.py:839} INFO - DAG(s) dict_keys(['example_skip_dag']) retrieved from /home/airflow/.local/lib/python3.8/site-packages/airflow/example_dags/example_skip_dag.py
[2023-11-05T03:02:10.826+0000] {logging_mixin.py:151} INFO - [2023-11-05T03:02:10.825+0000] {dag.py:2941} INFO - Sync 1 DAGs
[2023-11-05T03:02:10.880+0000] {logging_mixin.py:151} INFO - [2023-11-05T03:02:10.880+0000] {dag.py:3722} INFO - Setting next_dagrun for example_skip_dag to 2023-11-04T03:02:10.879821+00:00, run_after=2023-11-05T03:02:10.879821+00:00
[2023-11-05T03:02:10.932+0000] {processor.py:179} INFO - Processing /home/airflow/.local/lib/python3.8/site-packages/airflow/example_dags/example_skip_dag.py took 0.191 seconds
[2023-11-05T03:02:41.921+0000] {processor.py:157} INFO - Started process (PID=557) to work on /home/airflow/.local/lib/python3.8/site-packages/airflow/example_dags/example_skip_dag.py
[2023-11-05T03:02:41.923+0000] {processor.py:829} INFO - Processing file /home/airflow/.local/lib/python3.8/site-packages/airflow/example_dags/example_skip_dag.py for tasks to queue
[2023-11-05T03:02:41.927+0000] {logging_mixin.py:151} INFO - [2023-11-05T03:02:41.926+0000] {dagbag.py:536} INFO - Filling up the DagBag from /home/airflow/.local/lib/python3.8/site-packages/airflow/example_dags/example_skip_dag.py
[2023-11-05T03:02:41.935+0000] {processor.py:839} INFO - DAG(s) dict_keys(['example_skip_dag']) retrieved from /home/airflow/.local/lib/python3.8/site-packages/airflow/example_dags/example_skip_dag.py
[2023-11-05T03:02:41.976+0000] {logging_mixin.py:151} INFO - [2023-11-05T03:02:41.976+0000] {dag.py:2941} INFO - Sync 1 DAGs
[2023-11-05T03:02:42.008+0000] {logging_mixin.py:151} INFO - [2023-11-05T03:02:42.008+0000] {dag.py:3722} INFO - Setting next_dagrun for example_skip_dag to 2023-11-04T03:02:42.007622+00:00, run_after=2023-11-05T03:02:42.007622+00:00
[2023-11-05T03:02:42.030+0000] {processor.py:179} INFO - Processing /home/airflow/.local/lib/python3.8/site-packages/airflow/example_dags/example_skip_dag.py took 0.113 seconds
[2023-11-05T03:03:12.724+0000] {processor.py:157} INFO - Started process (PID=611) to work on /home/airflow/.local/lib/python3.8/site-packages/airflow/example_dags/example_skip_dag.py
[2023-11-05T03:03:12.725+0000] {processor.py:829} INFO - Processing file /home/airflow/.local/lib/python3.8/site-packages/airflow/example_dags/example_skip_dag.py for tasks to queue
[2023-11-05T03:03:12.727+0000] {logging_mixin.py:151} INFO - [2023-11-05T03:03:12.727+0000] {dagbag.py:536} INFO - Filling up the DagBag from /home/airflow/.local/lib/python3.8/site-packages/airflow/example_dags/example_skip_dag.py
[2023-11-05T03:03:12.734+0000] {processor.py:839} INFO - DAG(s) dict_keys(['example_skip_dag']) retrieved from /home/airflow/.local/lib/python3.8/site-packages/airflow/example_dags/example_skip_dag.py
[2023-11-05T03:03:12.760+0000] {logging_mixin.py:151} INFO - [2023-11-05T03:03:12.760+0000] {dag.py:2941} INFO - Sync 1 DAGs
[2023-11-05T03:03:12.786+0000] {logging_mixin.py:151} INFO - [2023-11-05T03:03:12.786+0000] {dag.py:3722} INFO - Setting next_dagrun for example_skip_dag to 2023-11-04T03:03:12.786580+00:00, run_after=2023-11-05T03:03:12.786580+00:00
[2023-11-05T03:03:12.809+0000] {processor.py:179} INFO - Processing /home/airflow/.local/lib/python3.8/site-packages/airflow/example_dags/example_skip_dag.py took 0.089 seconds
[2023-11-05T03:03:43.132+0000] {processor.py:157} INFO - Started process (PID=665) to work on /home/airflow/.local/lib/python3.8/site-packages/airflow/example_dags/example_skip_dag.py
[2023-11-05T03:03:43.133+0000] {processor.py:829} INFO - Processing file /home/airflow/.local/lib/python3.8/site-packages/airflow/example_dags/example_skip_dag.py for tasks to queue
[2023-11-05T03:03:43.134+0000] {logging_mixin.py:151} INFO - [2023-11-05T03:03:43.134+0000] {dagbag.py:536} INFO - Filling up the DagBag from /home/airflow/.local/lib/python3.8/site-packages/airflow/example_dags/example_skip_dag.py
[2023-11-05T03:03:43.141+0000] {processor.py:839} INFO - DAG(s) dict_keys(['example_skip_dag']) retrieved from /home/airflow/.local/lib/python3.8/site-packages/airflow/example_dags/example_skip_dag.py
[2023-11-05T03:03:43.163+0000] {logging_mixin.py:151} INFO - [2023-11-05T03:03:43.163+0000] {dag.py:2941} INFO - Sync 1 DAGs
[2023-11-05T03:03:43.195+0000] {logging_mixin.py:151} INFO - [2023-11-05T03:03:43.194+0000] {dag.py:3722} INFO - Setting next_dagrun for example_skip_dag to 2023-11-04T03:03:43.194468+00:00, run_after=2023-11-05T03:03:43.194468+00:00
[2023-11-05T03:03:43.232+0000] {processor.py:179} INFO - Processing /home/airflow/.local/lib/python3.8/site-packages/airflow/example_dags/example_skip_dag.py took 0.102 seconds
[2023-11-05T03:04:13.612+0000] {processor.py:157} INFO - Started process (PID=719) to work on /home/airflow/.local/lib/python3.8/site-packages/airflow/example_dags/example_skip_dag.py
[2023-11-05T03:04:13.613+0000] {processor.py:829} INFO - Processing file /home/airflow/.local/lib/python3.8/site-packages/airflow/example_dags/example_skip_dag.py for tasks to queue
[2023-11-05T03:04:13.614+0000] {logging_mixin.py:151} INFO - [2023-11-05T03:04:13.614+0000] {dagbag.py:536} INFO - Filling up the DagBag from /home/airflow/.local/lib/python3.8/site-packages/airflow/example_dags/example_skip_dag.py
[2023-11-05T03:04:13.620+0000] {processor.py:839} INFO - DAG(s) dict_keys(['example_skip_dag']) retrieved from /home/airflow/.local/lib/python3.8/site-packages/airflow/example_dags/example_skip_dag.py
[2023-11-05T03:04:13.643+0000] {logging_mixin.py:151} INFO - [2023-11-05T03:04:13.642+0000] {dag.py:2941} INFO - Sync 1 DAGs
[2023-11-05T03:04:13.666+0000] {logging_mixin.py:151} INFO - [2023-11-05T03:04:13.666+0000] {dag.py:3722} INFO - Setting next_dagrun for example_skip_dag to 2023-11-04T03:04:13.666421+00:00, run_after=2023-11-05T03:04:13.666421+00:00
[2023-11-05T03:04:13.688+0000] {processor.py:179} INFO - Processing /home/airflow/.local/lib/python3.8/site-packages/airflow/example_dags/example_skip_dag.py took 0.081 seconds
[2023-11-05T03:04:44.540+0000] {processor.py:157} INFO - Started process (PID=774) to work on /home/airflow/.local/lib/python3.8/site-packages/airflow/example_dags/example_skip_dag.py
[2023-11-05T03:04:44.541+0000] {processor.py:829} INFO - Processing file /home/airflow/.local/lib/python3.8/site-packages/airflow/example_dags/example_skip_dag.py for tasks to queue
[2023-11-05T03:04:44.544+0000] {logging_mixin.py:151} INFO - [2023-11-05T03:04:44.543+0000] {dagbag.py:536} INFO - Filling up the DagBag from /home/airflow/.local/lib/python3.8/site-packages/airflow/example_dags/example_skip_dag.py
[2023-11-05T03:04:44.551+0000] {processor.py:839} INFO - DAG(s) dict_keys(['example_skip_dag']) retrieved from /home/airflow/.local/lib/python3.8/site-packages/airflow/example_dags/example_skip_dag.py
[2023-11-05T03:04:44.600+0000] {logging_mixin.py:151} INFO - [2023-11-05T03:04:44.599+0000] {dag.py:2941} INFO - Sync 1 DAGs
[2023-11-05T03:04:44.632+0000] {logging_mixin.py:151} INFO - [2023-11-05T03:04:44.632+0000] {dag.py:3722} INFO - Setting next_dagrun for example_skip_dag to 2023-11-04T03:04:44.632380+00:00, run_after=2023-11-05T03:04:44.632380+00:00
[2023-11-05T03:04:44.659+0000] {processor.py:179} INFO - Processing /home/airflow/.local/lib/python3.8/site-packages/airflow/example_dags/example_skip_dag.py took 0.124 seconds
[2023-11-05T03:05:15.238+0000] {processor.py:157} INFO - Started process (PID=828) to work on /home/airflow/.local/lib/python3.8/site-packages/airflow/example_dags/example_skip_dag.py
[2023-11-05T03:05:15.239+0000] {processor.py:829} INFO - Processing file /home/airflow/.local/lib/python3.8/site-packages/airflow/example_dags/example_skip_dag.py for tasks to queue
[2023-11-05T03:05:15.241+0000] {logging_mixin.py:151} INFO - [2023-11-05T03:05:15.241+0000] {dagbag.py:536} INFO - Filling up the DagBag from /home/airflow/.local/lib/python3.8/site-packages/airflow/example_dags/example_skip_dag.py
[2023-11-05T03:05:15.251+0000] {processor.py:839} INFO - DAG(s) dict_keys(['example_skip_dag']) retrieved from /home/airflow/.local/lib/python3.8/site-packages/airflow/example_dags/example_skip_dag.py
[2023-11-05T03:05:15.284+0000] {logging_mixin.py:151} INFO - [2023-11-05T03:05:15.284+0000] {dag.py:2941} INFO - Sync 1 DAGs
[2023-11-05T03:05:15.315+0000] {logging_mixin.py:151} INFO - [2023-11-05T03:05:15.314+0000] {dag.py:3722} INFO - Setting next_dagrun for example_skip_dag to 2023-11-04T03:05:15.314457+00:00, run_after=2023-11-05T03:05:15.314457+00:00
[2023-11-05T03:05:15.341+0000] {processor.py:179} INFO - Processing /home/airflow/.local/lib/python3.8/site-packages/airflow/example_dags/example_skip_dag.py took 0.108 seconds
[2023-11-05T03:05:46.004+0000] {processor.py:157} INFO - Started process (PID=882) to work on /home/airflow/.local/lib/python3.8/site-packages/airflow/example_dags/example_skip_dag.py
[2023-11-05T03:05:46.005+0000] {processor.py:829} INFO - Processing file /home/airflow/.local/lib/python3.8/site-packages/airflow/example_dags/example_skip_dag.py for tasks to queue
[2023-11-05T03:05:46.008+0000] {logging_mixin.py:151} INFO - [2023-11-05T03:05:46.007+0000] {dagbag.py:536} INFO - Filling up the DagBag from /home/airflow/.local/lib/python3.8/site-packages/airflow/example_dags/example_skip_dag.py
[2023-11-05T03:05:46.017+0000] {processor.py:839} INFO - DAG(s) dict_keys(['example_skip_dag']) retrieved from /home/airflow/.local/lib/python3.8/site-packages/airflow/example_dags/example_skip_dag.py
[2023-11-05T03:05:46.062+0000] {logging_mixin.py:151} INFO - [2023-11-05T03:05:46.062+0000] {dag.py:2941} INFO - Sync 1 DAGs
[2023-11-05T03:05:46.110+0000] {logging_mixin.py:151} INFO - [2023-11-05T03:05:46.109+0000] {dag.py:3722} INFO - Setting next_dagrun for example_skip_dag to 2023-11-04T03:05:46.109133+00:00, run_after=2023-11-05T03:05:46.109133+00:00
[2023-11-05T03:05:46.148+0000] {processor.py:179} INFO - Processing /home/airflow/.local/lib/python3.8/site-packages/airflow/example_dags/example_skip_dag.py took 0.149 seconds
[2023-11-05T03:06:16.715+0000] {processor.py:157} INFO - Started process (PID=936) to work on /home/airflow/.local/lib/python3.8/site-packages/airflow/example_dags/example_skip_dag.py
[2023-11-05T03:06:16.716+0000] {processor.py:829} INFO - Processing file /home/airflow/.local/lib/python3.8/site-packages/airflow/example_dags/example_skip_dag.py for tasks to queue
[2023-11-05T03:06:16.717+0000] {logging_mixin.py:151} INFO - [2023-11-05T03:06:16.717+0000] {dagbag.py:536} INFO - Filling up the DagBag from /home/airflow/.local/lib/python3.8/site-packages/airflow/example_dags/example_skip_dag.py
[2023-11-05T03:06:16.723+0000] {processor.py:839} INFO - DAG(s) dict_keys(['example_skip_dag']) retrieved from /home/airflow/.local/lib/python3.8/site-packages/airflow/example_dags/example_skip_dag.py
[2023-11-05T03:06:16.753+0000] {logging_mixin.py:151} INFO - [2023-11-05T03:06:16.753+0000] {dag.py:2941} INFO - Sync 1 DAGs
[2023-11-05T03:06:16.784+0000] {logging_mixin.py:151} INFO - [2023-11-05T03:06:16.783+0000] {dag.py:3722} INFO - Setting next_dagrun for example_skip_dag to 2023-11-04T03:06:16.783485+00:00, run_after=2023-11-05T03:06:16.783485+00:00
[2023-11-05T03:06:16.820+0000] {processor.py:179} INFO - Processing /home/airflow/.local/lib/python3.8/site-packages/airflow/example_dags/example_skip_dag.py took 0.107 seconds
[2023-11-05T03:06:47.666+0000] {processor.py:157} INFO - Started process (PID=990) to work on /home/airflow/.local/lib/python3.8/site-packages/airflow/example_dags/example_skip_dag.py
[2023-11-05T03:06:47.667+0000] {processor.py:829} INFO - Processing file /home/airflow/.local/lib/python3.8/site-packages/airflow/example_dags/example_skip_dag.py for tasks to queue
[2023-11-05T03:06:47.669+0000] {logging_mixin.py:151} INFO - [2023-11-05T03:06:47.668+0000] {dagbag.py:536} INFO - Filling up the DagBag from /home/airflow/.local/lib/python3.8/site-packages/airflow/example_dags/example_skip_dag.py
[2023-11-05T03:06:47.676+0000] {processor.py:839} INFO - DAG(s) dict_keys(['example_skip_dag']) retrieved from /home/airflow/.local/lib/python3.8/site-packages/airflow/example_dags/example_skip_dag.py
[2023-11-05T03:06:47.699+0000] {logging_mixin.py:151} INFO - [2023-11-05T03:06:47.699+0000] {dag.py:2941} INFO - Sync 1 DAGs
[2023-11-05T03:06:47.725+0000] {logging_mixin.py:151} INFO - [2023-11-05T03:06:47.725+0000] {dag.py:3722} INFO - Setting next_dagrun for example_skip_dag to 2023-11-04T03:06:47.725200+00:00, run_after=2023-11-05T03:06:47.725200+00:00
[2023-11-05T03:06:47.746+0000] {processor.py:179} INFO - Processing /home/airflow/.local/lib/python3.8/site-packages/airflow/example_dags/example_skip_dag.py took 0.083 seconds
[2023-11-05T03:07:19.124+0000] {processor.py:157} INFO - Started process (PID=1051) to work on /home/airflow/.local/lib/python3.8/site-packages/airflow/example_dags/example_skip_dag.py
[2023-11-05T03:07:19.126+0000] {processor.py:829} INFO - Processing file /home/airflow/.local/lib/python3.8/site-packages/airflow/example_dags/example_skip_dag.py for tasks to queue
[2023-11-05T03:07:19.129+0000] {logging_mixin.py:151} INFO - [2023-11-05T03:07:19.128+0000] {dagbag.py:536} INFO - Filling up the DagBag from /home/airflow/.local/lib/python3.8/site-packages/airflow/example_dags/example_skip_dag.py
[2023-11-05T03:07:19.142+0000] {processor.py:839} INFO - DAG(s) dict_keys(['example_skip_dag']) retrieved from /home/airflow/.local/lib/python3.8/site-packages/airflow/example_dags/example_skip_dag.py
[2023-11-05T03:07:19.170+0000] {logging_mixin.py:151} INFO - [2023-11-05T03:07:19.170+0000] {dag.py:2941} INFO - Sync 1 DAGs
[2023-11-05T03:07:19.395+0000] {logging_mixin.py:151} INFO - [2023-11-05T03:07:19.395+0000] {dag.py:3722} INFO - Setting next_dagrun for example_skip_dag to 2023-11-04T03:07:19.394845+00:00, run_after=2023-11-05T03:07:19.394845+00:00
[2023-11-05T03:07:19.416+0000] {processor.py:179} INFO - Processing /home/airflow/.local/lib/python3.8/site-packages/airflow/example_dags/example_skip_dag.py took 0.299 seconds
[2023-11-05T03:07:49.947+0000] {processor.py:157} INFO - Started process (PID=1105) to work on /home/airflow/.local/lib/python3.8/site-packages/airflow/example_dags/example_skip_dag.py
[2023-11-05T03:07:49.948+0000] {processor.py:829} INFO - Processing file /home/airflow/.local/lib/python3.8/site-packages/airflow/example_dags/example_skip_dag.py for tasks to queue
[2023-11-05T03:07:49.950+0000] {logging_mixin.py:151} INFO - [2023-11-05T03:07:49.950+0000] {dagbag.py:536} INFO - Filling up the DagBag from /home/airflow/.local/lib/python3.8/site-packages/airflow/example_dags/example_skip_dag.py
[2023-11-05T03:07:49.957+0000] {processor.py:839} INFO - DAG(s) dict_keys(['example_skip_dag']) retrieved from /home/airflow/.local/lib/python3.8/site-packages/airflow/example_dags/example_skip_dag.py
[2023-11-05T03:07:49.986+0000] {logging_mixin.py:151} INFO - [2023-11-05T03:07:49.985+0000] {dag.py:2941} INFO - Sync 1 DAGs
[2023-11-05T03:07:50.020+0000] {logging_mixin.py:151} INFO - [2023-11-05T03:07:50.019+0000] {dag.py:3722} INFO - Setting next_dagrun for example_skip_dag to 2023-11-04T03:07:50.019506+00:00, run_after=2023-11-05T03:07:50.019506+00:00
[2023-11-05T03:07:50.199+0000] {processor.py:179} INFO - Processing /home/airflow/.local/lib/python3.8/site-packages/airflow/example_dags/example_skip_dag.py took 0.257 seconds
