[2023-11-05T02:58:03.735+0000] {processor.py:157} INFO - Started process (PID=57) to work on /home/airflow/.local/lib/python3.8/site-packages/airflow/example_dags/example_dag_decorator.py
[2023-11-05T02:58:03.736+0000] {processor.py:829} INFO - Processing file /home/airflow/.local/lib/python3.8/site-packages/airflow/example_dags/example_dag_decorator.py for tasks to queue
[2023-11-05T02:58:03.738+0000] {logging_mixin.py:151} INFO - [2023-11-05T02:58:03.738+0000] {dagbag.py:536} INFO - Filling up the DagBag from /home/airflow/.local/lib/python3.8/site-packages/airflow/example_dags/example_dag_decorator.py
[2023-11-05T02:58:03.969+0000] {processor.py:839} INFO - DAG(s) dict_keys(['example_dag_decorator']) retrieved from /home/airflow/.local/lib/python3.8/site-packages/airflow/example_dags/example_dag_decorator.py
[2023-11-05T02:58:03.983+0000] {logging_mixin.py:151} INFO - [2023-11-05T02:58:03.983+0000] {dag.py:2941} INFO - Sync 1 DAGs
[2023-11-05T02:58:04.012+0000] {logging_mixin.py:151} INFO - [2023-11-05T02:58:04.011+0000] {dag.py:3722} INFO - Setting next_dagrun for example_dag_decorator to None, run_after=None
[2023-11-05T02:58:04.045+0000] {processor.py:179} INFO - Processing /home/airflow/.local/lib/python3.8/site-packages/airflow/example_dags/example_dag_decorator.py took 0.314 seconds
[2023-11-05T02:58:34.098+0000] {processor.py:157} INFO - Started process (PID=111) to work on /home/airflow/.local/lib/python3.8/site-packages/airflow/example_dags/example_dag_decorator.py
[2023-11-05T02:58:34.098+0000] {processor.py:829} INFO - Processing file /home/airflow/.local/lib/python3.8/site-packages/airflow/example_dags/example_dag_decorator.py for tasks to queue
[2023-11-05T02:58:34.101+0000] {logging_mixin.py:151} INFO - [2023-11-05T02:58:34.101+0000] {dagbag.py:536} INFO - Filling up the DagBag from /home/airflow/.local/lib/python3.8/site-packages/airflow/example_dags/example_dag_decorator.py
[2023-11-05T02:58:34.190+0000] {processor.py:839} INFO - DAG(s) dict_keys(['example_dag_decorator']) retrieved from /home/airflow/.local/lib/python3.8/site-packages/airflow/example_dags/example_dag_decorator.py
[2023-11-05T02:58:34.412+0000] {logging_mixin.py:151} INFO - [2023-11-05T02:58:34.411+0000] {dag.py:2941} INFO - Sync 1 DAGs
[2023-11-05T02:58:34.427+0000] {logging_mixin.py:151} INFO - [2023-11-05T02:58:34.427+0000] {dag.py:3722} INFO - Setting next_dagrun for example_dag_decorator to None, run_after=None
[2023-11-05T02:58:34.454+0000] {processor.py:179} INFO - Processing /home/airflow/.local/lib/python3.8/site-packages/airflow/example_dags/example_dag_decorator.py took 0.359 seconds
[2023-11-05T02:59:04.891+0000] {processor.py:157} INFO - Started process (PID=166) to work on /home/airflow/.local/lib/python3.8/site-packages/airflow/example_dags/example_dag_decorator.py
[2023-11-05T02:59:04.892+0000] {processor.py:829} INFO - Processing file /home/airflow/.local/lib/python3.8/site-packages/airflow/example_dags/example_dag_decorator.py for tasks to queue
[2023-11-05T02:59:04.895+0000] {logging_mixin.py:151} INFO - [2023-11-05T02:59:04.895+0000] {dagbag.py:536} INFO - Filling up the DagBag from /home/airflow/.local/lib/python3.8/site-packages/airflow/example_dags/example_dag_decorator.py
[2023-11-05T02:59:05.002+0000] {processor.py:839} INFO - DAG(s) dict_keys(['example_dag_decorator']) retrieved from /home/airflow/.local/lib/python3.8/site-packages/airflow/example_dags/example_dag_decorator.py
[2023-11-05T02:59:05.137+0000] {logging_mixin.py:151} INFO - [2023-11-05T02:59:05.136+0000] {dag.py:2941} INFO - Sync 1 DAGs
[2023-11-05T02:59:05.158+0000] {logging_mixin.py:151} INFO - [2023-11-05T02:59:05.158+0000] {dag.py:3722} INFO - Setting next_dagrun for example_dag_decorator to None, run_after=None
[2023-11-05T02:59:05.193+0000] {processor.py:179} INFO - Processing /home/airflow/.local/lib/python3.8/site-packages/airflow/example_dags/example_dag_decorator.py took 0.305 seconds
[2023-11-05T02:59:35.805+0000] {processor.py:157} INFO - Started process (PID=221) to work on /home/airflow/.local/lib/python3.8/site-packages/airflow/example_dags/example_dag_decorator.py
[2023-11-05T02:59:35.807+0000] {processor.py:829} INFO - Processing file /home/airflow/.local/lib/python3.8/site-packages/airflow/example_dags/example_dag_decorator.py for tasks to queue
[2023-11-05T02:59:35.810+0000] {logging_mixin.py:151} INFO - [2023-11-05T02:59:35.810+0000] {dagbag.py:536} INFO - Filling up the DagBag from /home/airflow/.local/lib/python3.8/site-packages/airflow/example_dags/example_dag_decorator.py
[2023-11-05T02:59:35.895+0000] {processor.py:839} INFO - DAG(s) dict_keys(['example_dag_decorator']) retrieved from /home/airflow/.local/lib/python3.8/site-packages/airflow/example_dags/example_dag_decorator.py
[2023-11-05T02:59:36.240+0000] {logging_mixin.py:151} INFO - [2023-11-05T02:59:36.240+0000] {dag.py:2941} INFO - Sync 1 DAGs
[2023-11-05T02:59:36.251+0000] {logging_mixin.py:151} INFO - [2023-11-05T02:59:36.251+0000] {dag.py:3722} INFO - Setting next_dagrun for example_dag_decorator to None, run_after=None
[2023-11-05T02:59:36.286+0000] {processor.py:179} INFO - Processing /home/airflow/.local/lib/python3.8/site-packages/airflow/example_dags/example_dag_decorator.py took 0.487 seconds
[2023-11-05T03:00:07.067+0000] {processor.py:157} INFO - Started process (PID=277) to work on /home/airflow/.local/lib/python3.8/site-packages/airflow/example_dags/example_dag_decorator.py
[2023-11-05T03:00:07.068+0000] {processor.py:829} INFO - Processing file /home/airflow/.local/lib/python3.8/site-packages/airflow/example_dags/example_dag_decorator.py for tasks to queue
[2023-11-05T03:00:07.072+0000] {logging_mixin.py:151} INFO - [2023-11-05T03:00:07.071+0000] {dagbag.py:536} INFO - Filling up the DagBag from /home/airflow/.local/lib/python3.8/site-packages/airflow/example_dags/example_dag_decorator.py
[2023-11-05T03:00:07.153+0000] {processor.py:839} INFO - DAG(s) dict_keys(['example_dag_decorator']) retrieved from /home/airflow/.local/lib/python3.8/site-packages/airflow/example_dags/example_dag_decorator.py
[2023-11-05T03:00:07.275+0000] {logging_mixin.py:151} INFO - [2023-11-05T03:00:07.274+0000] {dag.py:2941} INFO - Sync 1 DAGs
[2023-11-05T03:00:07.446+0000] {logging_mixin.py:151} INFO - [2023-11-05T03:00:07.446+0000] {dag.py:3722} INFO - Setting next_dagrun for example_dag_decorator to None, run_after=None
[2023-11-05T03:00:07.466+0000] {processor.py:179} INFO - Processing /home/airflow/.local/lib/python3.8/site-packages/airflow/example_dags/example_dag_decorator.py took 0.403 seconds
[2023-11-05T03:00:38.317+0000] {processor.py:157} INFO - Started process (PID=329) to work on /home/airflow/.local/lib/python3.8/site-packages/airflow/example_dags/example_dag_decorator.py
[2023-11-05T03:00:38.317+0000] {processor.py:829} INFO - Processing file /home/airflow/.local/lib/python3.8/site-packages/airflow/example_dags/example_dag_decorator.py for tasks to queue
[2023-11-05T03:00:38.320+0000] {logging_mixin.py:151} INFO - [2023-11-05T03:00:38.319+0000] {dagbag.py:536} INFO - Filling up the DagBag from /home/airflow/.local/lib/python3.8/site-packages/airflow/example_dags/example_dag_decorator.py
[2023-11-05T03:00:38.410+0000] {processor.py:839} INFO - DAG(s) dict_keys(['example_dag_decorator']) retrieved from /home/airflow/.local/lib/python3.8/site-packages/airflow/example_dags/example_dag_decorator.py
[2023-11-05T03:00:38.436+0000] {logging_mixin.py:151} INFO - [2023-11-05T03:00:38.436+0000] {dag.py:2941} INFO - Sync 1 DAGs
[2023-11-05T03:00:38.450+0000] {logging_mixin.py:151} INFO - [2023-11-05T03:00:38.450+0000] {dag.py:3722} INFO - Setting next_dagrun for example_dag_decorator to None, run_after=None
[2023-11-05T03:00:38.468+0000] {processor.py:179} INFO - Processing /home/airflow/.local/lib/python3.8/site-packages/airflow/example_dags/example_dag_decorator.py took 0.154 seconds
[2023-11-05T03:01:08.564+0000] {processor.py:157} INFO - Started process (PID=384) to work on /home/airflow/.local/lib/python3.8/site-packages/airflow/example_dags/example_dag_decorator.py
[2023-11-05T03:01:08.565+0000] {processor.py:829} INFO - Processing file /home/airflow/.local/lib/python3.8/site-packages/airflow/example_dags/example_dag_decorator.py for tasks to queue
[2023-11-05T03:01:08.567+0000] {logging_mixin.py:151} INFO - [2023-11-05T03:01:08.566+0000] {dagbag.py:536} INFO - Filling up the DagBag from /home/airflow/.local/lib/python3.8/site-packages/airflow/example_dags/example_dag_decorator.py
[2023-11-05T03:01:08.653+0000] {processor.py:839} INFO - DAG(s) dict_keys(['example_dag_decorator']) retrieved from /home/airflow/.local/lib/python3.8/site-packages/airflow/example_dags/example_dag_decorator.py
[2023-11-05T03:01:08.941+0000] {logging_mixin.py:151} INFO - [2023-11-05T03:01:08.941+0000] {dag.py:2941} INFO - Sync 1 DAGs
[2023-11-05T03:01:08.955+0000] {logging_mixin.py:151} INFO - [2023-11-05T03:01:08.955+0000] {dag.py:3722} INFO - Setting next_dagrun for example_dag_decorator to None, run_after=None
[2023-11-05T03:01:08.978+0000] {processor.py:179} INFO - Processing /home/airflow/.local/lib/python3.8/site-packages/airflow/example_dags/example_dag_decorator.py took 0.417 seconds
[2023-11-05T03:01:39.030+0000] {processor.py:157} INFO - Started process (PID=439) to work on /home/airflow/.local/lib/python3.8/site-packages/airflow/example_dags/example_dag_decorator.py
[2023-11-05T03:01:39.030+0000] {processor.py:829} INFO - Processing file /home/airflow/.local/lib/python3.8/site-packages/airflow/example_dags/example_dag_decorator.py for tasks to queue
[2023-11-05T03:01:39.032+0000] {logging_mixin.py:151} INFO - [2023-11-05T03:01:39.032+0000] {dagbag.py:536} INFO - Filling up the DagBag from /home/airflow/.local/lib/python3.8/site-packages/airflow/example_dags/example_dag_decorator.py
[2023-11-05T03:01:39.124+0000] {processor.py:839} INFO - DAG(s) dict_keys(['example_dag_decorator']) retrieved from /home/airflow/.local/lib/python3.8/site-packages/airflow/example_dags/example_dag_decorator.py
[2023-11-05T03:01:39.383+0000] {logging_mixin.py:151} INFO - [2023-11-05T03:01:39.383+0000] {dag.py:2941} INFO - Sync 1 DAGs
[2023-11-05T03:01:39.394+0000] {logging_mixin.py:151} INFO - [2023-11-05T03:01:39.394+0000] {dag.py:3722} INFO - Setting next_dagrun for example_dag_decorator to None, run_after=None
[2023-11-05T03:01:39.413+0000] {processor.py:179} INFO - Processing /home/airflow/.local/lib/python3.8/site-packages/airflow/example_dags/example_dag_decorator.py took 0.386 seconds
[2023-11-05T03:02:09.628+0000] {processor.py:157} INFO - Started process (PID=494) to work on /home/airflow/.local/lib/python3.8/site-packages/airflow/example_dags/example_dag_decorator.py
[2023-11-05T03:02:09.629+0000] {processor.py:829} INFO - Processing file /home/airflow/.local/lib/python3.8/site-packages/airflow/example_dags/example_dag_decorator.py for tasks to queue
[2023-11-05T03:02:09.631+0000] {logging_mixin.py:151} INFO - [2023-11-05T03:02:09.631+0000] {dagbag.py:536} INFO - Filling up the DagBag from /home/airflow/.local/lib/python3.8/site-packages/airflow/example_dags/example_dag_decorator.py
[2023-11-05T03:02:09.718+0000] {processor.py:839} INFO - DAG(s) dict_keys(['example_dag_decorator']) retrieved from /home/airflow/.local/lib/python3.8/site-packages/airflow/example_dags/example_dag_decorator.py
[2023-11-05T03:02:10.050+0000] {logging_mixin.py:151} INFO - [2023-11-05T03:02:10.050+0000] {dag.py:2941} INFO - Sync 1 DAGs
[2023-11-05T03:02:10.066+0000] {logging_mixin.py:151} INFO - [2023-11-05T03:02:10.066+0000] {dag.py:3722} INFO - Setting next_dagrun for example_dag_decorator to None, run_after=None
[2023-11-05T03:02:10.099+0000] {processor.py:179} INFO - Processing /home/airflow/.local/lib/python3.8/site-packages/airflow/example_dags/example_dag_decorator.py took 0.477 seconds
[2023-11-05T03:02:40.953+0000] {processor.py:157} INFO - Started process (PID=549) to work on /home/airflow/.local/lib/python3.8/site-packages/airflow/example_dags/example_dag_decorator.py
[2023-11-05T03:02:40.954+0000] {processor.py:829} INFO - Processing file /home/airflow/.local/lib/python3.8/site-packages/airflow/example_dags/example_dag_decorator.py for tasks to queue
[2023-11-05T03:02:40.958+0000] {logging_mixin.py:151} INFO - [2023-11-05T03:02:40.957+0000] {dagbag.py:536} INFO - Filling up the DagBag from /home/airflow/.local/lib/python3.8/site-packages/airflow/example_dags/example_dag_decorator.py
[2023-11-05T03:02:41.052+0000] {processor.py:839} INFO - DAG(s) dict_keys(['example_dag_decorator']) retrieved from /home/airflow/.local/lib/python3.8/site-packages/airflow/example_dags/example_dag_decorator.py
[2023-11-05T03:02:41.198+0000] {logging_mixin.py:151} INFO - [2023-11-05T03:02:41.198+0000] {dag.py:2941} INFO - Sync 1 DAGs
[2023-11-05T03:02:41.408+0000] {logging_mixin.py:151} INFO - [2023-11-05T03:02:41.408+0000] {dag.py:3722} INFO - Setting next_dagrun for example_dag_decorator to None, run_after=None
[2023-11-05T03:02:41.430+0000] {processor.py:179} INFO - Processing /home/airflow/.local/lib/python3.8/site-packages/airflow/example_dags/example_dag_decorator.py took 0.480 seconds
[2023-11-05T03:03:12.104+0000] {processor.py:157} INFO - Started process (PID=603) to work on /home/airflow/.local/lib/python3.8/site-packages/airflow/example_dags/example_dag_decorator.py
[2023-11-05T03:03:12.113+0000] {processor.py:829} INFO - Processing file /home/airflow/.local/lib/python3.8/site-packages/airflow/example_dags/example_dag_decorator.py for tasks to queue
[2023-11-05T03:03:12.116+0000] {logging_mixin.py:151} INFO - [2023-11-05T03:03:12.115+0000] {dagbag.py:536} INFO - Filling up the DagBag from /home/airflow/.local/lib/python3.8/site-packages/airflow/example_dags/example_dag_decorator.py
[2023-11-05T03:03:12.188+0000] {processor.py:839} INFO - DAG(s) dict_keys(['example_dag_decorator']) retrieved from /home/airflow/.local/lib/python3.8/site-packages/airflow/example_dags/example_dag_decorator.py
[2023-11-05T03:03:12.474+0000] {logging_mixin.py:151} INFO - [2023-11-05T03:03:12.474+0000] {dag.py:2941} INFO - Sync 1 DAGs
[2023-11-05T03:03:12.486+0000] {logging_mixin.py:151} INFO - [2023-11-05T03:03:12.486+0000] {dag.py:3722} INFO - Setting next_dagrun for example_dag_decorator to None, run_after=None
[2023-11-05T03:03:12.505+0000] {processor.py:179} INFO - Processing /home/airflow/.local/lib/python3.8/site-packages/airflow/example_dags/example_dag_decorator.py took 0.403 seconds
[2023-11-05T03:03:42.670+0000] {processor.py:157} INFO - Started process (PID=660) to work on /home/airflow/.local/lib/python3.8/site-packages/airflow/example_dags/example_dag_decorator.py
[2023-11-05T03:03:42.670+0000] {processor.py:829} INFO - Processing file /home/airflow/.local/lib/python3.8/site-packages/airflow/example_dags/example_dag_decorator.py for tasks to queue
[2023-11-05T03:03:42.673+0000] {logging_mixin.py:151} INFO - [2023-11-05T03:03:42.673+0000] {dagbag.py:536} INFO - Filling up the DagBag from /home/airflow/.local/lib/python3.8/site-packages/airflow/example_dags/example_dag_decorator.py
[2023-11-05T03:03:42.782+0000] {processor.py:839} INFO - DAG(s) dict_keys(['example_dag_decorator']) retrieved from /home/airflow/.local/lib/python3.8/site-packages/airflow/example_dags/example_dag_decorator.py
[2023-11-05T03:03:43.067+0000] {logging_mixin.py:151} INFO - [2023-11-05T03:03:43.067+0000] {dag.py:2941} INFO - Sync 1 DAGs
[2023-11-05T03:03:43.078+0000] {logging_mixin.py:151} INFO - [2023-11-05T03:03:43.078+0000] {dag.py:3722} INFO - Setting next_dagrun for example_dag_decorator to None, run_after=None
[2023-11-05T03:03:43.099+0000] {processor.py:179} INFO - Processing /home/airflow/.local/lib/python3.8/site-packages/airflow/example_dags/example_dag_decorator.py took 0.433 seconds
[2023-11-05T03:04:13.224+0000] {processor.py:157} INFO - Started process (PID=714) to work on /home/airflow/.local/lib/python3.8/site-packages/airflow/example_dags/example_dag_decorator.py
[2023-11-05T03:04:13.225+0000] {processor.py:829} INFO - Processing file /home/airflow/.local/lib/python3.8/site-packages/airflow/example_dags/example_dag_decorator.py for tasks to queue
[2023-11-05T03:04:13.227+0000] {logging_mixin.py:151} INFO - [2023-11-05T03:04:13.227+0000] {dagbag.py:536} INFO - Filling up the DagBag from /home/airflow/.local/lib/python3.8/site-packages/airflow/example_dags/example_dag_decorator.py
[2023-11-05T03:04:13.305+0000] {processor.py:839} INFO - DAG(s) dict_keys(['example_dag_decorator']) retrieved from /home/airflow/.local/lib/python3.8/site-packages/airflow/example_dags/example_dag_decorator.py
[2023-11-05T03:04:13.541+0000] {logging_mixin.py:151} INFO - [2023-11-05T03:04:13.540+0000] {dag.py:2941} INFO - Sync 1 DAGs
[2023-11-05T03:04:13.552+0000] {logging_mixin.py:151} INFO - [2023-11-05T03:04:13.552+0000] {dag.py:3722} INFO - Setting next_dagrun for example_dag_decorator to None, run_after=None
[2023-11-05T03:04:13.576+0000] {processor.py:179} INFO - Processing /home/airflow/.local/lib/python3.8/site-packages/airflow/example_dags/example_dag_decorator.py took 0.355 seconds
[2023-11-05T03:04:43.685+0000] {processor.py:157} INFO - Started process (PID=762) to work on /home/airflow/.local/lib/python3.8/site-packages/airflow/example_dags/example_dag_decorator.py
[2023-11-05T03:04:43.687+0000] {processor.py:829} INFO - Processing file /home/airflow/.local/lib/python3.8/site-packages/airflow/example_dags/example_dag_decorator.py for tasks to queue
[2023-11-05T03:04:43.691+0000] {logging_mixin.py:151} INFO - [2023-11-05T03:04:43.690+0000] {dagbag.py:536} INFO - Filling up the DagBag from /home/airflow/.local/lib/python3.8/site-packages/airflow/example_dags/example_dag_decorator.py
[2023-11-05T03:04:43.798+0000] {processor.py:839} INFO - DAG(s) dict_keys(['example_dag_decorator']) retrieved from /home/airflow/.local/lib/python3.8/site-packages/airflow/example_dags/example_dag_decorator.py
[2023-11-05T03:04:44.052+0000] {logging_mixin.py:151} INFO - [2023-11-05T03:04:44.052+0000] {dag.py:2941} INFO - Sync 1 DAGs
[2023-11-05T03:04:44.063+0000] {logging_mixin.py:151} INFO - [2023-11-05T03:04:44.063+0000] {dag.py:3722} INFO - Setting next_dagrun for example_dag_decorator to None, run_after=None
[2023-11-05T03:04:44.083+0000] {processor.py:179} INFO - Processing /home/airflow/.local/lib/python3.8/site-packages/airflow/example_dags/example_dag_decorator.py took 0.404 seconds
[2023-11-05T03:05:14.347+0000] {processor.py:157} INFO - Started process (PID=816) to work on /home/airflow/.local/lib/python3.8/site-packages/airflow/example_dags/example_dag_decorator.py
[2023-11-05T03:05:14.357+0000] {processor.py:829} INFO - Processing file /home/airflow/.local/lib/python3.8/site-packages/airflow/example_dags/example_dag_decorator.py for tasks to queue
[2023-11-05T03:05:14.362+0000] {logging_mixin.py:151} INFO - [2023-11-05T03:05:14.361+0000] {dagbag.py:536} INFO - Filling up the DagBag from /home/airflow/.local/lib/python3.8/site-packages/airflow/example_dags/example_dag_decorator.py
[2023-11-05T03:05:14.477+0000] {processor.py:839} INFO - DAG(s) dict_keys(['example_dag_decorator']) retrieved from /home/airflow/.local/lib/python3.8/site-packages/airflow/example_dags/example_dag_decorator.py
[2023-11-05T03:05:14.713+0000] {logging_mixin.py:151} INFO - [2023-11-05T03:05:14.712+0000] {dag.py:2941} INFO - Sync 1 DAGs
[2023-11-05T03:05:14.724+0000] {logging_mixin.py:151} INFO - [2023-11-05T03:05:14.724+0000] {dag.py:3722} INFO - Setting next_dagrun for example_dag_decorator to None, run_after=None
[2023-11-05T03:05:14.742+0000] {processor.py:179} INFO - Processing /home/airflow/.local/lib/python3.8/site-packages/airflow/example_dags/example_dag_decorator.py took 0.403 seconds
[2023-11-05T03:05:45.166+0000] {processor.py:157} INFO - Started process (PID=870) to work on /home/airflow/.local/lib/python3.8/site-packages/airflow/example_dags/example_dag_decorator.py
[2023-11-05T03:05:45.167+0000] {processor.py:829} INFO - Processing file /home/airflow/.local/lib/python3.8/site-packages/airflow/example_dags/example_dag_decorator.py for tasks to queue
[2023-11-05T03:05:45.171+0000] {logging_mixin.py:151} INFO - [2023-11-05T03:05:45.170+0000] {dagbag.py:536} INFO - Filling up the DagBag from /home/airflow/.local/lib/python3.8/site-packages/airflow/example_dags/example_dag_decorator.py
[2023-11-05T03:05:45.258+0000] {processor.py:839} INFO - DAG(s) dict_keys(['example_dag_decorator']) retrieved from /home/airflow/.local/lib/python3.8/site-packages/airflow/example_dags/example_dag_decorator.py
[2023-11-05T03:05:45.499+0000] {logging_mixin.py:151} INFO - [2023-11-05T03:05:45.498+0000] {dag.py:2941} INFO - Sync 1 DAGs
[2023-11-05T03:05:45.510+0000] {logging_mixin.py:151} INFO - [2023-11-05T03:05:45.509+0000] {dag.py:3722} INFO - Setting next_dagrun for example_dag_decorator to None, run_after=None
[2023-11-05T03:05:45.529+0000] {processor.py:179} INFO - Processing /home/airflow/.local/lib/python3.8/site-packages/airflow/example_dags/example_dag_decorator.py took 0.369 seconds
[2023-11-05T03:06:15.806+0000] {processor.py:157} INFO - Started process (PID=924) to work on /home/airflow/.local/lib/python3.8/site-packages/airflow/example_dags/example_dag_decorator.py
[2023-11-05T03:06:15.808+0000] {processor.py:829} INFO - Processing file /home/airflow/.local/lib/python3.8/site-packages/airflow/example_dags/example_dag_decorator.py for tasks to queue
[2023-11-05T03:06:15.814+0000] {logging_mixin.py:151} INFO - [2023-11-05T03:06:15.813+0000] {dagbag.py:536} INFO - Filling up the DagBag from /home/airflow/.local/lib/python3.8/site-packages/airflow/example_dags/example_dag_decorator.py
[2023-11-05T03:06:15.904+0000] {processor.py:839} INFO - DAG(s) dict_keys(['example_dag_decorator']) retrieved from /home/airflow/.local/lib/python3.8/site-packages/airflow/example_dags/example_dag_decorator.py
[2023-11-05T03:06:16.164+0000] {logging_mixin.py:151} INFO - [2023-11-05T03:06:16.164+0000] {dag.py:2941} INFO - Sync 1 DAGs
[2023-11-05T03:06:16.176+0000] {logging_mixin.py:151} INFO - [2023-11-05T03:06:16.176+0000] {dag.py:3722} INFO - Setting next_dagrun for example_dag_decorator to None, run_after=None
[2023-11-05T03:06:16.198+0000] {processor.py:179} INFO - Processing /home/airflow/.local/lib/python3.8/site-packages/airflow/example_dags/example_dag_decorator.py took 0.400 seconds
[2023-11-05T03:06:46.492+0000] {processor.py:157} INFO - Started process (PID=978) to work on /home/airflow/.local/lib/python3.8/site-packages/airflow/example_dags/example_dag_decorator.py
[2023-11-05T03:06:46.493+0000] {processor.py:829} INFO - Processing file /home/airflow/.local/lib/python3.8/site-packages/airflow/example_dags/example_dag_decorator.py for tasks to queue
[2023-11-05T03:06:46.494+0000] {logging_mixin.py:151} INFO - [2023-11-05T03:06:46.494+0000] {dagbag.py:536} INFO - Filling up the DagBag from /home/airflow/.local/lib/python3.8/site-packages/airflow/example_dags/example_dag_decorator.py
[2023-11-05T03:06:46.564+0000] {processor.py:839} INFO - DAG(s) dict_keys(['example_dag_decorator']) retrieved from /home/airflow/.local/lib/python3.8/site-packages/airflow/example_dags/example_dag_decorator.py
[2023-11-05T03:06:46.794+0000] {logging_mixin.py:151} INFO - [2023-11-05T03:06:46.794+0000] {dag.py:2941} INFO - Sync 1 DAGs
[2023-11-05T03:06:46.804+0000] {logging_mixin.py:151} INFO - [2023-11-05T03:06:46.804+0000] {dag.py:3722} INFO - Setting next_dagrun for example_dag_decorator to None, run_after=None
[2023-11-05T03:06:46.825+0000] {processor.py:179} INFO - Processing /home/airflow/.local/lib/python3.8/site-packages/airflow/example_dags/example_dag_decorator.py took 0.336 seconds
[2023-11-05T03:07:16.867+0000] {processor.py:157} INFO - Started process (PID=1032) to work on /home/airflow/.local/lib/python3.8/site-packages/airflow/example_dags/example_dag_decorator.py
[2023-11-05T03:07:16.868+0000] {processor.py:829} INFO - Processing file /home/airflow/.local/lib/python3.8/site-packages/airflow/example_dags/example_dag_decorator.py for tasks to queue
[2023-11-05T03:07:16.870+0000] {logging_mixin.py:151} INFO - [2023-11-05T03:07:16.870+0000] {dagbag.py:536} INFO - Filling up the DagBag from /home/airflow/.local/lib/python3.8/site-packages/airflow/example_dags/example_dag_decorator.py
[2023-11-05T03:07:17.098+0000] {processor.py:839} INFO - DAG(s) dict_keys(['example_dag_decorator']) retrieved from /home/airflow/.local/lib/python3.8/site-packages/airflow/example_dags/example_dag_decorator.py
[2023-11-05T03:07:17.210+0000] {logging_mixin.py:151} INFO - [2023-11-05T03:07:17.210+0000] {dag.py:2941} INFO - Sync 1 DAGs
[2023-11-05T03:07:17.222+0000] {logging_mixin.py:151} INFO - [2023-11-05T03:07:17.221+0000] {dag.py:3722} INFO - Setting next_dagrun for example_dag_decorator to None, run_after=None
[2023-11-05T03:07:17.256+0000] {processor.py:179} INFO - Processing /home/airflow/.local/lib/python3.8/site-packages/airflow/example_dags/example_dag_decorator.py took 0.391 seconds
[2023-11-05T03:07:47.496+0000] {processor.py:157} INFO - Started process (PID=1086) to work on /home/airflow/.local/lib/python3.8/site-packages/airflow/example_dags/example_dag_decorator.py
[2023-11-05T03:07:47.497+0000] {processor.py:829} INFO - Processing file /home/airflow/.local/lib/python3.8/site-packages/airflow/example_dags/example_dag_decorator.py for tasks to queue
[2023-11-05T03:07:47.499+0000] {logging_mixin.py:151} INFO - [2023-11-05T03:07:47.499+0000] {dagbag.py:536} INFO - Filling up the DagBag from /home/airflow/.local/lib/python3.8/site-packages/airflow/example_dags/example_dag_decorator.py
[2023-11-05T03:07:47.589+0000] {processor.py:839} INFO - DAG(s) dict_keys(['example_dag_decorator']) retrieved from /home/airflow/.local/lib/python3.8/site-packages/airflow/example_dags/example_dag_decorator.py
[2023-11-05T03:07:47.832+0000] {logging_mixin.py:151} INFO - [2023-11-05T03:07:47.831+0000] {dag.py:2941} INFO - Sync 1 DAGs
[2023-11-05T03:07:47.842+0000] {logging_mixin.py:151} INFO - [2023-11-05T03:07:47.841+0000] {dag.py:3722} INFO - Setting next_dagrun for example_dag_decorator to None, run_after=None
[2023-11-05T03:07:47.860+0000] {processor.py:179} INFO - Processing /home/airflow/.local/lib/python3.8/site-packages/airflow/example_dags/example_dag_decorator.py took 0.367 seconds
