[2023-11-05T02:58:04.079+0000] {processor.py:157} INFO - Started process (PID=60) to work on /home/airflow/.local/lib/python3.8/site-packages/airflow/example_dags/tutorial.py
[2023-11-05T02:58:04.080+0000] {processor.py:829} INFO - Processing file /home/airflow/.local/lib/python3.8/site-packages/airflow/example_dags/tutorial.py for tasks to queue
[2023-11-05T02:58:04.082+0000] {logging_mixin.py:151} INFO - [2023-11-05T02:58:04.082+0000] {dagbag.py:536} INFO - Filling up the DagBag from /home/airflow/.local/lib/python3.8/site-packages/airflow/example_dags/tutorial.py
[2023-11-05T02:58:04.096+0000] {processor.py:839} INFO - DAG(s) dict_keys(['tutorial']) retrieved from /home/airflow/.local/lib/python3.8/site-packages/airflow/example_dags/tutorial.py
[2023-11-05T02:58:04.113+0000] {logging_mixin.py:151} INFO - [2023-11-05T02:58:04.112+0000] {dag.py:2941} INFO - Sync 1 DAGs
[2023-11-05T02:58:04.146+0000] {logging_mixin.py:151} INFO - [2023-11-05T02:58:04.146+0000] {dag.py:3722} INFO - Setting next_dagrun for tutorial to 2023-11-04T02:58:04.146250+00:00, run_after=2023-11-05T02:58:04.146250+00:00
[2023-11-05T02:58:04.172+0000] {processor.py:179} INFO - Processing /home/airflow/.local/lib/python3.8/site-packages/airflow/example_dags/tutorial.py took 0.097 seconds
[2023-11-05T02:58:34.481+0000] {processor.py:157} INFO - Started process (PID=114) to work on /home/airflow/.local/lib/python3.8/site-packages/airflow/example_dags/tutorial.py
[2023-11-05T02:58:34.482+0000] {processor.py:829} INFO - Processing file /home/airflow/.local/lib/python3.8/site-packages/airflow/example_dags/tutorial.py for tasks to queue
[2023-11-05T02:58:34.484+0000] {logging_mixin.py:151} INFO - [2023-11-05T02:58:34.484+0000] {dagbag.py:536} INFO - Filling up the DagBag from /home/airflow/.local/lib/python3.8/site-packages/airflow/example_dags/tutorial.py
[2023-11-05T02:58:34.489+0000] {processor.py:839} INFO - DAG(s) dict_keys(['tutorial']) retrieved from /home/airflow/.local/lib/python3.8/site-packages/airflow/example_dags/tutorial.py
[2023-11-05T02:58:34.508+0000] {logging_mixin.py:151} INFO - [2023-11-05T02:58:34.508+0000] {dag.py:2941} INFO - Sync 1 DAGs
[2023-11-05T02:58:34.537+0000] {logging_mixin.py:151} INFO - [2023-11-05T02:58:34.536+0000] {dag.py:3722} INFO - Setting next_dagrun for tutorial to 2023-11-04T02:58:34.536721+00:00, run_after=2023-11-05T02:58:34.536721+00:00
[2023-11-05T02:58:34.558+0000] {processor.py:179} INFO - Processing /home/airflow/.local/lib/python3.8/site-packages/airflow/example_dags/tutorial.py took 0.080 seconds
[2023-11-05T02:59:05.229+0000] {processor.py:157} INFO - Started process (PID=169) to work on /home/airflow/.local/lib/python3.8/site-packages/airflow/example_dags/tutorial.py
[2023-11-05T02:59:05.230+0000] {processor.py:829} INFO - Processing file /home/airflow/.local/lib/python3.8/site-packages/airflow/example_dags/tutorial.py for tasks to queue
[2023-11-05T02:59:05.233+0000] {logging_mixin.py:151} INFO - [2023-11-05T02:59:05.233+0000] {dagbag.py:536} INFO - Filling up the DagBag from /home/airflow/.local/lib/python3.8/site-packages/airflow/example_dags/tutorial.py
[2023-11-05T02:59:05.245+0000] {processor.py:839} INFO - DAG(s) dict_keys(['tutorial']) retrieved from /home/airflow/.local/lib/python3.8/site-packages/airflow/example_dags/tutorial.py
[2023-11-05T02:59:05.290+0000] {logging_mixin.py:151} INFO - [2023-11-05T02:59:05.289+0000] {dag.py:2941} INFO - Sync 1 DAGs
[2023-11-05T02:59:05.349+0000] {logging_mixin.py:151} INFO - [2023-11-05T02:59:05.349+0000] {dag.py:3722} INFO - Setting next_dagrun for tutorial to 2023-11-04T02:59:05.348865+00:00, run_after=2023-11-05T02:59:05.348865+00:00
[2023-11-05T02:59:05.388+0000] {processor.py:179} INFO - Processing /home/airflow/.local/lib/python3.8/site-packages/airflow/example_dags/tutorial.py took 0.163 seconds
[2023-11-05T02:59:35.941+0000] {processor.py:157} INFO - Started process (PID=223) to work on /home/airflow/.local/lib/python3.8/site-packages/airflow/example_dags/tutorial.py
[2023-11-05T02:59:35.942+0000] {processor.py:829} INFO - Processing file /home/airflow/.local/lib/python3.8/site-packages/airflow/example_dags/tutorial.py for tasks to queue
[2023-11-05T02:59:35.944+0000] {logging_mixin.py:151} INFO - [2023-11-05T02:59:35.944+0000] {dagbag.py:536} INFO - Filling up the DagBag from /home/airflow/.local/lib/python3.8/site-packages/airflow/example_dags/tutorial.py
[2023-11-05T02:59:35.950+0000] {processor.py:839} INFO - DAG(s) dict_keys(['tutorial']) retrieved from /home/airflow/.local/lib/python3.8/site-packages/airflow/example_dags/tutorial.py
[2023-11-05T02:59:35.978+0000] {logging_mixin.py:151} INFO - [2023-11-05T02:59:35.978+0000] {dag.py:2941} INFO - Sync 1 DAGs
[2023-11-05T02:59:36.002+0000] {logging_mixin.py:151} INFO - [2023-11-05T02:59:36.001+0000] {dag.py:3722} INFO - Setting next_dagrun for tutorial to 2023-11-04T02:59:36.001593+00:00, run_after=2023-11-05T02:59:36.001593+00:00
[2023-11-05T02:59:36.033+0000] {processor.py:179} INFO - Processing /home/airflow/.local/lib/python3.8/site-packages/airflow/example_dags/tutorial.py took 0.096 seconds
[2023-11-05T03:00:06.921+0000] {processor.py:157} INFO - Started process (PID=276) to work on /home/airflow/.local/lib/python3.8/site-packages/airflow/example_dags/tutorial.py
[2023-11-05T03:00:06.922+0000] {processor.py:829} INFO - Processing file /home/airflow/.local/lib/python3.8/site-packages/airflow/example_dags/tutorial.py for tasks to queue
[2023-11-05T03:00:06.924+0000] {logging_mixin.py:151} INFO - [2023-11-05T03:00:06.924+0000] {dagbag.py:536} INFO - Filling up the DagBag from /home/airflow/.local/lib/python3.8/site-packages/airflow/example_dags/tutorial.py
[2023-11-05T03:00:06.929+0000] {processor.py:839} INFO - DAG(s) dict_keys(['tutorial']) retrieved from /home/airflow/.local/lib/python3.8/site-packages/airflow/example_dags/tutorial.py
[2023-11-05T03:00:06.965+0000] {logging_mixin.py:151} INFO - [2023-11-05T03:00:06.964+0000] {dag.py:2941} INFO - Sync 1 DAGs
[2023-11-05T03:00:07.011+0000] {logging_mixin.py:151} INFO - [2023-11-05T03:00:07.011+0000] {dag.py:3722} INFO - Setting next_dagrun for tutorial to 2023-11-04T03:00:07.010795+00:00, run_after=2023-11-05T03:00:07.010795+00:00
[2023-11-05T03:00:07.037+0000] {processor.py:179} INFO - Processing /home/airflow/.local/lib/python3.8/site-packages/airflow/example_dags/tutorial.py took 0.120 seconds
[2023-11-05T03:00:38.328+0000] {processor.py:157} INFO - Started process (PID=330) to work on /home/airflow/.local/lib/python3.8/site-packages/airflow/example_dags/tutorial.py
[2023-11-05T03:00:38.329+0000] {processor.py:829} INFO - Processing file /home/airflow/.local/lib/python3.8/site-packages/airflow/example_dags/tutorial.py for tasks to queue
[2023-11-05T03:00:38.331+0000] {logging_mixin.py:151} INFO - [2023-11-05T03:00:38.330+0000] {dagbag.py:536} INFO - Filling up the DagBag from /home/airflow/.local/lib/python3.8/site-packages/airflow/example_dags/tutorial.py
[2023-11-05T03:00:38.336+0000] {processor.py:839} INFO - DAG(s) dict_keys(['tutorial']) retrieved from /home/airflow/.local/lib/python3.8/site-packages/airflow/example_dags/tutorial.py
[2023-11-05T03:00:38.367+0000] {logging_mixin.py:151} INFO - [2023-11-05T03:00:38.367+0000] {dag.py:2941} INFO - Sync 1 DAGs
[2023-11-05T03:00:38.392+0000] {logging_mixin.py:151} INFO - [2023-11-05T03:00:38.391+0000] {dag.py:3722} INFO - Setting next_dagrun for tutorial to 2023-11-04T03:00:38.391554+00:00, run_after=2023-11-05T03:00:38.391554+00:00
[2023-11-05T03:00:38.412+0000] {processor.py:179} INFO - Processing /home/airflow/.local/lib/python3.8/site-packages/airflow/example_dags/tutorial.py took 0.087 seconds
[2023-11-05T03:01:08.574+0000] {processor.py:157} INFO - Started process (PID=385) to work on /home/airflow/.local/lib/python3.8/site-packages/airflow/example_dags/tutorial.py
[2023-11-05T03:01:08.575+0000] {processor.py:829} INFO - Processing file /home/airflow/.local/lib/python3.8/site-packages/airflow/example_dags/tutorial.py for tasks to queue
[2023-11-05T03:01:08.577+0000] {logging_mixin.py:151} INFO - [2023-11-05T03:01:08.577+0000] {dagbag.py:536} INFO - Filling up the DagBag from /home/airflow/.local/lib/python3.8/site-packages/airflow/example_dags/tutorial.py
[2023-11-05T03:01:08.583+0000] {processor.py:839} INFO - DAG(s) dict_keys(['tutorial']) retrieved from /home/airflow/.local/lib/python3.8/site-packages/airflow/example_dags/tutorial.py
[2023-11-05T03:01:08.611+0000] {logging_mixin.py:151} INFO - [2023-11-05T03:01:08.611+0000] {dag.py:2941} INFO - Sync 1 DAGs
[2023-11-05T03:01:08.634+0000] {logging_mixin.py:151} INFO - [2023-11-05T03:01:08.633+0000] {dag.py:3722} INFO - Setting next_dagrun for tutorial to 2023-11-04T03:01:08.633778+00:00, run_after=2023-11-05T03:01:08.633778+00:00
[2023-11-05T03:01:08.655+0000] {processor.py:179} INFO - Processing /home/airflow/.local/lib/python3.8/site-packages/airflow/example_dags/tutorial.py took 0.085 seconds
[2023-11-05T03:01:38.767+0000] {processor.py:157} INFO - Started process (PID=437) to work on /home/airflow/.local/lib/python3.8/site-packages/airflow/example_dags/tutorial.py
[2023-11-05T03:01:38.768+0000] {processor.py:829} INFO - Processing file /home/airflow/.local/lib/python3.8/site-packages/airflow/example_dags/tutorial.py for tasks to queue
[2023-11-05T03:01:38.769+0000] {logging_mixin.py:151} INFO - [2023-11-05T03:01:38.769+0000] {dagbag.py:536} INFO - Filling up the DagBag from /home/airflow/.local/lib/python3.8/site-packages/airflow/example_dags/tutorial.py
[2023-11-05T03:01:38.776+0000] {processor.py:839} INFO - DAG(s) dict_keys(['tutorial']) retrieved from /home/airflow/.local/lib/python3.8/site-packages/airflow/example_dags/tutorial.py
[2023-11-05T03:01:38.812+0000] {logging_mixin.py:151} INFO - [2023-11-05T03:01:38.812+0000] {dag.py:2941} INFO - Sync 1 DAGs
[2023-11-05T03:01:38.844+0000] {logging_mixin.py:151} INFO - [2023-11-05T03:01:38.844+0000] {dag.py:3722} INFO - Setting next_dagrun for tutorial to 2023-11-04T03:01:38.843910+00:00, run_after=2023-11-05T03:01:38.843910+00:00
[2023-11-05T03:01:38.863+0000] {processor.py:179} INFO - Processing /home/airflow/.local/lib/python3.8/site-packages/airflow/example_dags/tutorial.py took 0.099 seconds
[2023-11-05T03:02:09.430+0000] {processor.py:157} INFO - Started process (PID=491) to work on /home/airflow/.local/lib/python3.8/site-packages/airflow/example_dags/tutorial.py
[2023-11-05T03:02:09.430+0000] {processor.py:829} INFO - Processing file /home/airflow/.local/lib/python3.8/site-packages/airflow/example_dags/tutorial.py for tasks to queue
[2023-11-05T03:02:09.432+0000] {logging_mixin.py:151} INFO - [2023-11-05T03:02:09.432+0000] {dagbag.py:536} INFO - Filling up the DagBag from /home/airflow/.local/lib/python3.8/site-packages/airflow/example_dags/tutorial.py
[2023-11-05T03:02:09.437+0000] {processor.py:839} INFO - DAG(s) dict_keys(['tutorial']) retrieved from /home/airflow/.local/lib/python3.8/site-packages/airflow/example_dags/tutorial.py
[2023-11-05T03:02:09.456+0000] {logging_mixin.py:151} INFO - [2023-11-05T03:02:09.455+0000] {dag.py:2941} INFO - Sync 1 DAGs
[2023-11-05T03:02:09.477+0000] {logging_mixin.py:151} INFO - [2023-11-05T03:02:09.477+0000] {dag.py:3722} INFO - Setting next_dagrun for tutorial to 2023-11-04T03:02:09.476807+00:00, run_after=2023-11-05T03:02:09.476807+00:00
[2023-11-05T03:02:09.495+0000] {processor.py:179} INFO - Processing /home/airflow/.local/lib/python3.8/site-packages/airflow/example_dags/tutorial.py took 0.068 seconds
[2023-11-05T03:02:39.586+0000] {processor.py:157} INFO - Started process (PID=544) to work on /home/airflow/.local/lib/python3.8/site-packages/airflow/example_dags/tutorial.py
[2023-11-05T03:02:39.587+0000] {processor.py:829} INFO - Processing file /home/airflow/.local/lib/python3.8/site-packages/airflow/example_dags/tutorial.py for tasks to queue
[2023-11-05T03:02:39.589+0000] {logging_mixin.py:151} INFO - [2023-11-05T03:02:39.588+0000] {dagbag.py:536} INFO - Filling up the DagBag from /home/airflow/.local/lib/python3.8/site-packages/airflow/example_dags/tutorial.py
[2023-11-05T03:02:39.593+0000] {processor.py:839} INFO - DAG(s) dict_keys(['tutorial']) retrieved from /home/airflow/.local/lib/python3.8/site-packages/airflow/example_dags/tutorial.py
[2023-11-05T03:02:39.617+0000] {logging_mixin.py:151} INFO - [2023-11-05T03:02:39.617+0000] {dag.py:2941} INFO - Sync 1 DAGs
[2023-11-05T03:02:39.645+0000] {logging_mixin.py:151} INFO - [2023-11-05T03:02:39.645+0000] {dag.py:3722} INFO - Setting next_dagrun for tutorial to 2023-11-04T03:02:39.645409+00:00, run_after=2023-11-05T03:02:39.645409+00:00
[2023-11-05T03:02:39.668+0000] {processor.py:179} INFO - Processing /home/airflow/.local/lib/python3.8/site-packages/airflow/example_dags/tutorial.py took 0.084 seconds
[2023-11-05T03:03:10.523+0000] {processor.py:157} INFO - Started process (PID=598) to work on /home/airflow/.local/lib/python3.8/site-packages/airflow/example_dags/tutorial.py
[2023-11-05T03:03:10.525+0000] {processor.py:829} INFO - Processing file /home/airflow/.local/lib/python3.8/site-packages/airflow/example_dags/tutorial.py for tasks to queue
[2023-11-05T03:03:10.529+0000] {logging_mixin.py:151} INFO - [2023-11-05T03:03:10.528+0000] {dagbag.py:536} INFO - Filling up the DagBag from /home/airflow/.local/lib/python3.8/site-packages/airflow/example_dags/tutorial.py
[2023-11-05T03:03:10.540+0000] {processor.py:839} INFO - DAG(s) dict_keys(['tutorial']) retrieved from /home/airflow/.local/lib/python3.8/site-packages/airflow/example_dags/tutorial.py
[2023-11-05T03:03:10.585+0000] {logging_mixin.py:151} INFO - [2023-11-05T03:03:10.584+0000] {dag.py:2941} INFO - Sync 1 DAGs
[2023-11-05T03:03:10.645+0000] {logging_mixin.py:151} INFO - [2023-11-05T03:03:10.645+0000] {dag.py:3722} INFO - Setting next_dagrun for tutorial to 2023-11-04T03:03:10.644459+00:00, run_after=2023-11-05T03:03:10.644459+00:00
[2023-11-05T03:03:10.689+0000] {processor.py:179} INFO - Processing /home/airflow/.local/lib/python3.8/site-packages/airflow/example_dags/tutorial.py took 0.173 seconds
[2023-11-05T03:03:40.746+0000] {processor.py:157} INFO - Started process (PID=652) to work on /home/airflow/.local/lib/python3.8/site-packages/airflow/example_dags/tutorial.py
[2023-11-05T03:03:40.747+0000] {processor.py:829} INFO - Processing file /home/airflow/.local/lib/python3.8/site-packages/airflow/example_dags/tutorial.py for tasks to queue
[2023-11-05T03:03:40.748+0000] {logging_mixin.py:151} INFO - [2023-11-05T03:03:40.748+0000] {dagbag.py:536} INFO - Filling up the DagBag from /home/airflow/.local/lib/python3.8/site-packages/airflow/example_dags/tutorial.py
[2023-11-05T03:03:40.755+0000] {processor.py:839} INFO - DAG(s) dict_keys(['tutorial']) retrieved from /home/airflow/.local/lib/python3.8/site-packages/airflow/example_dags/tutorial.py
[2023-11-05T03:03:40.783+0000] {logging_mixin.py:151} INFO - [2023-11-05T03:03:40.783+0000] {dag.py:2941} INFO - Sync 1 DAGs
[2023-11-05T03:03:40.813+0000] {logging_mixin.py:151} INFO - [2023-11-05T03:03:40.812+0000] {dag.py:3722} INFO - Setting next_dagrun for tutorial to 2023-11-04T03:03:40.812528+00:00, run_after=2023-11-05T03:03:40.812528+00:00
[2023-11-05T03:03:40.833+0000] {processor.py:179} INFO - Processing /home/airflow/.local/lib/python3.8/site-packages/airflow/example_dags/tutorial.py took 0.089 seconds
[2023-11-05T03:04:11.735+0000] {processor.py:157} INFO - Started process (PID=706) to work on /home/airflow/.local/lib/python3.8/site-packages/airflow/example_dags/tutorial.py
[2023-11-05T03:04:11.736+0000] {processor.py:829} INFO - Processing file /home/airflow/.local/lib/python3.8/site-packages/airflow/example_dags/tutorial.py for tasks to queue
[2023-11-05T03:04:11.740+0000] {logging_mixin.py:151} INFO - [2023-11-05T03:04:11.739+0000] {dagbag.py:536} INFO - Filling up the DagBag from /home/airflow/.local/lib/python3.8/site-packages/airflow/example_dags/tutorial.py
[2023-11-05T03:04:11.747+0000] {processor.py:839} INFO - DAG(s) dict_keys(['tutorial']) retrieved from /home/airflow/.local/lib/python3.8/site-packages/airflow/example_dags/tutorial.py
[2023-11-05T03:04:11.778+0000] {logging_mixin.py:151} INFO - [2023-11-05T03:04:11.778+0000] {dag.py:2941} INFO - Sync 1 DAGs
[2023-11-05T03:04:11.813+0000] {logging_mixin.py:151} INFO - [2023-11-05T03:04:11.813+0000] {dag.py:3722} INFO - Setting next_dagrun for tutorial to 2023-11-04T03:04:11.813351+00:00, run_after=2023-11-05T03:04:11.813351+00:00
[2023-11-05T03:04:11.837+0000] {processor.py:179} INFO - Processing /home/airflow/.local/lib/python3.8/site-packages/airflow/example_dags/tutorial.py took 0.105 seconds
[2023-11-05T03:04:42.579+0000] {processor.py:157} INFO - Started process (PID=761) to work on /home/airflow/.local/lib/python3.8/site-packages/airflow/example_dags/tutorial.py
[2023-11-05T03:04:42.580+0000] {processor.py:829} INFO - Processing file /home/airflow/.local/lib/python3.8/site-packages/airflow/example_dags/tutorial.py for tasks to queue
[2023-11-05T03:04:42.582+0000] {logging_mixin.py:151} INFO - [2023-11-05T03:04:42.582+0000] {dagbag.py:536} INFO - Filling up the DagBag from /home/airflow/.local/lib/python3.8/site-packages/airflow/example_dags/tutorial.py
[2023-11-05T03:04:42.588+0000] {processor.py:839} INFO - DAG(s) dict_keys(['tutorial']) retrieved from /home/airflow/.local/lib/python3.8/site-packages/airflow/example_dags/tutorial.py
[2023-11-05T03:04:42.607+0000] {logging_mixin.py:151} INFO - [2023-11-05T03:04:42.606+0000] {dag.py:2941} INFO - Sync 1 DAGs
[2023-11-05T03:04:42.628+0000] {logging_mixin.py:151} INFO - [2023-11-05T03:04:42.628+0000] {dag.py:3722} INFO - Setting next_dagrun for tutorial to 2023-11-04T03:04:42.628552+00:00, run_after=2023-11-05T03:04:42.628552+00:00
[2023-11-05T03:04:42.648+0000] {processor.py:179} INFO - Processing /home/airflow/.local/lib/python3.8/site-packages/airflow/example_dags/tutorial.py took 0.073 seconds
[2023-11-05T03:05:13.206+0000] {processor.py:157} INFO - Started process (PID=815) to work on /home/airflow/.local/lib/python3.8/site-packages/airflow/example_dags/tutorial.py
[2023-11-05T03:05:13.208+0000] {processor.py:829} INFO - Processing file /home/airflow/.local/lib/python3.8/site-packages/airflow/example_dags/tutorial.py for tasks to queue
[2023-11-05T03:05:13.212+0000] {logging_mixin.py:151} INFO - [2023-11-05T03:05:13.211+0000] {dagbag.py:536} INFO - Filling up the DagBag from /home/airflow/.local/lib/python3.8/site-packages/airflow/example_dags/tutorial.py
[2023-11-05T03:05:13.227+0000] {processor.py:839} INFO - DAG(s) dict_keys(['tutorial']) retrieved from /home/airflow/.local/lib/python3.8/site-packages/airflow/example_dags/tutorial.py
[2023-11-05T03:05:13.264+0000] {logging_mixin.py:151} INFO - [2023-11-05T03:05:13.264+0000] {dag.py:2941} INFO - Sync 1 DAGs
[2023-11-05T03:05:13.299+0000] {logging_mixin.py:151} INFO - [2023-11-05T03:05:13.298+0000] {dag.py:3722} INFO - Setting next_dagrun for tutorial to 2023-11-04T03:05:13.298131+00:00, run_after=2023-11-05T03:05:13.298131+00:00
[2023-11-05T03:05:13.336+0000] {processor.py:179} INFO - Processing /home/airflow/.local/lib/python3.8/site-packages/airflow/example_dags/tutorial.py took 0.136 seconds
[2023-11-05T03:05:44.135+0000] {processor.py:157} INFO - Started process (PID=869) to work on /home/airflow/.local/lib/python3.8/site-packages/airflow/example_dags/tutorial.py
[2023-11-05T03:05:44.136+0000] {processor.py:829} INFO - Processing file /home/airflow/.local/lib/python3.8/site-packages/airflow/example_dags/tutorial.py for tasks to queue
[2023-11-05T03:05:44.138+0000] {logging_mixin.py:151} INFO - [2023-11-05T03:05:44.138+0000] {dagbag.py:536} INFO - Filling up the DagBag from /home/airflow/.local/lib/python3.8/site-packages/airflow/example_dags/tutorial.py
[2023-11-05T03:05:44.143+0000] {processor.py:839} INFO - DAG(s) dict_keys(['tutorial']) retrieved from /home/airflow/.local/lib/python3.8/site-packages/airflow/example_dags/tutorial.py
[2023-11-05T03:05:44.167+0000] {logging_mixin.py:151} INFO - [2023-11-05T03:05:44.167+0000] {dag.py:2941} INFO - Sync 1 DAGs
[2023-11-05T03:05:44.194+0000] {logging_mixin.py:151} INFO - [2023-11-05T03:05:44.194+0000] {dag.py:3722} INFO - Setting next_dagrun for tutorial to 2023-11-04T03:05:44.194158+00:00, run_after=2023-11-05T03:05:44.194158+00:00
[2023-11-05T03:05:44.214+0000] {processor.py:179} INFO - Processing /home/airflow/.local/lib/python3.8/site-packages/airflow/example_dags/tutorial.py took 0.081 seconds
[2023-11-05T03:06:14.705+0000] {processor.py:157} INFO - Started process (PID=923) to work on /home/airflow/.local/lib/python3.8/site-packages/airflow/example_dags/tutorial.py
[2023-11-05T03:06:14.706+0000] {processor.py:829} INFO - Processing file /home/airflow/.local/lib/python3.8/site-packages/airflow/example_dags/tutorial.py for tasks to queue
[2023-11-05T03:06:14.707+0000] {logging_mixin.py:151} INFO - [2023-11-05T03:06:14.707+0000] {dagbag.py:536} INFO - Filling up the DagBag from /home/airflow/.local/lib/python3.8/site-packages/airflow/example_dags/tutorial.py
[2023-11-05T03:06:14.712+0000] {processor.py:839} INFO - DAG(s) dict_keys(['tutorial']) retrieved from /home/airflow/.local/lib/python3.8/site-packages/airflow/example_dags/tutorial.py
[2023-11-05T03:06:14.737+0000] {logging_mixin.py:151} INFO - [2023-11-05T03:06:14.736+0000] {dag.py:2941} INFO - Sync 1 DAGs
[2023-11-05T03:06:14.759+0000] {logging_mixin.py:151} INFO - [2023-11-05T03:06:14.759+0000] {dag.py:3722} INFO - Setting next_dagrun for tutorial to 2023-11-04T03:06:14.759152+00:00, run_after=2023-11-05T03:06:14.759152+00:00
[2023-11-05T03:06:14.781+0000] {processor.py:179} INFO - Processing /home/airflow/.local/lib/python3.8/site-packages/airflow/example_dags/tutorial.py took 0.079 seconds
[2023-11-05T03:06:46.332+0000] {processor.py:157} INFO - Started process (PID=977) to work on /home/airflow/.local/lib/python3.8/site-packages/airflow/example_dags/tutorial.py
[2023-11-05T03:06:46.333+0000] {processor.py:829} INFO - Processing file /home/airflow/.local/lib/python3.8/site-packages/airflow/example_dags/tutorial.py for tasks to queue
[2023-11-05T03:06:46.335+0000] {logging_mixin.py:151} INFO - [2023-11-05T03:06:46.335+0000] {dagbag.py:536} INFO - Filling up the DagBag from /home/airflow/.local/lib/python3.8/site-packages/airflow/example_dags/tutorial.py
[2023-11-05T03:06:46.341+0000] {processor.py:839} INFO - DAG(s) dict_keys(['tutorial']) retrieved from /home/airflow/.local/lib/python3.8/site-packages/airflow/example_dags/tutorial.py
[2023-11-05T03:06:46.365+0000] {logging_mixin.py:151} INFO - [2023-11-05T03:06:46.365+0000] {dag.py:2941} INFO - Sync 1 DAGs
[2023-11-05T03:06:46.522+0000] {logging_mixin.py:151} INFO - [2023-11-05T03:06:46.521+0000] {dag.py:3722} INFO - Setting next_dagrun for tutorial to 2023-11-04T03:06:46.521530+00:00, run_after=2023-11-05T03:06:46.521530+00:00
[2023-11-05T03:06:46.539+0000] {processor.py:179} INFO - Processing /home/airflow/.local/lib/python3.8/site-packages/airflow/example_dags/tutorial.py took 0.210 seconds
[2023-11-05T03:07:16.597+0000] {processor.py:157} INFO - Started process (PID=1031) to work on /home/airflow/.local/lib/python3.8/site-packages/airflow/example_dags/tutorial.py
[2023-11-05T03:07:16.597+0000] {processor.py:829} INFO - Processing file /home/airflow/.local/lib/python3.8/site-packages/airflow/example_dags/tutorial.py for tasks to queue
[2023-11-05T03:07:16.599+0000] {logging_mixin.py:151} INFO - [2023-11-05T03:07:16.599+0000] {dagbag.py:536} INFO - Filling up the DagBag from /home/airflow/.local/lib/python3.8/site-packages/airflow/example_dags/tutorial.py
[2023-11-05T03:07:16.605+0000] {processor.py:839} INFO - DAG(s) dict_keys(['tutorial']) retrieved from /home/airflow/.local/lib/python3.8/site-packages/airflow/example_dags/tutorial.py
[2023-11-05T03:07:16.625+0000] {logging_mixin.py:151} INFO - [2023-11-05T03:07:16.625+0000] {dag.py:2941} INFO - Sync 1 DAGs
[2023-11-05T03:07:16.666+0000] {logging_mixin.py:151} INFO - [2023-11-05T03:07:16.666+0000] {dag.py:3722} INFO - Setting next_dagrun for tutorial to 2023-11-04T03:07:16.665647+00:00, run_after=2023-11-05T03:07:16.665647+00:00
[2023-11-05T03:07:16.839+0000] {processor.py:179} INFO - Processing /home/airflow/.local/lib/python3.8/site-packages/airflow/example_dags/tutorial.py took 0.245 seconds
[2023-11-05T03:07:47.443+0000] {processor.py:157} INFO - Started process (PID=1085) to work on /home/airflow/.local/lib/python3.8/site-packages/airflow/example_dags/tutorial.py
[2023-11-05T03:07:47.444+0000] {processor.py:829} INFO - Processing file /home/airflow/.local/lib/python3.8/site-packages/airflow/example_dags/tutorial.py for tasks to queue
[2023-11-05T03:07:47.445+0000] {logging_mixin.py:151} INFO - [2023-11-05T03:07:47.445+0000] {dagbag.py:536} INFO - Filling up the DagBag from /home/airflow/.local/lib/python3.8/site-packages/airflow/example_dags/tutorial.py
[2023-11-05T03:07:47.450+0000] {processor.py:839} INFO - DAG(s) dict_keys(['tutorial']) retrieved from /home/airflow/.local/lib/python3.8/site-packages/airflow/example_dags/tutorial.py
[2023-11-05T03:07:47.469+0000] {logging_mixin.py:151} INFO - [2023-11-05T03:07:47.469+0000] {dag.py:2941} INFO - Sync 1 DAGs
[2023-11-05T03:07:47.491+0000] {logging_mixin.py:151} INFO - [2023-11-05T03:07:47.490+0000] {dag.py:3722} INFO - Setting next_dagrun for tutorial to 2023-11-04T03:07:47.490758+00:00, run_after=2023-11-05T03:07:47.490758+00:00
[2023-11-05T03:07:47.512+0000] {processor.py:179} INFO - Processing /home/airflow/.local/lib/python3.8/site-packages/airflow/example_dags/tutorial.py took 0.071 seconds
