[2023-11-05T02:58:02.957+0000] {processor.py:157} INFO - Started process (PID=47) to work on /home/airflow/.local/lib/python3.8/site-packages/airflow/example_dags/tutorial_dag.py
[2023-11-05T02:58:02.958+0000] {processor.py:829} INFO - Processing file /home/airflow/.local/lib/python3.8/site-packages/airflow/example_dags/tutorial_dag.py for tasks to queue
[2023-11-05T02:58:02.960+0000] {logging_mixin.py:151} INFO - [2023-11-05T02:58:02.960+0000] {dagbag.py:536} INFO - Filling up the DagBag from /home/airflow/.local/lib/python3.8/site-packages/airflow/example_dags/tutorial_dag.py
[2023-11-05T02:58:02.976+0000] {processor.py:839} INFO - DAG(s) dict_keys(['tutorial_dag']) retrieved from /home/airflow/.local/lib/python3.8/site-packages/airflow/example_dags/tutorial_dag.py
[2023-11-05T02:58:02.992+0000] {logging_mixin.py:151} INFO - [2023-11-05T02:58:02.992+0000] {dag.py:2941} INFO - Sync 1 DAGs
[2023-11-05T02:58:03.013+0000] {logging_mixin.py:151} INFO - [2023-11-05T02:58:03.013+0000] {dag.py:3722} INFO - Setting next_dagrun for tutorial_dag to None, run_after=None
[2023-11-05T02:58:03.035+0000] {processor.py:179} INFO - Processing /home/airflow/.local/lib/python3.8/site-packages/airflow/example_dags/tutorial_dag.py took 0.081 seconds
[2023-11-05T02:58:33.359+0000] {processor.py:157} INFO - Started process (PID=101) to work on /home/airflow/.local/lib/python3.8/site-packages/airflow/example_dags/tutorial_dag.py
[2023-11-05T02:58:33.360+0000] {processor.py:829} INFO - Processing file /home/airflow/.local/lib/python3.8/site-packages/airflow/example_dags/tutorial_dag.py for tasks to queue
[2023-11-05T02:58:33.362+0000] {logging_mixin.py:151} INFO - [2023-11-05T02:58:33.361+0000] {dagbag.py:536} INFO - Filling up the DagBag from /home/airflow/.local/lib/python3.8/site-packages/airflow/example_dags/tutorial_dag.py
[2023-11-05T02:58:33.366+0000] {processor.py:839} INFO - DAG(s) dict_keys(['tutorial_dag']) retrieved from /home/airflow/.local/lib/python3.8/site-packages/airflow/example_dags/tutorial_dag.py
[2023-11-05T02:58:33.385+0000] {logging_mixin.py:151} INFO - [2023-11-05T02:58:33.384+0000] {dag.py:2941} INFO - Sync 1 DAGs
[2023-11-05T02:58:33.397+0000] {logging_mixin.py:151} INFO - [2023-11-05T02:58:33.397+0000] {dag.py:3722} INFO - Setting next_dagrun for tutorial_dag to None, run_after=None
[2023-11-05T02:58:33.419+0000] {processor.py:179} INFO - Processing /home/airflow/.local/lib/python3.8/site-packages/airflow/example_dags/tutorial_dag.py took 0.063 seconds
[2023-11-05T02:59:04.042+0000] {processor.py:157} INFO - Started process (PID=156) to work on /home/airflow/.local/lib/python3.8/site-packages/airflow/example_dags/tutorial_dag.py
[2023-11-05T02:59:04.043+0000] {processor.py:829} INFO - Processing file /home/airflow/.local/lib/python3.8/site-packages/airflow/example_dags/tutorial_dag.py for tasks to queue
[2023-11-05T02:59:04.047+0000] {logging_mixin.py:151} INFO - [2023-11-05T02:59:04.046+0000] {dagbag.py:536} INFO - Filling up the DagBag from /home/airflow/.local/lib/python3.8/site-packages/airflow/example_dags/tutorial_dag.py
[2023-11-05T02:59:04.057+0000] {processor.py:839} INFO - DAG(s) dict_keys(['tutorial_dag']) retrieved from /home/airflow/.local/lib/python3.8/site-packages/airflow/example_dags/tutorial_dag.py
[2023-11-05T02:59:04.096+0000] {logging_mixin.py:151} INFO - [2023-11-05T02:59:04.096+0000] {dag.py:2941} INFO - Sync 1 DAGs
[2023-11-05T02:59:04.128+0000] {logging_mixin.py:151} INFO - [2023-11-05T02:59:04.128+0000] {dag.py:3722} INFO - Setting next_dagrun for tutorial_dag to None, run_after=None
[2023-11-05T02:59:04.169+0000] {processor.py:179} INFO - Processing /home/airflow/.local/lib/python3.8/site-packages/airflow/example_dags/tutorial_dag.py took 0.133 seconds
[2023-11-05T02:59:34.910+0000] {processor.py:157} INFO - Started process (PID=210) to work on /home/airflow/.local/lib/python3.8/site-packages/airflow/example_dags/tutorial_dag.py
[2023-11-05T02:59:34.912+0000] {processor.py:829} INFO - Processing file /home/airflow/.local/lib/python3.8/site-packages/airflow/example_dags/tutorial_dag.py for tasks to queue
[2023-11-05T02:59:34.915+0000] {logging_mixin.py:151} INFO - [2023-11-05T02:59:34.915+0000] {dagbag.py:536} INFO - Filling up the DagBag from /home/airflow/.local/lib/python3.8/site-packages/airflow/example_dags/tutorial_dag.py
[2023-11-05T02:59:34.926+0000] {processor.py:839} INFO - DAG(s) dict_keys(['tutorial_dag']) retrieved from /home/airflow/.local/lib/python3.8/site-packages/airflow/example_dags/tutorial_dag.py
[2023-11-05T02:59:34.966+0000] {logging_mixin.py:151} INFO - [2023-11-05T02:59:34.965+0000] {dag.py:2941} INFO - Sync 1 DAGs
[2023-11-05T02:59:34.984+0000] {logging_mixin.py:151} INFO - [2023-11-05T02:59:34.984+0000] {dag.py:3722} INFO - Setting next_dagrun for tutorial_dag to None, run_after=None
[2023-11-05T02:59:35.016+0000] {processor.py:179} INFO - Processing /home/airflow/.local/lib/python3.8/site-packages/airflow/example_dags/tutorial_dag.py took 0.115 seconds
[2023-11-05T03:00:05.781+0000] {processor.py:157} INFO - Started process (PID=264) to work on /home/airflow/.local/lib/python3.8/site-packages/airflow/example_dags/tutorial_dag.py
[2023-11-05T03:00:05.782+0000] {processor.py:829} INFO - Processing file /home/airflow/.local/lib/python3.8/site-packages/airflow/example_dags/tutorial_dag.py for tasks to queue
[2023-11-05T03:00:05.784+0000] {logging_mixin.py:151} INFO - [2023-11-05T03:00:05.784+0000] {dagbag.py:536} INFO - Filling up the DagBag from /home/airflow/.local/lib/python3.8/site-packages/airflow/example_dags/tutorial_dag.py
[2023-11-05T03:00:05.791+0000] {processor.py:839} INFO - DAG(s) dict_keys(['tutorial_dag']) retrieved from /home/airflow/.local/lib/python3.8/site-packages/airflow/example_dags/tutorial_dag.py
[2023-11-05T03:00:05.816+0000] {logging_mixin.py:151} INFO - [2023-11-05T03:00:05.816+0000] {dag.py:2941} INFO - Sync 1 DAGs
[2023-11-05T03:00:05.831+0000] {logging_mixin.py:151} INFO - [2023-11-05T03:00:05.831+0000] {dag.py:3722} INFO - Setting next_dagrun for tutorial_dag to None, run_after=None
[2023-11-05T03:00:05.851+0000] {processor.py:179} INFO - Processing /home/airflow/.local/lib/python3.8/site-packages/airflow/example_dags/tutorial_dag.py took 0.074 seconds
[2023-11-05T03:00:36.983+0000] {processor.py:157} INFO - Started process (PID=317) to work on /home/airflow/.local/lib/python3.8/site-packages/airflow/example_dags/tutorial_dag.py
[2023-11-05T03:00:36.984+0000] {processor.py:829} INFO - Processing file /home/airflow/.local/lib/python3.8/site-packages/airflow/example_dags/tutorial_dag.py for tasks to queue
[2023-11-05T03:00:36.987+0000] {logging_mixin.py:151} INFO - [2023-11-05T03:00:36.986+0000] {dagbag.py:536} INFO - Filling up the DagBag from /home/airflow/.local/lib/python3.8/site-packages/airflow/example_dags/tutorial_dag.py
[2023-11-05T03:00:36.996+0000] {processor.py:839} INFO - DAG(s) dict_keys(['tutorial_dag']) retrieved from /home/airflow/.local/lib/python3.8/site-packages/airflow/example_dags/tutorial_dag.py
[2023-11-05T03:00:37.026+0000] {logging_mixin.py:151} INFO - [2023-11-05T03:00:37.026+0000] {dag.py:2941} INFO - Sync 1 DAGs
[2023-11-05T03:00:37.045+0000] {logging_mixin.py:151} INFO - [2023-11-05T03:00:37.045+0000] {dag.py:3722} INFO - Setting next_dagrun for tutorial_dag to None, run_after=None
[2023-11-05T03:00:37.068+0000] {processor.py:179} INFO - Processing /home/airflow/.local/lib/python3.8/site-packages/airflow/example_dags/tutorial_dag.py took 0.089 seconds
[2023-11-05T03:01:07.365+0000] {processor.py:157} INFO - Started process (PID=372) to work on /home/airflow/.local/lib/python3.8/site-packages/airflow/example_dags/tutorial_dag.py
[2023-11-05T03:01:07.366+0000] {processor.py:829} INFO - Processing file /home/airflow/.local/lib/python3.8/site-packages/airflow/example_dags/tutorial_dag.py for tasks to queue
[2023-11-05T03:01:07.369+0000] {logging_mixin.py:151} INFO - [2023-11-05T03:01:07.368+0000] {dagbag.py:536} INFO - Filling up the DagBag from /home/airflow/.local/lib/python3.8/site-packages/airflow/example_dags/tutorial_dag.py
[2023-11-05T03:01:07.379+0000] {processor.py:839} INFO - DAG(s) dict_keys(['tutorial_dag']) retrieved from /home/airflow/.local/lib/python3.8/site-packages/airflow/example_dags/tutorial_dag.py
[2023-11-05T03:01:07.411+0000] {logging_mixin.py:151} INFO - [2023-11-05T03:01:07.410+0000] {dag.py:2941} INFO - Sync 1 DAGs
[2023-11-05T03:01:07.429+0000] {logging_mixin.py:151} INFO - [2023-11-05T03:01:07.428+0000] {dag.py:3722} INFO - Setting next_dagrun for tutorial_dag to None, run_after=None
[2023-11-05T03:01:07.454+0000] {processor.py:179} INFO - Processing /home/airflow/.local/lib/python3.8/site-packages/airflow/example_dags/tutorial_dag.py took 0.092 seconds
[2023-11-05T03:01:37.651+0000] {processor.py:157} INFO - Started process (PID=425) to work on /home/airflow/.local/lib/python3.8/site-packages/airflow/example_dags/tutorial_dag.py
[2023-11-05T03:01:37.651+0000] {processor.py:829} INFO - Processing file /home/airflow/.local/lib/python3.8/site-packages/airflow/example_dags/tutorial_dag.py for tasks to queue
[2023-11-05T03:01:37.653+0000] {logging_mixin.py:151} INFO - [2023-11-05T03:01:37.653+0000] {dagbag.py:536} INFO - Filling up the DagBag from /home/airflow/.local/lib/python3.8/site-packages/airflow/example_dags/tutorial_dag.py
[2023-11-05T03:01:37.658+0000] {processor.py:839} INFO - DAG(s) dict_keys(['tutorial_dag']) retrieved from /home/airflow/.local/lib/python3.8/site-packages/airflow/example_dags/tutorial_dag.py
[2023-11-05T03:01:37.677+0000] {logging_mixin.py:151} INFO - [2023-11-05T03:01:37.677+0000] {dag.py:2941} INFO - Sync 1 DAGs
[2023-11-05T03:01:37.688+0000] {logging_mixin.py:151} INFO - [2023-11-05T03:01:37.688+0000] {dag.py:3722} INFO - Setting next_dagrun for tutorial_dag to None, run_after=None
[2023-11-05T03:01:37.709+0000] {processor.py:179} INFO - Processing /home/airflow/.local/lib/python3.8/site-packages/airflow/example_dags/tutorial_dag.py took 0.061 seconds
[2023-11-05T03:02:08.646+0000] {processor.py:157} INFO - Started process (PID=479) to work on /home/airflow/.local/lib/python3.8/site-packages/airflow/example_dags/tutorial_dag.py
[2023-11-05T03:02:08.647+0000] {processor.py:829} INFO - Processing file /home/airflow/.local/lib/python3.8/site-packages/airflow/example_dags/tutorial_dag.py for tasks to queue
[2023-11-05T03:02:08.649+0000] {logging_mixin.py:151} INFO - [2023-11-05T03:02:08.648+0000] {dagbag.py:536} INFO - Filling up the DagBag from /home/airflow/.local/lib/python3.8/site-packages/airflow/example_dags/tutorial_dag.py
[2023-11-05T03:02:08.653+0000] {processor.py:839} INFO - DAG(s) dict_keys(['tutorial_dag']) retrieved from /home/airflow/.local/lib/python3.8/site-packages/airflow/example_dags/tutorial_dag.py
[2023-11-05T03:02:08.671+0000] {logging_mixin.py:151} INFO - [2023-11-05T03:02:08.671+0000] {dag.py:2941} INFO - Sync 1 DAGs
[2023-11-05T03:02:08.691+0000] {logging_mixin.py:151} INFO - [2023-11-05T03:02:08.690+0000] {dag.py:3722} INFO - Setting next_dagrun for tutorial_dag to None, run_after=None
[2023-11-05T03:02:08.717+0000] {processor.py:179} INFO - Processing /home/airflow/.local/lib/python3.8/site-packages/airflow/example_dags/tutorial_dag.py took 0.073 seconds
[2023-11-05T03:02:38.780+0000] {processor.py:157} INFO - Started process (PID=532) to work on /home/airflow/.local/lib/python3.8/site-packages/airflow/example_dags/tutorial_dag.py
[2023-11-05T03:02:38.780+0000] {processor.py:829} INFO - Processing file /home/airflow/.local/lib/python3.8/site-packages/airflow/example_dags/tutorial_dag.py for tasks to queue
[2023-11-05T03:02:38.782+0000] {logging_mixin.py:151} INFO - [2023-11-05T03:02:38.782+0000] {dagbag.py:536} INFO - Filling up the DagBag from /home/airflow/.local/lib/python3.8/site-packages/airflow/example_dags/tutorial_dag.py
[2023-11-05T03:02:38.787+0000] {processor.py:839} INFO - DAG(s) dict_keys(['tutorial_dag']) retrieved from /home/airflow/.local/lib/python3.8/site-packages/airflow/example_dags/tutorial_dag.py
[2023-11-05T03:02:38.810+0000] {logging_mixin.py:151} INFO - [2023-11-05T03:02:38.809+0000] {dag.py:2941} INFO - Sync 1 DAGs
[2023-11-05T03:02:38.823+0000] {logging_mixin.py:151} INFO - [2023-11-05T03:02:38.823+0000] {dag.py:3722} INFO - Setting next_dagrun for tutorial_dag to None, run_after=None
[2023-11-05T03:02:38.843+0000] {processor.py:179} INFO - Processing /home/airflow/.local/lib/python3.8/site-packages/airflow/example_dags/tutorial_dag.py took 0.066 seconds
[2023-11-05T03:03:09.475+0000] {processor.py:157} INFO - Started process (PID=586) to work on /home/airflow/.local/lib/python3.8/site-packages/airflow/example_dags/tutorial_dag.py
[2023-11-05T03:03:09.476+0000] {processor.py:829} INFO - Processing file /home/airflow/.local/lib/python3.8/site-packages/airflow/example_dags/tutorial_dag.py for tasks to queue
[2023-11-05T03:03:09.477+0000] {logging_mixin.py:151} INFO - [2023-11-05T03:03:09.477+0000] {dagbag.py:536} INFO - Filling up the DagBag from /home/airflow/.local/lib/python3.8/site-packages/airflow/example_dags/tutorial_dag.py
[2023-11-05T03:03:09.482+0000] {processor.py:839} INFO - DAG(s) dict_keys(['tutorial_dag']) retrieved from /home/airflow/.local/lib/python3.8/site-packages/airflow/example_dags/tutorial_dag.py
[2023-11-05T03:03:09.500+0000] {logging_mixin.py:151} INFO - [2023-11-05T03:03:09.500+0000] {dag.py:2941} INFO - Sync 1 DAGs
[2023-11-05T03:03:09.514+0000] {logging_mixin.py:151} INFO - [2023-11-05T03:03:09.514+0000] {dag.py:3722} INFO - Setting next_dagrun for tutorial_dag to None, run_after=None
[2023-11-05T03:03:09.532+0000] {processor.py:179} INFO - Processing /home/airflow/.local/lib/python3.8/site-packages/airflow/example_dags/tutorial_dag.py took 0.059 seconds
[2023-11-05T03:03:39.695+0000] {processor.py:157} INFO - Started process (PID=640) to work on /home/airflow/.local/lib/python3.8/site-packages/airflow/example_dags/tutorial_dag.py
[2023-11-05T03:03:39.696+0000] {processor.py:829} INFO - Processing file /home/airflow/.local/lib/python3.8/site-packages/airflow/example_dags/tutorial_dag.py for tasks to queue
[2023-11-05T03:03:39.698+0000] {logging_mixin.py:151} INFO - [2023-11-05T03:03:39.697+0000] {dagbag.py:536} INFO - Filling up the DagBag from /home/airflow/.local/lib/python3.8/site-packages/airflow/example_dags/tutorial_dag.py
[2023-11-05T03:03:39.703+0000] {processor.py:839} INFO - DAG(s) dict_keys(['tutorial_dag']) retrieved from /home/airflow/.local/lib/python3.8/site-packages/airflow/example_dags/tutorial_dag.py
[2023-11-05T03:03:39.735+0000] {logging_mixin.py:151} INFO - [2023-11-05T03:03:39.735+0000] {dag.py:2941} INFO - Sync 1 DAGs
[2023-11-05T03:03:39.753+0000] {logging_mixin.py:151} INFO - [2023-11-05T03:03:39.752+0000] {dag.py:3722} INFO - Setting next_dagrun for tutorial_dag to None, run_after=None
[2023-11-05T03:03:39.773+0000] {processor.py:179} INFO - Processing /home/airflow/.local/lib/python3.8/site-packages/airflow/example_dags/tutorial_dag.py took 0.080 seconds
[2023-11-05T03:04:10.392+0000] {processor.py:157} INFO - Started process (PID=694) to work on /home/airflow/.local/lib/python3.8/site-packages/airflow/example_dags/tutorial_dag.py
[2023-11-05T03:04:10.393+0000] {processor.py:829} INFO - Processing file /home/airflow/.local/lib/python3.8/site-packages/airflow/example_dags/tutorial_dag.py for tasks to queue
[2023-11-05T03:04:10.396+0000] {logging_mixin.py:151} INFO - [2023-11-05T03:04:10.395+0000] {dagbag.py:536} INFO - Filling up the DagBag from /home/airflow/.local/lib/python3.8/site-packages/airflow/example_dags/tutorial_dag.py
[2023-11-05T03:04:10.403+0000] {processor.py:839} INFO - DAG(s) dict_keys(['tutorial_dag']) retrieved from /home/airflow/.local/lib/python3.8/site-packages/airflow/example_dags/tutorial_dag.py
[2023-11-05T03:04:10.438+0000] {logging_mixin.py:151} INFO - [2023-11-05T03:04:10.438+0000] {dag.py:2941} INFO - Sync 1 DAGs
[2023-11-05T03:04:10.459+0000] {logging_mixin.py:151} INFO - [2023-11-05T03:04:10.458+0000] {dag.py:3722} INFO - Setting next_dagrun for tutorial_dag to None, run_after=None
[2023-11-05T03:04:10.480+0000] {processor.py:179} INFO - Processing /home/airflow/.local/lib/python3.8/site-packages/airflow/example_dags/tutorial_dag.py took 0.094 seconds
[2023-11-05T03:04:40.703+0000] {processor.py:157} INFO - Started process (PID=749) to work on /home/airflow/.local/lib/python3.8/site-packages/airflow/example_dags/tutorial_dag.py
[2023-11-05T03:04:40.704+0000] {processor.py:829} INFO - Processing file /home/airflow/.local/lib/python3.8/site-packages/airflow/example_dags/tutorial_dag.py for tasks to queue
[2023-11-05T03:04:40.706+0000] {logging_mixin.py:151} INFO - [2023-11-05T03:04:40.706+0000] {dagbag.py:536} INFO - Filling up the DagBag from /home/airflow/.local/lib/python3.8/site-packages/airflow/example_dags/tutorial_dag.py
[2023-11-05T03:04:40.712+0000] {processor.py:839} INFO - DAG(s) dict_keys(['tutorial_dag']) retrieved from /home/airflow/.local/lib/python3.8/site-packages/airflow/example_dags/tutorial_dag.py
[2023-11-05T03:04:40.731+0000] {logging_mixin.py:151} INFO - [2023-11-05T03:04:40.731+0000] {dag.py:2941} INFO - Sync 1 DAGs
[2023-11-05T03:04:40.748+0000] {logging_mixin.py:151} INFO - [2023-11-05T03:04:40.748+0000] {dag.py:3722} INFO - Setting next_dagrun for tutorial_dag to None, run_after=None
[2023-11-05T03:04:40.769+0000] {processor.py:179} INFO - Processing /home/airflow/.local/lib/python3.8/site-packages/airflow/example_dags/tutorial_dag.py took 0.069 seconds
[2023-11-05T03:05:11.201+0000] {processor.py:157} INFO - Started process (PID=803) to work on /home/airflow/.local/lib/python3.8/site-packages/airflow/example_dags/tutorial_dag.py
[2023-11-05T03:05:11.203+0000] {processor.py:829} INFO - Processing file /home/airflow/.local/lib/python3.8/site-packages/airflow/example_dags/tutorial_dag.py for tasks to queue
[2023-11-05T03:05:11.207+0000] {logging_mixin.py:151} INFO - [2023-11-05T03:05:11.206+0000] {dagbag.py:536} INFO - Filling up the DagBag from /home/airflow/.local/lib/python3.8/site-packages/airflow/example_dags/tutorial_dag.py
[2023-11-05T03:05:11.215+0000] {processor.py:839} INFO - DAG(s) dict_keys(['tutorial_dag']) retrieved from /home/airflow/.local/lib/python3.8/site-packages/airflow/example_dags/tutorial_dag.py
[2023-11-05T03:05:11.246+0000] {logging_mixin.py:151} INFO - [2023-11-05T03:05:11.246+0000] {dag.py:2941} INFO - Sync 1 DAGs
[2023-11-05T03:05:11.262+0000] {logging_mixin.py:151} INFO - [2023-11-05T03:05:11.262+0000] {dag.py:3722} INFO - Setting next_dagrun for tutorial_dag to None, run_after=None
[2023-11-05T03:05:11.291+0000] {processor.py:179} INFO - Processing /home/airflow/.local/lib/python3.8/site-packages/airflow/example_dags/tutorial_dag.py took 0.095 seconds
[2023-11-05T03:05:42.219+0000] {processor.py:157} INFO - Started process (PID=857) to work on /home/airflow/.local/lib/python3.8/site-packages/airflow/example_dags/tutorial_dag.py
[2023-11-05T03:05:42.220+0000] {processor.py:829} INFO - Processing file /home/airflow/.local/lib/python3.8/site-packages/airflow/example_dags/tutorial_dag.py for tasks to queue
[2023-11-05T03:05:42.224+0000] {logging_mixin.py:151} INFO - [2023-11-05T03:05:42.224+0000] {dagbag.py:536} INFO - Filling up the DagBag from /home/airflow/.local/lib/python3.8/site-packages/airflow/example_dags/tutorial_dag.py
[2023-11-05T03:05:42.236+0000] {processor.py:839} INFO - DAG(s) dict_keys(['tutorial_dag']) retrieved from /home/airflow/.local/lib/python3.8/site-packages/airflow/example_dags/tutorial_dag.py
[2023-11-05T03:05:42.272+0000] {logging_mixin.py:151} INFO - [2023-11-05T03:05:42.272+0000] {dag.py:2941} INFO - Sync 1 DAGs
[2023-11-05T03:05:42.287+0000] {logging_mixin.py:151} INFO - [2023-11-05T03:05:42.286+0000] {dag.py:3722} INFO - Setting next_dagrun for tutorial_dag to None, run_after=None
[2023-11-05T03:05:42.315+0000] {processor.py:179} INFO - Processing /home/airflow/.local/lib/python3.8/site-packages/airflow/example_dags/tutorial_dag.py took 0.102 seconds
[2023-11-05T03:06:12.975+0000] {processor.py:157} INFO - Started process (PID=911) to work on /home/airflow/.local/lib/python3.8/site-packages/airflow/example_dags/tutorial_dag.py
[2023-11-05T03:06:12.977+0000] {processor.py:829} INFO - Processing file /home/airflow/.local/lib/python3.8/site-packages/airflow/example_dags/tutorial_dag.py for tasks to queue
[2023-11-05T03:06:12.981+0000] {logging_mixin.py:151} INFO - [2023-11-05T03:06:12.980+0000] {dagbag.py:536} INFO - Filling up the DagBag from /home/airflow/.local/lib/python3.8/site-packages/airflow/example_dags/tutorial_dag.py
[2023-11-05T03:06:12.990+0000] {processor.py:839} INFO - DAG(s) dict_keys(['tutorial_dag']) retrieved from /home/airflow/.local/lib/python3.8/site-packages/airflow/example_dags/tutorial_dag.py
[2023-11-05T03:06:13.018+0000] {logging_mixin.py:151} INFO - [2023-11-05T03:06:13.018+0000] {dag.py:2941} INFO - Sync 1 DAGs
[2023-11-05T03:06:13.036+0000] {logging_mixin.py:151} INFO - [2023-11-05T03:06:13.036+0000] {dag.py:3722} INFO - Setting next_dagrun for tutorial_dag to None, run_after=None
[2023-11-05T03:06:13.066+0000] {processor.py:179} INFO - Processing /home/airflow/.local/lib/python3.8/site-packages/airflow/example_dags/tutorial_dag.py took 0.098 seconds
[2023-11-05T03:06:43.850+0000] {processor.py:157} INFO - Started process (PID=965) to work on /home/airflow/.local/lib/python3.8/site-packages/airflow/example_dags/tutorial_dag.py
[2023-11-05T03:06:43.852+0000] {processor.py:829} INFO - Processing file /home/airflow/.local/lib/python3.8/site-packages/airflow/example_dags/tutorial_dag.py for tasks to queue
[2023-11-05T03:06:43.856+0000] {logging_mixin.py:151} INFO - [2023-11-05T03:06:43.855+0000] {dagbag.py:536} INFO - Filling up the DagBag from /home/airflow/.local/lib/python3.8/site-packages/airflow/example_dags/tutorial_dag.py
[2023-11-05T03:06:43.867+0000] {processor.py:839} INFO - DAG(s) dict_keys(['tutorial_dag']) retrieved from /home/airflow/.local/lib/python3.8/site-packages/airflow/example_dags/tutorial_dag.py
[2023-11-05T03:06:43.909+0000] {logging_mixin.py:151} INFO - [2023-11-05T03:06:43.909+0000] {dag.py:2941} INFO - Sync 1 DAGs
[2023-11-05T03:06:43.938+0000] {logging_mixin.py:151} INFO - [2023-11-05T03:06:43.937+0000] {dag.py:3722} INFO - Setting next_dagrun for tutorial_dag to None, run_after=None
[2023-11-05T03:06:43.978+0000] {processor.py:179} INFO - Processing /home/airflow/.local/lib/python3.8/site-packages/airflow/example_dags/tutorial_dag.py took 0.135 seconds
[2023-11-05T03:07:14.218+0000] {processor.py:157} INFO - Started process (PID=1018) to work on /home/airflow/.local/lib/python3.8/site-packages/airflow/example_dags/tutorial_dag.py
[2023-11-05T03:07:14.228+0000] {processor.py:829} INFO - Processing file /home/airflow/.local/lib/python3.8/site-packages/airflow/example_dags/tutorial_dag.py for tasks to queue
[2023-11-05T03:07:14.233+0000] {logging_mixin.py:151} INFO - [2023-11-05T03:07:14.232+0000] {dagbag.py:536} INFO - Filling up the DagBag from /home/airflow/.local/lib/python3.8/site-packages/airflow/example_dags/tutorial_dag.py
[2023-11-05T03:07:14.243+0000] {processor.py:839} INFO - DAG(s) dict_keys(['tutorial_dag']) retrieved from /home/airflow/.local/lib/python3.8/site-packages/airflow/example_dags/tutorial_dag.py
[2023-11-05T03:07:14.283+0000] {logging_mixin.py:151} INFO - [2023-11-05T03:07:14.283+0000] {dag.py:2941} INFO - Sync 1 DAGs
[2023-11-05T03:07:14.300+0000] {logging_mixin.py:151} INFO - [2023-11-05T03:07:14.300+0000] {dag.py:3722} INFO - Setting next_dagrun for tutorial_dag to None, run_after=None
[2023-11-05T03:07:14.322+0000] {processor.py:179} INFO - Processing /home/airflow/.local/lib/python3.8/site-packages/airflow/example_dags/tutorial_dag.py took 0.112 seconds
[2023-11-05T03:07:44.695+0000] {processor.py:157} INFO - Started process (PID=1073) to work on /home/airflow/.local/lib/python3.8/site-packages/airflow/example_dags/tutorial_dag.py
[2023-11-05T03:07:44.696+0000] {processor.py:829} INFO - Processing file /home/airflow/.local/lib/python3.8/site-packages/airflow/example_dags/tutorial_dag.py for tasks to queue
[2023-11-05T03:07:44.700+0000] {logging_mixin.py:151} INFO - [2023-11-05T03:07:44.699+0000] {dagbag.py:536} INFO - Filling up the DagBag from /home/airflow/.local/lib/python3.8/site-packages/airflow/example_dags/tutorial_dag.py
[2023-11-05T03:07:44.710+0000] {processor.py:839} INFO - DAG(s) dict_keys(['tutorial_dag']) retrieved from /home/airflow/.local/lib/python3.8/site-packages/airflow/example_dags/tutorial_dag.py
[2023-11-05T03:07:44.749+0000] {logging_mixin.py:151} INFO - [2023-11-05T03:07:44.749+0000] {dag.py:2941} INFO - Sync 1 DAGs
[2023-11-05T03:07:44.768+0000] {logging_mixin.py:151} INFO - [2023-11-05T03:07:44.768+0000] {dag.py:3722} INFO - Setting next_dagrun for tutorial_dag to None, run_after=None
[2023-11-05T03:07:44.787+0000] {processor.py:179} INFO - Processing /home/airflow/.local/lib/python3.8/site-packages/airflow/example_dags/tutorial_dag.py took 0.098 seconds
